{"type":"operationStart","subtype":"profile","data":{"_id":"hZdEq9lG3OujD9p1","timestamp":"2024-01-09T19:51:17.160Z","state":"queued","mode":"standard","creationDate":"2024-01-09T19:51:17.169Z","modificationDate":"2024-01-09T19:51:17.169Z","shortid":"XFVllbl","$entitySet":"profiles"},"doDiffs":false,"timestamp":1704829877164,"id":"n00hwl2gzh59kiw","previousOperationId":null,"operationId":"3t87v05fsj9cfu6"}
{"type":"log","level":"info","message":"Render request 1 queued for execution and waiting for available worker","previousOperationId":"3t87v05fsj9cfu6","timestamp":1704829877165,"id":"chrx5510jh61t8i"}
{"type":"operationStart","subtype":"render","name":"orders-main","previousOperationId":"3t87v05fsj9cfu6","timestamp":1704829877232,"id":"765ytqgndddoszh","previousEventId":"n00hwl2gzh59kiw","operationId":"wnjij3igi9sbomy"}
{"type":"log","timestamp":1704829877234,"level":"info","message":"Starting rendering request 1","meta":{"rootId":"4nt5nmp39ny1ms8","id":"4nt5nmp39ny1ms8"},"id":"0lkzqqi4t1llga8","previousOperationId":"wnjij3igi9sbomy"}
{"type":"log","timestamp":1704829877235,"level":"info","message":"Rendering template { name: orders-main, recipe: chrome-pdf, engine: handlebars, preview: true }","meta":{"rootId":"4nt5nmp39ny1ms8","id":"4nt5nmp39ny1ms8"},"id":"tp98p1qrzxufd3y","previousOperationId":"wnjij3igi9sbomy"}
{"type":"log","timestamp":1704829877240,"level":"debug","message":"Data item not defined for this template.","meta":{"rootId":"4nt5nmp39ny1ms8","id":"4nt5nmp39ny1ms8"},"id":"t3uerazha4s397v","previousOperationId":"wnjij3igi9sbomy"}
{"type":"log","timestamp":1704829877251,"level":"debug","message":"Executing script orders-script (beforeRender)","meta":{"rootId":"4nt5nmp39ny1ms8","id":"4nt5nmp39ny1ms8"},"id":"bkc69ds25g9q658","previousOperationId":"wnjij3igi9sbomy"}
{"type":"operationStart","subtype":"scriptsBeforeRender","name":"scripts beforeRender","timestamp":1704829877826,"id":"artqg4pa1lni8xg","previousEventId":"765ytqgndddoszh","operationId":"nw5i8cafvdgxrv7","previousOperationId":"wnjij3igi9sbomy"}
{"type":"operationStart","subtype":"script","name":"scripts orders-script","previousOperationId":"nw5i8cafvdgxrv7","timestamp":1704829877826,"id":"ha6nk533ii8vmk5","previousEventId":"artqg4pa1lni8xg","operationId":"2x27fu4wm7kw6ml"}
{"type":"operationEnd","operationId":"2x27fu4wm7kw6ml","timestamp":1704829879688,"id":"b0da37sgmlefpnz","previousEventId":"765ytqgndddoszh","previousOperationId":"wnjij3igi9sbomy"}
{"type":"operationEnd","operationId":"nw5i8cafvdgxrv7","timestamp":1704829879688,"id":"vfh04a820njhbsu","previousEventId":"b0da37sgmlefpnz","previousOperationId":"wnjij3igi9sbomy"}
{"type":"log","timestamp":1704829879689,"level":"debug","message":"Base url not specified, skipping its injection.","meta":{"rootId":"4nt5nmp39ny1ms8","id":"4nt5nmp39ny1ms8"},"id":"fljmc72egdlxyz2","previousOperationId":"nw5i8cafvdgxrv7"}
{"type":"operationStart","subtype":"engine","name":"handlebars","timestamp":1704829879690,"id":"9er2xo6h7870xn7","previousEventId":"vfh04a820njhbsu","operationId":"maa3g9zej93oca1","previousOperationId":"nw5i8cafvdgxrv7"}
{"type":"log","timestamp":1704829879690,"level":"debug","message":"Rendering engine handlebars","meta":{"rootId":"4nt5nmp39ny1ms8","id":"4nt5nmp39ny1ms8"},"id":"qev9sop8b3maeg7","previousOperationId":"maa3g9zej93oca1"}
{"type":"log","timestamp":1704829880724,"level":"debug","message":"(console:log) Pdf utils adding group field, value: \"France\"","meta":{"userLevel":true,"rootId":"4nt5nmp39ny1ms8","id":"4nt5nmp39ny1ms8"},"id":"1jxbr3gc17yo026","previousOperationId":"maa3g9zej93oca1"}
{"type":"log","timestamp":1704829880726,"level":"debug","message":"(console:log) Pdf utils adding group field, value: \"Germany\"","meta":{"userLevel":true,"rootId":"4nt5nmp39ny1ms8","id":"4nt5nmp39ny1ms8"},"id":"buw0zqttgmwgp94","previousOperationId":"maa3g9zej93oca1"}
{"type":"operationEnd","operationId":"maa3g9zej93oca1","timestamp":1704829880727,"id":"a4lmkqrn7zm6l0c","previousEventId":"9er2xo6h7870xn7","previousOperationId":"maa3g9zej93oca1"}
{"type":"operationStart","subtype":"recipe","name":"chrome-pdf","timestamp":1704829880728,"id":"kdrmb3e7c9mypq0","previousEventId":"a4lmkqrn7zm6l0c","operationId":"uy7qw9jut49zmdx","previousOperationId":"maa3g9zej93oca1"}
{"type":"log","timestamp":1704829880728,"level":"debug","message":"Executing recipe chrome-pdf","meta":{"rootId":"4nt5nmp39ny1ms8","id":"4nt5nmp39ny1ms8"},"id":"oou3lb4i3rop7h8","previousOperationId":"uy7qw9jut49zmdx"}
{"type":"log","timestamp":1704829883002,"level":"debug","message":"Converting with chrome HeadlessChrome/117.0.5938.149 using chrome-pool strategy","meta":{"rootId":"4nt5nmp39ny1ms8","id":"4nt5nmp39ny1ms8"},"id":"zewat07amlb36ty","previousOperationId":"uy7qw9jut49zmdx"}
{"type":"log","timestamp":1704829883415,"level":"debug","message":"Page request: GET (document) file:///C:/Users/juank/AppData/Local/Temp/jsreport/autocleanup/cf76b604-6980-4971-9795-c2f834554c17-chrome-pdf.html","meta":{"rootId":"4nt5nmp39ny1ms8","id":"4nt5nmp39ny1ms8"},"id":"599oue4g2j4k09l","previousOperationId":"uy7qw9jut49zmdx"}
{"type":"log","timestamp":1704829883435,"level":"debug","message":"Page request: GET (stylesheet) https://cdnjs.cloudflare.com/ajax/libs/metro/4.1.5/css/metro.min.css","meta":{"rootId":"4nt5nmp39ny1ms8","id":"4nt5nmp39ny1ms8"},"id":"gwcj7ltp7q4m7lh","previousOperationId":"uy7qw9jut49zmdx"}
{"type":"log","timestamp":1704829883435,"level":"debug","message":"Page request: GET (script) https://cdnjs.cloudflare.com/ajax/libs/Chart.js/2.7.2/Chart.min.js","meta":{"rootId":"4nt5nmp39ny1ms8","id":"4nt5nmp39ny1ms8"},"id":"wjunz2rlulnq9fd","previousOperationId":"uy7qw9jut49zmdx"}
{"type":"log","timestamp":1704829883436,"level":"debug","message":"Page request finished: GET (document) 200 file:///C:/Users/juank/AppData/Local/Temp/jsreport/autocleanup/cf76b604-6980-4971-9795-c2f834554c17-chrome-pdf.html","meta":{"rootId":"4nt5nmp39ny1ms8","id":"4nt5nmp39ny1ms8"},"id":"cs3r3k76hzevfux","previousOperationId":"uy7qw9jut49zmdx"}
{"type":"log","timestamp":1704829886907,"level":"debug","message":"Page request finished: GET (stylesheet) 200 https://cdnjs.cloudflare.com/ajax/libs/metro/4.1.5/css/metro.min.css","meta":{"rootId":"4nt5nmp39ny1ms8","id":"4nt5nmp39ny1ms8"},"id":"actqhj5hgpmrs9q","previousOperationId":"uy7qw9jut49zmdx"}
{"type":"log","timestamp":1704829886908,"level":"debug","message":"Page request finished: GET (script) 200 https://cdnjs.cloudflare.com/ajax/libs/Chart.js/2.7.2/Chart.min.js","meta":{"rootId":"4nt5nmp39ny1ms8","id":"4nt5nmp39ny1ms8"},"id":"qovnhvz30aub7w5","previousOperationId":"uy7qw9jut49zmdx"}
{"type":"log","timestamp":1704829887039,"level":"debug","message":"Running chrome with params {\"printBackground\":true,\"marginTop\":\"4cm\",\"marginRight\":\"1.5cm\",\"marginBottom\":\"1.5cm\",\"marginLeft\":\"1.5cm\",\"waitForJS\":false,\"timeout\":55470,\"margin\":{\"top\":\"4cm\",\"right\":\"1.5cm\",\"bottom\":\"1.5cm\",\"left\":\"1.5cm\"}}","meta":{"rootId":"4nt5nmp39ny1ms8","id":"4nt5nmp39ny1ms8"},"id":"yzdgfhdc7bwbubo","previousOperationId":"uy7qw9jut49zmdx"}
{"type":"operationEnd","operationId":"uy7qw9jut49zmdx","timestamp":1704829887279,"id":"noyszlqmupkg04m","previousEventId":"kdrmb3e7c9mypq0","previousOperationId":"uy7qw9jut49zmdx"}
{"type":"log","timestamp":1704829887280,"level":"info","message":"pdf-utils is starting pdf processing","meta":{"rootId":"4nt5nmp39ny1ms8","id":"4nt5nmp39ny1ms8"},"id":"91lmkggd5a0wqdw","previousOperationId":"uy7qw9jut49zmdx"}
{"type":"operationStart","subtype":"pdfUtils","name":"pdf utils","timestamp":1704829888548,"id":"o850rdone5zmc6d","previousEventId":"noyszlqmupkg04m","operationId":"w6s24a77pvio3az","previousOperationId":"uy7qw9jut49zmdx"}
{"type":"log","timestamp":1704829888549,"level":"debug","message":"pdf-utils detected 1 pdf operation(s) to process","meta":{"rootId":"4nt5nmp39ny1ms8","id":"4nt5nmp39ny1ms8"},"id":"in9s5wn1owjnwob","previousOperationId":"w6s24a77pvio3az"}
{"type":"log","timestamp":1704829888950,"level":"debug","message":"pdf-utils running pdf operation merge","meta":{"rootId":"4nt5nmp39ny1ms8","id":"4nt5nmp39ny1ms8"},"id":"22ii8xvl9wnt4rc","previousOperationId":"w6s24a77pvio3az"}
{"type":"operationStart","subtype":"pdfUtilsMerge","name":"pdf utils merge","previousOperationId":"w6s24a77pvio3az","timestamp":1704829888951,"id":"y7bnev4cadx8siw","previousEventId":"o850rdone5zmc6d","operationId":"k3kj0ll25m1xgbz"}
{"type":"operationStart","subtype":"render","name":"orders-header","previousOperationId":"k3kj0ll25m1xgbz","timestamp":1704829888955,"id":"fyo7qnjdki6d5tb","previousEventId":"y7bnev4cadx8siw","operationId":"turg58iflz5l8vk"}
{"type":"log","timestamp":1704829888955,"level":"info","message":"Starting rendering (child) request","meta":{"rootId":"4nt5nmp39ny1ms8","id":"7rkgsih3oj65ppb"},"id":"6rs5z43vq1rqpte","previousOperationId":"turg58iflz5l8vk"}
{"type":"log","timestamp":1704829888955,"level":"info","message":"Rendering template { name: orders-header, recipe: chrome-pdf, engine: handlebars, preview: true }","meta":{"rootId":"4nt5nmp39ny1ms8","id":"7rkgsih3oj65ppb"},"id":"qiyzadlr6uxif8d","previousOperationId":"turg58iflz5l8vk"}
{"type":"log","timestamp":1704829888984,"level":"debug","message":"Inline data specified.","meta":{"rootId":"4nt5nmp39ny1ms8","id":"7rkgsih3oj65ppb"},"id":"hdfkxayfqdwmra7","previousOperationId":"turg58iflz5l8vk"}
{"type":"log","timestamp":1704829888991,"level":"debug","message":"Base url not specified, skipping its injection.","meta":{"rootId":"4nt5nmp39ny1ms8","id":"7rkgsih3oj65ppb"},"id":"wa4gkrswytoxgl6","previousOperationId":"turg58iflz5l8vk"}
{"type":"operationStart","subtype":"engine","name":"handlebars","timestamp":1704829888991,"id":"ya99fe5jem6a85w","previousEventId":"fyo7qnjdki6d5tb","operationId":"0wp50ngicwcani9","previousOperationId":"turg58iflz5l8vk"}
{"type":"log","timestamp":1704829888991,"level":"debug","message":"Rendering engine handlebars","meta":{"rootId":"4nt5nmp39ny1ms8","id":"7rkgsih3oj65ppb"},"id":"ya1axnhvekedxx4","previousOperationId":"0wp50ngicwcani9"}
{"type":"operationEnd","operationId":"0wp50ngicwcani9","timestamp":1704829889071,"id":"jtb3gtq1t792yss","previousEventId":"ya99fe5jem6a85w","previousOperationId":"0wp50ngicwcani9"}
{"type":"operationStart","subtype":"recipe","name":"chrome-pdf","timestamp":1704829889072,"id":"0irjkia5fgzydz8","previousEventId":"jtb3gtq1t792yss","operationId":"hsmshjwqr71ynix","previousOperationId":"0wp50ngicwcani9"}
{"type":"log","timestamp":1704829889072,"level":"debug","message":"Executing recipe chrome-pdf","meta":{"rootId":"4nt5nmp39ny1ms8","id":"7rkgsih3oj65ppb"},"id":"vnec0upbcdwy0zu","previousOperationId":"hsmshjwqr71ynix"}
{"type":"log","timestamp":1704829889076,"level":"debug","message":"Converting with chrome HeadlessChrome/117.0.5938.149 using chrome-pool strategy","meta":{"rootId":"4nt5nmp39ny1ms8","id":"7rkgsih3oj65ppb"},"id":"1821ut1p8f5gift","previousOperationId":"hsmshjwqr71ynix"}
{"type":"log","timestamp":1704829889249,"level":"debug","message":"Page request: GET (document) file:///C:/Users/juank/AppData/Local/Temp/jsreport/autocleanup/99c5fd9a-15b5-4380-8a94-49afc627c13d-chrome-pdf.html","meta":{"rootId":"4nt5nmp39ny1ms8","id":"7rkgsih3oj65ppb"},"id":"hqz3kk2lu0jfr4b","previousOperationId":"hsmshjwqr71ynix"}
{"type":"log","timestamp":1704829889264,"level":"debug","message":"Page request: GET (stylesheet) https://cdnjs.cloudflare.com/ajax/libs/metro/4.1.5/css/metro.min.css","meta":{"rootId":"4nt5nmp39ny1ms8","id":"7rkgsih3oj65ppb"},"id":"y20f9joa6ew44dc","previousOperationId":"hsmshjwqr71ynix"}
{"type":"log","timestamp":1704829889265,"level":"debug","message":"Page request finished: GET (document) 200 file:///C:/Users/juank/AppData/Local/Temp/jsreport/autocleanup/99c5fd9a-15b5-4380-8a94-49afc627c13d-chrome-pdf.html","meta":{"rootId":"4nt5nmp39ny1ms8","id":"7rkgsih3oj65ppb"},"id":"cttk4es9ma2eiau","previousOperationId":"hsmshjwqr71ynix"}
{"type":"log","timestamp":1704829889288,"level":"debug","message":"Page request finished: GET (stylesheet) 200 https://cdnjs.cloudflare.com/ajax/libs/metro/4.1.5/css/metro.min.css","meta":{"rootId":"4nt5nmp39ny1ms8","id":"7rkgsih3oj65ppb"},"id":"9xg16en0ac1ke3p","previousOperationId":"hsmshjwqr71ynix"}
{"type":"log","timestamp":1704829889315,"level":"debug","message":"Running chrome with params {\"printBackground\":true,\"marginTop\":\"1.5cm\",\"marginRight\":\"1.5cm\",\"marginLeft\":\"1.cm\",\"timeout\":48085,\"margin\":{\"top\":\"1.5cm\",\"right\":\"1.5cm\",\"left\":\"1.cm\"}}","meta":{"rootId":"4nt5nmp39ny1ms8","id":"7rkgsih3oj65ppb"},"id":"tyxkfz7kd500eb8","previousOperationId":"hsmshjwqr71ynix"}
{"type":"operationEnd","operationId":"hsmshjwqr71ynix","timestamp":1704829889370,"id":"ias0uw722uu09s1","previousEventId":"0irjkia5fgzydz8","previousOperationId":"hsmshjwqr71ynix"}
{"type":"log","timestamp":1704829889371,"level":"debug","message":"Skipping storing report.","meta":{"rootId":"4nt5nmp39ny1ms8","id":"7rkgsih3oj65ppb"},"id":"fh2e5rwyr6jiz0h","previousOperationId":"hsmshjwqr71ynix"}
{"type":"log","timestamp":1704829889371,"level":"info","message":"Rendering (child) request finished in 12211 ms","meta":{"rootId":"4nt5nmp39ny1ms8","id":"7rkgsih3oj65ppb"},"id":"ubkhlpem47u5080","previousOperationId":"hsmshjwqr71ynix"}
{"type":"operationEnd","subtype":"render","operationId":"turg58iflz5l8vk","timestamp":1704829889371,"id":"fbrdyl6vlj6azcw","previousEventId":"ias0uw722uu09s1","previousOperationId":"hsmshjwqr71ynix"}
{"type":"operationEnd","operationId":"k3kj0ll25m1xgbz","timestamp":1704829889432,"id":"0ay6xktruooypen","previousEventId":"y7bnev4cadx8siw","previousOperationId":"k3kj0ll25m1xgbz"}
{"type":"log","timestamp":1704829889432,"level":"debug","message":"pdf-utils postproces start","meta":{"rootId":"4nt5nmp39ny1ms8","id":"4nt5nmp39ny1ms8"},"id":"5egts0cvbts09dd","previousOperationId":"k3kj0ll25m1xgbz"}
{"type":"log","timestamp":1704829889474,"level":"debug","message":"pdf-utils postproces end","meta":{"rootId":"4nt5nmp39ny1ms8","id":"4nt5nmp39ny1ms8"},"id":"8vip6jiaafisd8s","previousOperationId":"k3kj0ll25m1xgbz"}
{"type":"operationEnd","operationId":"w6s24a77pvio3az","timestamp":1704829889474,"id":"modt7v6oduuz85b","previousEventId":"0ay6xktruooypen","previousOperationId":"k3kj0ll25m1xgbz"}
{"type":"log","timestamp":1704829889474,"level":"info","message":"pdf-utils pdf processing was finished","meta":{"rootId":"4nt5nmp39ny1ms8","id":"4nt5nmp39ny1ms8"},"id":"bp2umycgqofiwfu","previousOperationId":"w6s24a77pvio3az"}
{"type":"log","timestamp":1704829889474,"level":"debug","message":"Skipping storing report.","meta":{"rootId":"4nt5nmp39ny1ms8","id":"4nt5nmp39ny1ms8"},"id":"vy8ef54ky5e5fne","previousOperationId":"w6s24a77pvio3az"}
{"type":"log","timestamp":1704829889474,"level":"info","message":"Rendering request 1 finished in 12314 ms","meta":{"rootId":"4nt5nmp39ny1ms8","id":"4nt5nmp39ny1ms8"},"id":"h345sdrd5zs4uri","previousOperationId":"w6s24a77pvio3az"}
{"type":"operationEnd","subtype":"render","operationId":"wnjij3igi9sbomy","timestamp":1704829889474,"id":"cbhy04rk2unsywh","previousEventId":"modt7v6oduuz85b","previousOperationId":"w6s24a77pvio3az"}
{"type":"operationEnd","doDiffs":false,"previousEventId":"n00hwl2gzh59kiw","previousOperationId":"3t87v05fsj9cfu6","operationId":"3t87v05fsj9cfu6","timestamp":1704829889489,"id":"0vydbsabsrqk2zx"}
