{"type":"operationStart","subtype":"profile","data":{"_id":"JDqiZTEvq5r7VN1p","timestamp":"2024-01-11T17:05:52.913Z","state":"queued","mode":"standard","creationDate":"2024-01-11T17:05:52.916Z","modificationDate":"2024-01-11T17:05:52.916Z","shortid":"dQ9y5Jt","$entitySet":"profiles"},"doDiffs":false,"timestamp":1704992752914,"id":"w05gr3cgs0ij36c","previousOperationId":null,"operationId":"0657vh6v04mghpk"}
{"type":"log","level":"info","message":"Render request 3 queued for execution and waiting for available worker","previousOperationId":"0657vh6v04mghpk","timestamp":1704992752914,"id":"k8rwwfce7yyrjyo"}
{"type":"operationStart","subtype":"render","name":"orders-main","previousOperationId":"0657vh6v04mghpk","timestamp":1704992752956,"id":"euy3o71x9zfxp4r","previousEventId":"w05gr3cgs0ij36c","operationId":"pzg5yzu3xqkarll"}
{"type":"log","timestamp":1704992752960,"level":"info","message":"Starting rendering request 3","meta":{"rootId":"6byheztwbffbwut","id":"6byheztwbffbwut"},"id":"wd5dt0yibhycnu4","previousOperationId":"pzg5yzu3xqkarll"}
{"type":"log","timestamp":1704992752961,"level":"info","message":"Rendering template { name: orders-main, recipe: chrome-pdf, engine: handlebars, preview: false }","meta":{"rootId":"6byheztwbffbwut","id":"6byheztwbffbwut"},"id":"tnohc4o0x497seu","previousOperationId":"pzg5yzu3xqkarll"}
{"type":"log","timestamp":1704992752963,"level":"debug","message":"Inline data specified.","meta":{"rootId":"6byheztwbffbwut","id":"6byheztwbffbwut"},"id":"o01iqos1ugc4kl0","previousOperationId":"pzg5yzu3xqkarll"}
{"type":"log","timestamp":1704992752969,"level":"debug","message":"Executing script orders-script (beforeRender)","meta":{"rootId":"6byheztwbffbwut","id":"6byheztwbffbwut"},"id":"q7c9oasorjlrx9j","previousOperationId":"pzg5yzu3xqkarll"}
{"type":"operationStart","subtype":"scriptsBeforeRender","name":"scripts beforeRender","timestamp":1704992753003,"id":"dwg4xm32xzo4zuo","previousEventId":"euy3o71x9zfxp4r","operationId":"3l2wusokgclhno0","previousOperationId":"pzg5yzu3xqkarll"}
{"type":"operationStart","subtype":"script","name":"scripts orders-script","previousOperationId":"3l2wusokgclhno0","timestamp":1704992753004,"id":"5q079mvu49ghsfi","previousEventId":"dwg4xm32xzo4zuo","operationId":"nxvcq6pv4noj794"}
{"type":"operationEnd","operationId":"nxvcq6pv4noj794","timestamp":1704992754625,"id":"98p18669h7kwf87","previousEventId":"euy3o71x9zfxp4r","previousOperationId":"pzg5yzu3xqkarll"}
{"type":"operationEnd","operationId":"3l2wusokgclhno0","timestamp":1704992754625,"id":"aonvhu54gxbhsru","previousEventId":"98p18669h7kwf87","previousOperationId":"pzg5yzu3xqkarll"}
{"type":"log","timestamp":1704992754625,"level":"debug","message":"Base url not specified, skipping its injection.","meta":{"rootId":"6byheztwbffbwut","id":"6byheztwbffbwut"},"id":"efwza73g7932614","previousOperationId":"3l2wusokgclhno0"}
{"type":"operationStart","subtype":"engine","name":"handlebars","timestamp":1704992754626,"id":"cpl68x498k2e4gh","previousEventId":"aonvhu54gxbhsru","operationId":"js2tl1ebers9aml","previousOperationId":"3l2wusokgclhno0"}
{"type":"log","timestamp":1704992754626,"level":"debug","message":"Rendering engine handlebars","meta":{"rootId":"6byheztwbffbwut","id":"6byheztwbffbwut"},"id":"dtx7narsyyd66ff","previousOperationId":"js2tl1ebers9aml"}
{"type":"log","timestamp":1704992754644,"level":"debug","message":"(console:log) Pdf utils adding group field, value: \"France\"","meta":{"userLevel":true,"rootId":"6byheztwbffbwut","id":"6byheztwbffbwut"},"id":"edwqrf3pbp7ja1f","previousOperationId":"js2tl1ebers9aml"}
{"type":"log","timestamp":1704992754644,"level":"debug","message":"(console:log) Pdf utils adding group field, value: \"Germany\"","meta":{"userLevel":true,"rootId":"6byheztwbffbwut","id":"6byheztwbffbwut"},"id":"ttm1xrqcub7ultd","previousOperationId":"js2tl1ebers9aml"}
{"type":"operationEnd","operationId":"js2tl1ebers9aml","timestamp":1704992754645,"id":"q4f0eeax9jat9zj","previousEventId":"cpl68x498k2e4gh","previousOperationId":"js2tl1ebers9aml"}
{"type":"operationStart","subtype":"recipe","name":"chrome-pdf","timestamp":1704992754646,"id":"w4jcmdci0rxr1z2","previousEventId":"q4f0eeax9jat9zj","operationId":"m9ef6uq8ponfjkn","previousOperationId":"js2tl1ebers9aml"}
{"type":"log","timestamp":1704992754646,"level":"debug","message":"Executing recipe chrome-pdf","meta":{"rootId":"6byheztwbffbwut","id":"6byheztwbffbwut"},"id":"7zaq14h0qdbcr17","previousOperationId":"m9ef6uq8ponfjkn"}
{"type":"log","timestamp":1704992754656,"level":"debug","message":"Converting with chrome HeadlessChrome/117.0.5938.149 using chrome-pool strategy","meta":{"rootId":"6byheztwbffbwut","id":"6byheztwbffbwut"},"id":"8uthmmsund299wu","previousOperationId":"m9ef6uq8ponfjkn"}
{"type":"log","timestamp":1704992754982,"level":"debug","message":"Page request: GET (document) file:///C:/Users/juank/AppData/Local/Temp/jsreport/autocleanup/57016bb4-f4d8-4426-921f-e7221a1f936c-chrome-pdf.html","meta":{"rootId":"6byheztwbffbwut","id":"6byheztwbffbwut"},"id":"d8tzlm0r64v6pb8","previousOperationId":"m9ef6uq8ponfjkn"}
{"type":"log","timestamp":1704992755005,"level":"debug","message":"Page request: GET (stylesheet) https://cdnjs.cloudflare.com/ajax/libs/metro/4.1.5/css/metro.min.css","meta":{"rootId":"6byheztwbffbwut","id":"6byheztwbffbwut"},"id":"kp5vpig10gv5mv7","previousOperationId":"m9ef6uq8ponfjkn"}
{"type":"log","timestamp":1704992755006,"level":"debug","message":"Page request: GET (script) https://cdnjs.cloudflare.com/ajax/libs/Chart.js/2.7.2/Chart.min.js","meta":{"rootId":"6byheztwbffbwut","id":"6byheztwbffbwut"},"id":"dm3vmspy0d2d9j1","previousOperationId":"m9ef6uq8ponfjkn"}
{"type":"log","timestamp":1704992755007,"level":"debug","message":"Page request finished: GET (document) 200 file:///C:/Users/juank/AppData/Local/Temp/jsreport/autocleanup/57016bb4-f4d8-4426-921f-e7221a1f936c-chrome-pdf.html","meta":{"rootId":"6byheztwbffbwut","id":"6byheztwbffbwut"},"id":"07dvcv943onejnt","previousOperationId":"m9ef6uq8ponfjkn"}
{"type":"log","timestamp":1704992755036,"level":"debug","message":"Page request finished: GET (stylesheet) 200 https://cdnjs.cloudflare.com/ajax/libs/metro/4.1.5/css/metro.min.css","meta":{"rootId":"6byheztwbffbwut","id":"6byheztwbffbwut"},"id":"2ekjmaeguq3g551","previousOperationId":"m9ef6uq8ponfjkn"}
{"type":"log","timestamp":1704992755036,"level":"debug","message":"Page request finished: GET (script) 200 https://cdnjs.cloudflare.com/ajax/libs/Chart.js/2.7.2/Chart.min.js","meta":{"rootId":"6byheztwbffbwut","id":"6byheztwbffbwut"},"id":"ralmqf55eqq78gn","previousOperationId":"m9ef6uq8ponfjkn"}
{"type":"log","timestamp":1704992755143,"level":"debug","message":"Running chrome with params {\"printBackground\":true,\"marginTop\":\"4cm\",\"marginRight\":\"1.5cm\",\"marginBottom\":\"1.5cm\",\"marginLeft\":\"1.5cm\",\"waitForJS\":false,\"timeout\":58261,\"margin\":{\"top\":\"4cm\",\"right\":\"1.5cm\",\"bottom\":\"1.5cm\",\"left\":\"1.5cm\"}}","meta":{"rootId":"6byheztwbffbwut","id":"6byheztwbffbwut"},"id":"ecuz2xuid1xks63","previousOperationId":"m9ef6uq8ponfjkn"}
{"type":"operationEnd","operationId":"m9ef6uq8ponfjkn","timestamp":1704992755357,"id":"6vt5bht4g3u0zie","previousEventId":"w4jcmdci0rxr1z2","previousOperationId":"m9ef6uq8ponfjkn"}
{"type":"log","timestamp":1704992755357,"level":"info","message":"pdf-utils is starting pdf processing","meta":{"rootId":"6byheztwbffbwut","id":"6byheztwbffbwut"},"id":"7misjbwy1b34t2f","previousOperationId":"m9ef6uq8ponfjkn"}
{"type":"operationStart","subtype":"pdfUtils","name":"pdf utils","timestamp":1704992755358,"id":"qvqbc3zl3xd1bto","previousEventId":"6vt5bht4g3u0zie","operationId":"rgwlrm1cqvab0e0","previousOperationId":"m9ef6uq8ponfjkn"}
{"type":"log","timestamp":1704992755358,"level":"debug","message":"pdf-utils detected 1 pdf operation(s) to process","meta":{"rootId":"6byheztwbffbwut","id":"6byheztwbffbwut"},"id":"waimzcef27uojej","previousOperationId":"rgwlrm1cqvab0e0"}
{"type":"log","timestamp":1704992755475,"level":"debug","message":"pdf-utils running pdf operation merge","meta":{"rootId":"6byheztwbffbwut","id":"6byheztwbffbwut"},"id":"9sn9zfhpz4qevhx","previousOperationId":"rgwlrm1cqvab0e0"}
{"type":"operationStart","subtype":"pdfUtilsMerge","name":"pdf utils merge","previousOperationId":"rgwlrm1cqvab0e0","timestamp":1704992755475,"id":"0yvzhaaxlwca8wl","previousEventId":"qvqbc3zl3xd1bto","operationId":"1dxqe4c1ownykof"}
{"type":"operationStart","subtype":"render","name":"orders-header","previousOperationId":"1dxqe4c1ownykof","timestamp":1704992755477,"id":"257h7yhkx1h1jcl","previousEventId":"0yvzhaaxlwca8wl","operationId":"wp7zi0y8bmjwfv3"}
{"type":"log","timestamp":1704992755477,"level":"info","message":"Starting rendering (child) request","meta":{"rootId":"6byheztwbffbwut","id":"88qp95wxfv75j6r"},"id":"s367ksyvkwkdjd7","previousOperationId":"wp7zi0y8bmjwfv3"}
{"type":"log","timestamp":1704992755477,"level":"info","message":"Rendering template { name: orders-header, recipe: chrome-pdf, engine: handlebars, preview: false }","meta":{"rootId":"6byheztwbffbwut","id":"88qp95wxfv75j6r"},"id":"ygs018poao4gioc","previousOperationId":"wp7zi0y8bmjwfv3"}
{"type":"log","timestamp":1704992755482,"level":"debug","message":"Inline data specified.","meta":{"rootId":"6byheztwbffbwut","id":"88qp95wxfv75j6r"},"id":"p6699wu6ecbeove","previousOperationId":"wp7zi0y8bmjwfv3"}
{"type":"log","timestamp":1704992755487,"level":"debug","message":"Base url not specified, skipping its injection.","meta":{"rootId":"6byheztwbffbwut","id":"88qp95wxfv75j6r"},"id":"xe7atmm7yqh5wm2","previousOperationId":"wp7zi0y8bmjwfv3"}
{"type":"operationStart","subtype":"engine","name":"handlebars","timestamp":1704992755488,"id":"rmcpeswdbn7tsz8","previousEventId":"257h7yhkx1h1jcl","operationId":"rs068e5tqqi4n41","previousOperationId":"wp7zi0y8bmjwfv3"}
{"type":"log","timestamp":1704992755488,"level":"debug","message":"Rendering engine handlebars","meta":{"rootId":"6byheztwbffbwut","id":"88qp95wxfv75j6r"},"id":"v6o43x0u6n0r0hj","previousOperationId":"rs068e5tqqi4n41"}
{"type":"operationEnd","operationId":"rs068e5tqqi4n41","timestamp":1704992755509,"id":"dlpgj3ws0jpm2ha","previousEventId":"rmcpeswdbn7tsz8","previousOperationId":"rs068e5tqqi4n41"}
{"type":"operationStart","subtype":"recipe","name":"chrome-pdf","timestamp":1704992755509,"id":"fs8s66yxb32ohoj","previousEventId":"dlpgj3ws0jpm2ha","operationId":"oiscpw4ue6cgomy","previousOperationId":"rs068e5tqqi4n41"}
{"type":"log","timestamp":1704992755509,"level":"debug","message":"Executing recipe chrome-pdf","meta":{"rootId":"6byheztwbffbwut","id":"88qp95wxfv75j6r"},"id":"enhilbwq55qhpat","previousOperationId":"oiscpw4ue6cgomy"}
{"type":"log","timestamp":1704992755513,"level":"debug","message":"Converting with chrome HeadlessChrome/117.0.5938.149 using chrome-pool strategy","meta":{"rootId":"6byheztwbffbwut","id":"88qp95wxfv75j6r"},"id":"nqae2jwlcax3ld5","previousOperationId":"oiscpw4ue6cgomy"}
{"type":"log","timestamp":1704992755734,"level":"debug","message":"Page request: GET (document) file:///C:/Users/juank/AppData/Local/Temp/jsreport/autocleanup/881b68d3-aa56-4d6c-b909-0c0a0cfe8c1e-chrome-pdf.html","meta":{"rootId":"6byheztwbffbwut","id":"88qp95wxfv75j6r"},"id":"69b840u3su7jqzi","previousOperationId":"oiscpw4ue6cgomy"}
{"type":"log","timestamp":1704992755753,"level":"debug","message":"Page request: GET (stylesheet) https://cdnjs.cloudflare.com/ajax/libs/metro/4.1.5/css/metro.min.css","meta":{"rootId":"6byheztwbffbwut","id":"88qp95wxfv75j6r"},"id":"zrll9s75rz7am5k","previousOperationId":"oiscpw4ue6cgomy"}
{"type":"log","timestamp":1704992755754,"level":"debug","message":"Page request finished: GET (document) 200 file:///C:/Users/juank/AppData/Local/Temp/jsreport/autocleanup/881b68d3-aa56-4d6c-b909-0c0a0cfe8c1e-chrome-pdf.html","meta":{"rootId":"6byheztwbffbwut","id":"88qp95wxfv75j6r"},"id":"2ufii6otdfq08oh","previousOperationId":"oiscpw4ue6cgomy"}
{"type":"log","timestamp":1704992755778,"level":"debug","message":"Page request finished: GET (stylesheet) 200 https://cdnjs.cloudflare.com/ajax/libs/metro/4.1.5/css/metro.min.css","meta":{"rootId":"6byheztwbffbwut","id":"88qp95wxfv75j6r"},"id":"2jwq36gnlilfb0t","previousOperationId":"oiscpw4ue6cgomy"}
{"type":"log","timestamp":1704992755806,"level":"debug","message":"Running chrome with params {\"printBackground\":true,\"marginTop\":\"1.5cm\",\"marginRight\":\"1.5cm\",\"marginLeft\":\"1.cm\",\"timeout\":57400,\"margin\":{\"top\":\"1.5cm\",\"right\":\"1.5cm\",\"left\":\"1.cm\"}}","meta":{"rootId":"6byheztwbffbwut","id":"88qp95wxfv75j6r"},"id":"aoqam3bm8ja65yx","previousOperationId":"oiscpw4ue6cgomy"}
{"type":"operationEnd","operationId":"oiscpw4ue6cgomy","timestamp":1704992755868,"id":"jiymr58uznq5d2p","previousEventId":"fs8s66yxb32ohoj","previousOperationId":"oiscpw4ue6cgomy"}
{"type":"log","timestamp":1704992755868,"level":"debug","message":"Skipping storing report.","meta":{"rootId":"6byheztwbffbwut","id":"88qp95wxfv75j6r"},"id":"3q1uhhtb8htstgs","previousOperationId":"oiscpw4ue6cgomy"}
{"type":"log","timestamp":1704992755868,"level":"info","message":"Rendering (child) request finished in 2956 ms","meta":{"rootId":"6byheztwbffbwut","id":"88qp95wxfv75j6r"},"id":"fe8p8uoti6uvrxs","previousOperationId":"oiscpw4ue6cgomy"}
{"type":"operationEnd","subtype":"render","operationId":"wp7zi0y8bmjwfv3","timestamp":1704992755868,"id":"07exjok56hn38sy","previousEventId":"jiymr58uznq5d2p","previousOperationId":"oiscpw4ue6cgomy"}
{"type":"operationEnd","operationId":"1dxqe4c1ownykof","timestamp":1704992755904,"id":"j710o73may2ewuz","previousEventId":"0yvzhaaxlwca8wl","previousOperationId":"1dxqe4c1ownykof"}
{"type":"log","timestamp":1704992755905,"level":"debug","message":"pdf-utils postproces start","meta":{"rootId":"6byheztwbffbwut","id":"6byheztwbffbwut"},"id":"irq7f83od45udrc","previousOperationId":"1dxqe4c1ownykof"}
{"type":"log","timestamp":1704992755947,"level":"debug","message":"pdf-utils postproces end","meta":{"rootId":"6byheztwbffbwut","id":"6byheztwbffbwut"},"id":"gwy4h27vib398vv","previousOperationId":"1dxqe4c1ownykof"}
{"type":"operationEnd","operationId":"rgwlrm1cqvab0e0","timestamp":1704992755947,"id":"rn2culxoz1ncnha","previousEventId":"j710o73may2ewuz","previousOperationId":"1dxqe4c1ownykof"}
{"type":"log","timestamp":1704992755947,"level":"info","message":"pdf-utils pdf processing was finished","meta":{"rootId":"6byheztwbffbwut","id":"6byheztwbffbwut"},"id":"nuy1semh6ruhp09","previousOperationId":"rgwlrm1cqvab0e0"}
{"type":"log","timestamp":1704992755947,"level":"debug","message":"Skipping storing report.","meta":{"rootId":"6byheztwbffbwut","id":"6byheztwbffbwut"},"id":"iqbqajiwufs3s2l","previousOperationId":"rgwlrm1cqvab0e0"}
{"type":"log","timestamp":1704992755947,"level":"info","message":"Rendering request 3 finished in 3035 ms","meta":{"rootId":"6byheztwbffbwut","id":"6byheztwbffbwut"},"id":"xkqev75rspfe8x9","previousOperationId":"rgwlrm1cqvab0e0"}
{"type":"operationEnd","subtype":"render","operationId":"pzg5yzu3xqkarll","timestamp":1704992755947,"id":"mtoms96im5r96nm","previousEventId":"rn2culxoz1ncnha","previousOperationId":"rgwlrm1cqvab0e0"}
{"type":"operationEnd","doDiffs":false,"previousEventId":"w05gr3cgs0ij36c","previousOperationId":"0657vh6v04mghpk","operationId":"0657vh6v04mghpk","timestamp":1704992755958,"id":"cj0h1v9bhbxhpvp"}
