{"type":"operationStart","subtype":"profile","data":{"_id":"9d9nN5CeGZkdfy98","timestamp":"2024-01-17T20:20:32.197Z","state":"queued","mode":"standard","creationDate":"2024-01-17T20:20:32.199Z","modificationDate":"2024-01-17T20:20:32.199Z","shortid":"UiPGoIy","$entitySet":"profiles"},"doDiffs":false,"timestamp":1705522832198,"id":"j317vt7mwq7fjt6","previousOperationId":null,"operationId":"01kslrm7bbahe62"}
{"type":"log","level":"info","message":"Render request 57 queued for execution and waiting for available worker","previousOperationId":"01kslrm7bbahe62","timestamp":1705522832199,"id":"au4zu3d6x59nuci"}
{"type":"operationStart","subtype":"render","name":"orders-main","previousOperationId":"01kslrm7bbahe62","timestamp":1705522832212,"id":"llc75gl9sfa2g0g","previousEventId":"j317vt7mwq7fjt6","operationId":"j302zavml1ssaaw"}
{"type":"log","timestamp":1705522832212,"level":"info","message":"Starting rendering request 57","meta":{"rootId":"b9s2n3z8wiegut8","id":"b9s2n3z8wiegut8"},"id":"xvt2n4jtmn0zf3y","previousOperationId":"j302zavml1ssaaw"}
{"type":"log","timestamp":1705522832212,"level":"info","message":"Rendering template { name: orders-main, recipe: chrome-pdf, engine: handlebars, preview: true }","meta":{"rootId":"b9s2n3z8wiegut8","id":"b9s2n3z8wiegut8"},"id":"42jmyv12a0zuxes","previousOperationId":"j302zavml1ssaaw"}
{"type":"log","timestamp":1705522832213,"level":"debug","message":"Data item not defined for this template.","meta":{"rootId":"b9s2n3z8wiegut8","id":"b9s2n3z8wiegut8"},"id":"37xsiz65z3ast02","previousOperationId":"j302zavml1ssaaw"}
{"type":"log","timestamp":1705522832216,"level":"debug","message":"Executing script orders-script (beforeRender)","meta":{"rootId":"b9s2n3z8wiegut8","id":"b9s2n3z8wiegut8"},"id":"fknr41jbq85it6k","previousOperationId":"j302zavml1ssaaw"}
{"type":"operationStart","subtype":"scriptsBeforeRender","name":"scripts beforeRender","timestamp":1705522832225,"id":"g2lwseqhw4uzcp0","previousEventId":"llc75gl9sfa2g0g","operationId":"1y4yidg93uut9lj","previousOperationId":"j302zavml1ssaaw"}
{"type":"operationStart","subtype":"script","name":"scripts orders-script","previousOperationId":"1y4yidg93uut9lj","timestamp":1705522832225,"id":"bflhah0a7dxxg8q","previousEventId":"g2lwseqhw4uzcp0","operationId":"2auo8hrpob97i7d"}
{"type":"operationEnd","operationId":"2auo8hrpob97i7d","timestamp":1705522834723,"id":"rv8xgb7whnt981x","previousEventId":"llc75gl9sfa2g0g","previousOperationId":"j302zavml1ssaaw"}
{"type":"operationEnd","operationId":"1y4yidg93uut9lj","timestamp":1705522834723,"id":"irbv3jc6bdlucak","previousEventId":"rv8xgb7whnt981x","previousOperationId":"j302zavml1ssaaw"}
{"type":"log","timestamp":1705522834723,"level":"debug","message":"Base url not specified, skipping its injection.","meta":{"rootId":"b9s2n3z8wiegut8","id":"b9s2n3z8wiegut8"},"id":"pzf36ifctfht2cr","previousOperationId":"1y4yidg93uut9lj"}
{"type":"operationStart","subtype":"engine","name":"handlebars","timestamp":1705522834723,"id":"h8fgns9efswm8po","previousEventId":"irbv3jc6bdlucak","operationId":"8hdu2us2v8lnjpj","previousOperationId":"1y4yidg93uut9lj"}
{"type":"log","timestamp":1705522834723,"level":"debug","message":"Rendering engine handlebars","meta":{"rootId":"b9s2n3z8wiegut8","id":"b9s2n3z8wiegut8"},"id":"k5do2p33kedgj3b","previousOperationId":"8hdu2us2v8lnjpj"}
{"type":"log","timestamp":1705522834733,"level":"debug","message":"(console:log) Pdf utils adding group field, value: \"France\"","meta":{"userLevel":true,"rootId":"b9s2n3z8wiegut8","id":"b9s2n3z8wiegut8"},"id":"0ff2tuhwonfpl74","previousOperationId":"8hdu2us2v8lnjpj"}
{"type":"log","timestamp":1705522834734,"level":"debug","message":"(console:log) Pdf utils adding group field, value: \"Germany\"","meta":{"userLevel":true,"rootId":"b9s2n3z8wiegut8","id":"b9s2n3z8wiegut8"},"id":"rhxn9rbccr8mrv6","previousOperationId":"8hdu2us2v8lnjpj"}
{"type":"operationEnd","operationId":"8hdu2us2v8lnjpj","timestamp":1705522834734,"id":"1zbgcqaqq76g4k0","previousEventId":"h8fgns9efswm8po","previousOperationId":"8hdu2us2v8lnjpj"}
{"type":"operationStart","subtype":"recipe","name":"chrome-pdf","timestamp":1705522834734,"id":"pbgojd5x3afjsm5","previousEventId":"1zbgcqaqq76g4k0","operationId":"v3hf53ovzn76pc8","previousOperationId":"8hdu2us2v8lnjpj"}
{"type":"log","timestamp":1705522834734,"level":"debug","message":"Executing recipe chrome-pdf","meta":{"rootId":"b9s2n3z8wiegut8","id":"b9s2n3z8wiegut8"},"id":"mjbjz3igb0fd17i","previousOperationId":"v3hf53ovzn76pc8"}
{"type":"log","timestamp":1705522834738,"level":"debug","message":"Converting with chrome HeadlessChrome/117.0.5938.149 using chrome-pool strategy","meta":{"rootId":"b9s2n3z8wiegut8","id":"b9s2n3z8wiegut8"},"id":"9bttpvb2l4mv05y","previousOperationId":"v3hf53ovzn76pc8"}
{"type":"log","timestamp":1705522834851,"level":"debug","message":"Page request: GET (document) file:///C:/Users/juank/AppData/Local/Temp/jsreport/autocleanup/113f7c25-2099-425f-9ef7-0d0c8114d302-chrome-pdf.html","meta":{"rootId":"b9s2n3z8wiegut8","id":"b9s2n3z8wiegut8"},"id":"ztskg6ultk93gh6","previousOperationId":"v3hf53ovzn76pc8"}
{"type":"log","timestamp":1705522834862,"level":"debug","message":"Page request: GET (stylesheet) https://cdnjs.cloudflare.com/ajax/libs/metro/4.1.5/css/metro.min.css","meta":{"rootId":"b9s2n3z8wiegut8","id":"b9s2n3z8wiegut8"},"id":"l1e5b5w8phwavw7","previousOperationId":"v3hf53ovzn76pc8"}
{"type":"log","timestamp":1705522834862,"level":"debug","message":"Page request: GET (script) https://cdnjs.cloudflare.com/ajax/libs/Chart.js/2.7.2/Chart.min.js","meta":{"rootId":"b9s2n3z8wiegut8","id":"b9s2n3z8wiegut8"},"id":"em5dcquw53t3rre","previousOperationId":"v3hf53ovzn76pc8"}
{"type":"log","timestamp":1705522834862,"level":"debug","message":"Page request finished: GET (document) 200 file:///C:/Users/juank/AppData/Local/Temp/jsreport/autocleanup/113f7c25-2099-425f-9ef7-0d0c8114d302-chrome-pdf.html","meta":{"rootId":"b9s2n3z8wiegut8","id":"b9s2n3z8wiegut8"},"id":"cu3kax49hlusglr","previousOperationId":"v3hf53ovzn76pc8"}
{"type":"log","timestamp":1705522834868,"level":"debug","message":"Page request finished: GET (script) 200 https://cdnjs.cloudflare.com/ajax/libs/Chart.js/2.7.2/Chart.min.js","meta":{"rootId":"b9s2n3z8wiegut8","id":"b9s2n3z8wiegut8"},"id":"9ws5uhqgl5eif1j","previousOperationId":"v3hf53ovzn76pc8"}
{"type":"log","timestamp":1705522834877,"level":"debug","message":"Page request finished: GET (stylesheet) 200 https://cdnjs.cloudflare.com/ajax/libs/metro/4.1.5/css/metro.min.css","meta":{"rootId":"b9s2n3z8wiegut8","id":"b9s2n3z8wiegut8"},"id":"pemlkont13qzve1","previousOperationId":"v3hf53ovzn76pc8"}
{"type":"log","timestamp":1705522834932,"level":"debug","message":"Running chrome with params {\"printBackground\":true,\"marginTop\":\"4cm\",\"marginRight\":\"1.5cm\",\"marginBottom\":\"1.5cm\",\"marginLeft\":\"1.5cm\",\"waitForJS\":false,\"timeout\":597460,\"margin\":{\"top\":\"4cm\",\"right\":\"1.5cm\",\"bottom\":\"1.5cm\",\"left\":\"1.5cm\"}}","meta":{"rootId":"b9s2n3z8wiegut8","id":"b9s2n3z8wiegut8"},"id":"mdn25h0tljyfywh","previousOperationId":"v3hf53ovzn76pc8"}
{"type":"operationEnd","operationId":"v3hf53ovzn76pc8","timestamp":1705522835056,"id":"ttgmkz9dijl7pqf","previousEventId":"pbgojd5x3afjsm5","previousOperationId":"v3hf53ovzn76pc8"}
{"type":"log","timestamp":1705522835056,"level":"info","message":"pdf-utils is starting pdf processing","meta":{"rootId":"b9s2n3z8wiegut8","id":"b9s2n3z8wiegut8"},"id":"l265wnq41axylkj","previousOperationId":"v3hf53ovzn76pc8"}
{"type":"operationStart","subtype":"pdfUtils","name":"pdf utils","timestamp":1705522835056,"id":"vq0xnfwm58jgsx5","previousEventId":"ttgmkz9dijl7pqf","operationId":"c9ngm2a2s795b4h","previousOperationId":"v3hf53ovzn76pc8"}
{"type":"log","timestamp":1705522835057,"level":"debug","message":"pdf-utils detected 1 pdf operation(s) to process","meta":{"rootId":"b9s2n3z8wiegut8","id":"b9s2n3z8wiegut8"},"id":"at1iuhff4hfmwdz","previousOperationId":"c9ngm2a2s795b4h"}
{"type":"log","timestamp":1705522835119,"level":"debug","message":"pdf-utils running pdf operation merge","meta":{"rootId":"b9s2n3z8wiegut8","id":"b9s2n3z8wiegut8"},"id":"cxttvwwzuknjoaf","previousOperationId":"c9ngm2a2s795b4h"}
{"type":"operationStart","subtype":"pdfUtilsMerge","name":"pdf utils merge","previousOperationId":"c9ngm2a2s795b4h","timestamp":1705522835119,"id":"kw4k25ckpl6x35f","previousEventId":"vq0xnfwm58jgsx5","operationId":"yb234wav4wrsm3c"}
{"type":"operationStart","subtype":"render","name":"orders-header","previousOperationId":"yb234wav4wrsm3c","timestamp":1705522835121,"id":"kk0i6y2y01txxrg","previousEventId":"kw4k25ckpl6x35f","operationId":"54fh1nge5jm0c95"}
{"type":"log","timestamp":1705522835121,"level":"info","message":"Starting rendering (child) request","meta":{"rootId":"b9s2n3z8wiegut8","id":"ibkwi0t4whjjaiv"},"id":"rpemlym76yvdf26","previousOperationId":"54fh1nge5jm0c95"}
{"type":"log","timestamp":1705522835121,"level":"info","message":"Rendering template { name: orders-header, recipe: chrome-pdf, engine: handlebars, preview: true }","meta":{"rootId":"b9s2n3z8wiegut8","id":"ibkwi0t4whjjaiv"},"id":"q754ri8gum7av9g","previousOperationId":"54fh1nge5jm0c95"}
{"type":"log","timestamp":1705522835126,"level":"debug","message":"Inline data specified.","meta":{"rootId":"b9s2n3z8wiegut8","id":"ibkwi0t4whjjaiv"},"id":"5fpfkuukdch0g4b","previousOperationId":"54fh1nge5jm0c95"}
{"type":"log","timestamp":1705522835129,"level":"debug","message":"Base url not specified, skipping its injection.","meta":{"rootId":"b9s2n3z8wiegut8","id":"ibkwi0t4whjjaiv"},"id":"swoopgseu4f9l5m","previousOperationId":"54fh1nge5jm0c95"}
{"type":"operationStart","subtype":"engine","name":"handlebars","timestamp":1705522835129,"id":"a37i35jz59act0r","previousEventId":"kk0i6y2y01txxrg","operationId":"ul5fp57fls9ywnq","previousOperationId":"54fh1nge5jm0c95"}
{"type":"log","timestamp":1705522835129,"level":"debug","message":"Rendering engine handlebars","meta":{"rootId":"b9s2n3z8wiegut8","id":"ibkwi0t4whjjaiv"},"id":"xusik9h7vgdonyu","previousOperationId":"ul5fp57fls9ywnq"}
{"type":"operationEnd","operationId":"ul5fp57fls9ywnq","timestamp":1705522835146,"id":"07ilqro1oyzhhdo","previousEventId":"a37i35jz59act0r","previousOperationId":"ul5fp57fls9ywnq"}
{"type":"operationStart","subtype":"recipe","name":"chrome-pdf","timestamp":1705522835147,"id":"mntnzxwkfit5psl","previousEventId":"07ilqro1oyzhhdo","operationId":"zckxcta7ng325bq","previousOperationId":"ul5fp57fls9ywnq"}
{"type":"log","timestamp":1705522835147,"level":"debug","message":"Executing recipe chrome-pdf","meta":{"rootId":"b9s2n3z8wiegut8","id":"ibkwi0t4whjjaiv"},"id":"1e85prdvzsbhzej","previousOperationId":"zckxcta7ng325bq"}
{"type":"log","timestamp":1705522835156,"level":"debug","message":"Converting with chrome HeadlessChrome/117.0.5938.149 using chrome-pool strategy","meta":{"rootId":"b9s2n3z8wiegut8","id":"ibkwi0t4whjjaiv"},"id":"98yauwlxo1u7ci5","previousOperationId":"zckxcta7ng325bq"}
{"type":"log","timestamp":1705522835273,"level":"debug","message":"Page request: GET (document) file:///C:/Users/juank/AppData/Local/Temp/jsreport/autocleanup/f67ea41d-4cdd-42c9-9cbe-6fbbcac2897a-chrome-pdf.html","meta":{"rootId":"b9s2n3z8wiegut8","id":"ibkwi0t4whjjaiv"},"id":"knv7pe0rjnhns4p","previousOperationId":"zckxcta7ng325bq"}
{"type":"log","timestamp":1705522835284,"level":"debug","message":"Page request: GET (stylesheet) https://cdnjs.cloudflare.com/ajax/libs/metro/4.1.5/css/metro.min.css","meta":{"rootId":"b9s2n3z8wiegut8","id":"ibkwi0t4whjjaiv"},"id":"ja6zbzxs4qswtdv","previousOperationId":"zckxcta7ng325bq"}
{"type":"log","timestamp":1705522835285,"level":"debug","message":"Page request finished: GET (document) 200 file:///C:/Users/juank/AppData/Local/Temp/jsreport/autocleanup/f67ea41d-4cdd-42c9-9cbe-6fbbcac2897a-chrome-pdf.html","meta":{"rootId":"b9s2n3z8wiegut8","id":"ibkwi0t4whjjaiv"},"id":"msv8q4dhqsf4bjr","previousOperationId":"zckxcta7ng325bq"}
{"type":"log","timestamp":1705522835298,"level":"debug","message":"Page request finished: GET (stylesheet) 200 https://cdnjs.cloudflare.com/ajax/libs/metro/4.1.5/css/metro.min.css","meta":{"rootId":"b9s2n3z8wiegut8","id":"ibkwi0t4whjjaiv"},"id":"f83so065hsgwzbr","previousOperationId":"zckxcta7ng325bq"}
{"type":"log","timestamp":1705522835315,"level":"debug","message":"Running chrome with params {\"printBackground\":true,\"marginTop\":\"1.5cm\",\"marginRight\":\"1.5cm\",\"marginLeft\":\"1.cm\",\"timeout\":597044,\"margin\":{\"top\":\"1.5cm\",\"right\":\"1.5cm\",\"left\":\"1.cm\"}}","meta":{"rootId":"b9s2n3z8wiegut8","id":"ibkwi0t4whjjaiv"},"id":"vii1xt7h0ifc42z","previousOperationId":"zckxcta7ng325bq"}
{"type":"operationEnd","operationId":"zckxcta7ng325bq","timestamp":1705522835350,"id":"wlq7b6y3buy9hcx","previousEventId":"mntnzxwkfit5psl","previousOperationId":"zckxcta7ng325bq"}
{"type":"log","timestamp":1705522835351,"level":"debug","message":"Skipping storing report.","meta":{"rootId":"b9s2n3z8wiegut8","id":"ibkwi0t4whjjaiv"},"id":"h78svrg1v7s5h4h","previousOperationId":"zckxcta7ng325bq"}
{"type":"log","timestamp":1705522835351,"level":"info","message":"Rendering (child) request finished in 3154 ms","meta":{"rootId":"b9s2n3z8wiegut8","id":"ibkwi0t4whjjaiv"},"id":"61mh1crengfo54r","previousOperationId":"zckxcta7ng325bq"}
{"type":"operationEnd","subtype":"render","operationId":"54fh1nge5jm0c95","timestamp":1705522835351,"id":"kr27fbpjaxqycx8","previousEventId":"wlq7b6y3buy9hcx","previousOperationId":"zckxcta7ng325bq"}
{"type":"operationEnd","operationId":"yb234wav4wrsm3c","timestamp":1705522835381,"id":"c79rfoap0k1cvg3","previousEventId":"kw4k25ckpl6x35f","previousOperationId":"yb234wav4wrsm3c"}
{"type":"log","timestamp":1705522835381,"level":"debug","message":"pdf-utils postproces start","meta":{"rootId":"b9s2n3z8wiegut8","id":"b9s2n3z8wiegut8"},"id":"ovmtvfejlb2t0i8","previousOperationId":"yb234wav4wrsm3c"}
{"type":"log","timestamp":1705522835408,"level":"debug","message":"pdf-utils postproces end","meta":{"rootId":"b9s2n3z8wiegut8","id":"b9s2n3z8wiegut8"},"id":"sjcg8ymh2hxho9n","previousOperationId":"yb234wav4wrsm3c"}
{"type":"operationEnd","operationId":"c9ngm2a2s795b4h","timestamp":1705522835408,"id":"rl090y3x405umo9","previousEventId":"c79rfoap0k1cvg3","previousOperationId":"yb234wav4wrsm3c"}
{"type":"log","timestamp":1705522835408,"level":"info","message":"pdf-utils pdf processing was finished","meta":{"rootId":"b9s2n3z8wiegut8","id":"b9s2n3z8wiegut8"},"id":"2w1i9n6266ilqu9","previousOperationId":"c9ngm2a2s795b4h"}
{"type":"log","timestamp":1705522835409,"level":"debug","message":"Skipping storing report.","meta":{"rootId":"b9s2n3z8wiegut8","id":"b9s2n3z8wiegut8"},"id":"5whd2h2mg4td47z","previousOperationId":"c9ngm2a2s795b4h"}
{"type":"log","timestamp":1705522835409,"level":"info","message":"Rendering request 57 finished in 3212 ms","meta":{"rootId":"b9s2n3z8wiegut8","id":"b9s2n3z8wiegut8"},"id":"z4qrs4xr45t16ao","previousOperationId":"c9ngm2a2s795b4h"}
{"type":"operationEnd","subtype":"render","operationId":"j302zavml1ssaaw","timestamp":1705522835409,"id":"fninuz439pcuo0t","previousEventId":"rl090y3x405umo9","previousOperationId":"c9ngm2a2s795b4h"}
{"type":"operationEnd","doDiffs":false,"previousEventId":"j317vt7mwq7fjt6","previousOperationId":"01kslrm7bbahe62","operationId":"01kslrm7bbahe62","timestamp":1705522835417,"id":"6ecww45v6160za0"}
