{"type":"operationStart","subtype":"profile","data":{"_id":"3IbZK0KtAPhiNSNe","timestamp":"2024-01-12T16:53:41.705Z","state":"queued","mode":"standard","creationDate":"2024-01-12T16:53:41.711Z","modificationDate":"2024-01-12T16:53:41.711Z","shortid":"EXm_LJl","$entitySet":"profiles"},"doDiffs":false,"timestamp":1705078421709,"id":"j1ww4ahlnxh6dt6","previousOperationId":null,"operationId":"ep8i822m77svnl7"}
{"type":"log","level":"info","message":"Render request 6 queued for execution and waiting for available worker","previousOperationId":"ep8i822m77svnl7","timestamp":1705078421710,"id":"11hkza32jtt83kx"}
{"type":"operationStart","subtype":"render","name":"orders-main","previousOperationId":"ep8i822m77svnl7","timestamp":1705078421736,"id":"w9cd68tubb3etrz","previousEventId":"j1ww4ahlnxh6dt6","operationId":"99lq8aj2efrgwek"}
{"type":"log","timestamp":1705078421737,"level":"info","message":"Starting rendering request 6","meta":{"rootId":"ga4b6mbfh3faoxf","id":"ga4b6mbfh3faoxf"},"id":"n8qfsszcdamltck","previousOperationId":"99lq8aj2efrgwek"}
{"type":"log","timestamp":1705078421739,"level":"info","message":"Rendering template { name: orders-main, recipe: chrome-pdf, engine: handlebars, preview: true }","meta":{"rootId":"ga4b6mbfh3faoxf","id":"ga4b6mbfh3faoxf"},"id":"wr5s4oqcvyu1nl4","previousOperationId":"99lq8aj2efrgwek"}
{"type":"log","timestamp":1705078421744,"level":"debug","message":"Data item not defined for this template.","meta":{"rootId":"ga4b6mbfh3faoxf","id":"ga4b6mbfh3faoxf"},"id":"0lmji3v8ov9hzkz","previousOperationId":"99lq8aj2efrgwek"}
{"type":"log","timestamp":1705078421760,"level":"debug","message":"Executing script orders-script (beforeRender)","meta":{"rootId":"ga4b6mbfh3faoxf","id":"ga4b6mbfh3faoxf"},"id":"feogrn02n0z4y7p","previousOperationId":"99lq8aj2efrgwek"}
{"type":"operationStart","subtype":"scriptsBeforeRender","name":"scripts beforeRender","timestamp":1705078422363,"id":"r2wp4a8bw4u22yx","previousEventId":"w9cd68tubb3etrz","operationId":"2d9xsf3jz9492zt","previousOperationId":"99lq8aj2efrgwek"}
{"type":"operationStart","subtype":"script","name":"scripts orders-script","previousOperationId":"2d9xsf3jz9492zt","timestamp":1705078422363,"id":"gd6qos0pm937q3l","previousEventId":"r2wp4a8bw4u22yx","operationId":"m5kpu801mk05pd6"}
{"type":"operationEnd","operationId":"m5kpu801mk05pd6","timestamp":1705078424219,"id":"0on0wq2oeydyrjo","previousEventId":"w9cd68tubb3etrz","previousOperationId":"99lq8aj2efrgwek"}
{"type":"operationEnd","operationId":"2d9xsf3jz9492zt","timestamp":1705078424219,"id":"jpwaw1pukf9gkmx","previousEventId":"0on0wq2oeydyrjo","previousOperationId":"99lq8aj2efrgwek"}
{"type":"log","timestamp":1705078424220,"level":"debug","message":"Base url not specified, skipping its injection.","meta":{"rootId":"ga4b6mbfh3faoxf","id":"ga4b6mbfh3faoxf"},"id":"nvs42vxw8q5hga9","previousOperationId":"2d9xsf3jz9492zt"}
{"type":"operationStart","subtype":"engine","name":"handlebars","timestamp":1705078424220,"id":"3w0r3ozyf1cuqi9","previousEventId":"jpwaw1pukf9gkmx","operationId":"0tqzb0dcvycmsxp","previousOperationId":"2d9xsf3jz9492zt"}
{"type":"log","timestamp":1705078424220,"level":"debug","message":"Rendering engine handlebars","meta":{"rootId":"ga4b6mbfh3faoxf","id":"ga4b6mbfh3faoxf"},"id":"7egshnwvv79vrgp","previousOperationId":"0tqzb0dcvycmsxp"}
{"type":"log","timestamp":1705078424795,"level":"debug","message":"(console:log) Pdf utils adding group field, value: \"France\"","meta":{"userLevel":true,"rootId":"ga4b6mbfh3faoxf","id":"ga4b6mbfh3faoxf"},"id":"k69w8rm021o37us","previousOperationId":"0tqzb0dcvycmsxp"}
{"type":"log","timestamp":1705078424797,"level":"debug","message":"(console:log) Pdf utils adding group field, value: \"Germany\"","meta":{"userLevel":true,"rootId":"ga4b6mbfh3faoxf","id":"ga4b6mbfh3faoxf"},"id":"tk4o25l2l955yny","previousOperationId":"0tqzb0dcvycmsxp"}
{"type":"operationEnd","operationId":"0tqzb0dcvycmsxp","timestamp":1705078424797,"id":"b7126oljnqo9y7t","previousEventId":"3w0r3ozyf1cuqi9","previousOperationId":"0tqzb0dcvycmsxp"}
{"type":"operationStart","subtype":"recipe","name":"chrome-pdf","timestamp":1705078424799,"id":"wd2oeme6ripl8lm","previousEventId":"b7126oljnqo9y7t","operationId":"z21odfh4eehbim3","previousOperationId":"0tqzb0dcvycmsxp"}
{"type":"log","timestamp":1705078424799,"level":"debug","message":"Executing recipe chrome-pdf","meta":{"rootId":"ga4b6mbfh3faoxf","id":"ga4b6mbfh3faoxf"},"id":"h0rieacl5emupqj","previousOperationId":"z21odfh4eehbim3"}
{"type":"log","timestamp":1705078426163,"level":"debug","message":"Converting with chrome HeadlessChrome/117.0.5938.149 using chrome-pool strategy","meta":{"rootId":"ga4b6mbfh3faoxf","id":"ga4b6mbfh3faoxf"},"id":"i1epkn1jdr5s7fa","previousOperationId":"z21odfh4eehbim3"}
{"type":"log","timestamp":1705078426396,"level":"debug","message":"Page request: GET (document) file:///C:/Users/juank/AppData/Local/Temp/jsreport/autocleanup/a623b8b2-a621-48e4-a6e4-0ed3ada9cd8d-chrome-pdf.html","meta":{"rootId":"ga4b6mbfh3faoxf","id":"ga4b6mbfh3faoxf"},"id":"1ekopwwogem1j54","previousOperationId":"z21odfh4eehbim3"}
{"type":"log","timestamp":1705078426414,"level":"debug","message":"Page request: GET (stylesheet) https://cdnjs.cloudflare.com/ajax/libs/metro/4.1.5/css/metro.min.css","meta":{"rootId":"ga4b6mbfh3faoxf","id":"ga4b6mbfh3faoxf"},"id":"oc3cjhzzb0wr3cf","previousOperationId":"z21odfh4eehbim3"}
{"type":"log","timestamp":1705078426415,"level":"debug","message":"Page request: GET (script) https://cdnjs.cloudflare.com/ajax/libs/Chart.js/2.7.2/Chart.min.js","meta":{"rootId":"ga4b6mbfh3faoxf","id":"ga4b6mbfh3faoxf"},"id":"6jchb02l4co6dwl","previousOperationId":"z21odfh4eehbim3"}
{"type":"log","timestamp":1705078426416,"level":"debug","message":"Page request finished: GET (document) 200 file:///C:/Users/juank/AppData/Local/Temp/jsreport/autocleanup/a623b8b2-a621-48e4-a6e4-0ed3ada9cd8d-chrome-pdf.html","meta":{"rootId":"ga4b6mbfh3faoxf","id":"ga4b6mbfh3faoxf"},"id":"jmbysg5w9q7f9d1","previousOperationId":"z21odfh4eehbim3"}
{"type":"log","timestamp":1705078429666,"level":"debug","message":"Page request finished: GET (script) 200 https://cdnjs.cloudflare.com/ajax/libs/Chart.js/2.7.2/Chart.min.js","meta":{"rootId":"ga4b6mbfh3faoxf","id":"ga4b6mbfh3faoxf"},"id":"05r4pxvwfakay8i","previousOperationId":"z21odfh4eehbim3"}
{"type":"log","timestamp":1705078429697,"level":"debug","message":"Page request finished: GET (stylesheet) 200 https://cdnjs.cloudflare.com/ajax/libs/metro/4.1.5/css/metro.min.css","meta":{"rootId":"ga4b6mbfh3faoxf","id":"ga4b6mbfh3faoxf"},"id":"uu1bodwcpa3cvdk","previousOperationId":"z21odfh4eehbim3"}
{"type":"log","timestamp":1705078429822,"level":"debug","message":"Running chrome with params {\"printBackground\":true,\"marginTop\":\"4cm\",\"marginRight\":\"1.5cm\",\"marginBottom\":\"1.5cm\",\"marginLeft\":\"1.5cm\",\"waitForJS\":false,\"timeout\":55921,\"margin\":{\"top\":\"4cm\",\"right\":\"1.5cm\",\"bottom\":\"1.5cm\",\"left\":\"1.5cm\"}}","meta":{"rootId":"ga4b6mbfh3faoxf","id":"ga4b6mbfh3faoxf"},"id":"slufehqkoj4a2xo","previousOperationId":"z21odfh4eehbim3"}
{"type":"operationEnd","operationId":"z21odfh4eehbim3","timestamp":1705078430063,"id":"mxxi5pjduk6l73j","previousEventId":"wd2oeme6ripl8lm","previousOperationId":"z21odfh4eehbim3"}
{"type":"log","timestamp":1705078430063,"level":"info","message":"pdf-utils is starting pdf processing","meta":{"rootId":"ga4b6mbfh3faoxf","id":"ga4b6mbfh3faoxf"},"id":"1i9jd5t7m3zbg9t","previousOperationId":"z21odfh4eehbim3"}
{"type":"operationStart","subtype":"pdfUtils","name":"pdf utils","timestamp":1705078430740,"id":"a8lcdsctpn0toyb","previousEventId":"mxxi5pjduk6l73j","operationId":"euetjvb124kxw2v","previousOperationId":"z21odfh4eehbim3"}
{"type":"log","timestamp":1705078430741,"level":"debug","message":"pdf-utils detected 1 pdf operation(s) to process","meta":{"rootId":"ga4b6mbfh3faoxf","id":"ga4b6mbfh3faoxf"},"id":"lzv7d2lnkg8slt0","previousOperationId":"euetjvb124kxw2v"}
{"type":"log","timestamp":1705078431196,"level":"debug","message":"pdf-utils running pdf operation merge","meta":{"rootId":"ga4b6mbfh3faoxf","id":"ga4b6mbfh3faoxf"},"id":"mc5q85oqlb68lwh","previousOperationId":"euetjvb124kxw2v"}
{"type":"operationStart","subtype":"pdfUtilsMerge","name":"pdf utils merge","previousOperationId":"euetjvb124kxw2v","timestamp":1705078431196,"id":"0pvqm3pkbb613y7","previousEventId":"a8lcdsctpn0toyb","operationId":"tay5qo6xl3jwtor"}
{"type":"operationStart","subtype":"render","name":"orders-header","previousOperationId":"tay5qo6xl3jwtor","timestamp":1705078431205,"id":"jzkhe4jdpqnjej6","previousEventId":"0pvqm3pkbb613y7","operationId":"9xm30ajd06yf632"}
{"type":"log","timestamp":1705078431205,"level":"info","message":"Starting rendering (child) request","meta":{"rootId":"ga4b6mbfh3faoxf","id":"yh5tyltcl3xiz0a"},"id":"71d63kate4x2m1k","previousOperationId":"9xm30ajd06yf632"}
{"type":"log","timestamp":1705078431205,"level":"info","message":"Rendering template { name: orders-header, recipe: chrome-pdf, engine: handlebars, preview: true }","meta":{"rootId":"ga4b6mbfh3faoxf","id":"yh5tyltcl3xiz0a"},"id":"jks06yycap1vc68","previousOperationId":"9xm30ajd06yf632"}
{"type":"log","timestamp":1705078431228,"level":"debug","message":"Inline data specified.","meta":{"rootId":"ga4b6mbfh3faoxf","id":"yh5tyltcl3xiz0a"},"id":"pmof75oc3pcfddg","previousOperationId":"9xm30ajd06yf632"}
{"type":"log","timestamp":1705078431233,"level":"debug","message":"Base url not specified, skipping its injection.","meta":{"rootId":"ga4b6mbfh3faoxf","id":"yh5tyltcl3xiz0a"},"id":"a8uk435qv3jh82d","previousOperationId":"9xm30ajd06yf632"}
{"type":"operationStart","subtype":"engine","name":"handlebars","timestamp":1705078431233,"id":"9jnv7pdeu9crfzo","previousEventId":"jzkhe4jdpqnjej6","operationId":"tfq1yydpxqjez17","previousOperationId":"9xm30ajd06yf632"}
{"type":"log","timestamp":1705078431233,"level":"debug","message":"Rendering engine handlebars","meta":{"rootId":"ga4b6mbfh3faoxf","id":"yh5tyltcl3xiz0a"},"id":"yqzec1rwc2fvcgp","previousOperationId":"tfq1yydpxqjez17"}
{"type":"operationEnd","operationId":"tfq1yydpxqjez17","timestamp":1705078431300,"id":"mcx24xrhdei2xwt","previousEventId":"9jnv7pdeu9crfzo","previousOperationId":"tfq1yydpxqjez17"}
{"type":"operationStart","subtype":"recipe","name":"chrome-pdf","timestamp":1705078431301,"id":"fbjlzfdwm4p2cta","previousEventId":"mcx24xrhdei2xwt","operationId":"0u14pmqgl3zpgt5","previousOperationId":"tfq1yydpxqjez17"}
{"type":"log","timestamp":1705078431301,"level":"debug","message":"Executing recipe chrome-pdf","meta":{"rootId":"ga4b6mbfh3faoxf","id":"yh5tyltcl3xiz0a"},"id":"p9n3dzyjf6jmjo9","previousOperationId":"0u14pmqgl3zpgt5"}
{"type":"log","timestamp":1705078431305,"level":"debug","message":"Converting with chrome HeadlessChrome/117.0.5938.149 using chrome-pool strategy","meta":{"rootId":"ga4b6mbfh3faoxf","id":"yh5tyltcl3xiz0a"},"id":"fkro2g4vbnsqbny","previousOperationId":"0u14pmqgl3zpgt5"}
{"type":"log","timestamp":1705078431463,"level":"debug","message":"Page request: GET (document) file:///C:/Users/juank/AppData/Local/Temp/jsreport/autocleanup/7d2cf479-420a-4407-88b8-38d415a0ac60-chrome-pdf.html","meta":{"rootId":"ga4b6mbfh3faoxf","id":"yh5tyltcl3xiz0a"},"id":"dmt2z2n3atw9tii","previousOperationId":"0u14pmqgl3zpgt5"}
{"type":"log","timestamp":1705078431482,"level":"debug","message":"Page request: GET (stylesheet) https://cdnjs.cloudflare.com/ajax/libs/metro/4.1.5/css/metro.min.css","meta":{"rootId":"ga4b6mbfh3faoxf","id":"yh5tyltcl3xiz0a"},"id":"0qu6agei0zxzp43","previousOperationId":"0u14pmqgl3zpgt5"}
{"type":"log","timestamp":1705078431483,"level":"debug","message":"Page request finished: GET (document) 200 file:///C:/Users/juank/AppData/Local/Temp/jsreport/autocleanup/7d2cf479-420a-4407-88b8-38d415a0ac60-chrome-pdf.html","meta":{"rootId":"ga4b6mbfh3faoxf","id":"yh5tyltcl3xiz0a"},"id":"g2rguuj8ilmiv4o","previousOperationId":"0u14pmqgl3zpgt5"}
{"type":"log","timestamp":1705078431518,"level":"debug","message":"Page request finished: GET (stylesheet) 200 https://cdnjs.cloudflare.com/ajax/libs/metro/4.1.5/css/metro.min.css","meta":{"rootId":"ga4b6mbfh3faoxf","id":"yh5tyltcl3xiz0a"},"id":"rvkh49osiu8yshd","previousOperationId":"0u14pmqgl3zpgt5"}
{"type":"log","timestamp":1705078431558,"level":"debug","message":"Running chrome with params {\"printBackground\":true,\"marginTop\":\"1.5cm\",\"marginRight\":\"1.5cm\",\"marginLeft\":\"1.cm\",\"timeout\":50402,\"margin\":{\"top\":\"1.5cm\",\"right\":\"1.5cm\",\"left\":\"1.cm\"}}","meta":{"rootId":"ga4b6mbfh3faoxf","id":"yh5tyltcl3xiz0a"},"id":"2yge7j99kkc9b25","previousOperationId":"0u14pmqgl3zpgt5"}
{"type":"operationEnd","operationId":"0u14pmqgl3zpgt5","timestamp":1705078431618,"id":"cysipjrdvozrdhy","previousEventId":"fbjlzfdwm4p2cta","previousOperationId":"0u14pmqgl3zpgt5"}
{"type":"log","timestamp":1705078431619,"level":"debug","message":"Skipping storing report.","meta":{"rootId":"ga4b6mbfh3faoxf","id":"yh5tyltcl3xiz0a"},"id":"iwizg9dfik7tpyd","previousOperationId":"0u14pmqgl3zpgt5"}
{"type":"log","timestamp":1705078431619,"level":"info","message":"Rendering (child) request finished in 9914 ms","meta":{"rootId":"ga4b6mbfh3faoxf","id":"yh5tyltcl3xiz0a"},"id":"568p00wi8706mmc","previousOperationId":"0u14pmqgl3zpgt5"}
{"type":"operationEnd","subtype":"render","operationId":"9xm30ajd06yf632","timestamp":1705078431620,"id":"hf4o8yv9xuuamxh","previousEventId":"cysipjrdvozrdhy","previousOperationId":"0u14pmqgl3zpgt5"}
{"type":"operationEnd","operationId":"tay5qo6xl3jwtor","timestamp":1705078431665,"id":"n5wmwwb0ms1u8r9","previousEventId":"0pvqm3pkbb613y7","previousOperationId":"tay5qo6xl3jwtor"}
{"type":"log","timestamp":1705078431665,"level":"debug","message":"pdf-utils postproces start","meta":{"rootId":"ga4b6mbfh3faoxf","id":"ga4b6mbfh3faoxf"},"id":"6hyhsd1nsxbb68p","previousOperationId":"tay5qo6xl3jwtor"}
{"type":"log","timestamp":1705078431710,"level":"debug","message":"pdf-utils postproces end","meta":{"rootId":"ga4b6mbfh3faoxf","id":"ga4b6mbfh3faoxf"},"id":"1zobtj9ca5u27hu","previousOperationId":"tay5qo6xl3jwtor"}
{"type":"operationEnd","operationId":"euetjvb124kxw2v","timestamp":1705078431710,"id":"c100gkwt0o7wrl3","previousEventId":"n5wmwwb0ms1u8r9","previousOperationId":"tay5qo6xl3jwtor"}
{"type":"log","timestamp":1705078431710,"level":"info","message":"pdf-utils pdf processing was finished","meta":{"rootId":"ga4b6mbfh3faoxf","id":"ga4b6mbfh3faoxf"},"id":"2m5ojzw7p5vgpgi","previousOperationId":"euetjvb124kxw2v"}
{"type":"log","timestamp":1705078431710,"level":"debug","message":"Skipping storing report.","meta":{"rootId":"ga4b6mbfh3faoxf","id":"ga4b6mbfh3faoxf"},"id":"u5tltfgi7qmnsfa","previousOperationId":"euetjvb124kxw2v"}
{"type":"log","timestamp":1705078431710,"level":"info","message":"Rendering request 6 finished in 10005 ms","meta":{"rootId":"ga4b6mbfh3faoxf","id":"ga4b6mbfh3faoxf"},"id":"03fnqqg39sfzilx","previousOperationId":"euetjvb124kxw2v"}
{"type":"operationEnd","subtype":"render","operationId":"99lq8aj2efrgwek","timestamp":1705078431710,"id":"73zexv05nlm2us0","previousEventId":"c100gkwt0o7wrl3","previousOperationId":"euetjvb124kxw2v"}
{"type":"operationEnd","doDiffs":false,"previousEventId":"j1ww4ahlnxh6dt6","previousOperationId":"ep8i822m77svnl7","operationId":"ep8i822m77svnl7","timestamp":1705078431731,"id":"piqbpk38at8dtyw"}
