{"type":"operationStart","subtype":"profile","data":{"_id":"VdZ4zVmmXdJcgHUo","timestamp":"2024-01-15T20:21:53.223Z","state":"queued","mode":"standard","creationDate":"2024-01-15T20:21:53.227Z","modificationDate":"2024-01-15T20:21:53.227Z","shortid":"wzys8TX","$entitySet":"profiles"},"doDiffs":false,"timestamp":1705350113225,"id":"qwgnztju5jefq1e","previousOperationId":null,"operationId":"zh287eynongs0nv"}
{"type":"log","level":"info","message":"Render request 1 queued for execution and waiting for available worker","previousOperationId":"zh287eynongs0nv","timestamp":1705350113225,"id":"wre1yszu0oop95n"}
{"type":"operationStart","subtype":"render","name":"orders-main","previousOperationId":"zh287eynongs0nv","timestamp":1705350113260,"id":"ru2txe4g42bt2me","previousEventId":"qwgnztju5jefq1e","operationId":"lnml79quio76eai"}
{"type":"log","timestamp":1705350113265,"level":"info","message":"Starting rendering request 1","meta":{"rootId":"padgsf2749om74c","id":"padgsf2749om74c"},"id":"9bi4bmz60560nhd","previousOperationId":"lnml79quio76eai"}
{"type":"log","timestamp":1705350113268,"level":"info","message":"Rendering template { name: orders-main, recipe: chrome-pdf, engine: handlebars, preview: true }","meta":{"rootId":"padgsf2749om74c","id":"padgsf2749om74c"},"id":"743uijo1r3696h6","previousOperationId":"lnml79quio76eai"}
{"type":"log","timestamp":1705350113271,"level":"debug","message":"Data item not defined for this template.","meta":{"rootId":"padgsf2749om74c","id":"padgsf2749om74c"},"id":"pxnb5m8crrz8mcv","previousOperationId":"lnml79quio76eai"}
{"type":"log","timestamp":1705350113276,"level":"debug","message":"Executing script orders-script (beforeRender)","meta":{"rootId":"padgsf2749om74c","id":"padgsf2749om74c"},"id":"cp2o15k5vxb93in","previousOperationId":"lnml79quio76eai"}
{"type":"operationStart","subtype":"scriptsBeforeRender","name":"scripts beforeRender","timestamp":1705350113765,"id":"szxareutetp36yl","previousEventId":"ru2txe4g42bt2me","operationId":"1glzl3x2ka3qmvx","previousOperationId":"lnml79quio76eai"}
{"type":"operationStart","subtype":"script","name":"scripts orders-script","previousOperationId":"1glzl3x2ka3qmvx","timestamp":1705350113765,"id":"q4q4ymv702d6o3a","previousEventId":"szxareutetp36yl","operationId":"9uz2vpyi3cpyd95"}
{"type":"operationEnd","operationId":"9uz2vpyi3cpyd95","timestamp":1705350115217,"id":"n47ngwfbvy6e09d","previousEventId":"ru2txe4g42bt2me","previousOperationId":"lnml79quio76eai"}
{"type":"operationEnd","operationId":"1glzl3x2ka3qmvx","timestamp":1705350115217,"id":"odhh5a0il05h9v7","previousEventId":"n47ngwfbvy6e09d","previousOperationId":"lnml79quio76eai"}
{"type":"log","timestamp":1705350115217,"level":"debug","message":"Base url not specified, skipping its injection.","meta":{"rootId":"padgsf2749om74c","id":"padgsf2749om74c"},"id":"57nnce1p73ea58f","previousOperationId":"1glzl3x2ka3qmvx"}
{"type":"operationStart","subtype":"engine","name":"handlebars","timestamp":1705350115218,"id":"u2x2wnznykev3hw","previousEventId":"odhh5a0il05h9v7","operationId":"13puxw9zxtpp6f8","previousOperationId":"1glzl3x2ka3qmvx"}
{"type":"log","timestamp":1705350115218,"level":"debug","message":"Rendering engine handlebars","meta":{"rootId":"padgsf2749om74c","id":"padgsf2749om74c"},"id":"msbgbckz4zf6ys2","previousOperationId":"13puxw9zxtpp6f8"}
{"type":"log","timestamp":1705350115681,"level":"debug","message":"(console:log) Pdf utils adding group field, value: \"France\"","meta":{"userLevel":true,"rootId":"padgsf2749om74c","id":"padgsf2749om74c"},"id":"1nhokkgh6x41758","previousOperationId":"13puxw9zxtpp6f8"}
{"type":"log","timestamp":1705350115682,"level":"debug","message":"(console:log) Pdf utils adding group field, value: \"Germany\"","meta":{"userLevel":true,"rootId":"padgsf2749om74c","id":"padgsf2749om74c"},"id":"fuc6nj032p095lt","previousOperationId":"13puxw9zxtpp6f8"}
{"type":"operationEnd","operationId":"13puxw9zxtpp6f8","timestamp":1705350115682,"id":"zg60iwbhxkjzebb","previousEventId":"u2x2wnznykev3hw","previousOperationId":"13puxw9zxtpp6f8"}
{"type":"operationStart","subtype":"recipe","name":"chrome-pdf","timestamp":1705350115683,"id":"txhgrbvnct8iwdv","previousEventId":"zg60iwbhxkjzebb","operationId":"dpiq9j5glulnu9a","previousOperationId":"13puxw9zxtpp6f8"}
{"type":"log","timestamp":1705350115683,"level":"debug","message":"Executing recipe chrome-pdf","meta":{"rootId":"padgsf2749om74c","id":"padgsf2749om74c"},"id":"vxzslcoctukwe1x","previousOperationId":"dpiq9j5glulnu9a"}
{"type":"log","timestamp":1705350117810,"level":"debug","message":"Converting with chrome HeadlessChrome/117.0.5938.149 using chrome-pool strategy","meta":{"rootId":"padgsf2749om74c","id":"padgsf2749om74c"},"id":"sf2iu61r74uxw3u","previousOperationId":"dpiq9j5glulnu9a"}
{"type":"log","timestamp":1705350118126,"level":"debug","message":"Page request: GET (document) file:///C:/Users/juank/AppData/Local/Temp/jsreport/autocleanup/d2e48ea8-66d0-4e5a-b644-df1c8ff8a079-chrome-pdf.html","meta":{"rootId":"padgsf2749om74c","id":"padgsf2749om74c"},"id":"0hzc15xs2nr3j4r","previousOperationId":"dpiq9j5glulnu9a"}
{"type":"log","timestamp":1705350118135,"level":"debug","message":"Page request: GET (stylesheet) https://cdnjs.cloudflare.com/ajax/libs/metro/4.1.5/css/metro.min.css","meta":{"rootId":"padgsf2749om74c","id":"padgsf2749om74c"},"id":"ck43cmc2g7ni3c1","previousOperationId":"dpiq9j5glulnu9a"}
{"type":"log","timestamp":1705350118136,"level":"debug","message":"Page request: GET (script) https://cdnjs.cloudflare.com/ajax/libs/Chart.js/2.7.2/Chart.min.js","meta":{"rootId":"padgsf2749om74c","id":"padgsf2749om74c"},"id":"sejjdj2ua33kbe5","previousOperationId":"dpiq9j5glulnu9a"}
{"type":"log","timestamp":1705350118137,"level":"debug","message":"Page request finished: GET (document) 200 file:///C:/Users/juank/AppData/Local/Temp/jsreport/autocleanup/d2e48ea8-66d0-4e5a-b644-df1c8ff8a079-chrome-pdf.html","meta":{"rootId":"padgsf2749om74c","id":"padgsf2749om74c"},"id":"e10mmecgd0emf3f","previousOperationId":"dpiq9j5glulnu9a"}
{"type":"log","timestamp":1705350121141,"level":"debug","message":"Page request finished: GET (stylesheet) 200 https://cdnjs.cloudflare.com/ajax/libs/metro/4.1.5/css/metro.min.css","meta":{"rootId":"padgsf2749om74c","id":"padgsf2749om74c"},"id":"dj02zevtjfyrgln","previousOperationId":"dpiq9j5glulnu9a"}
{"type":"log","timestamp":1705350121146,"level":"debug","message":"Page request finished: GET (script) 200 https://cdnjs.cloudflare.com/ajax/libs/Chart.js/2.7.2/Chart.min.js","meta":{"rootId":"padgsf2749om74c","id":"padgsf2749om74c"},"id":"wraycv9g82q9bqp","previousOperationId":"dpiq9j5glulnu9a"}
{"type":"log","timestamp":1705350121225,"level":"debug","message":"Running chrome with params {\"printBackground\":true,\"marginTop\":\"4cm\",\"marginRight\":\"1.5cm\",\"marginBottom\":\"1.5cm\",\"marginLeft\":\"1.5cm\",\"waitForJS\":false,\"timeout\":596584,\"margin\":{\"top\":\"4cm\",\"right\":\"1.5cm\",\"bottom\":\"1.5cm\",\"left\":\"1.5cm\"}}","meta":{"rootId":"padgsf2749om74c","id":"padgsf2749om74c"},"id":"fo3scuz9gbv8g0x","previousOperationId":"dpiq9j5glulnu9a"}
{"type":"operationEnd","operationId":"dpiq9j5glulnu9a","timestamp":1705350121415,"id":"fk3avvwghdgdcmj","previousEventId":"txhgrbvnct8iwdv","previousOperationId":"dpiq9j5glulnu9a"}
{"type":"log","timestamp":1705350121415,"level":"info","message":"pdf-utils is starting pdf processing","meta":{"rootId":"padgsf2749om74c","id":"padgsf2749om74c"},"id":"27pjfvpd9rind5g","previousOperationId":"dpiq9j5glulnu9a"}
{"type":"operationStart","subtype":"pdfUtils","name":"pdf utils","timestamp":1705350121841,"id":"9jv3x7i26mojz8j","previousEventId":"fk3avvwghdgdcmj","operationId":"01g2pq55h93fqgw","previousOperationId":"dpiq9j5glulnu9a"}
{"type":"log","timestamp":1705350121842,"level":"debug","message":"pdf-utils detected 1 pdf operation(s) to process","meta":{"rootId":"padgsf2749om74c","id":"padgsf2749om74c"},"id":"xumo9utnoijic8c","previousOperationId":"01g2pq55h93fqgw"}
{"type":"log","timestamp":1705350122102,"level":"debug","message":"pdf-utils running pdf operation merge","meta":{"rootId":"padgsf2749om74c","id":"padgsf2749om74c"},"id":"6dqflc12bbq4m70","previousOperationId":"01g2pq55h93fqgw"}
{"type":"operationStart","subtype":"pdfUtilsMerge","name":"pdf utils merge","previousOperationId":"01g2pq55h93fqgw","timestamp":1705350122102,"id":"pn4ja0b7e40i4ha","previousEventId":"9jv3x7i26mojz8j","operationId":"gap6gi9oatpawgs"}
{"type":"operationStart","subtype":"render","name":"orders-header","previousOperationId":"gap6gi9oatpawgs","timestamp":1705350122105,"id":"33or15g5ewko8y7","previousEventId":"pn4ja0b7e40i4ha","operationId":"m1q3mqcm4dhtzmm"}
{"type":"log","timestamp":1705350122105,"level":"info","message":"Starting rendering (child) request","meta":{"rootId":"padgsf2749om74c","id":"6z9nsclkto3hmva"},"id":"v8qlpy3r1r4bgy6","previousOperationId":"m1q3mqcm4dhtzmm"}
{"type":"log","timestamp":1705350122105,"level":"info","message":"Rendering template { name: orders-header, recipe: chrome-pdf, engine: handlebars, preview: true }","meta":{"rootId":"padgsf2749om74c","id":"6z9nsclkto3hmva"},"id":"e5kxt8vrqzavr0g","previousOperationId":"m1q3mqcm4dhtzmm"}
{"type":"log","timestamp":1705350122111,"level":"debug","message":"Inline data specified.","meta":{"rootId":"padgsf2749om74c","id":"6z9nsclkto3hmva"},"id":"33rd0b5i8rm9o73","previousOperationId":"m1q3mqcm4dhtzmm"}
{"type":"log","timestamp":1705350122114,"level":"debug","message":"Base url not specified, skipping its injection.","meta":{"rootId":"padgsf2749om74c","id":"6z9nsclkto3hmva"},"id":"567s0ovhcn8vo5b","previousOperationId":"m1q3mqcm4dhtzmm"}
{"type":"operationStart","subtype":"engine","name":"handlebars","timestamp":1705350122114,"id":"2vptie7jcx20z9m","previousEventId":"33or15g5ewko8y7","operationId":"wfp4g91vn0g32zg","previousOperationId":"m1q3mqcm4dhtzmm"}
{"type":"log","timestamp":1705350122114,"level":"debug","message":"Rendering engine handlebars","meta":{"rootId":"padgsf2749om74c","id":"6z9nsclkto3hmva"},"id":"863um3crx3kmync","previousOperationId":"wfp4g91vn0g32zg"}
{"type":"operationEnd","operationId":"wfp4g91vn0g32zg","timestamp":1705350122225,"id":"w4y42q603a04ykp","previousEventId":"2vptie7jcx20z9m","previousOperationId":"wfp4g91vn0g32zg"}
{"type":"operationStart","subtype":"recipe","name":"chrome-pdf","timestamp":1705350122225,"id":"h32eeh0sp61yh5w","previousEventId":"w4y42q603a04ykp","operationId":"j12imy3jpbqisb0","previousOperationId":"wfp4g91vn0g32zg"}
{"type":"log","timestamp":1705350122225,"level":"debug","message":"Executing recipe chrome-pdf","meta":{"rootId":"padgsf2749om74c","id":"6z9nsclkto3hmva"},"id":"bkmpcfnozgkhw2b","previousOperationId":"j12imy3jpbqisb0"}
{"type":"log","timestamp":1705350122228,"level":"debug","message":"Converting with chrome HeadlessChrome/117.0.5938.149 using chrome-pool strategy","meta":{"rootId":"padgsf2749om74c","id":"6z9nsclkto3hmva"},"id":"e47d0xvxpx4roj7","previousOperationId":"j12imy3jpbqisb0"}
{"type":"log","timestamp":1705350122342,"level":"debug","message":"Page request: GET (document) file:///C:/Users/juank/AppData/Local/Temp/jsreport/autocleanup/aa5a138c-a766-4a46-9aa7-1eba8ac40ad9-chrome-pdf.html","meta":{"rootId":"padgsf2749om74c","id":"6z9nsclkto3hmva"},"id":"2mi8anedmd0mct9","previousOperationId":"j12imy3jpbqisb0"}
{"type":"log","timestamp":1705350122356,"level":"debug","message":"Page request: GET (stylesheet) https://cdnjs.cloudflare.com/ajax/libs/metro/4.1.5/css/metro.min.css","meta":{"rootId":"padgsf2749om74c","id":"6z9nsclkto3hmva"},"id":"7mzetok2gnbtxs4","previousOperationId":"j12imy3jpbqisb0"}
{"type":"log","timestamp":1705350122356,"level":"debug","message":"Page request finished: GET (document) 200 file:///C:/Users/juank/AppData/Local/Temp/jsreport/autocleanup/aa5a138c-a766-4a46-9aa7-1eba8ac40ad9-chrome-pdf.html","meta":{"rootId":"padgsf2749om74c","id":"6z9nsclkto3hmva"},"id":"91kinn203fd6wcr","previousOperationId":"j12imy3jpbqisb0"}
{"type":"log","timestamp":1705350122371,"level":"debug","message":"Page request finished: GET (stylesheet) 200 https://cdnjs.cloudflare.com/ajax/libs/metro/4.1.5/css/metro.min.css","meta":{"rootId":"padgsf2749om74c","id":"6z9nsclkto3hmva"},"id":"liwyt0qyzuogb1g","previousOperationId":"j12imy3jpbqisb0"}
{"type":"log","timestamp":1705350122389,"level":"debug","message":"Running chrome with params {\"printBackground\":true,\"marginTop\":\"1.5cm\",\"marginRight\":\"1.5cm\",\"marginLeft\":\"1.cm\",\"timeout\":590995,\"margin\":{\"top\":\"1.5cm\",\"right\":\"1.5cm\",\"left\":\"1.cm\"}}","meta":{"rootId":"padgsf2749om74c","id":"6z9nsclkto3hmva"},"id":"cqtwetukuzr9tl6","previousOperationId":"j12imy3jpbqisb0"}
{"type":"operationEnd","operationId":"j12imy3jpbqisb0","timestamp":1705350122426,"id":"3d34f8gy7wmufsf","previousEventId":"h32eeh0sp61yh5w","previousOperationId":"j12imy3jpbqisb0"}
{"type":"log","timestamp":1705350122427,"level":"debug","message":"Skipping storing report.","meta":{"rootId":"padgsf2749om74c","id":"6z9nsclkto3hmva"},"id":"np1mu3enmgfll8x","previousOperationId":"j12imy3jpbqisb0"}
{"type":"log","timestamp":1705350122427,"level":"info","message":"Rendering (child) request finished in 9205 ms","meta":{"rootId":"padgsf2749om74c","id":"6z9nsclkto3hmva"},"id":"tzhkkothijhxx2s","previousOperationId":"j12imy3jpbqisb0"}
{"type":"operationEnd","subtype":"render","operationId":"m1q3mqcm4dhtzmm","timestamp":1705350122427,"id":"w6usrxrg23t0ga8","previousEventId":"3d34f8gy7wmufsf","previousOperationId":"j12imy3jpbqisb0"}
{"type":"operationEnd","operationId":"gap6gi9oatpawgs","timestamp":1705350122464,"id":"52x1o86t31s5bsc","previousEventId":"pn4ja0b7e40i4ha","previousOperationId":"gap6gi9oatpawgs"}
{"type":"log","timestamp":1705350122464,"level":"debug","message":"pdf-utils postproces start","meta":{"rootId":"padgsf2749om74c","id":"padgsf2749om74c"},"id":"w7i6dmbr1wiatf6","previousOperationId":"gap6gi9oatpawgs"}
{"type":"log","timestamp":1705350122492,"level":"debug","message":"pdf-utils postproces end","meta":{"rootId":"padgsf2749om74c","id":"padgsf2749om74c"},"id":"0z3eozb4otou9ay","previousOperationId":"gap6gi9oatpawgs"}
{"type":"operationEnd","operationId":"01g2pq55h93fqgw","timestamp":1705350122492,"id":"g9uob3sa9jx1l8h","previousEventId":"52x1o86t31s5bsc","previousOperationId":"gap6gi9oatpawgs"}
{"type":"log","timestamp":1705350122492,"level":"info","message":"pdf-utils pdf processing was finished","meta":{"rootId":"padgsf2749om74c","id":"padgsf2749om74c"},"id":"cecop6dmg3xg5dj","previousOperationId":"01g2pq55h93fqgw"}
{"type":"log","timestamp":1705350122492,"level":"debug","message":"Skipping storing report.","meta":{"rootId":"padgsf2749om74c","id":"padgsf2749om74c"},"id":"6wntn5j51yz20rn","previousOperationId":"01g2pq55h93fqgw"}
{"type":"log","timestamp":1705350122492,"level":"info","message":"Rendering request 1 finished in 9270 ms","meta":{"rootId":"padgsf2749om74c","id":"padgsf2749om74c"},"id":"uojikcl8a8yhdyj","previousOperationId":"01g2pq55h93fqgw"}
{"type":"operationEnd","subtype":"render","operationId":"lnml79quio76eai","timestamp":1705350122492,"id":"1of19gp7vfsk8ms","previousEventId":"g9uob3sa9jx1l8h","previousOperationId":"01g2pq55h93fqgw"}
{"type":"operationEnd","doDiffs":false,"previousEventId":"qwgnztju5jefq1e","previousOperationId":"zh287eynongs0nv","operationId":"zh287eynongs0nv","timestamp":1705350122506,"id":"2rarkc84x12xq82"}
