{"type":"operationStart","subtype":"profile","data":{"_id":"E53cib6N1R4OrTc6","timestamp":"2024-01-11T20:00:25.826Z","state":"queued","mode":"standard","creationDate":"2024-01-11T20:00:25.830Z","modificationDate":"2024-01-11T20:00:25.830Z","shortid":"9hn2dZ9","$entitySet":"profiles"},"doDiffs":false,"timestamp":1705003225828,"id":"6ar1xn34axxr325","previousOperationId":null,"operationId":"3chw4epomzn21zc"}
{"type":"log","level":"info","message":"Render request 1 queued for execution and waiting for available worker","previousOperationId":"3chw4epomzn21zc","timestamp":1705003225828,"id":"tqs9czfvxmazh84"}
{"type":"operationStart","subtype":"render","name":"orders-main","previousOperationId":"3chw4epomzn21zc","timestamp":1705003225861,"id":"7qn7xvlz1h7l1hu","previousEventId":"6ar1xn34axxr325","operationId":"tis6jxrq7wqsuvr"}
{"type":"log","timestamp":1705003225862,"level":"info","message":"Starting rendering request 1","meta":{"rootId":"r8ro9h8abvs51px","id":"r8ro9h8abvs51px"},"id":"h59dpuskpq3vt1n","previousOperationId":"tis6jxrq7wqsuvr"}
{"type":"log","timestamp":1705003225863,"level":"info","message":"Rendering template { name: orders-main, recipe: chrome-pdf, engine: handlebars, preview: false }","meta":{"rootId":"r8ro9h8abvs51px","id":"r8ro9h8abvs51px"},"id":"7rqho7fta35qgoy","previousOperationId":"tis6jxrq7wqsuvr"}
{"type":"log","timestamp":1705003225866,"level":"debug","message":"Inline data specified.","meta":{"rootId":"r8ro9h8abvs51px","id":"r8ro9h8abvs51px"},"id":"jni7ngl85m5sa6i","previousOperationId":"tis6jxrq7wqsuvr"}
{"type":"log","timestamp":1705003225871,"level":"debug","message":"Executing script orders-script (beforeRender)","meta":{"rootId":"r8ro9h8abvs51px","id":"r8ro9h8abvs51px"},"id":"uph6ptv4n56ygth","previousOperationId":"tis6jxrq7wqsuvr"}
{"type":"operationStart","subtype":"scriptsBeforeRender","name":"scripts beforeRender","timestamp":1705003226333,"id":"gac1tbzat6aun7q","previousEventId":"7qn7xvlz1h7l1hu","operationId":"gltv3yl5muyre92","previousOperationId":"tis6jxrq7wqsuvr"}
{"type":"operationStart","subtype":"script","name":"scripts orders-script","previousOperationId":"gltv3yl5muyre92","timestamp":1705003226333,"id":"wns0rhjibxrj6gh","previousEventId":"gac1tbzat6aun7q","operationId":"5jq1osyntt4fbdl"}
{"type":"operationEnd","operationId":"5jq1osyntt4fbdl","timestamp":1705003227830,"id":"d0r4m8lyzqrpd0h","previousEventId":"7qn7xvlz1h7l1hu","previousOperationId":"tis6jxrq7wqsuvr"}
{"type":"operationEnd","operationId":"gltv3yl5muyre92","timestamp":1705003227830,"id":"rw844y4qvfwj20q","previousEventId":"d0r4m8lyzqrpd0h","previousOperationId":"tis6jxrq7wqsuvr"}
{"type":"log","timestamp":1705003227831,"level":"debug","message":"Base url not specified, skipping its injection.","meta":{"rootId":"r8ro9h8abvs51px","id":"r8ro9h8abvs51px"},"id":"808gbsbjhqtfyce","previousOperationId":"gltv3yl5muyre92"}
{"type":"operationStart","subtype":"engine","name":"handlebars","timestamp":1705003227831,"id":"rbmfsb8eqln8jh4","previousEventId":"rw844y4qvfwj20q","operationId":"qoi0hy9lrq4q6b9","previousOperationId":"gltv3yl5muyre92"}
{"type":"log","timestamp":1705003227831,"level":"debug","message":"Rendering engine handlebars","meta":{"rootId":"r8ro9h8abvs51px","id":"r8ro9h8abvs51px"},"id":"1x3c0t33zgf3pdm","previousOperationId":"qoi0hy9lrq4q6b9"}
{"type":"log","timestamp":1705003228238,"level":"debug","message":"(console:log) Pdf utils adding group field, value: \"France\"","meta":{"userLevel":true,"rootId":"r8ro9h8abvs51px","id":"r8ro9h8abvs51px"},"id":"b9aabl2jf80flko","previousOperationId":"qoi0hy9lrq4q6b9"}
{"type":"log","timestamp":1705003228240,"level":"debug","message":"(console:log) Pdf utils adding group field, value: \"Germany\"","meta":{"userLevel":true,"rootId":"r8ro9h8abvs51px","id":"r8ro9h8abvs51px"},"id":"xdornfmmf5svbjm","previousOperationId":"qoi0hy9lrq4q6b9"}
{"type":"operationEnd","operationId":"qoi0hy9lrq4q6b9","timestamp":1705003228240,"id":"8545dufw1jis4ha","previousEventId":"rbmfsb8eqln8jh4","previousOperationId":"qoi0hy9lrq4q6b9"}
{"type":"operationStart","subtype":"recipe","name":"chrome-pdf","timestamp":1705003228241,"id":"d9p1rj3l4q5pw23","previousEventId":"8545dufw1jis4ha","operationId":"qrxu62ymgb2th8x","previousOperationId":"qoi0hy9lrq4q6b9"}
{"type":"log","timestamp":1705003228241,"level":"debug","message":"Executing recipe chrome-pdf","meta":{"rootId":"r8ro9h8abvs51px","id":"r8ro9h8abvs51px"},"id":"81flsie52ktdkhb","previousOperationId":"qrxu62ymgb2th8x"}
{"type":"log","timestamp":1705003229200,"level":"debug","message":"Converting with chrome HeadlessChrome/117.0.5938.149 using chrome-pool strategy","meta":{"rootId":"r8ro9h8abvs51px","id":"r8ro9h8abvs51px"},"id":"e9ps49xnbhrf8tv","previousOperationId":"qrxu62ymgb2th8x"}
{"type":"log","timestamp":1705003229498,"level":"debug","message":"Page request: GET (document) file:///C:/Users/juank/AppData/Local/Temp/jsreport/autocleanup/53f9aced-8402-4d65-8a11-02010da650bc-chrome-pdf.html","meta":{"rootId":"r8ro9h8abvs51px","id":"r8ro9h8abvs51px"},"id":"313noy3peyxpt6v","previousOperationId":"qrxu62ymgb2th8x"}
{"type":"log","timestamp":1705003229519,"level":"debug","message":"Page request finished: GET (document) 200 file:///C:/Users/juank/AppData/Local/Temp/jsreport/autocleanup/53f9aced-8402-4d65-8a11-02010da650bc-chrome-pdf.html","meta":{"rootId":"r8ro9h8abvs51px","id":"r8ro9h8abvs51px"},"id":"003zeoidfr7a9ng","previousOperationId":"qrxu62ymgb2th8x"}
{"type":"log","timestamp":1705003229519,"level":"debug","message":"Page request: GET (stylesheet) https://cdnjs.cloudflare.com/ajax/libs/metro/4.1.5/css/metro.min.css","meta":{"rootId":"r8ro9h8abvs51px","id":"r8ro9h8abvs51px"},"id":"o9z115c77n8ba8i","previousOperationId":"qrxu62ymgb2th8x"}
{"type":"log","timestamp":1705003229519,"level":"debug","message":"Page request: GET (script) https://cdnjs.cloudflare.com/ajax/libs/Chart.js/2.7.2/Chart.min.js","meta":{"rootId":"r8ro9h8abvs51px","id":"r8ro9h8abvs51px"},"id":"1u4tysj9jmkv4rr","previousOperationId":"qrxu62ymgb2th8x"}
{"type":"log","timestamp":1705003232494,"level":"debug","message":"Page request finished: GET (script) 200 https://cdnjs.cloudflare.com/ajax/libs/Chart.js/2.7.2/Chart.min.js","meta":{"rootId":"r8ro9h8abvs51px","id":"r8ro9h8abvs51px"},"id":"g9h8x5w6s6o2iyc","previousOperationId":"qrxu62ymgb2th8x"}
{"type":"log","timestamp":1705003232520,"level":"debug","message":"Page request finished: GET (stylesheet) 200 https://cdnjs.cloudflare.com/ajax/libs/metro/4.1.5/css/metro.min.css","meta":{"rootId":"r8ro9h8abvs51px","id":"r8ro9h8abvs51px"},"id":"9yxta3jda1f2dc3","previousOperationId":"qrxu62ymgb2th8x"}
{"type":"log","timestamp":1705003232588,"level":"debug","message":"Running chrome with params {\"printBackground\":true,\"marginTop\":\"4cm\",\"marginRight\":\"1.5cm\",\"marginBottom\":\"1.5cm\",\"marginLeft\":\"1.5cm\",\"waitForJS\":false,\"timeout\":56965,\"margin\":{\"top\":\"4cm\",\"right\":\"1.5cm\",\"bottom\":\"1.5cm\",\"left\":\"1.5cm\"}}","meta":{"rootId":"r8ro9h8abvs51px","id":"r8ro9h8abvs51px"},"id":"sgj2bv8ia2tj51t","previousOperationId":"qrxu62ymgb2th8x"}
{"type":"operationEnd","operationId":"qrxu62ymgb2th8x","timestamp":1705003232726,"id":"08tolzf79ra7r1v","previousEventId":"d9p1rj3l4q5pw23","previousOperationId":"qrxu62ymgb2th8x"}
{"type":"log","timestamp":1705003232727,"level":"info","message":"pdf-utils is starting pdf processing","meta":{"rootId":"r8ro9h8abvs51px","id":"r8ro9h8abvs51px"},"id":"kay69ybqw5r6pi1","previousOperationId":"qrxu62ymgb2th8x"}
{"type":"operationStart","subtype":"pdfUtils","name":"pdf utils","timestamp":1705003233140,"id":"ujvxh9spr29e3w6","previousEventId":"08tolzf79ra7r1v","operationId":"qcn0s3mpsgrly6e","previousOperationId":"qrxu62ymgb2th8x"}
{"type":"log","timestamp":1705003233140,"level":"debug","message":"pdf-utils detected 1 pdf operation(s) to process","meta":{"rootId":"r8ro9h8abvs51px","id":"r8ro9h8abvs51px"},"id":"mxvwsd7ny0onog8","previousOperationId":"qcn0s3mpsgrly6e"}
{"type":"log","timestamp":1705003233426,"level":"debug","message":"pdf-utils running pdf operation merge","meta":{"rootId":"r8ro9h8abvs51px","id":"r8ro9h8abvs51px"},"id":"xnwquatrshlie4i","previousOperationId":"qcn0s3mpsgrly6e"}
{"type":"operationStart","subtype":"pdfUtilsMerge","name":"pdf utils merge","previousOperationId":"qcn0s3mpsgrly6e","timestamp":1705003233426,"id":"3opz15v4kmjdfys","previousEventId":"ujvxh9spr29e3w6","operationId":"edchpwtfxp2p9yt"}
{"type":"operationStart","subtype":"render","name":"orders-header","previousOperationId":"edchpwtfxp2p9yt","timestamp":1705003233429,"id":"3wy0okp3tl6c8ts","previousEventId":"3opz15v4kmjdfys","operationId":"tpslnjminplk8lt"}
{"type":"log","timestamp":1705003233429,"level":"info","message":"Starting rendering (child) request","meta":{"rootId":"r8ro9h8abvs51px","id":"1hunqhxd66mzxbd"},"id":"wl29nbdxposy2pa","previousOperationId":"tpslnjminplk8lt"}
{"type":"log","timestamp":1705003233429,"level":"info","message":"Rendering template { name: orders-header, recipe: chrome-pdf, engine: handlebars, preview: false }","meta":{"rootId":"r8ro9h8abvs51px","id":"1hunqhxd66mzxbd"},"id":"dhhruz6brsiukjk","previousOperationId":"tpslnjminplk8lt"}
{"type":"log","timestamp":1705003233433,"level":"debug","message":"Inline data specified.","meta":{"rootId":"r8ro9h8abvs51px","id":"1hunqhxd66mzxbd"},"id":"dsoimbvjrcctjtv","previousOperationId":"tpslnjminplk8lt"}
{"type":"log","timestamp":1705003233437,"level":"debug","message":"Base url not specified, skipping its injection.","meta":{"rootId":"r8ro9h8abvs51px","id":"1hunqhxd66mzxbd"},"id":"oxmfumtdnvgwy38","previousOperationId":"tpslnjminplk8lt"}
{"type":"operationStart","subtype":"engine","name":"handlebars","timestamp":1705003233438,"id":"afw5b9wzh2mvjhq","previousEventId":"3wy0okp3tl6c8ts","operationId":"wbmlrps0qs9106c","previousOperationId":"tpslnjminplk8lt"}
{"type":"log","timestamp":1705003233438,"level":"debug","message":"Rendering engine handlebars","meta":{"rootId":"r8ro9h8abvs51px","id":"1hunqhxd66mzxbd"},"id":"5vf9nvbly71n4t5","previousOperationId":"wbmlrps0qs9106c"}
{"type":"operationEnd","operationId":"wbmlrps0qs9106c","timestamp":1705003233538,"id":"t8q9e5o3oaxu7ps","previousEventId":"afw5b9wzh2mvjhq","previousOperationId":"wbmlrps0qs9106c"}
{"type":"operationStart","subtype":"recipe","name":"chrome-pdf","timestamp":1705003233539,"id":"p88ptklfeqyfvv3","previousEventId":"t8q9e5o3oaxu7ps","operationId":"u9jqy0gvvjuijpx","previousOperationId":"wbmlrps0qs9106c"}
{"type":"log","timestamp":1705003233539,"level":"debug","message":"Executing recipe chrome-pdf","meta":{"rootId":"r8ro9h8abvs51px","id":"1hunqhxd66mzxbd"},"id":"1bgcdbczx76l8o5","previousOperationId":"u9jqy0gvvjuijpx"}
{"type":"log","timestamp":1705003233542,"level":"debug","message":"Converting with chrome HeadlessChrome/117.0.5938.149 using chrome-pool strategy","meta":{"rootId":"r8ro9h8abvs51px","id":"1hunqhxd66mzxbd"},"id":"67xe68g19oql2cq","previousOperationId":"u9jqy0gvvjuijpx"}
{"type":"log","timestamp":1705003233660,"level":"debug","message":"Page request: GET (document) file:///C:/Users/juank/AppData/Local/Temp/jsreport/autocleanup/8f188214-05b5-476e-861b-f7b83a17f3ae-chrome-pdf.html","meta":{"rootId":"r8ro9h8abvs51px","id":"1hunqhxd66mzxbd"},"id":"g4ee8bg25252hju","previousOperationId":"u9jqy0gvvjuijpx"}
{"type":"log","timestamp":1705003233670,"level":"debug","message":"Page request: GET (stylesheet) https://cdnjs.cloudflare.com/ajax/libs/metro/4.1.5/css/metro.min.css","meta":{"rootId":"r8ro9h8abvs51px","id":"1hunqhxd66mzxbd"},"id":"mmujsaofsfvdjyq","previousOperationId":"u9jqy0gvvjuijpx"}
{"type":"log","timestamp":1705003233671,"level":"debug","message":"Page request finished: GET (document) 200 file:///C:/Users/juank/AppData/Local/Temp/jsreport/autocleanup/8f188214-05b5-476e-861b-f7b83a17f3ae-chrome-pdf.html","meta":{"rootId":"r8ro9h8abvs51px","id":"1hunqhxd66mzxbd"},"id":"hskdxvzhp7z2pva","previousOperationId":"u9jqy0gvvjuijpx"}
{"type":"log","timestamp":1705003233686,"level":"debug","message":"Page request finished: GET (stylesheet) 200 https://cdnjs.cloudflare.com/ajax/libs/metro/4.1.5/css/metro.min.css","meta":{"rootId":"r8ro9h8abvs51px","id":"1hunqhxd66mzxbd"},"id":"rrw9qvqciqdw8wo","previousOperationId":"u9jqy0gvvjuijpx"}
{"type":"log","timestamp":1705003233702,"level":"debug","message":"Running chrome with params {\"printBackground\":true,\"marginTop\":\"1.5cm\",\"marginRight\":\"1.5cm\",\"marginLeft\":\"1.cm\",\"timeout\":52284,\"margin\":{\"top\":\"1.5cm\",\"right\":\"1.5cm\",\"left\":\"1.cm\"}}","meta":{"rootId":"r8ro9h8abvs51px","id":"1hunqhxd66mzxbd"},"id":"7oqvq8lnjrvf96k","previousOperationId":"u9jqy0gvvjuijpx"}
{"type":"operationEnd","operationId":"u9jqy0gvvjuijpx","timestamp":1705003233736,"id":"vlurv91hvf16ii7","previousEventId":"p88ptklfeqyfvv3","previousOperationId":"u9jqy0gvvjuijpx"}
{"type":"log","timestamp":1705003233737,"level":"debug","message":"Skipping storing report.","meta":{"rootId":"r8ro9h8abvs51px","id":"1hunqhxd66mzxbd"},"id":"9ub4ynfsoi50ouh","previousOperationId":"u9jqy0gvvjuijpx"}
{"type":"log","timestamp":1705003233737,"level":"info","message":"Rendering (child) request finished in 7912 ms","meta":{"rootId":"r8ro9h8abvs51px","id":"1hunqhxd66mzxbd"},"id":"bi4h4jy7rvnvqkp","previousOperationId":"u9jqy0gvvjuijpx"}
{"type":"operationEnd","subtype":"render","operationId":"tpslnjminplk8lt","timestamp":1705003233737,"id":"vhjub8z2lesmljn","previousEventId":"vlurv91hvf16ii7","previousOperationId":"u9jqy0gvvjuijpx"}
{"type":"operationEnd","operationId":"edchpwtfxp2p9yt","timestamp":1705003233772,"id":"b1bll8kkf1e2eej","previousEventId":"3opz15v4kmjdfys","previousOperationId":"edchpwtfxp2p9yt"}
{"type":"log","timestamp":1705003233772,"level":"debug","message":"pdf-utils postproces start","meta":{"rootId":"r8ro9h8abvs51px","id":"r8ro9h8abvs51px"},"id":"7lrf5kp8tfom5ep","previousOperationId":"edchpwtfxp2p9yt"}
{"type":"log","timestamp":1705003233801,"level":"debug","message":"pdf-utils postproces end","meta":{"rootId":"r8ro9h8abvs51px","id":"r8ro9h8abvs51px"},"id":"ljt8z29oirvy5wc","previousOperationId":"edchpwtfxp2p9yt"}
{"type":"operationEnd","operationId":"qcn0s3mpsgrly6e","timestamp":1705003233801,"id":"plfxrxe1qgfmt04","previousEventId":"b1bll8kkf1e2eej","previousOperationId":"edchpwtfxp2p9yt"}
{"type":"log","timestamp":1705003233801,"level":"info","message":"pdf-utils pdf processing was finished","meta":{"rootId":"r8ro9h8abvs51px","id":"r8ro9h8abvs51px"},"id":"1v02k8pg8rwegq6","previousOperationId":"qcn0s3mpsgrly6e"}
{"type":"log","timestamp":1705003233801,"level":"debug","message":"Skipping storing report.","meta":{"rootId":"r8ro9h8abvs51px","id":"r8ro9h8abvs51px"},"id":"pq22apvdiaucxkg","previousOperationId":"qcn0s3mpsgrly6e"}
{"type":"log","timestamp":1705003233801,"level":"info","message":"Rendering request 1 finished in 7976 ms","meta":{"rootId":"r8ro9h8abvs51px","id":"r8ro9h8abvs51px"},"id":"djpyf40tojwng0l","previousOperationId":"qcn0s3mpsgrly6e"}
{"type":"operationEnd","subtype":"render","operationId":"tis6jxrq7wqsuvr","timestamp":1705003233801,"id":"9ijxfg1kfwdgiug","previousEventId":"plfxrxe1qgfmt04","previousOperationId":"qcn0s3mpsgrly6e"}
{"type":"operationEnd","doDiffs":false,"previousEventId":"6ar1xn34axxr325","previousOperationId":"3chw4epomzn21zc","operationId":"3chw4epomzn21zc","timestamp":1705003233813,"id":"a505vpi25kfxj78"}
