{"type":"operationStart","subtype":"profile","data":{"_id":"L49uxOIwfQnR5OpY","timestamp":"2024-01-11T15:33:37.239Z","state":"queued","mode":"standard","creationDate":"2024-01-11T15:33:37.247Z","modificationDate":"2024-01-11T15:33:37.247Z","shortid":"VGSSYPk","$entitySet":"profiles"},"doDiffs":false,"timestamp":1704987217243,"id":"vucx0i9khns1jf1","previousOperationId":null,"operationId":"wcledp5b3p8hxgp"}
{"type":"log","level":"info","message":"Render request 1 queued for execution and waiting for available worker","previousOperationId":"wcledp5b3p8hxgp","timestamp":1704987217244,"id":"geg27notf4n7vab"}
{"type":"operationStart","subtype":"render","name":"orders-main","previousOperationId":"wcledp5b3p8hxgp","timestamp":1704987217316,"id":"5mfk8dq0q4b908z","previousEventId":"vucx0i9khns1jf1","operationId":"pylsdfjiaw2yz42"}
{"type":"log","timestamp":1704987217321,"level":"info","message":"Starting rendering request 1","meta":{"rootId":"svb3s4q6s7moeij","id":"svb3s4q6s7moeij"},"id":"5il8yl63stzwkr8","previousOperationId":"pylsdfjiaw2yz42"}
{"type":"log","timestamp":1704987217322,"level":"info","message":"Rendering template { name: orders-main, recipe: chrome-pdf, engine: handlebars, preview: true }","meta":{"rootId":"svb3s4q6s7moeij","id":"svb3s4q6s7moeij"},"id":"oew0oe7gymx6cdz","previousOperationId":"pylsdfjiaw2yz42"}
{"type":"log","timestamp":1704987217333,"level":"debug","message":"Data item not defined for this template.","meta":{"rootId":"svb3s4q6s7moeij","id":"svb3s4q6s7moeij"},"id":"81ii0ca42a2c35w","previousOperationId":"pylsdfjiaw2yz42"}
{"type":"log","timestamp":1704987217342,"level":"debug","message":"Executing script orders-script (beforeRender)","meta":{"rootId":"svb3s4q6s7moeij","id":"svb3s4q6s7moeij"},"id":"q9xtxeffcqy2y26","previousOperationId":"pylsdfjiaw2yz42"}
{"type":"operationStart","subtype":"scriptsBeforeRender","name":"scripts beforeRender","timestamp":1704987218042,"id":"tooschq21cwviu2","previousEventId":"5mfk8dq0q4b908z","operationId":"eciif6wdf7alfzk","previousOperationId":"pylsdfjiaw2yz42"}
{"type":"operationStart","subtype":"script","name":"scripts orders-script","previousOperationId":"eciif6wdf7alfzk","timestamp":1704987218042,"id":"1phvscu69pdpa5h","previousEventId":"tooschq21cwviu2","operationId":"bz2ju19m1g7iaqt"}
{"type":"operationEnd","operationId":"bz2ju19m1g7iaqt","timestamp":1704987219868,"id":"eezivuleiihq4ym","previousEventId":"5mfk8dq0q4b908z","previousOperationId":"pylsdfjiaw2yz42"}
{"type":"operationEnd","operationId":"eciif6wdf7alfzk","timestamp":1704987219868,"id":"towxlikbxnkdv7b","previousEventId":"eezivuleiihq4ym","previousOperationId":"pylsdfjiaw2yz42"}
{"type":"log","timestamp":1704987219868,"level":"debug","message":"Base url not specified, skipping its injection.","meta":{"rootId":"svb3s4q6s7moeij","id":"svb3s4q6s7moeij"},"id":"ycxoqddgbql2o4k","previousOperationId":"eciif6wdf7alfzk"}
{"type":"operationStart","subtype":"engine","name":"handlebars","timestamp":1704987219869,"id":"vx8wt1qd1w45t65","previousEventId":"towxlikbxnkdv7b","operationId":"hxmwn4lfeh1g6p4","previousOperationId":"eciif6wdf7alfzk"}
{"type":"log","timestamp":1704987219869,"level":"debug","message":"Rendering engine handlebars","meta":{"rootId":"svb3s4q6s7moeij","id":"svb3s4q6s7moeij"},"id":"noyd75o7uc57bsc","previousOperationId":"hxmwn4lfeh1g6p4"}
{"type":"log","timestamp":1704987220555,"level":"debug","message":"(console:log) Pdf utils adding group field, value: \"France\"","meta":{"userLevel":true,"rootId":"svb3s4q6s7moeij","id":"svb3s4q6s7moeij"},"id":"m3ezz5w4r05q695","previousOperationId":"hxmwn4lfeh1g6p4"}
{"type":"log","timestamp":1704987220557,"level":"debug","message":"(console:log) Pdf utils adding group field, value: \"Germany\"","meta":{"userLevel":true,"rootId":"svb3s4q6s7moeij","id":"svb3s4q6s7moeij"},"id":"92kppgti20wk2hm","previousOperationId":"hxmwn4lfeh1g6p4"}
{"type":"operationEnd","operationId":"hxmwn4lfeh1g6p4","timestamp":1704987220557,"id":"hfvtm3hfcy0aj9d","previousEventId":"vx8wt1qd1w45t65","previousOperationId":"hxmwn4lfeh1g6p4"}
{"type":"operationStart","subtype":"recipe","name":"chrome-pdf","timestamp":1704987220559,"id":"8iru9tuui9m5j6x","previousEventId":"hfvtm3hfcy0aj9d","operationId":"5v4hc40w5uxntq6","previousOperationId":"hxmwn4lfeh1g6p4"}
{"type":"log","timestamp":1704987220559,"level":"debug","message":"Executing recipe chrome-pdf","meta":{"rootId":"svb3s4q6s7moeij","id":"svb3s4q6s7moeij"},"id":"r4k3xo1uqvskubi","previousOperationId":"5v4hc40w5uxntq6"}
{"type":"log","timestamp":1704987222771,"level":"debug","message":"Converting with chrome HeadlessChrome/117.0.5938.149 using chrome-pool strategy","meta":{"rootId":"svb3s4q6s7moeij","id":"svb3s4q6s7moeij"},"id":"oljv1ebmbd187w8","previousOperationId":"5v4hc40w5uxntq6"}
{"type":"log","timestamp":1704987223170,"level":"debug","message":"Page request: GET (document) file:///C:/Users/juank/AppData/Local/Temp/jsreport/autocleanup/1c32b9e8-7267-40c1-a703-1cf5a12c0901-chrome-pdf.html","meta":{"rootId":"svb3s4q6s7moeij","id":"svb3s4q6s7moeij"},"id":"tpwvy67uzsa2yd5","previousOperationId":"5v4hc40w5uxntq6"}
{"type":"log","timestamp":1704987223187,"level":"debug","message":"Page request: GET (stylesheet) https://cdnjs.cloudflare.com/ajax/libs/metro/4.1.5/css/metro.min.css","meta":{"rootId":"svb3s4q6s7moeij","id":"svb3s4q6s7moeij"},"id":"kcq7g3m6zxdmfpa","previousOperationId":"5v4hc40w5uxntq6"}
{"type":"log","timestamp":1704987223187,"level":"debug","message":"Page request: GET (script) https://cdnjs.cloudflare.com/ajax/libs/Chart.js/2.7.2/Chart.min.js","meta":{"rootId":"svb3s4q6s7moeij","id":"svb3s4q6s7moeij"},"id":"pd0x0yfrn7lc9ki","previousOperationId":"5v4hc40w5uxntq6"}
{"type":"log","timestamp":1704987223188,"level":"debug","message":"Page request finished: GET (document) 200 file:///C:/Users/juank/AppData/Local/Temp/jsreport/autocleanup/1c32b9e8-7267-40c1-a703-1cf5a12c0901-chrome-pdf.html","meta":{"rootId":"svb3s4q6s7moeij","id":"svb3s4q6s7moeij"},"id":"h1h5x0tupolollq","previousOperationId":"5v4hc40w5uxntq6"}
{"type":"log","timestamp":1704987227663,"level":"debug","message":"Page request finished: GET (stylesheet) 200 https://cdnjs.cloudflare.com/ajax/libs/metro/4.1.5/css/metro.min.css","meta":{"rootId":"svb3s4q6s7moeij","id":"svb3s4q6s7moeij"},"id":"bxp4resgiu8fl8k","previousOperationId":"5v4hc40w5uxntq6"}
{"type":"log","timestamp":1704987227672,"level":"debug","message":"Page request finished: GET (script) 200 https://cdnjs.cloudflare.com/ajax/libs/Chart.js/2.7.2/Chart.min.js","meta":{"rootId":"svb3s4q6s7moeij","id":"svb3s4q6s7moeij"},"id":"d6kxvn98t7z7xq4","previousOperationId":"5v4hc40w5uxntq6"}
{"type":"log","timestamp":1704987227799,"level":"debug","message":"Running chrome with params {\"printBackground\":true,\"marginTop\":\"4cm\",\"marginRight\":\"1.5cm\",\"marginBottom\":\"1.5cm\",\"marginLeft\":\"1.5cm\",\"waitForJS\":false,\"timeout\":55431,\"margin\":{\"top\":\"4cm\",\"right\":\"1.5cm\",\"bottom\":\"1.5cm\",\"left\":\"1.5cm\"}}","meta":{"rootId":"svb3s4q6s7moeij","id":"svb3s4q6s7moeij"},"id":"8rmwp6kjncw2vcf","previousOperationId":"5v4hc40w5uxntq6"}
{"type":"operationEnd","operationId":"5v4hc40w5uxntq6","timestamp":1704987228032,"id":"16bzfxebuwbgk6k","previousEventId":"8iru9tuui9m5j6x","previousOperationId":"5v4hc40w5uxntq6"}
{"type":"log","timestamp":1704987228032,"level":"info","message":"pdf-utils is starting pdf processing","meta":{"rootId":"svb3s4q6s7moeij","id":"svb3s4q6s7moeij"},"id":"952argfbp1dpfyd","previousOperationId":"5v4hc40w5uxntq6"}
{"type":"operationStart","subtype":"pdfUtils","name":"pdf utils","timestamp":1704987228598,"id":"gbir2ms3tjqyc33","previousEventId":"16bzfxebuwbgk6k","operationId":"ixdczm7uygdc27s","previousOperationId":"5v4hc40w5uxntq6"}
{"type":"log","timestamp":1704987228599,"level":"debug","message":"pdf-utils detected 1 pdf operation(s) to process","meta":{"rootId":"svb3s4q6s7moeij","id":"svb3s4q6s7moeij"},"id":"avd3djn3esmhhyh","previousOperationId":"ixdczm7uygdc27s"}
{"type":"log","timestamp":1704987229030,"level":"debug","message":"pdf-utils running pdf operation merge","meta":{"rootId":"svb3s4q6s7moeij","id":"svb3s4q6s7moeij"},"id":"l1j287416ht7qd4","previousOperationId":"ixdczm7uygdc27s"}
{"type":"operationStart","subtype":"pdfUtilsMerge","name":"pdf utils merge","previousOperationId":"ixdczm7uygdc27s","timestamp":1704987229030,"id":"isnq4cxfi04n7ra","previousEventId":"gbir2ms3tjqyc33","operationId":"qkh3d91aqhpngz2"}
{"type":"operationStart","subtype":"render","name":"orders-header","previousOperationId":"qkh3d91aqhpngz2","timestamp":1704987229036,"id":"jnl2kat3fr5lzqw","previousEventId":"isnq4cxfi04n7ra","operationId":"sa89lvp8zaoyds2"}
{"type":"log","timestamp":1704987229037,"level":"info","message":"Starting rendering (child) request","meta":{"rootId":"svb3s4q6s7moeij","id":"6op4en3d7epkb3c"},"id":"3kkpfktx4jtzxcv","previousOperationId":"sa89lvp8zaoyds2"}
{"type":"log","timestamp":1704987229037,"level":"info","message":"Rendering template { name: orders-header, recipe: chrome-pdf, engine: handlebars, preview: true }","meta":{"rootId":"svb3s4q6s7moeij","id":"6op4en3d7epkb3c"},"id":"jaqau55et0aayah","previousOperationId":"sa89lvp8zaoyds2"}
{"type":"log","timestamp":1704987229070,"level":"debug","message":"Inline data specified.","meta":{"rootId":"svb3s4q6s7moeij","id":"6op4en3d7epkb3c"},"id":"d30oue9mi9y6mbd","previousOperationId":"sa89lvp8zaoyds2"}
{"type":"log","timestamp":1704987229080,"level":"debug","message":"Base url not specified, skipping its injection.","meta":{"rootId":"svb3s4q6s7moeij","id":"6op4en3d7epkb3c"},"id":"we4ohzkiseast4p","previousOperationId":"sa89lvp8zaoyds2"}
{"type":"operationStart","subtype":"engine","name":"handlebars","timestamp":1704987229081,"id":"cg8x4692x29yuk8","previousEventId":"jnl2kat3fr5lzqw","operationId":"yssmsi9cs3p8626","previousOperationId":"sa89lvp8zaoyds2"}
{"type":"log","timestamp":1704987229083,"level":"debug","message":"Rendering engine handlebars","meta":{"rootId":"svb3s4q6s7moeij","id":"6op4en3d7epkb3c"},"id":"i52ure295zlgozr","previousOperationId":"yssmsi9cs3p8626"}
{"type":"operationEnd","operationId":"yssmsi9cs3p8626","timestamp":1704987229178,"id":"6inkyrobk2349av","previousEventId":"cg8x4692x29yuk8","previousOperationId":"yssmsi9cs3p8626"}
{"type":"operationStart","subtype":"recipe","name":"chrome-pdf","timestamp":1704987229179,"id":"rnksl5lym8gn4bx","previousEventId":"6inkyrobk2349av","operationId":"gf20y36wihz2w5t","previousOperationId":"yssmsi9cs3p8626"}
{"type":"log","timestamp":1704987229179,"level":"debug","message":"Executing recipe chrome-pdf","meta":{"rootId":"svb3s4q6s7moeij","id":"6op4en3d7epkb3c"},"id":"zqvgcsn0mmxaazt","previousOperationId":"gf20y36wihz2w5t"}
{"type":"log","timestamp":1704987229182,"level":"debug","message":"Converting with chrome HeadlessChrome/117.0.5938.149 using chrome-pool strategy","meta":{"rootId":"svb3s4q6s7moeij","id":"6op4en3d7epkb3c"},"id":"aiucnn1fij63ico","previousOperationId":"gf20y36wihz2w5t"}
{"type":"log","timestamp":1704987229379,"level":"debug","message":"Page request: GET (document) file:///C:/Users/juank/AppData/Local/Temp/jsreport/autocleanup/b13f6ccc-ae5a-4f16-a244-2f5928bc2e5e-chrome-pdf.html","meta":{"rootId":"svb3s4q6s7moeij","id":"6op4en3d7epkb3c"},"id":"7mua1dmgxyixr8r","previousOperationId":"gf20y36wihz2w5t"}
{"type":"log","timestamp":1704987229409,"level":"debug","message":"Page request: GET (stylesheet) https://cdnjs.cloudflare.com/ajax/libs/metro/4.1.5/css/metro.min.css","meta":{"rootId":"svb3s4q6s7moeij","id":"6op4en3d7epkb3c"},"id":"dhed5zce2muggsa","previousOperationId":"gf20y36wihz2w5t"}
{"type":"log","timestamp":1704987229410,"level":"debug","message":"Page request finished: GET (document) 200 file:///C:/Users/juank/AppData/Local/Temp/jsreport/autocleanup/b13f6ccc-ae5a-4f16-a244-2f5928bc2e5e-chrome-pdf.html","meta":{"rootId":"svb3s4q6s7moeij","id":"6op4en3d7epkb3c"},"id":"tpaq6yj3l57iis0","previousOperationId":"gf20y36wihz2w5t"}
{"type":"log","timestamp":1704987229438,"level":"debug","message":"Page request finished: GET (stylesheet) 200 https://cdnjs.cloudflare.com/ajax/libs/metro/4.1.5/css/metro.min.css","meta":{"rootId":"svb3s4q6s7moeij","id":"6op4en3d7epkb3c"},"id":"7juz5uijl8kxndo","previousOperationId":"gf20y36wihz2w5t"}
{"type":"log","timestamp":1704987229466,"level":"debug","message":"Running chrome with params {\"printBackground\":true,\"marginTop\":\"1.5cm\",\"marginRight\":\"1.5cm\",\"marginLeft\":\"1.cm\",\"timeout\":48058,\"margin\":{\"top\":\"1.5cm\",\"right\":\"1.5cm\",\"left\":\"1.cm\"}}","meta":{"rootId":"svb3s4q6s7moeij","id":"6op4en3d7epkb3c"},"id":"hxtv1flbt5oifyb","previousOperationId":"gf20y36wihz2w5t"}
{"type":"operationEnd","operationId":"gf20y36wihz2w5t","timestamp":1704987229529,"id":"jbpevgbz0ao6uly","previousEventId":"rnksl5lym8gn4bx","previousOperationId":"gf20y36wihz2w5t"}
{"type":"log","timestamp":1704987229530,"level":"debug","message":"Skipping storing report.","meta":{"rootId":"svb3s4q6s7moeij","id":"6op4en3d7epkb3c"},"id":"nnodv3kkgdi6wuh","previousOperationId":"gf20y36wihz2w5t"}
{"type":"log","timestamp":1704987229530,"level":"info","message":"Rendering (child) request finished in 12291 ms","meta":{"rootId":"svb3s4q6s7moeij","id":"6op4en3d7epkb3c"},"id":"c694e2gr7p8tt0s","previousOperationId":"gf20y36wihz2w5t"}
{"type":"operationEnd","subtype":"render","operationId":"sa89lvp8zaoyds2","timestamp":1704987229530,"id":"vrx4834qd55omsc","previousEventId":"jbpevgbz0ao6uly","previousOperationId":"gf20y36wihz2w5t"}
{"type":"operationEnd","operationId":"qkh3d91aqhpngz2","timestamp":1704987229580,"id":"ushte4odr2op6wi","previousEventId":"isnq4cxfi04n7ra","previousOperationId":"qkh3d91aqhpngz2"}
{"type":"log","timestamp":1704987229580,"level":"debug","message":"pdf-utils postproces start","meta":{"rootId":"svb3s4q6s7moeij","id":"svb3s4q6s7moeij"},"id":"5n3b2kdme1sw2rd","previousOperationId":"qkh3d91aqhpngz2"}
{"type":"log","timestamp":1704987229629,"level":"debug","message":"pdf-utils postproces end","meta":{"rootId":"svb3s4q6s7moeij","id":"svb3s4q6s7moeij"},"id":"mfedwyu39y6fb7i","previousOperationId":"qkh3d91aqhpngz2"}
{"type":"operationEnd","operationId":"ixdczm7uygdc27s","timestamp":1704987229629,"id":"zunnlrwgzpxgyll","previousEventId":"ushte4odr2op6wi","previousOperationId":"qkh3d91aqhpngz2"}
{"type":"log","timestamp":1704987229629,"level":"info","message":"pdf-utils pdf processing was finished","meta":{"rootId":"svb3s4q6s7moeij","id":"svb3s4q6s7moeij"},"id":"bnu02t9t472r90u","previousOperationId":"ixdczm7uygdc27s"}
{"type":"log","timestamp":1704987229629,"level":"debug","message":"Skipping storing report.","meta":{"rootId":"svb3s4q6s7moeij","id":"svb3s4q6s7moeij"},"id":"wxu6pe5lcxgny34","previousOperationId":"ixdczm7uygdc27s"}
{"type":"log","timestamp":1704987229629,"level":"info","message":"Rendering request 1 finished in 12390 ms","meta":{"rootId":"svb3s4q6s7moeij","id":"svb3s4q6s7moeij"},"id":"7w9f0sszkehe46t","previousOperationId":"ixdczm7uygdc27s"}
{"type":"operationEnd","subtype":"render","operationId":"pylsdfjiaw2yz42","timestamp":1704987229629,"id":"iok5q0onipdnclx","previousEventId":"zunnlrwgzpxgyll","previousOperationId":"ixdczm7uygdc27s"}
{"type":"operationEnd","doDiffs":false,"previousEventId":"vucx0i9khns1jf1","previousOperationId":"wcledp5b3p8hxgp","operationId":"wcledp5b3p8hxgp","timestamp":1704987229648,"id":"6lhn4t2vn77zl36"}
