{"type":"operationStart","subtype":"profile","data":{"_id":"KRiaWC84hPVQPQ2E","timestamp":"2024-01-17T20:16:46.655Z","state":"queued","mode":"standard","creationDate":"2024-01-17T20:16:46.656Z","modificationDate":"2024-01-17T20:16:46.656Z","shortid":"AsnTvWp","$entitySet":"profiles"},"doDiffs":false,"timestamp":1705522606656,"id":"guojkwnuorasmeb","previousOperationId":null,"operationId":"1m8vqhchnkb3ymu"}
{"type":"log","level":"info","message":"Render request 53 queued for execution and waiting for available worker","previousOperationId":"1m8vqhchnkb3ymu","timestamp":1705522606656,"id":"i64mngdt74by66n"}
{"type":"operationStart","subtype":"render","name":"orders-main","previousOperationId":"1m8vqhchnkb3ymu","timestamp":1705522606667,"id":"40vzvbzp5krh6sy","previousEventId":"guojkwnuorasmeb","operationId":"jlmwtaui5ohmuq6"}
{"type":"log","timestamp":1705522606667,"level":"info","message":"Starting rendering request 53","meta":{"rootId":"xzw15akkk91i7fu","id":"xzw15akkk91i7fu"},"id":"fyq8piiq3kzhksn","previousOperationId":"jlmwtaui5ohmuq6"}
{"type":"log","timestamp":1705522606667,"level":"info","message":"Rendering template { name: orders-main, recipe: chrome-pdf, engine: handlebars, preview: true }","meta":{"rootId":"xzw15akkk91i7fu","id":"xzw15akkk91i7fu"},"id":"ezf744f5t15dn6n","previousOperationId":"jlmwtaui5ohmuq6"}
{"type":"log","timestamp":1705522606668,"level":"debug","message":"Data item not defined for this template.","meta":{"rootId":"xzw15akkk91i7fu","id":"xzw15akkk91i7fu"},"id":"o2tsvhbdqyord0y","previousOperationId":"jlmwtaui5ohmuq6"}
{"type":"log","timestamp":1705522606671,"level":"debug","message":"Executing script orders-script (beforeRender)","meta":{"rootId":"xzw15akkk91i7fu","id":"xzw15akkk91i7fu"},"id":"j8vjxk9j1wprl2j","previousOperationId":"jlmwtaui5ohmuq6"}
{"type":"operationStart","subtype":"scriptsBeforeRender","name":"scripts beforeRender","timestamp":1705522606684,"id":"21zyke0cj24a2w6","previousEventId":"40vzvbzp5krh6sy","operationId":"winrl54izpkfnwp","previousOperationId":"jlmwtaui5ohmuq6"}
{"type":"operationStart","subtype":"script","name":"scripts orders-script","previousOperationId":"winrl54izpkfnwp","timestamp":1705522606684,"id":"1ucatlc1ppse5uc","previousEventId":"21zyke0cj24a2w6","operationId":"mc0zlodntapkua2"}
{"type":"operationEnd","operationId":"mc0zlodntapkua2","timestamp":1705522609918,"id":"n8jj9quz59rdyb5","previousEventId":"40vzvbzp5krh6sy","previousOperationId":"jlmwtaui5ohmuq6"}
{"type":"operationEnd","operationId":"winrl54izpkfnwp","timestamp":1705522609918,"id":"llbvibtx3p427eq","previousEventId":"n8jj9quz59rdyb5","previousOperationId":"jlmwtaui5ohmuq6"}
{"type":"log","timestamp":1705522609918,"level":"debug","message":"Base url not specified, skipping its injection.","meta":{"rootId":"xzw15akkk91i7fu","id":"xzw15akkk91i7fu"},"id":"m1cq5mtbjcil880","previousOperationId":"winrl54izpkfnwp"}
{"type":"operationStart","subtype":"engine","name":"handlebars","timestamp":1705522609918,"id":"z4yj9iguxbxbsa6","previousEventId":"llbvibtx3p427eq","operationId":"j6eeammr6d7z1bf","previousOperationId":"winrl54izpkfnwp"}
{"type":"log","timestamp":1705522609918,"level":"debug","message":"Rendering engine handlebars","meta":{"rootId":"xzw15akkk91i7fu","id":"xzw15akkk91i7fu"},"id":"z30xcbjvdfr12xx","previousOperationId":"j6eeammr6d7z1bf"}
{"type":"log","timestamp":1705522609931,"level":"debug","message":"(console:log) Pdf utils adding group field, value: \"France\"","meta":{"userLevel":true,"rootId":"xzw15akkk91i7fu","id":"xzw15akkk91i7fu"},"id":"0p8r3pkuzn1f40h","previousOperationId":"j6eeammr6d7z1bf"}
{"type":"log","timestamp":1705522609932,"level":"debug","message":"(console:log) Pdf utils adding group field, value: \"Germany\"","meta":{"userLevel":true,"rootId":"xzw15akkk91i7fu","id":"xzw15akkk91i7fu"},"id":"4q70cz0bjecn06y","previousOperationId":"j6eeammr6d7z1bf"}
{"type":"operationEnd","operationId":"j6eeammr6d7z1bf","timestamp":1705522609932,"id":"5a0pqguoqkal1m9","previousEventId":"z4yj9iguxbxbsa6","previousOperationId":"j6eeammr6d7z1bf"}
{"type":"operationStart","subtype":"recipe","name":"chrome-pdf","timestamp":1705522609932,"id":"dofncx12tm2uot5","previousEventId":"5a0pqguoqkal1m9","operationId":"5cumeuysjvnyppb","previousOperationId":"j6eeammr6d7z1bf"}
{"type":"log","timestamp":1705522609932,"level":"debug","message":"Executing recipe chrome-pdf","meta":{"rootId":"xzw15akkk91i7fu","id":"xzw15akkk91i7fu"},"id":"ffdxjvzdgw2uxdu","previousOperationId":"5cumeuysjvnyppb"}
{"type":"log","timestamp":1705522609936,"level":"debug","message":"Converting with chrome HeadlessChrome/117.0.5938.149 using chrome-pool strategy","meta":{"rootId":"xzw15akkk91i7fu","id":"xzw15akkk91i7fu"},"id":"yyq25pnblha19qu","previousOperationId":"5cumeuysjvnyppb"}
{"type":"log","timestamp":1705522610048,"level":"debug","message":"Page request: GET (document) file:///C:/Users/juank/AppData/Local/Temp/jsreport/autocleanup/1d9d2d21-be29-424e-84ac-86bab7e95fee-chrome-pdf.html","meta":{"rootId":"xzw15akkk91i7fu","id":"xzw15akkk91i7fu"},"id":"mkl1f9i5llfc7gy","previousOperationId":"5cumeuysjvnyppb"}
{"type":"log","timestamp":1705522610058,"level":"debug","message":"Page request: GET (stylesheet) https://cdnjs.cloudflare.com/ajax/libs/metro/4.1.5/css/metro.min.css","meta":{"rootId":"xzw15akkk91i7fu","id":"xzw15akkk91i7fu"},"id":"09o4ntk4tpnztfm","previousOperationId":"5cumeuysjvnyppb"}
{"type":"log","timestamp":1705522610059,"level":"debug","message":"Page request: GET (script) https://cdnjs.cloudflare.com/ajax/libs/Chart.js/2.7.2/Chart.min.js","meta":{"rootId":"xzw15akkk91i7fu","id":"xzw15akkk91i7fu"},"id":"5656wjuh18ne8eo","previousOperationId":"5cumeuysjvnyppb"}
{"type":"log","timestamp":1705522610059,"level":"debug","message":"Page request finished: GET (document) 200 file:///C:/Users/juank/AppData/Local/Temp/jsreport/autocleanup/1d9d2d21-be29-424e-84ac-86bab7e95fee-chrome-pdf.html","meta":{"rootId":"xzw15akkk91i7fu","id":"xzw15akkk91i7fu"},"id":"vu7taetbzupmn09","previousOperationId":"5cumeuysjvnyppb"}
{"type":"log","timestamp":1705522610064,"level":"debug","message":"Page request finished: GET (script) 200 https://cdnjs.cloudflare.com/ajax/libs/Chart.js/2.7.2/Chart.min.js","meta":{"rootId":"xzw15akkk91i7fu","id":"xzw15akkk91i7fu"},"id":"5yv177ngzd6jbmd","previousOperationId":"5cumeuysjvnyppb"}
{"type":"log","timestamp":1705522610074,"level":"debug","message":"Page request finished: GET (stylesheet) 200 https://cdnjs.cloudflare.com/ajax/libs/metro/4.1.5/css/metro.min.css","meta":{"rootId":"xzw15akkk91i7fu","id":"xzw15akkk91i7fu"},"id":"up5lusja867432n","previousOperationId":"5cumeuysjvnyppb"}
{"type":"log","timestamp":1705522610131,"level":"debug","message":"Running chrome with params {\"printBackground\":true,\"marginTop\":\"4cm\",\"marginRight\":\"1.5cm\",\"marginBottom\":\"1.5cm\",\"marginLeft\":\"1.5cm\",\"waitForJS\":false,\"timeout\":596721,\"margin\":{\"top\":\"4cm\",\"right\":\"1.5cm\",\"bottom\":\"1.5cm\",\"left\":\"1.5cm\"}}","meta":{"rootId":"xzw15akkk91i7fu","id":"xzw15akkk91i7fu"},"id":"tbarpa8j6laxvve","previousOperationId":"5cumeuysjvnyppb"}
{"type":"operationEnd","operationId":"5cumeuysjvnyppb","timestamp":1705522610263,"id":"rj2tspw6u11wgzy","previousEventId":"dofncx12tm2uot5","previousOperationId":"5cumeuysjvnyppb"}
{"type":"log","timestamp":1705522610263,"level":"info","message":"pdf-utils is starting pdf processing","meta":{"rootId":"xzw15akkk91i7fu","id":"xzw15akkk91i7fu"},"id":"52rx01mfpe0fzpv","previousOperationId":"5cumeuysjvnyppb"}
{"type":"operationStart","subtype":"pdfUtils","name":"pdf utils","timestamp":1705522610721,"id":"2uapwetj7yye985","previousEventId":"rj2tspw6u11wgzy","operationId":"da4xr8ple74uyq0","previousOperationId":"5cumeuysjvnyppb"}
{"type":"log","timestamp":1705522610722,"level":"debug","message":"pdf-utils detected 1 pdf operation(s) to process","meta":{"rootId":"xzw15akkk91i7fu","id":"xzw15akkk91i7fu"},"id":"worcz8rrtpc61r8","previousOperationId":"da4xr8ple74uyq0"}
{"type":"log","timestamp":1705522610967,"level":"debug","message":"pdf-utils running pdf operation merge","meta":{"rootId":"xzw15akkk91i7fu","id":"xzw15akkk91i7fu"},"id":"4vsv8gxqrqiohua","previousOperationId":"da4xr8ple74uyq0"}
{"type":"operationStart","subtype":"pdfUtilsMerge","name":"pdf utils merge","previousOperationId":"da4xr8ple74uyq0","timestamp":1705522610967,"id":"kv7cji7fx2j8mwo","previousEventId":"2uapwetj7yye985","operationId":"nbosvvmi2923w8i"}
{"type":"operationStart","subtype":"render","name":"orders-header","previousOperationId":"nbosvvmi2923w8i","timestamp":1705522610968,"id":"xt2x6q524lyjvj4","previousEventId":"kv7cji7fx2j8mwo","operationId":"3op4rt5ul4by3a5"}
{"type":"log","timestamp":1705522610969,"level":"info","message":"Starting rendering (child) request","meta":{"rootId":"xzw15akkk91i7fu","id":"0jz87f5ufvue2f6"},"id":"qdl38h9u5k2c9ov","previousOperationId":"3op4rt5ul4by3a5"}
{"type":"log","timestamp":1705522610969,"level":"info","message":"Rendering template { name: orders-header, recipe: chrome-pdf, engine: handlebars, preview: true }","meta":{"rootId":"xzw15akkk91i7fu","id":"0jz87f5ufvue2f6"},"id":"brlxgc7ohnw3nxm","previousOperationId":"3op4rt5ul4by3a5"}
{"type":"log","timestamp":1705522610973,"level":"debug","message":"Inline data specified.","meta":{"rootId":"xzw15akkk91i7fu","id":"0jz87f5ufvue2f6"},"id":"55g77yfv0ksxt65","previousOperationId":"3op4rt5ul4by3a5"}
{"type":"log","timestamp":1705522610975,"level":"debug","message":"Base url not specified, skipping its injection.","meta":{"rootId":"xzw15akkk91i7fu","id":"0jz87f5ufvue2f6"},"id":"l1t6mninfd46c3c","previousOperationId":"3op4rt5ul4by3a5"}
{"type":"operationStart","subtype":"engine","name":"handlebars","timestamp":1705522610975,"id":"9quyirses6thpdb","previousEventId":"xt2x6q524lyjvj4","operationId":"nzzunpnktsj7rk1","previousOperationId":"3op4rt5ul4by3a5"}
{"type":"log","timestamp":1705522610975,"level":"debug","message":"Rendering engine handlebars","meta":{"rootId":"xzw15akkk91i7fu","id":"0jz87f5ufvue2f6"},"id":"wdfphabq53wn89w","previousOperationId":"nzzunpnktsj7rk1"}
{"type":"operationEnd","operationId":"nzzunpnktsj7rk1","timestamp":1705522610997,"id":"i3w0qu4mgswim8y","previousEventId":"9quyirses6thpdb","previousOperationId":"nzzunpnktsj7rk1"}
{"type":"operationStart","subtype":"recipe","name":"chrome-pdf","timestamp":1705522610997,"id":"nbbu864yqu1mbdc","previousEventId":"i3w0qu4mgswim8y","operationId":"yrrxd0mlfju3ir0","previousOperationId":"nzzunpnktsj7rk1"}
{"type":"log","timestamp":1705522610997,"level":"debug","message":"Executing recipe chrome-pdf","meta":{"rootId":"xzw15akkk91i7fu","id":"0jz87f5ufvue2f6"},"id":"bf1f4a8z7cdjyrv","previousOperationId":"yrrxd0mlfju3ir0"}
{"type":"log","timestamp":1705522611001,"level":"debug","message":"Converting with chrome HeadlessChrome/117.0.5938.149 using chrome-pool strategy","meta":{"rootId":"xzw15akkk91i7fu","id":"0jz87f5ufvue2f6"},"id":"pexuhn78evy8mhl","previousOperationId":"yrrxd0mlfju3ir0"}
{"type":"log","timestamp":1705522611115,"level":"debug","message":"Page request: GET (document) file:///C:/Users/juank/AppData/Local/Temp/jsreport/autocleanup/b3de1ece-1c48-4ad0-a7e6-1254ef961af9-chrome-pdf.html","meta":{"rootId":"xzw15akkk91i7fu","id":"0jz87f5ufvue2f6"},"id":"vsanpd7w7jpfuue","previousOperationId":"yrrxd0mlfju3ir0"}
{"type":"log","timestamp":1705522611123,"level":"debug","message":"Page request: GET (stylesheet) https://cdnjs.cloudflare.com/ajax/libs/metro/4.1.5/css/metro.min.css","meta":{"rootId":"xzw15akkk91i7fu","id":"0jz87f5ufvue2f6"},"id":"uu7jtnzs5qpdz6b","previousOperationId":"yrrxd0mlfju3ir0"}
{"type":"log","timestamp":1705522611124,"level":"debug","message":"Page request finished: GET (document) 200 file:///C:/Users/juank/AppData/Local/Temp/jsreport/autocleanup/b3de1ece-1c48-4ad0-a7e6-1254ef961af9-chrome-pdf.html","meta":{"rootId":"xzw15akkk91i7fu","id":"0jz87f5ufvue2f6"},"id":"c67e1m8tnshv03z","previousOperationId":"yrrxd0mlfju3ir0"}
{"type":"log","timestamp":1705522611141,"level":"debug","message":"Page request finished: GET (stylesheet) 200 https://cdnjs.cloudflare.com/ajax/libs/metro/4.1.5/css/metro.min.css","meta":{"rootId":"xzw15akkk91i7fu","id":"0jz87f5ufvue2f6"},"id":"4c0a5tek9egkiji","previousOperationId":"yrrxd0mlfju3ir0"}
{"type":"log","timestamp":1705522611162,"level":"debug","message":"Running chrome with params {\"printBackground\":true,\"marginTop\":\"1.5cm\",\"marginRight\":\"1.5cm\",\"marginLeft\":\"1.cm\",\"timeout\":595655,\"margin\":{\"top\":\"1.5cm\",\"right\":\"1.5cm\",\"left\":\"1.cm\"}}","meta":{"rootId":"xzw15akkk91i7fu","id":"0jz87f5ufvue2f6"},"id":"e8i37dx6jnw5c41","previousOperationId":"yrrxd0mlfju3ir0"}
{"type":"operationEnd","operationId":"yrrxd0mlfju3ir0","timestamp":1705522611213,"id":"25bgxevppqdpjbm","previousEventId":"nbbu864yqu1mbdc","previousOperationId":"yrrxd0mlfju3ir0"}
{"type":"log","timestamp":1705522611213,"level":"debug","message":"Skipping storing report.","meta":{"rootId":"xzw15akkk91i7fu","id":"0jz87f5ufvue2f6"},"id":"ajke00jguza4319","previousOperationId":"yrrxd0mlfju3ir0"}
{"type":"log","timestamp":1705522611213,"level":"info","message":"Rendering (child) request finished in 4558 ms","meta":{"rootId":"xzw15akkk91i7fu","id":"0jz87f5ufvue2f6"},"id":"3ezzvxd4vi3ipjf","previousOperationId":"yrrxd0mlfju3ir0"}
{"type":"operationEnd","subtype":"render","operationId":"3op4rt5ul4by3a5","timestamp":1705522611213,"id":"xqhstz02rdpdd3c","previousEventId":"25bgxevppqdpjbm","previousOperationId":"yrrxd0mlfju3ir0"}
{"type":"operationEnd","operationId":"nbosvvmi2923w8i","timestamp":1705522611247,"id":"ykdn2s6n4nrtgs3","previousEventId":"kv7cji7fx2j8mwo","previousOperationId":"nbosvvmi2923w8i"}
{"type":"log","timestamp":1705522611247,"level":"debug","message":"pdf-utils postproces start","meta":{"rootId":"xzw15akkk91i7fu","id":"xzw15akkk91i7fu"},"id":"6h9zbkymhdxmhp8","previousOperationId":"nbosvvmi2923w8i"}
{"type":"log","timestamp":1705522611276,"level":"debug","message":"pdf-utils postproces end","meta":{"rootId":"xzw15akkk91i7fu","id":"xzw15akkk91i7fu"},"id":"auekdozc1h2o6li","previousOperationId":"nbosvvmi2923w8i"}
{"type":"operationEnd","operationId":"da4xr8ple74uyq0","timestamp":1705522611276,"id":"e63r1nm4rnzxxv3","previousEventId":"ykdn2s6n4nrtgs3","previousOperationId":"nbosvvmi2923w8i"}
{"type":"log","timestamp":1705522611276,"level":"info","message":"pdf-utils pdf processing was finished","meta":{"rootId":"xzw15akkk91i7fu","id":"xzw15akkk91i7fu"},"id":"rnnkpgdpmyseio0","previousOperationId":"da4xr8ple74uyq0"}
{"type":"log","timestamp":1705522611276,"level":"debug","message":"Skipping storing report.","meta":{"rootId":"xzw15akkk91i7fu","id":"xzw15akkk91i7fu"},"id":"ietq79py9fydrjc","previousOperationId":"da4xr8ple74uyq0"}
{"type":"log","timestamp":1705522611276,"level":"info","message":"Rendering request 53 finished in 4621 ms","meta":{"rootId":"xzw15akkk91i7fu","id":"xzw15akkk91i7fu"},"id":"lvqv2tt7yjyzewz","previousOperationId":"da4xr8ple74uyq0"}
{"type":"operationEnd","subtype":"render","operationId":"jlmwtaui5ohmuq6","timestamp":1705522611276,"id":"4jvje9pot7jb0a5","previousEventId":"e63r1nm4rnzxxv3","previousOperationId":"da4xr8ple74uyq0"}
{"type":"operationEnd","doDiffs":false,"previousEventId":"guojkwnuorasmeb","previousOperationId":"1m8vqhchnkb3ymu","operationId":"1m8vqhchnkb3ymu","timestamp":1705522611284,"id":"lmgsnke5ayb3w3j"}
