{"type":"operationStart","subtype":"profile","data":{"_id":"YPpJ4ERVG79oDlOe","timestamp":"2024-01-17T19:40:35.716Z","state":"queued","mode":"standard","creationDate":"2024-01-17T19:40:35.719Z","modificationDate":"2024-01-17T19:40:35.719Z","shortid":"5kdktEa","$entitySet":"profiles"},"doDiffs":false,"timestamp":1705520435718,"id":"ztw34k0t6344vtx","previousOperationId":null,"operationId":"www1ko7ozv7ccag"}
{"type":"log","level":"info","message":"Render request 24 queued for execution and waiting for available worker","previousOperationId":"www1ko7ozv7ccag","timestamp":1705520435718,"id":"wzc42m6greg8x35"}
{"type":"operationStart","subtype":"render","name":"apps-main","previousOperationId":"www1ko7ozv7ccag","timestamp":1705520435734,"id":"dw6dnia59j0wjne","previousEventId":"ztw34k0t6344vtx","operationId":"oy126z8w084g48u"}
{"type":"log","timestamp":1705520435734,"level":"info","message":"Starting rendering request 24","meta":{"rootId":"0lb0n6v4mjjljmg","id":"0lb0n6v4mjjljmg"},"id":"usmzqpbj9xs26xa","previousOperationId":"oy126z8w084g48u"}
{"type":"log","timestamp":1705520435734,"level":"info","message":"Rendering template { name: apps-main, recipe: chrome-pdf, engine: handlebars, preview: true }","meta":{"rootId":"0lb0n6v4mjjljmg","id":"0lb0n6v4mjjljmg"},"id":"yrk3eyng5f9t4gh","previousOperationId":"oy126z8w084g48u"}
{"type":"log","timestamp":1705520435735,"level":"debug","message":"Data item not defined for this template.","meta":{"rootId":"0lb0n6v4mjjljmg","id":"0lb0n6v4mjjljmg"},"id":"omlnilbzv8y78g4","previousOperationId":"oy126z8w084g48u"}
{"type":"log","timestamp":1705520435737,"level":"debug","message":"Executing script apps-script (beforeRender)","meta":{"rootId":"0lb0n6v4mjjljmg","id":"0lb0n6v4mjjljmg"},"id":"2esz9d40z73vegc","previousOperationId":"oy126z8w084g48u"}
{"type":"operationStart","subtype":"scriptsBeforeRender","name":"scripts beforeRender","timestamp":1705520435746,"id":"glrgdj99ymsy66s","previousEventId":"dw6dnia59j0wjne","operationId":"v94gtwvoj507mni","previousOperationId":"oy126z8w084g48u"}
{"type":"operationStart","subtype":"script","name":"scripts apps-script","previousOperationId":"v94gtwvoj507mni","timestamp":1705520435746,"id":"l7n5u8f3sgf7y1g","previousEventId":"glrgdj99ymsy66s","operationId":"12asff63q65t4gv"}
{"type":"log","timestamp":1705520435748,"level":"debug","message":"(console:log) [\n  {\n    id: 1,\n    icon: '1702583747.png',\n    URL: 'applicationsview',\n    created_at: '2023-12-14T15:19:05.000000Z',\n    updated_at: '2023-12-14T19:55:47.000000Z'\n  },\n  {\n    id: 2,\n    icon: '1702581234.jpg',\n    URL: 'employeesview',\n    created_at: '2023-12-14T19:13:54.000000Z',\n    updated_at: '2023-12-14T19:13:54.000000Z'\n  },\n  {\n    id: 3,\n    icon: '1702583822.png',\n    URL: 'rolesview',\n    created_at: '2023-12-14T19:57:02.000000Z',\n    updated_at: '2023-12-14T19:57:02.000000Z'\n  },\n  {\n    id: 4,\n    icon: '1702584040.png',\n    URL: 'newsview',\n    created_at: '2023-12-14T20:00:40.000000Z',\n    updated_at: '2023-12-14T20:00:40.000000Z'\n  },\n  {\n    id: 5,\n    icon: '1702658124.png',\n    URL: 'http://google.com',\n    created_at: '2023-12-15T16:35:24.000000Z',\n    updated_at: '2023-12-17T05:09:34.000000Z'\n  }\n]","meta":{"userLevel":true,"rootId":"0lb0n6v4mjjljmg","id":"0lb0n6v4mjjljmg"},"id":"d9yol7r4f9bbdp0","previousOperationId":"12asff63q65t4gv"}
{"type":"operationEnd","operationId":"12asff63q65t4gv","timestamp":1705520435749,"id":"l8kdpplqyx4rkea","previousEventId":"dw6dnia59j0wjne","previousOperationId":"oy126z8w084g48u"}
{"type":"operationEnd","operationId":"v94gtwvoj507mni","timestamp":1705520435749,"id":"7xscgo8oodk000l","previousEventId":"l8kdpplqyx4rkea","previousOperationId":"oy126z8w084g48u"}
{"type":"log","timestamp":1705520435749,"level":"debug","message":"Base url not specified, skipping its injection.","meta":{"rootId":"0lb0n6v4mjjljmg","id":"0lb0n6v4mjjljmg"},"id":"9y6mtyla8qbj7yb","previousOperationId":"v94gtwvoj507mni"}
{"type":"operationStart","subtype":"engine","name":"handlebars","timestamp":1705520435749,"id":"qhhxg5nfatgbwr9","previousEventId":"7xscgo8oodk000l","operationId":"1at6a579zy6p51f","previousOperationId":"v94gtwvoj507mni"}
{"type":"log","timestamp":1705520435749,"level":"debug","message":"Rendering engine handlebars","meta":{"rootId":"0lb0n6v4mjjljmg","id":"0lb0n6v4mjjljmg"},"id":"0mem9nu6xzat4lc","previousOperationId":"1at6a579zy6p51f"}
{"type":"log","timestamp":1705520435769,"level":"debug","message":"(console:log) Pdf utils adding group field, value: \"applicationsview\"","meta":{"userLevel":true,"rootId":"0lb0n6v4mjjljmg","id":"0lb0n6v4mjjljmg"},"id":"hsizyleb3d6jx5t","previousOperationId":"1at6a579zy6p51f"}
{"type":"log","timestamp":1705520435769,"level":"debug","message":"(console:log) Pdf utils adding group field, value: \"employeesview\"","meta":{"userLevel":true,"rootId":"0lb0n6v4mjjljmg","id":"0lb0n6v4mjjljmg"},"id":"ihfa3h3e3cowo60","previousOperationId":"1at6a579zy6p51f"}
{"type":"log","timestamp":1705520435770,"level":"debug","message":"(console:log) Pdf utils adding group field, value: \"rolesview\"","meta":{"userLevel":true,"rootId":"0lb0n6v4mjjljmg","id":"0lb0n6v4mjjljmg"},"id":"1tqop7j6zaq1i76","previousOperationId":"1at6a579zy6p51f"}
{"type":"log","timestamp":1705520435770,"level":"debug","message":"(console:log) Pdf utils adding group field, value: \"newsview\"","meta":{"userLevel":true,"rootId":"0lb0n6v4mjjljmg","id":"0lb0n6v4mjjljmg"},"id":"dn56ynlkax7c9p9","previousOperationId":"1at6a579zy6p51f"}
{"type":"log","timestamp":1705520435770,"level":"debug","message":"(console:log) Pdf utils adding group field, value: \"http://google.com\"","meta":{"userLevel":true,"rootId":"0lb0n6v4mjjljmg","id":"0lb0n6v4mjjljmg"},"id":"ew3iv0sdr7t5otu","previousOperationId":"1at6a579zy6p51f"}
{"type":"operationEnd","operationId":"1at6a579zy6p51f","timestamp":1705520435771,"id":"fle1c3q1hs2k9ep","previousEventId":"qhhxg5nfatgbwr9","previousOperationId":"1at6a579zy6p51f"}
{"type":"operationStart","subtype":"recipe","name":"chrome-pdf","timestamp":1705520435771,"id":"vm5t1i5vskoza86","previousEventId":"fle1c3q1hs2k9ep","operationId":"j5o99w00oxwxzxv","previousOperationId":"1at6a579zy6p51f"}
{"type":"log","timestamp":1705520435771,"level":"debug","message":"Executing recipe chrome-pdf","meta":{"rootId":"0lb0n6v4mjjljmg","id":"0lb0n6v4mjjljmg"},"id":"9lo1kk3syf6das2","previousOperationId":"j5o99w00oxwxzxv"}
{"type":"log","timestamp":1705520435774,"level":"debug","message":"Converting with chrome HeadlessChrome/117.0.5938.149 using chrome-pool strategy","meta":{"rootId":"0lb0n6v4mjjljmg","id":"0lb0n6v4mjjljmg"},"id":"mqhpt6j52pfei09","previousOperationId":"j5o99w00oxwxzxv"}
{"type":"log","timestamp":1705520435895,"level":"debug","message":"Page request: GET (document) file:///C:/Users/juank/AppData/Local/Temp/jsreport/autocleanup/8a2bbc56-b842-4bca-8ef6-063c36167235-chrome-pdf.html","meta":{"rootId":"0lb0n6v4mjjljmg","id":"0lb0n6v4mjjljmg"},"id":"5mxxfsu9oag6lsr","previousOperationId":"j5o99w00oxwxzxv"}
{"type":"log","timestamp":1705520435908,"level":"debug","message":"Page request: GET (stylesheet) https://cdnjs.cloudflare.com/ajax/libs/metro/4.1.5/css/metro.min.css","meta":{"rootId":"0lb0n6v4mjjljmg","id":"0lb0n6v4mjjljmg"},"id":"7s0pr3fc3ftqg6d","previousOperationId":"j5o99w00oxwxzxv"}
{"type":"log","timestamp":1705520435909,"level":"debug","message":"Page request finished: GET (document) 200 file:///C:/Users/juank/AppData/Local/Temp/jsreport/autocleanup/8a2bbc56-b842-4bca-8ef6-063c36167235-chrome-pdf.html","meta":{"rootId":"0lb0n6v4mjjljmg","id":"0lb0n6v4mjjljmg"},"id":"tlegmx46uev1bl4","previousOperationId":"j5o99w00oxwxzxv"}
{"type":"log","timestamp":1705520435909,"level":"debug","message":"Page request: GET (script) https://cdnjs.cloudflare.com/ajax/libs/Chart.js/2.7.2/Chart.min.js","meta":{"rootId":"0lb0n6v4mjjljmg","id":"0lb0n6v4mjjljmg"},"id":"crq1bexmaj1y6bf","previousOperationId":"j5o99w00oxwxzxv"}
{"type":"log","timestamp":1705520435930,"level":"debug","message":"Page request finished: GET (stylesheet) 200 https://cdnjs.cloudflare.com/ajax/libs/metro/4.1.5/css/metro.min.css","meta":{"rootId":"0lb0n6v4mjjljmg","id":"0lb0n6v4mjjljmg"},"id":"a5bdzzrrl5k1r85","previousOperationId":"j5o99w00oxwxzxv"}
{"type":"log","timestamp":1705520435930,"level":"debug","message":"Page request finished: GET (script) 200 https://cdnjs.cloudflare.com/ajax/libs/Chart.js/2.7.2/Chart.min.js","meta":{"rootId":"0lb0n6v4mjjljmg","id":"0lb0n6v4mjjljmg"},"id":"amlmafhzgylq3tt","previousOperationId":"j5o99w00oxwxzxv"}
{"type":"log","timestamp":1705520435938,"level":"warn","message":"Page error: \"undefined\" is not valid JSON\nJSON.parse (<anonymous>) , stack: SyntaxError: \"undefined\" is not valid JSON\nJSON.parse (<anonymous>)\n    at <anonymous> (file:///C:/Users/juank/AppData/Local/Temp/jsreport/autocleanup/8a2bbc56-b842-4bca-8ef6-063c36167235-chrome-pdf.html:84:29)","meta":{"rootId":"0lb0n6v4mjjljmg","id":"0lb0n6v4mjjljmg"},"id":"aos7n9jmz5quuwb","previousOperationId":"j5o99w00oxwxzxv"}
{"type":"log","timestamp":1705520435963,"level":"debug","message":"Running chrome with params {\"printBackground\":true,\"timeout\":599943,\"margin\":{}}","meta":{"rootId":"0lb0n6v4mjjljmg","id":"0lb0n6v4mjjljmg"},"id":"h0cqp5qrvpzl2pe","previousOperationId":"j5o99w00oxwxzxv"}
{"type":"operationEnd","operationId":"j5o99w00oxwxzxv","timestamp":1705520436029,"id":"anu4k0pk95tdqqo","previousEventId":"vm5t1i5vskoza86","previousOperationId":"j5o99w00oxwxzxv"}
{"type":"log","timestamp":1705520436029,"level":"debug","message":"Skipping storing report.","meta":{"rootId":"0lb0n6v4mjjljmg","id":"0lb0n6v4mjjljmg"},"id":"ma1pclr9uxhgaro","previousOperationId":"j5o99w00oxwxzxv"}
{"type":"log","timestamp":1705520436029,"level":"info","message":"Rendering request 24 finished in 313 ms","meta":{"rootId":"0lb0n6v4mjjljmg","id":"0lb0n6v4mjjljmg"},"id":"606joz9m201jpzr","previousOperationId":"j5o99w00oxwxzxv"}
{"type":"operationEnd","subtype":"render","operationId":"oy126z8w084g48u","timestamp":1705520436029,"id":"p2t0k0v1vhmnhtd","previousEventId":"anu4k0pk95tdqqo","previousOperationId":"j5o99w00oxwxzxv"}
{"type":"operationEnd","doDiffs":false,"previousEventId":"ztw34k0t6344vtx","previousOperationId":"www1ko7ozv7ccag","operationId":"www1ko7ozv7ccag","timestamp":1705520436035,"id":"vmfzi4518bclwvc"}
