{"type":"operationStart","subtype":"profile","data":{"_id":"yERxiInnRHHncAA1","timestamp":"2024-01-18T17:04:01.997Z","state":"queued","mode":"standard","creationDate":"2024-01-18T17:04:02.005Z","modificationDate":"2024-01-18T17:04:02.005Z","shortid":"SZzyAAG","$entitySet":"profiles"},"doDiffs":false,"timestamp":1705597442001,"id":"cwk808an780opxw","previousOperationId":null,"operationId":"s9krc75kc5wm2g3"}
{"type":"log","level":"info","message":"Render request 10 queued for execution and waiting for available worker","previousOperationId":"s9krc75kc5wm2g3","timestamp":1705597442001,"id":"gtqeilp5ttaawkk"}
{"type":"operationStart","subtype":"render","name":"apps-main","previousOperationId":"s9krc75kc5wm2g3","timestamp":1705597442039,"id":"ydlfplakvpuawcz","previousEventId":"cwk808an780opxw","operationId":"dgva7cipyb6c4a8"}
{"type":"log","timestamp":1705597442040,"level":"info","message":"Starting rendering request 10","meta":{"rootId":"0mbmnqt8ib76wdm","id":"0mbmnqt8ib76wdm"},"id":"a9fk0uv7t8jn3jm","previousOperationId":"dgva7cipyb6c4a8"}
{"type":"log","timestamp":1705597442040,"level":"info","message":"Rendering template { name: apps-main, recipe: chrome-pdf, engine: handlebars, preview: true }","meta":{"rootId":"0mbmnqt8ib76wdm","id":"0mbmnqt8ib76wdm"},"id":"vgyujhdvm3358vp","previousOperationId":"dgva7cipyb6c4a8"}
{"type":"log","timestamp":1705597442041,"level":"debug","message":"Data item not defined for this template.","meta":{"rootId":"0mbmnqt8ib76wdm","id":"0mbmnqt8ib76wdm"},"id":"gsaa1sub83wmc1b","previousOperationId":"dgva7cipyb6c4a8"}
{"type":"log","timestamp":1705597442057,"level":"debug","message":"Executing script apps-script (beforeRender)","meta":{"rootId":"0mbmnqt8ib76wdm","id":"0mbmnqt8ib76wdm"},"id":"ly83uddl5ztswa7","previousOperationId":"dgva7cipyb6c4a8"}
{"type":"log","timestamp":1705597442071,"level":"debug","message":"Base url not specified, skipping its injection.","meta":{"rootId":"0mbmnqt8ib76wdm","id":"0mbmnqt8ib76wdm"},"id":"erg7q4ajfiy825t","previousOperationId":"dgva7cipyb6c4a8"}
{"type":"operationStart","subtype":"engine","name":"handlebars","timestamp":1705597442071,"id":"yvebsgsypkloxg9","previousEventId":"ydlfplakvpuawcz","operationId":"6bf60x09ryko2il","previousOperationId":"dgva7cipyb6c4a8"}
{"type":"log","timestamp":1705597442071,"level":"debug","message":"Rendering engine handlebars","meta":{"rootId":"0mbmnqt8ib76wdm","id":"0mbmnqt8ib76wdm"},"id":"27ajdvowwoqmv8n","previousOperationId":"6bf60x09ryko2il"}
{"type":"operationEnd","operationId":"6bf60x09ryko2il","timestamp":1705597442099,"id":"roxkbklcrgyrha3","previousEventId":"yvebsgsypkloxg9","previousOperationId":"6bf60x09ryko2il"}
{"type":"operationStart","subtype":"recipe","name":"chrome-pdf","timestamp":1705597442099,"id":"15w4c7em9x8g4xp","previousEventId":"roxkbklcrgyrha3","operationId":"dbuf6lyxu3q3jfl","previousOperationId":"6bf60x09ryko2il"}
{"type":"log","timestamp":1705597442100,"level":"debug","message":"Executing recipe chrome-pdf","meta":{"rootId":"0mbmnqt8ib76wdm","id":"0mbmnqt8ib76wdm"},"id":"nmzivyapjvl2fo4","previousOperationId":"dbuf6lyxu3q3jfl"}
{"type":"log","timestamp":1705597442110,"level":"debug","message":"Converting with chrome HeadlessChrome/117.0.5938.149 using chrome-pool strategy","meta":{"rootId":"0mbmnqt8ib76wdm","id":"0mbmnqt8ib76wdm"},"id":"53qn0n24e2mdp9u","previousOperationId":"dbuf6lyxu3q3jfl"}
{"type":"log","timestamp":1705597442292,"level":"debug","message":"Page request: GET (document) file:///C:/Users/juank/AppData/Local/Temp/jsreport/autocleanup/39e07d92-480f-49a6-b644-4f1fad8340b9-chrome-pdf.html","meta":{"rootId":"0mbmnqt8ib76wdm","id":"0mbmnqt8ib76wdm"},"id":"w6axi8hbnxxxfty","previousOperationId":"dbuf6lyxu3q3jfl"}
{"type":"log","timestamp":1705597442307,"level":"debug","message":"Page request: GET (script) https://cdn.jsdelivr.net/npm/chart.js","meta":{"rootId":"0mbmnqt8ib76wdm","id":"0mbmnqt8ib76wdm"},"id":"7qmcuiwi38eupbt","previousOperationId":"dbuf6lyxu3q3jfl"}
{"type":"log","timestamp":1705597442308,"level":"debug","message":"Page request: GET (script) https://cdn.jsdelivr.net/npm/chartjs-plugin-datalabels","meta":{"rootId":"0mbmnqt8ib76wdm","id":"0mbmnqt8ib76wdm"},"id":"7gjryklp8qocbsx","previousOperationId":"dbuf6lyxu3q3jfl"}
{"type":"log","timestamp":1705597442309,"level":"debug","message":"Page request finished: GET (document) 200 file:///C:/Users/juank/AppData/Local/Temp/jsreport/autocleanup/39e07d92-480f-49a6-b644-4f1fad8340b9-chrome-pdf.html","meta":{"rootId":"0mbmnqt8ib76wdm","id":"0mbmnqt8ib76wdm"},"id":"imiy8h3fg4wdfv0","previousOperationId":"dbuf6lyxu3q3jfl"}
{"type":"log","timestamp":1705597442315,"level":"debug","message":"Page request finished: GET (script) 200 https://cdn.jsdelivr.net/npm/chart.js","meta":{"rootId":"0mbmnqt8ib76wdm","id":"0mbmnqt8ib76wdm"},"id":"r8f8bw56e9q2k9c","previousOperationId":"dbuf6lyxu3q3jfl"}
{"type":"log","timestamp":1705597445570,"level":"debug","message":"Page request finished: GET (script) 200 https://cdn.jsdelivr.net/npm/chartjs-plugin-datalabels","meta":{"rootId":"0mbmnqt8ib76wdm","id":"0mbmnqt8ib76wdm"},"id":"5wjdrhemouaqqcj","previousOperationId":"dbuf6lyxu3q3jfl"}
{"type":"log","timestamp":1705597445644,"level":"debug","message":"Running chrome with params {\"printBackground\":true,\"timeout\":599891,\"margin\":{}}","meta":{"rootId":"0mbmnqt8ib76wdm","id":"0mbmnqt8ib76wdm"},"id":"3a4qztunk9wcypy","previousOperationId":"dbuf6lyxu3q3jfl"}
{"type":"operationEnd","operationId":"dbuf6lyxu3q3jfl","timestamp":1705597445679,"id":"8xpp2pwzajxihhl","previousEventId":"15w4c7em9x8g4xp","previousOperationId":"dbuf6lyxu3q3jfl"}
{"type":"log","timestamp":1705597445679,"level":"debug","message":"Skipping storing report.","meta":{"rootId":"0mbmnqt8ib76wdm","id":"0mbmnqt8ib76wdm"},"id":"xxbroec63cxt5fx","previousOperationId":"dbuf6lyxu3q3jfl"}
{"type":"log","timestamp":1705597445681,"level":"info","message":"Rendering request 10 finished in 3685 ms","meta":{"rootId":"0mbmnqt8ib76wdm","id":"0mbmnqt8ib76wdm"},"id":"zihhff8fp7b3anr","previousOperationId":"dbuf6lyxu3q3jfl"}
{"type":"operationEnd","subtype":"render","operationId":"dgva7cipyb6c4a8","timestamp":1705597445681,"id":"qmp0opmpz4xd74t","previousEventId":"8xpp2pwzajxihhl","previousOperationId":"dbuf6lyxu3q3jfl"}
{"type":"operationEnd","doDiffs":false,"previousEventId":"cwk808an780opxw","previousOperationId":"s9krc75kc5wm2g3","operationId":"s9krc75kc5wm2g3","timestamp":1705597445695,"id":"ny2jfwtts1za154"}
