{"type":"operationStart","subtype":"profile","data":{"_id":"IEqbc06dn8uyduZM","timestamp":"2024-01-31T22:52:54.723Z","state":"queued","mode":"standard","creationDate":"2024-01-31T22:52:54.725Z","modificationDate":"2024-01-31T22:52:54.725Z","shortid":"iKfxPPN","$entitySet":"profiles"},"doDiffs":false,"timestamp":1706741574724,"id":"yceusvakerppwvv","previousOperationId":null,"operationId":"navevt58lelnfpr"}
{"type":"log","level":"info","message":"Render request 5 queued for execution and waiting for available worker","previousOperationId":"navevt58lelnfpr","timestamp":1706741574724,"id":"vkxgcp78r9wm456"}
{"type":"operationStart","subtype":"render","name":"apps-main","previousOperationId":"navevt58lelnfpr","timestamp":1706741574742,"id":"4fjcomv4ldflq0d","previousEventId":"yceusvakerppwvv","operationId":"uqmuhxfxxud4itz"}
{"type":"log","timestamp":1706741574742,"level":"info","message":"Starting rendering request 5","meta":{"rootId":"17k8ifzlo4hb0b9","id":"17k8ifzlo4hb0b9"},"id":"m9xcdeis8zvi6ke","previousOperationId":"uqmuhxfxxud4itz"}
{"type":"log","timestamp":1706741574742,"level":"info","message":"Rendering template { name: apps-main, recipe: chrome-pdf, engine: handlebars, preview: false }","meta":{"rootId":"17k8ifzlo4hb0b9","id":"17k8ifzlo4hb0b9"},"id":"6s0k86f91q1lc97","previousOperationId":"uqmuhxfxxud4itz"}
{"type":"log","timestamp":1706741574743,"level":"debug","message":"Inline data specified.","meta":{"rootId":"17k8ifzlo4hb0b9","id":"17k8ifzlo4hb0b9"},"id":"vhg8348lpe9mpcv","previousOperationId":"uqmuhxfxxud4itz"}
{"type":"log","timestamp":1706741574750,"level":"debug","message":"Executing script apps-script (beforeRender)","meta":{"rootId":"17k8ifzlo4hb0b9","id":"17k8ifzlo4hb0b9"},"id":"ecf210ay9te68tg","previousOperationId":"uqmuhxfxxud4itz"}
{"type":"log","timestamp":1706741574759,"level":"debug","message":"Base url not specified, skipping its injection.","meta":{"rootId":"17k8ifzlo4hb0b9","id":"17k8ifzlo4hb0b9"},"id":"ahx0g4uxefzutot","previousOperationId":"uqmuhxfxxud4itz"}
{"type":"operationStart","subtype":"engine","name":"handlebars","timestamp":1706741574759,"id":"up0w2iub0a3r0f8","previousEventId":"4fjcomv4ldflq0d","operationId":"pqp8bub6myko3fv","previousOperationId":"uqmuhxfxxud4itz"}
{"type":"log","timestamp":1706741574759,"level":"debug","message":"Rendering engine handlebars","meta":{"rootId":"17k8ifzlo4hb0b9","id":"17k8ifzlo4hb0b9"},"id":"5trhhqaub8s5vdf","previousOperationId":"pqp8bub6myko3fv"}
{"type":"operationEnd","operationId":"pqp8bub6myko3fv","timestamp":1706741574771,"id":"8hwxtjgfr1rb5qo","previousEventId":"up0w2iub0a3r0f8","previousOperationId":"pqp8bub6myko3fv"}
{"type":"operationStart","subtype":"recipe","name":"chrome-pdf","timestamp":1706741574771,"id":"it4yd49m2rd1ohm","previousEventId":"8hwxtjgfr1rb5qo","operationId":"0ue5crljs55usxh","previousOperationId":"pqp8bub6myko3fv"}
{"type":"log","timestamp":1706741574771,"level":"debug","message":"Executing recipe chrome-pdf","meta":{"rootId":"17k8ifzlo4hb0b9","id":"17k8ifzlo4hb0b9"},"id":"zhp4927isvqez7l","previousOperationId":"0ue5crljs55usxh"}
{"type":"log","timestamp":1706741574775,"level":"debug","message":"Converting with chrome HeadlessChrome/117.0.5938.149 using chrome-pool strategy","meta":{"rootId":"17k8ifzlo4hb0b9","id":"17k8ifzlo4hb0b9"},"id":"vfca35z80l37xhb","previousOperationId":"0ue5crljs55usxh"}
{"type":"log","timestamp":1706741574928,"level":"debug","message":"Page request: GET (document) file:///C:/Users/juank/AppData/Local/Temp/jsreport/autocleanup/02deea7d-3785-4f6f-b818-27dde6f340c8-chrome-pdf.html","meta":{"rootId":"17k8ifzlo4hb0b9","id":"17k8ifzlo4hb0b9"},"id":"v128ipzn6fuwuiu","previousOperationId":"0ue5crljs55usxh"}
{"type":"log","timestamp":1706741574944,"level":"debug","message":"Page request: GET (script) https://cdn.jsdelivr.net/npm/chart.js","meta":{"rootId":"17k8ifzlo4hb0b9","id":"17k8ifzlo4hb0b9"},"id":"yx82qloskmxz18c","previousOperationId":"0ue5crljs55usxh"}
{"type":"log","timestamp":1706741574944,"level":"debug","message":"Page request finished: GET (document) 200 file:///C:/Users/juank/AppData/Local/Temp/jsreport/autocleanup/02deea7d-3785-4f6f-b818-27dde6f340c8-chrome-pdf.html","meta":{"rootId":"17k8ifzlo4hb0b9","id":"17k8ifzlo4hb0b9"},"id":"vin3umsc4t3epxh","previousOperationId":"0ue5crljs55usxh"}
{"type":"log","timestamp":1706741574950,"level":"debug","message":"Page request finished: GET (script) 200 https://cdn.jsdelivr.net/npm/chart.js","meta":{"rootId":"17k8ifzlo4hb0b9","id":"17k8ifzlo4hb0b9"},"id":"q24w0p7np3jgt8t","previousOperationId":"0ue5crljs55usxh"}
{"type":"log","timestamp":1706741575026,"level":"debug","message":"Page request: GET (image) file:///C:/Users/juank/AppData/Local/Temp/jsreport/autocleanup/1702583747.png","meta":{"rootId":"17k8ifzlo4hb0b9","id":"17k8ifzlo4hb0b9"},"id":"jxnm01dj1md0e0a","previousOperationId":"0ue5crljs55usxh"}
{"type":"log","timestamp":1706741575027,"level":"debug","message":"Page request: GET (image) file:///C:/Users/juank/AppData/Local/Temp/jsreport/autocleanup/1702581234.jpg","meta":{"rootId":"17k8ifzlo4hb0b9","id":"17k8ifzlo4hb0b9"},"id":"j6mb3eor13xb9aq","previousOperationId":"0ue5crljs55usxh"}
{"type":"log","timestamp":1706741575027,"level":"debug","message":"Page request: GET (image) file:///C:/Users/juank/AppData/Local/Temp/jsreport/autocleanup/1702583822.png","meta":{"rootId":"17k8ifzlo4hb0b9","id":"17k8ifzlo4hb0b9"},"id":"sooyohzpvpa3es0","previousOperationId":"0ue5crljs55usxh"}
{"type":"log","timestamp":1706741575028,"level":"debug","message":"Page request: GET (image) file:///C:/Users/juank/AppData/Local/Temp/jsreport/autocleanup/1702584040.png","meta":{"rootId":"17k8ifzlo4hb0b9","id":"17k8ifzlo4hb0b9"},"id":"muzljls03o1oor3","previousOperationId":"0ue5crljs55usxh"}
{"type":"log","timestamp":1706741575030,"level":"debug","message":"Page request: GET (image) file:///C:/Users/juank/AppData/Local/Temp/jsreport/autocleanup/1702658124.png","meta":{"rootId":"17k8ifzlo4hb0b9","id":"17k8ifzlo4hb0b9"},"id":"efx55hyx0a683d0","previousOperationId":"0ue5crljs55usxh"}
{"type":"log","timestamp":1706741575035,"level":"warn","message":"Page request failed: GET (image) file:///C:/Users/juank/AppData/Local/Temp/jsreport/autocleanup/1702583747.png, failure: net::ERR_FILE_NOT_FOUND","meta":{"rootId":"17k8ifzlo4hb0b9","id":"17k8ifzlo4hb0b9"},"id":"39ausypmf1scvcy","previousOperationId":"0ue5crljs55usxh"}
{"type":"log","timestamp":1706741575035,"level":"debug","message":"(console:error) Failed to load resource: net::ERR_FILE_NOT_FOUND","meta":{"userLevel":true,"rootId":"17k8ifzlo4hb0b9","id":"17k8ifzlo4hb0b9"},"id":"6a722q9q8nejm2n","previousOperationId":"0ue5crljs55usxh"}
{"type":"log","timestamp":1706741575036,"level":"warn","message":"Page request failed: GET (image) file:///C:/Users/juank/AppData/Local/Temp/jsreport/autocleanup/1702581234.jpg, failure: net::ERR_FILE_NOT_FOUND","meta":{"rootId":"17k8ifzlo4hb0b9","id":"17k8ifzlo4hb0b9"},"id":"l9v72x9b2yihh3t","previousOperationId":"0ue5crljs55usxh"}
{"type":"log","timestamp":1706741575037,"level":"debug","message":"(console:error) Failed to load resource: net::ERR_FILE_NOT_FOUND","meta":{"userLevel":true,"rootId":"17k8ifzlo4hb0b9","id":"17k8ifzlo4hb0b9"},"id":"8u0ru874ngbbl5j","previousOperationId":"0ue5crljs55usxh"}
{"type":"log","timestamp":1706741575037,"level":"warn","message":"Page request failed: GET (image) file:///C:/Users/juank/AppData/Local/Temp/jsreport/autocleanup/1702583822.png, failure: net::ERR_FILE_NOT_FOUND","meta":{"rootId":"17k8ifzlo4hb0b9","id":"17k8ifzlo4hb0b9"},"id":"df9i23tmvr9kim4","previousOperationId":"0ue5crljs55usxh"}
{"type":"log","timestamp":1706741575038,"level":"debug","message":"(console:error) Failed to load resource: net::ERR_FILE_NOT_FOUND","meta":{"userLevel":true,"rootId":"17k8ifzlo4hb0b9","id":"17k8ifzlo4hb0b9"},"id":"5nm9wtwggkmv8y5","previousOperationId":"0ue5crljs55usxh"}
{"type":"log","timestamp":1706741575038,"level":"warn","message":"Page request failed: GET (image) file:///C:/Users/juank/AppData/Local/Temp/jsreport/autocleanup/1702584040.png, failure: net::ERR_FILE_NOT_FOUND","meta":{"rootId":"17k8ifzlo4hb0b9","id":"17k8ifzlo4hb0b9"},"id":"fhbq3lgj6rf1bgi","previousOperationId":"0ue5crljs55usxh"}
{"type":"log","timestamp":1706741575038,"level":"debug","message":"(console:error) Failed to load resource: net::ERR_FILE_NOT_FOUND","meta":{"userLevel":true,"rootId":"17k8ifzlo4hb0b9","id":"17k8ifzlo4hb0b9"},"id":"yiv23s9mc8cipw4","previousOperationId":"0ue5crljs55usxh"}
{"type":"log","timestamp":1706741575038,"level":"warn","message":"Page request failed: GET (image) file:///C:/Users/juank/AppData/Local/Temp/jsreport/autocleanup/1702658124.png, failure: net::ERR_FILE_NOT_FOUND","meta":{"rootId":"17k8ifzlo4hb0b9","id":"17k8ifzlo4hb0b9"},"id":"69nvptnnp3umanq","previousOperationId":"0ue5crljs55usxh"}
{"type":"log","timestamp":1706741575039,"level":"debug","message":"(console:error) Failed to load resource: net::ERR_FILE_NOT_FOUND","meta":{"userLevel":true,"rootId":"17k8ifzlo4hb0b9","id":"17k8ifzlo4hb0b9"},"id":"n2m317kkilnzwqg","previousOperationId":"0ue5crljs55usxh"}
{"type":"log","timestamp":1706741575045,"level":"debug","message":"Running chrome with params {\"printBackground\":true,\"timeout\":599949,\"margin\":{}}","meta":{"rootId":"17k8ifzlo4hb0b9","id":"17k8ifzlo4hb0b9"},"id":"tv5ikhmpt17nidz","previousOperationId":"0ue5crljs55usxh"}
{"type":"operationEnd","operationId":"0ue5crljs55usxh","timestamp":1706741575132,"id":"dh8mewxfrdj9ivf","previousEventId":"it4yd49m2rd1ohm","previousOperationId":"0ue5crljs55usxh"}
{"type":"log","timestamp":1706741575132,"level":"debug","message":"Skipping storing report.","meta":{"rootId":"17k8ifzlo4hb0b9","id":"17k8ifzlo4hb0b9"},"id":"5iamirc81dbbajm","previousOperationId":"0ue5crljs55usxh"}
{"type":"log","timestamp":1706741575132,"level":"info","message":"Rendering request 5 finished in 410 ms","meta":{"rootId":"17k8ifzlo4hb0b9","id":"17k8ifzlo4hb0b9"},"id":"3so9tu4gwipm8hw","previousOperationId":"0ue5crljs55usxh"}
{"type":"operationEnd","subtype":"render","operationId":"uqmuhxfxxud4itz","timestamp":1706741575132,"id":"5nnpkrycf8t2mip","previousEventId":"dh8mewxfrdj9ivf","previousOperationId":"0ue5crljs55usxh"}
{"type":"operationEnd","doDiffs":false,"previousEventId":"yceusvakerppwvv","previousOperationId":"navevt58lelnfpr","operationId":"navevt58lelnfpr","timestamp":1706741575137,"id":"cksfmi1jrvy4knw"}
