{"type":"operationStart","subtype":"profile","data":{"_id":"FPe9cNUJTvjmK49i","timestamp":"2024-01-17T19:34:48.546Z","state":"queued","mode":"standard","creationDate":"2024-01-17T19:34:48.548Z","modificationDate":"2024-01-17T19:34:48.548Z","shortid":"GG26rJ4","$entitySet":"profiles"},"doDiffs":false,"timestamp":1705520088547,"id":"732s6vz10fx5r32","previousOperationId":null,"operationId":"89co27hecyewwme"}
{"type":"log","level":"info","message":"Render request 23 queued for execution and waiting for available worker","previousOperationId":"89co27hecyewwme","timestamp":1705520088547,"id":"hw5kyrbruhzbi9s"}
{"type":"operationStart","subtype":"render","name":"apps-main","previousOperationId":"89co27hecyewwme","timestamp":1705520088560,"id":"n99qkqg1kx8436f","previousEventId":"732s6vz10fx5r32","operationId":"4wwcgv8kxp851js"}
{"type":"log","timestamp":1705520088560,"level":"info","message":"Starting rendering request 23","meta":{"rootId":"20b9lxtcbv74blh","id":"20b9lxtcbv74blh"},"id":"hfpos4ivfq1vyej","previousOperationId":"4wwcgv8kxp851js"}
{"type":"log","timestamp":1705520088560,"level":"info","message":"Rendering template { name: apps-main, recipe: chrome-pdf, engine: handlebars, preview: true }","meta":{"rootId":"20b9lxtcbv74blh","id":"20b9lxtcbv74blh"},"id":"hc9l8bud97406c7","previousOperationId":"4wwcgv8kxp851js"}
{"type":"log","timestamp":1705520088561,"level":"debug","message":"Data item not defined for this template.","meta":{"rootId":"20b9lxtcbv74blh","id":"20b9lxtcbv74blh"},"id":"m1n3zan9ihf8d51","previousOperationId":"4wwcgv8kxp851js"}
{"type":"log","timestamp":1705520088562,"level":"debug","message":"Executing script apps-script (beforeRender)","meta":{"rootId":"20b9lxtcbv74blh","id":"20b9lxtcbv74blh"},"id":"ap3nse2n5j4crs8","previousOperationId":"4wwcgv8kxp851js"}
{"type":"operationStart","subtype":"scriptsBeforeRender","name":"scripts beforeRender","timestamp":1705520088573,"id":"ua0unjm7kpl0g3o","previousEventId":"n99qkqg1kx8436f","operationId":"bbzj7wh47e380r6","previousOperationId":"4wwcgv8kxp851js"}
{"type":"operationStart","subtype":"script","name":"scripts apps-script","previousOperationId":"bbzj7wh47e380r6","timestamp":1705520088573,"id":"x4o4gujlnt8f2ja","previousEventId":"ua0unjm7kpl0g3o","operationId":"ytoo8u3bwxk17uz"}
{"type":"log","timestamp":1705520088574,"level":"debug","message":"(console:log) [\n  {\n    id: 1,\n    icon: '1702583747.png',\n    URL: 'applicationsview',\n    created_at: '2023-12-14T15:19:05.000000Z',\n    updated_at: '2023-12-14T19:55:47.000000Z'\n  },\n  {\n    id: 2,\n    icon: '1702581234.jpg',\n    URL: 'employeesview',\n    created_at: '2023-12-14T19:13:54.000000Z',\n    updated_at: '2023-12-14T19:13:54.000000Z'\n  },\n  {\n    id: 3,\n    icon: '1702583822.png',\n    URL: 'rolesview',\n    created_at: '2023-12-14T19:57:02.000000Z',\n    updated_at: '2023-12-14T19:57:02.000000Z'\n  },\n  {\n    id: 4,\n    icon: '1702584040.png',\n    URL: 'newsview',\n    created_at: '2023-12-14T20:00:40.000000Z',\n    updated_at: '2023-12-14T20:00:40.000000Z'\n  },\n  {\n    id: 5,\n    icon: '1702658124.png',\n    URL: 'http://google.com',\n    created_at: '2023-12-15T16:35:24.000000Z',\n    updated_at: '2023-12-17T05:09:34.000000Z'\n  }\n]","meta":{"userLevel":true,"rootId":"20b9lxtcbv74blh","id":"20b9lxtcbv74blh"},"id":"xi5a2z620taccpy","previousOperationId":"ytoo8u3bwxk17uz"}
{"type":"operationEnd","operationId":"ytoo8u3bwxk17uz","timestamp":1705520088575,"id":"3voogu5b18b4hq8","previousEventId":"n99qkqg1kx8436f","previousOperationId":"4wwcgv8kxp851js"}
{"type":"operationEnd","operationId":"bbzj7wh47e380r6","timestamp":1705520088575,"id":"xcznh8jp44sk9fm","previousEventId":"3voogu5b18b4hq8","previousOperationId":"4wwcgv8kxp851js"}
{"type":"log","timestamp":1705520088575,"level":"debug","message":"Base url not specified, skipping its injection.","meta":{"rootId":"20b9lxtcbv74blh","id":"20b9lxtcbv74blh"},"id":"mp3knch1bbx0a5u","previousOperationId":"bbzj7wh47e380r6"}
{"type":"operationStart","subtype":"engine","name":"handlebars","timestamp":1705520088575,"id":"6vxu8fjdppqh30m","previousEventId":"xcznh8jp44sk9fm","operationId":"o6g6nq3wgd7x5ke","previousOperationId":"bbzj7wh47e380r6"}
{"type":"log","timestamp":1705520088575,"level":"debug","message":"Rendering engine handlebars","meta":{"rootId":"20b9lxtcbv74blh","id":"20b9lxtcbv74blh"},"id":"jjp0a66fk41pxjo","previousOperationId":"o6g6nq3wgd7x5ke"}
{"type":"log","timestamp":1705520088596,"level":"debug","message":"(console:log) Pdf utils adding group field, value: \"applicationsview\"","meta":{"userLevel":true,"rootId":"20b9lxtcbv74blh","id":"20b9lxtcbv74blh"},"id":"3itouyy5571dcji","previousOperationId":"o6g6nq3wgd7x5ke"}
{"type":"log","timestamp":1705520088596,"level":"debug","message":"(console:log) Pdf utils adding group field, value: \"employeesview\"","meta":{"userLevel":true,"rootId":"20b9lxtcbv74blh","id":"20b9lxtcbv74blh"},"id":"canhmwjkrbmrqjf","previousOperationId":"o6g6nq3wgd7x5ke"}
{"type":"log","timestamp":1705520088596,"level":"debug","message":"(console:log) Pdf utils adding group field, value: \"rolesview\"","meta":{"userLevel":true,"rootId":"20b9lxtcbv74blh","id":"20b9lxtcbv74blh"},"id":"6b96jzvget9tivy","previousOperationId":"o6g6nq3wgd7x5ke"}
{"type":"log","timestamp":1705520088596,"level":"debug","message":"(console:log) Pdf utils adding group field, value: \"newsview\"","meta":{"userLevel":true,"rootId":"20b9lxtcbv74blh","id":"20b9lxtcbv74blh"},"id":"m3ez6bqrhb2b6f4","previousOperationId":"o6g6nq3wgd7x5ke"}
{"type":"log","timestamp":1705520088597,"level":"debug","message":"(console:log) Pdf utils adding group field, value: \"http://google.com\"","meta":{"userLevel":true,"rootId":"20b9lxtcbv74blh","id":"20b9lxtcbv74blh"},"id":"c7diqlzr2hemi3l","previousOperationId":"o6g6nq3wgd7x5ke"}
{"type":"operationEnd","operationId":"o6g6nq3wgd7x5ke","timestamp":1705520088597,"id":"qsjjua7m8fy4is6","previousEventId":"6vxu8fjdppqh30m","previousOperationId":"o6g6nq3wgd7x5ke"}
{"type":"operationStart","subtype":"recipe","name":"chrome-pdf","timestamp":1705520088597,"id":"x81yx126x2xav8r","previousEventId":"qsjjua7m8fy4is6","operationId":"qwg3jvtv9gbrrxn","previousOperationId":"o6g6nq3wgd7x5ke"}
{"type":"log","timestamp":1705520088597,"level":"debug","message":"Executing recipe chrome-pdf","meta":{"rootId":"20b9lxtcbv74blh","id":"20b9lxtcbv74blh"},"id":"4agm9s3nsfwxlin","previousOperationId":"qwg3jvtv9gbrrxn"}
{"type":"log","timestamp":1705520088600,"level":"debug","message":"Converting with chrome HeadlessChrome/117.0.5938.149 using chrome-pool strategy","meta":{"rootId":"20b9lxtcbv74blh","id":"20b9lxtcbv74blh"},"id":"6gzxjn932t7yv39","previousOperationId":"qwg3jvtv9gbrrxn"}
{"type":"log","timestamp":1705520088719,"level":"debug","message":"Page request: GET (document) file:///C:/Users/juank/AppData/Local/Temp/jsreport/autocleanup/c82a96b5-0c1c-4a59-82c3-36e4563cb307-chrome-pdf.html","meta":{"rootId":"20b9lxtcbv74blh","id":"20b9lxtcbv74blh"},"id":"iilyp0cfumuy57e","previousOperationId":"qwg3jvtv9gbrrxn"}
{"type":"log","timestamp":1705520088729,"level":"debug","message":"Page request: GET (stylesheet) https://cdnjs.cloudflare.com/ajax/libs/metro/4.1.5/css/metro.min.css","meta":{"rootId":"20b9lxtcbv74blh","id":"20b9lxtcbv74blh"},"id":"mx3moby4vpa7m1w","previousOperationId":"qwg3jvtv9gbrrxn"}
{"type":"log","timestamp":1705520088730,"level":"debug","message":"Page request finished: GET (document) 200 file:///C:/Users/juank/AppData/Local/Temp/jsreport/autocleanup/c82a96b5-0c1c-4a59-82c3-36e4563cb307-chrome-pdf.html","meta":{"rootId":"20b9lxtcbv74blh","id":"20b9lxtcbv74blh"},"id":"wjz019heorg4018","previousOperationId":"qwg3jvtv9gbrrxn"}
{"type":"log","timestamp":1705520088730,"level":"debug","message":"Page request: GET (script) https://cdnjs.cloudflare.com/ajax/libs/Chart.js/2.7.2/Chart.min.js","meta":{"rootId":"20b9lxtcbv74blh","id":"20b9lxtcbv74blh"},"id":"xh9fvi1jhrdycwv","previousOperationId":"qwg3jvtv9gbrrxn"}
{"type":"log","timestamp":1705520088745,"level":"debug","message":"Page request finished: GET (stylesheet) 200 https://cdnjs.cloudflare.com/ajax/libs/metro/4.1.5/css/metro.min.css","meta":{"rootId":"20b9lxtcbv74blh","id":"20b9lxtcbv74blh"},"id":"4h4umnyw7g30lnv","previousOperationId":"qwg3jvtv9gbrrxn"}
{"type":"log","timestamp":1705520088746,"level":"debug","message":"Page request finished: GET (script) 200 https://cdnjs.cloudflare.com/ajax/libs/Chart.js/2.7.2/Chart.min.js","meta":{"rootId":"20b9lxtcbv74blh","id":"20b9lxtcbv74blh"},"id":"cklwrttd8q3f3a0","previousOperationId":"qwg3jvtv9gbrrxn"}
{"type":"log","timestamp":1705520088750,"level":"warn","message":"Page error: \"undefined\" is not valid JSON\nJSON.parse (<anonymous>) , stack: SyntaxError: \"undefined\" is not valid JSON\nJSON.parse (<anonymous>)\n    at <anonymous> (file:///C:/Users/juank/AppData/Local/Temp/jsreport/autocleanup/c82a96b5-0c1c-4a59-82c3-36e4563cb307-chrome-pdf.html:28:29)","meta":{"rootId":"20b9lxtcbv74blh","id":"20b9lxtcbv74blh"},"id":"zi0m4u9enfse5b8","previousOperationId":"qwg3jvtv9gbrrxn"}
{"type":"log","timestamp":1705520088751,"level":"warn","message":"Page error: \"undefined\" is not valid JSON\nJSON.parse (<anonymous>) , stack: SyntaxError: \"undefined\" is not valid JSON\nJSON.parse (<anonymous>)\n    at <anonymous> (file:///C:/Users/juank/AppData/Local/Temp/jsreport/autocleanup/c82a96b5-0c1c-4a59-82c3-36e4563cb307-chrome-pdf.html:78:29)","meta":{"rootId":"20b9lxtcbv74blh","id":"20b9lxtcbv74blh"},"id":"v3rh5v6hr3mk8vt","previousOperationId":"qwg3jvtv9gbrrxn"}
{"type":"log","timestamp":1705520088751,"level":"warn","message":"Page error: \"undefined\" is not valid JSON\nJSON.parse (<anonymous>) , stack: SyntaxError: \"undefined\" is not valid JSON\nJSON.parse (<anonymous>)\n    at <anonymous> (file:///C:/Users/juank/AppData/Local/Temp/jsreport/autocleanup/c82a96b5-0c1c-4a59-82c3-36e4563cb307-chrome-pdf.html:128:29)","meta":{"rootId":"20b9lxtcbv74blh","id":"20b9lxtcbv74blh"},"id":"w1155i30ugb2nl7","previousOperationId":"qwg3jvtv9gbrrxn"}
{"type":"log","timestamp":1705520088752,"level":"warn","message":"Page error: \"undefined\" is not valid JSON\nJSON.parse (<anonymous>) , stack: SyntaxError: \"undefined\" is not valid JSON\nJSON.parse (<anonymous>)\n    at <anonymous> (file:///C:/Users/juank/AppData/Local/Temp/jsreport/autocleanup/c82a96b5-0c1c-4a59-82c3-36e4563cb307-chrome-pdf.html:178:29)","meta":{"rootId":"20b9lxtcbv74blh","id":"20b9lxtcbv74blh"},"id":"4koarj7nmb2ze3g","previousOperationId":"qwg3jvtv9gbrrxn"}
{"type":"log","timestamp":1705520088752,"level":"warn","message":"Page error: missing ) after argument list , stack: SyntaxError: missing ) after argument list","meta":{"rootId":"20b9lxtcbv74blh","id":"20b9lxtcbv74blh"},"id":"azo2gsin9mms6ct","previousOperationId":"qwg3jvtv9gbrrxn"}
{"type":"log","timestamp":1705520088772,"level":"debug","message":"Running chrome with params {\"printBackground\":true,\"timeout\":599947,\"margin\":{}}","meta":{"rootId":"20b9lxtcbv74blh","id":"20b9lxtcbv74blh"},"id":"dhs95vs33zn7zib","previousOperationId":"qwg3jvtv9gbrrxn"}
{"type":"operationEnd","operationId":"qwg3jvtv9gbrrxn","timestamp":1705520088829,"id":"m97vbmvug6ztv1q","previousEventId":"x81yx126x2xav8r","previousOperationId":"qwg3jvtv9gbrrxn"}
{"type":"log","timestamp":1705520088830,"level":"debug","message":"Skipping storing report.","meta":{"rootId":"20b9lxtcbv74blh","id":"20b9lxtcbv74blh"},"id":"7nisd696u8f2gcu","previousOperationId":"qwg3jvtv9gbrrxn"}
{"type":"log","timestamp":1705520088830,"level":"info","message":"Rendering request 23 finished in 284 ms","meta":{"rootId":"20b9lxtcbv74blh","id":"20b9lxtcbv74blh"},"id":"6k7vg8jb9j8ewbd","previousOperationId":"qwg3jvtv9gbrrxn"}
{"type":"operationEnd","subtype":"render","operationId":"4wwcgv8kxp851js","timestamp":1705520088830,"id":"081ansil306l7df","previousEventId":"m97vbmvug6ztv1q","previousOperationId":"qwg3jvtv9gbrrxn"}
{"type":"operationEnd","doDiffs":false,"previousEventId":"732s6vz10fx5r32","previousOperationId":"89co27hecyewwme","operationId":"89co27hecyewwme","timestamp":1705520088841,"id":"5czuoohy7uabsgb"}
