{"type":"operationStart","subtype":"profile","data":{"_id":"e17jXP4UA7ISASGF","timestamp":"2024-01-17T19:51:18.477Z","state":"queued","mode":"standard","creationDate":"2024-01-17T19:51:18.480Z","modificationDate":"2024-01-17T19:51:18.480Z","shortid":"Yr7330T","$entitySet":"profiles"},"doDiffs":false,"timestamp":1705521078478,"id":"zwo8lzl4zy6nyvr","previousOperationId":null,"operationId":"r1qq5edplwm0wtx"}
{"type":"log","level":"info","message":"Render request 31 queued for execution and waiting for available worker","previousOperationId":"r1qq5edplwm0wtx","timestamp":1705521078479,"id":"whrxvdsa278i7xo"}
{"type":"operationStart","subtype":"render","name":"apps-main","previousOperationId":"r1qq5edplwm0wtx","timestamp":1705521078493,"id":"nbxy58qnj94aeqn","previousEventId":"zwo8lzl4zy6nyvr","operationId":"nzc2ihc18g0o2tp"}
{"type":"log","timestamp":1705521078493,"level":"info","message":"Starting rendering request 31","meta":{"rootId":"37snmvwf3nl1o17","id":"37snmvwf3nl1o17"},"id":"ymm70bt1zqjtwst","previousOperationId":"nzc2ihc18g0o2tp"}
{"type":"log","timestamp":1705521078493,"level":"info","message":"Rendering template { name: apps-main, recipe: chrome-pdf, engine: handlebars, preview: true }","meta":{"rootId":"37snmvwf3nl1o17","id":"37snmvwf3nl1o17"},"id":"v4ydacx5wku32c9","previousOperationId":"nzc2ihc18g0o2tp"}
{"type":"log","timestamp":1705521078493,"level":"debug","message":"Data item not defined for this template.","meta":{"rootId":"37snmvwf3nl1o17","id":"37snmvwf3nl1o17"},"id":"g96n99f6txjzo3r","previousOperationId":"nzc2ihc18g0o2tp"}
{"type":"log","timestamp":1705521078496,"level":"debug","message":"Executing script apps-script (beforeRender)","meta":{"rootId":"37snmvwf3nl1o17","id":"37snmvwf3nl1o17"},"id":"wufodlcg6h1yy4q","previousOperationId":"nzc2ihc18g0o2tp"}
{"type":"operationStart","subtype":"scriptsBeforeRender","name":"scripts beforeRender","timestamp":1705521078507,"id":"vt5pdotu2n9ks5n","previousEventId":"nbxy58qnj94aeqn","operationId":"2z8qeze9ixnos7j","previousOperationId":"nzc2ihc18g0o2tp"}
{"type":"operationStart","subtype":"script","name":"scripts apps-script","previousOperationId":"2z8qeze9ixnos7j","timestamp":1705521078507,"id":"l0vs5lzruvhcapm","previousEventId":"vt5pdotu2n9ks5n","operationId":"g69feyn35zrw9lo"}
{"type":"operationEnd","operationId":"g69feyn35zrw9lo","timestamp":1705521078509,"id":"kk4f9xub6iphduc","previousEventId":"nbxy58qnj94aeqn","previousOperationId":"nzc2ihc18g0o2tp"}
{"type":"operationEnd","operationId":"2z8qeze9ixnos7j","timestamp":1705521078509,"id":"zb7uqzwclp2085v","previousEventId":"kk4f9xub6iphduc","previousOperationId":"nzc2ihc18g0o2tp"}
{"type":"log","timestamp":1705521078509,"level":"debug","message":"Base url not specified, skipping its injection.","meta":{"rootId":"37snmvwf3nl1o17","id":"37snmvwf3nl1o17"},"id":"eebo0o74a0t6d0m","previousOperationId":"2z8qeze9ixnos7j"}
{"type":"operationStart","subtype":"engine","name":"handlebars","timestamp":1705521078509,"id":"bunet087jl8eyg8","previousEventId":"zb7uqzwclp2085v","operationId":"xuiswliri3nocca","previousOperationId":"2z8qeze9ixnos7j"}
{"type":"log","timestamp":1705521078509,"level":"debug","message":"Rendering engine handlebars","meta":{"rootId":"37snmvwf3nl1o17","id":"37snmvwf3nl1o17"},"id":"3vnvjzbvjre05td","previousOperationId":"xuiswliri3nocca"}
{"type":"operationEnd","operationId":"xuiswliri3nocca","timestamp":1705521078521,"id":"j46ef1zeiqvc7qe","previousEventId":"bunet087jl8eyg8","previousOperationId":"xuiswliri3nocca"}
{"type":"operationStart","subtype":"recipe","name":"chrome-pdf","timestamp":1705521078522,"id":"b53bmu040jsyk4n","previousEventId":"j46ef1zeiqvc7qe","operationId":"fk084fosran85ly","previousOperationId":"xuiswliri3nocca"}
{"type":"log","timestamp":1705521078522,"level":"debug","message":"Executing recipe chrome-pdf","meta":{"rootId":"37snmvwf3nl1o17","id":"37snmvwf3nl1o17"},"id":"bdahn2uq3rt0ncg","previousOperationId":"fk084fosran85ly"}
{"type":"log","timestamp":1705521078526,"level":"debug","message":"Converting with chrome HeadlessChrome/117.0.5938.149 using chrome-pool strategy","meta":{"rootId":"37snmvwf3nl1o17","id":"37snmvwf3nl1o17"},"id":"2ihvoy5hxpup9w3","previousOperationId":"fk084fosran85ly"}
{"type":"log","timestamp":1705521078642,"level":"debug","message":"Page request: GET (document) file:///C:/Users/juank/AppData/Local/Temp/jsreport/autocleanup/9a2939a4-f768-40a6-a9da-7f08dbcb3b5d-chrome-pdf.html","meta":{"rootId":"37snmvwf3nl1o17","id":"37snmvwf3nl1o17"},"id":"62owi7tw1fpzxzc","previousOperationId":"fk084fosran85ly"}
{"type":"log","timestamp":1705521078649,"level":"debug","message":"Page request: GET (stylesheet) https://cdnjs.cloudflare.com/ajax/libs/metro/4.1.5/css/metro.min.css","meta":{"rootId":"37snmvwf3nl1o17","id":"37snmvwf3nl1o17"},"id":"rwiq8djfhc22410","previousOperationId":"fk084fosran85ly"}
{"type":"log","timestamp":1705521078650,"level":"debug","message":"Page request: GET (script) https://cdnjs.cloudflare.com/ajax/libs/Chart.js/2.7.2/Chart.min.js","meta":{"rootId":"37snmvwf3nl1o17","id":"37snmvwf3nl1o17"},"id":"mrn9nytc1sbrtdl","previousOperationId":"fk084fosran85ly"}
{"type":"log","timestamp":1705521078650,"level":"debug","message":"Page request finished: GET (document) 200 file:///C:/Users/juank/AppData/Local/Temp/jsreport/autocleanup/9a2939a4-f768-40a6-a9da-7f08dbcb3b5d-chrome-pdf.html","meta":{"rootId":"37snmvwf3nl1o17","id":"37snmvwf3nl1o17"},"id":"9a7mr776c28njbg","previousOperationId":"fk084fosran85ly"}
{"type":"log","timestamp":1705521078656,"level":"debug","message":"Page request finished: GET (script) 200 https://cdnjs.cloudflare.com/ajax/libs/Chart.js/2.7.2/Chart.min.js","meta":{"rootId":"37snmvwf3nl1o17","id":"37snmvwf3nl1o17"},"id":"4q4w4ju069pw4ra","previousOperationId":"fk084fosran85ly"}
{"type":"log","timestamp":1705521078666,"level":"debug","message":"Page request finished: GET (stylesheet) 200 https://cdnjs.cloudflare.com/ajax/libs/metro/4.1.5/css/metro.min.css","meta":{"rootId":"37snmvwf3nl1o17","id":"37snmvwf3nl1o17"},"id":"l1olwxw02emhy45","previousOperationId":"fk084fosran85ly"}
{"type":"log","timestamp":1705521078682,"level":"debug","message":"Running chrome with params {\"printBackground\":true,\"timeout\":599952,\"margin\":{}}","meta":{"rootId":"37snmvwf3nl1o17","id":"37snmvwf3nl1o17"},"id":"yk8anot2uock2kd","previousOperationId":"fk084fosran85ly"}
{"type":"operationEnd","operationId":"fk084fosran85ly","timestamp":1705521078707,"id":"nt2p40ft16fw3s8","previousEventId":"b53bmu040jsyk4n","previousOperationId":"fk084fosran85ly"}
{"type":"log","timestamp":1705521078708,"level":"debug","message":"Skipping storing report.","meta":{"rootId":"37snmvwf3nl1o17","id":"37snmvwf3nl1o17"},"id":"u606g4n61xlfvk4","previousOperationId":"fk084fosran85ly"}
{"type":"log","timestamp":1705521078708,"level":"info","message":"Rendering request 31 finished in 232 ms","meta":{"rootId":"37snmvwf3nl1o17","id":"37snmvwf3nl1o17"},"id":"x7zkneiy0jrmxan","previousOperationId":"fk084fosran85ly"}
{"type":"operationEnd","subtype":"render","operationId":"nzc2ihc18g0o2tp","timestamp":1705521078708,"id":"b65hm1rw6zq1q4d","previousEventId":"nt2p40ft16fw3s8","previousOperationId":"fk084fosran85ly"}
{"type":"operationEnd","doDiffs":false,"previousEventId":"zwo8lzl4zy6nyvr","previousOperationId":"r1qq5edplwm0wtx","operationId":"r1qq5edplwm0wtx","timestamp":1705521078716,"id":"tjcnji5wcccgefm"}
