{"type":"operationStart","subtype":"profile","data":{"_id":"XLSaNdcmd1M2ryx7","timestamp":"2024-01-31T22:22:40.134Z","state":"queued","mode":"standard","creationDate":"2024-01-31T22:22:40.137Z","modificationDate":"2024-01-31T22:22:40.137Z","shortid":"kb5Bf7l","$entitySet":"profiles"},"doDiffs":false,"timestamp":1706739760135,"id":"9u3w311ro7xchsh","previousOperationId":null,"operationId":"03h7vfr7g0f7ih6"}
{"type":"log","level":"info","message":"Render request 9 queued for execution and waiting for available worker","previousOperationId":"03h7vfr7g0f7ih6","timestamp":1706739760136,"id":"2xjn4y0ekfj7660"}
{"type":"operationStart","subtype":"render","name":"apps-main","previousOperationId":"03h7vfr7g0f7ih6","timestamp":1706739760154,"id":"0tvxyr6ua4xhh49","previousEventId":"9u3w311ro7xchsh","operationId":"upzxt03vh3hzn8g"}
{"type":"log","timestamp":1706739760154,"level":"info","message":"Starting rendering request 9","meta":{"rootId":"38ynvxooknczqix","id":"38ynvxooknczqix"},"id":"dt8hbagbmo415qk","previousOperationId":"upzxt03vh3hzn8g"}
{"type":"log","timestamp":1706739760154,"level":"info","message":"Rendering template { name: apps-main, recipe: chrome-pdf, engine: handlebars, preview: true }","meta":{"rootId":"38ynvxooknczqix","id":"38ynvxooknczqix"},"id":"hm7blyhu48gj3qh","previousOperationId":"upzxt03vh3hzn8g"}
{"type":"log","timestamp":1706739760155,"level":"debug","message":"Inline data specified.","meta":{"rootId":"38ynvxooknczqix","id":"38ynvxooknczqix"},"id":"w3hfvusmkp53vfe","previousOperationId":"upzxt03vh3hzn8g"}
{"type":"log","timestamp":1706739760157,"level":"debug","message":"Executing script apps-script (beforeRender)","meta":{"rootId":"38ynvxooknczqix","id":"38ynvxooknczqix"},"id":"zkjswgftb9xsfjs","previousOperationId":"upzxt03vh3hzn8g"}
{"type":"log","timestamp":1706739760169,"level":"debug","message":"Base url not specified, skipping its injection.","meta":{"rootId":"38ynvxooknczqix","id":"38ynvxooknczqix"},"id":"6zlwa33s3q0affc","previousOperationId":"upzxt03vh3hzn8g"}
{"type":"operationStart","subtype":"engine","name":"handlebars","timestamp":1706739760169,"id":"s27q6md33qaorhj","previousEventId":"0tvxyr6ua4xhh49","operationId":"8tgv6sf657w2s48","previousOperationId":"upzxt03vh3hzn8g"}
{"type":"log","timestamp":1706739760169,"level":"debug","message":"Rendering engine handlebars","meta":{"rootId":"38ynvxooknczqix","id":"38ynvxooknczqix"},"id":"r96sj1zzhq5ymal","previousOperationId":"8tgv6sf657w2s48"}
{"type":"operationEnd","operationId":"8tgv6sf657w2s48","timestamp":1706739760182,"id":"4ppm2oxquckk8xh","previousEventId":"s27q6md33qaorhj","previousOperationId":"8tgv6sf657w2s48"}
{"type":"operationStart","subtype":"recipe","name":"chrome-pdf","timestamp":1706739760182,"id":"nzlngenahhrkcv2","previousEventId":"4ppm2oxquckk8xh","operationId":"14rzrxkvmcut91y","previousOperationId":"8tgv6sf657w2s48"}
{"type":"log","timestamp":1706739760182,"level":"debug","message":"Executing recipe chrome-pdf","meta":{"rootId":"38ynvxooknczqix","id":"38ynvxooknczqix"},"id":"cccuszuk8hn21iw","previousOperationId":"14rzrxkvmcut91y"}
{"type":"log","timestamp":1706739760187,"level":"debug","message":"Converting with chrome HeadlessChrome/117.0.5938.149 using chrome-pool strategy","meta":{"rootId":"38ynvxooknczqix","id":"38ynvxooknczqix"},"id":"q3ug4lxn146kc33","previousOperationId":"14rzrxkvmcut91y"}
{"type":"log","timestamp":1706739760345,"level":"debug","message":"Page request: GET (document) file:///C:/Users/juank/AppData/Local/Temp/jsreport/autocleanup/ff278402-828d-49aa-9d74-554a46acdca6-chrome-pdf.html","meta":{"rootId":"38ynvxooknczqix","id":"38ynvxooknczqix"},"id":"vjb1pk178umvuoz","previousOperationId":"14rzrxkvmcut91y"}
{"type":"log","timestamp":1706739760360,"level":"debug","message":"Page request finished: GET (document) 200 file:///C:/Users/juank/AppData/Local/Temp/jsreport/autocleanup/ff278402-828d-49aa-9d74-554a46acdca6-chrome-pdf.html","meta":{"rootId":"38ynvxooknczqix","id":"38ynvxooknczqix"},"id":"3489my2epwaasc2","previousOperationId":"14rzrxkvmcut91y"}
{"type":"log","timestamp":1706739760361,"level":"debug","message":"Page request: GET (script) https://cdn.jsdelivr.net/npm/chart.js","meta":{"rootId":"38ynvxooknczqix","id":"38ynvxooknczqix"},"id":"pm068srs0nyqtym","previousOperationId":"14rzrxkvmcut91y"}
{"type":"log","timestamp":1706739760367,"level":"debug","message":"Page request finished: GET (script) 200 https://cdn.jsdelivr.net/npm/chart.js","meta":{"rootId":"38ynvxooknczqix","id":"38ynvxooknczqix"},"id":"d9n7awn6md8lvgn","previousOperationId":"14rzrxkvmcut91y"}
{"type":"log","timestamp":1706739760456,"level":"debug","message":"Running chrome with params {\"printBackground\":true,\"timeout\":599948,\"margin\":{}}","meta":{"rootId":"38ynvxooknczqix","id":"38ynvxooknczqix"},"id":"15rfmf428xaa78r","previousOperationId":"14rzrxkvmcut91y"}
{"type":"operationEnd","operationId":"14rzrxkvmcut91y","timestamp":1706739760517,"id":"a3latgahjfu08ry","previousEventId":"nzlngenahhrkcv2","previousOperationId":"14rzrxkvmcut91y"}
{"type":"log","timestamp":1706739760517,"level":"debug","message":"Skipping storing report.","meta":{"rootId":"38ynvxooknczqix","id":"38ynvxooknczqix"},"id":"3bidmtf4qa4tsd8","previousOperationId":"14rzrxkvmcut91y"}
{"type":"log","timestamp":1706739760517,"level":"info","message":"Rendering request 9 finished in 384 ms","meta":{"rootId":"38ynvxooknczqix","id":"38ynvxooknczqix"},"id":"nepkd8cliegwim2","previousOperationId":"14rzrxkvmcut91y"}
{"type":"operationEnd","subtype":"render","operationId":"upzxt03vh3hzn8g","timestamp":1706739760517,"id":"agedcgbk6uy7q1w","previousEventId":"a3latgahjfu08ry","previousOperationId":"14rzrxkvmcut91y"}
{"type":"operationEnd","doDiffs":false,"previousEventId":"9u3w311ro7xchsh","previousOperationId":"03h7vfr7g0f7ih6","operationId":"03h7vfr7g0f7ih6","timestamp":1706739760526,"id":"pu10fms1bfk2uiw"}
