{"type":"operationStart","subtype":"profile","data":{"_id":"Sx2ry9T8iw8UD1Ij","timestamp":"2024-01-17T19:44:03.979Z","state":"queued","mode":"standard","creationDate":"2024-01-17T19:44:03.982Z","modificationDate":"2024-01-17T19:44:03.982Z","shortid":"14-cUVU","$entitySet":"profiles"},"doDiffs":false,"timestamp":1705520643980,"id":"7t74qghnqv0fqfu","previousOperationId":null,"operationId":"s2cum5yip6udigm"}
{"type":"log","level":"info","message":"Render request 25 queued for execution and waiting for available worker","previousOperationId":"s2cum5yip6udigm","timestamp":1705520643981,"id":"963zmnqchkjiyam"}
{"type":"operationStart","subtype":"render","name":"apps-main","previousOperationId":"s2cum5yip6udigm","timestamp":1705520643993,"id":"7a1ny0c029o6cjn","previousEventId":"7t74qghnqv0fqfu","operationId":"j41fqpw38pnvtr3"}
{"type":"log","timestamp":1705520643993,"level":"info","message":"Starting rendering request 25","meta":{"rootId":"3o6963xlxacirqg","id":"3o6963xlxacirqg"},"id":"nvyii4z2ujyhu1m","previousOperationId":"j41fqpw38pnvtr3"}
{"type":"log","timestamp":1705520643993,"level":"info","message":"Rendering template { name: apps-main, recipe: chrome-pdf, engine: handlebars, preview: true }","meta":{"rootId":"3o6963xlxacirqg","id":"3o6963xlxacirqg"},"id":"pcv02zlm9u4xaix","previousOperationId":"j41fqpw38pnvtr3"}
{"type":"log","timestamp":1705520643994,"level":"debug","message":"Data item not defined for this template.","meta":{"rootId":"3o6963xlxacirqg","id":"3o6963xlxacirqg"},"id":"6dhf1zydqxbs93o","previousOperationId":"j41fqpw38pnvtr3"}
{"type":"log","timestamp":1705520643995,"level":"debug","message":"Executing script apps-script (beforeRender)","meta":{"rootId":"3o6963xlxacirqg","id":"3o6963xlxacirqg"},"id":"h8ywfv3qcvugfkw","previousOperationId":"j41fqpw38pnvtr3"}
{"type":"operationStart","subtype":"scriptsBeforeRender","name":"scripts beforeRender","timestamp":1705520644006,"id":"19hccryukg3wyde","previousEventId":"7a1ny0c029o6cjn","operationId":"lwv677bm13maqnz","previousOperationId":"j41fqpw38pnvtr3"}
{"type":"operationStart","subtype":"script","name":"scripts apps-script","previousOperationId":"lwv677bm13maqnz","timestamp":1705520644006,"id":"56p7gdshraa3w1j","previousEventId":"19hccryukg3wyde","operationId":"s4irk79nno2a3q2"}
{"type":"log","timestamp":1705520644007,"level":"debug","message":"(console:error) Error al obtener datos: TypeError: orders.filter is not a function\n    at prepareDataSource (sandbox.js:18:34)\n    at async Object.beforeRender (sandbox.js:37:21)\n    at async executionFn (C:\\Users\\juank\\Proyectos\\Tecnologias\\JsReportApp\\node_modules\\@jsreport\\jsreport-scripts\\lib\\executeScript.js:67:11)\n    at async run (C:\\Users\\juank\\Proyectos\\Tecnologias\\JsReportApp\\node_modules\\@jsreport\\jsreport-core\\lib\\worker\\sandbox\\createSandbox.js:137:16)\n    at async WorkerReporter.runInSandbox [as _runInSandbox] (C:\\Users\\juank\\Proyectos\\Tecnologias\\JsReportApp\\node_modules\\@jsreport\\jsreport-core\\lib\\worker\\sandbox\\runInSandbox.js:195:14)\n    at async executeScript (C:\\Users\\juank\\Proyectos\\Tecnologias\\JsReportApp\\node_modules\\@jsreport\\jsreport-scripts\\lib\\executeScript.js:122:12)\n    at async Scripts._runScript (C:\\Users\\juank\\Proyectos\\Tecnologias\\JsReportApp\\node_modules\\@jsreport\\jsreport-scripts\\lib\\worker.js:140:30)\n    at async Scripts.handleBeforeRender (C:\\Users\\juank\\Proyectos\\Tecnologias\\JsReportApp\\node_modules\\@jsreport\\jsreport-scripts\\lib\\worker.js:64:7)\n    at async ListenerCollection.fire (C:\\Users\\juank\\Proyectos\\Tecnologias\\JsReportApp\\node_modules\\@jsreport\\jsreport-core\\lib\\shared\\listenerCollection.js:157:21)\n    at async beforeRender (C:\\Users\\juank\\Proyectos\\Tecnologias\\JsReportApp\\node_modules\\@jsreport\\jsreport-core\\lib\\worker\\render\\render.js:24:5)","meta":{"userLevel":true,"rootId":"3o6963xlxacirqg","id":"3o6963xlxacirqg"},"id":"qwqo29kh3nfwyqf","previousOperationId":"s4irk79nno2a3q2"}
{"type":"operationEnd","operationId":"s4irk79nno2a3q2","timestamp":1705520644008,"id":"6j07i8coztrrd3g","previousEventId":"7a1ny0c029o6cjn","previousOperationId":"j41fqpw38pnvtr3"}
{"type":"operationEnd","operationId":"lwv677bm13maqnz","timestamp":1705520644008,"id":"c6maynj8s8rou0q","previousEventId":"6j07i8coztrrd3g","previousOperationId":"j41fqpw38pnvtr3"}
{"type":"log","timestamp":1705520644008,"level":"debug","message":"Base url not specified, skipping its injection.","meta":{"rootId":"3o6963xlxacirqg","id":"3o6963xlxacirqg"},"id":"imgv49t0xdpy5qo","previousOperationId":"lwv677bm13maqnz"}
{"type":"operationStart","subtype":"engine","name":"handlebars","timestamp":1705520644008,"id":"buq1zdulstye4wn","previousEventId":"c6maynj8s8rou0q","operationId":"fnyljy3u6tdt0s8","previousOperationId":"lwv677bm13maqnz"}
{"type":"log","timestamp":1705520644008,"level":"debug","message":"Rendering engine handlebars","meta":{"rootId":"3o6963xlxacirqg","id":"3o6963xlxacirqg"},"id":"uaopd4moz6b28bq","previousOperationId":"fnyljy3u6tdt0s8"}
{"type":"operationEnd","operationId":"fnyljy3u6tdt0s8","timestamp":1705520644030,"id":"mkemg0okqhqm0zv","previousEventId":"buq1zdulstye4wn","previousOperationId":"fnyljy3u6tdt0s8"}
{"type":"operationStart","subtype":"recipe","name":"chrome-pdf","timestamp":1705520644030,"id":"1cdprjxxu54i8cz","previousEventId":"mkemg0okqhqm0zv","operationId":"n1aiiknfbklfocs","previousOperationId":"fnyljy3u6tdt0s8"}
{"type":"log","timestamp":1705520644030,"level":"debug","message":"Executing recipe chrome-pdf","meta":{"rootId":"3o6963xlxacirqg","id":"3o6963xlxacirqg"},"id":"w9qswby9ajbq0t8","previousOperationId":"n1aiiknfbklfocs"}
{"type":"log","timestamp":1705520644034,"level":"debug","message":"Converting with chrome HeadlessChrome/117.0.5938.149 using chrome-pool strategy","meta":{"rootId":"3o6963xlxacirqg","id":"3o6963xlxacirqg"},"id":"coy1jwionvlmpyx","previousOperationId":"n1aiiknfbklfocs"}
{"type":"log","timestamp":1705520644152,"level":"debug","message":"Page request: GET (document) file:///C:/Users/juank/AppData/Local/Temp/jsreport/autocleanup/70302ff7-9a7a-4967-880f-534419ef52d5-chrome-pdf.html","meta":{"rootId":"3o6963xlxacirqg","id":"3o6963xlxacirqg"},"id":"icz49nfsyke6d53","previousOperationId":"n1aiiknfbklfocs"}
{"type":"log","timestamp":1705520644163,"level":"debug","message":"Page request: GET (stylesheet) https://cdnjs.cloudflare.com/ajax/libs/metro/4.1.5/css/metro.min.css","meta":{"rootId":"3o6963xlxacirqg","id":"3o6963xlxacirqg"},"id":"1ffk1jrzk6138zl","previousOperationId":"n1aiiknfbklfocs"}
{"type":"log","timestamp":1705520644163,"level":"debug","message":"Page request: GET (script) https://cdnjs.cloudflare.com/ajax/libs/Chart.js/2.7.2/Chart.min.js","meta":{"rootId":"3o6963xlxacirqg","id":"3o6963xlxacirqg"},"id":"0jfttckd5h76yx7","previousOperationId":"n1aiiknfbklfocs"}
{"type":"log","timestamp":1705520644164,"level":"debug","message":"Page request finished: GET (document) 200 file:///C:/Users/juank/AppData/Local/Temp/jsreport/autocleanup/70302ff7-9a7a-4967-880f-534419ef52d5-chrome-pdf.html","meta":{"rootId":"3o6963xlxacirqg","id":"3o6963xlxacirqg"},"id":"v2clo9unotel7ne","previousOperationId":"n1aiiknfbklfocs"}
{"type":"log","timestamp":1705520644168,"level":"debug","message":"Page request finished: GET (script) 200 https://cdnjs.cloudflare.com/ajax/libs/Chart.js/2.7.2/Chart.min.js","meta":{"rootId":"3o6963xlxacirqg","id":"3o6963xlxacirqg"},"id":"9s7at6bc6fw74z2","previousOperationId":"n1aiiknfbklfocs"}
{"type":"log","timestamp":1705520644178,"level":"debug","message":"Page request finished: GET (stylesheet) 200 https://cdnjs.cloudflare.com/ajax/libs/metro/4.1.5/css/metro.min.css","meta":{"rootId":"3o6963xlxacirqg","id":"3o6963xlxacirqg"},"id":"8mlq6jjadz9hmc6","previousOperationId":"n1aiiknfbklfocs"}
{"type":"log","timestamp":1705520644183,"level":"warn","message":"Page error: \"undefined\" is not valid JSON\nJSON.parse (<anonymous>) , stack: SyntaxError: \"undefined\" is not valid JSON\nJSON.parse (<anonymous>)\n    at <anonymous> (file:///C:/Users/juank/AppData/Local/Temp/jsreport/autocleanup/70302ff7-9a7a-4967-880f-534419ef52d5-chrome-pdf.html:21:25)","meta":{"rootId":"3o6963xlxacirqg","id":"3o6963xlxacirqg"},"id":"euvk61zed8gjb6m","previousOperationId":"n1aiiknfbklfocs"}
{"type":"log","timestamp":1705520644198,"level":"debug","message":"Running chrome with params {\"printBackground\":true,\"timeout\":599947,\"margin\":{}}","meta":{"rootId":"3o6963xlxacirqg","id":"3o6963xlxacirqg"},"id":"zkwfjf8tzb9meps","previousOperationId":"n1aiiknfbklfocs"}
{"type":"operationEnd","operationId":"n1aiiknfbklfocs","timestamp":1705520644224,"id":"9tot4w88b3fx2va","previousEventId":"1cdprjxxu54i8cz","previousOperationId":"n1aiiknfbklfocs"}
{"type":"log","timestamp":1705520644224,"level":"debug","message":"Skipping storing report.","meta":{"rootId":"3o6963xlxacirqg","id":"3o6963xlxacirqg"},"id":"z5ipup7rtsds64r","previousOperationId":"n1aiiknfbklfocs"}
{"type":"log","timestamp":1705520644224,"level":"info","message":"Rendering request 25 finished in 245 ms","meta":{"rootId":"3o6963xlxacirqg","id":"3o6963xlxacirqg"},"id":"d4jby5nfsgefd1r","previousOperationId":"n1aiiknfbklfocs"}
{"type":"operationEnd","subtype":"render","operationId":"j41fqpw38pnvtr3","timestamp":1705520644224,"id":"krcdmqeu6agpbrl","previousEventId":"9tot4w88b3fx2va","previousOperationId":"n1aiiknfbklfocs"}
{"type":"operationEnd","doDiffs":false,"previousEventId":"7t74qghnqv0fqfu","previousOperationId":"s2cum5yip6udigm","operationId":"s2cum5yip6udigm","timestamp":1705520644230,"id":"436b14p0yutq96p"}
