{"type":"operationStart","subtype":"profile","data":{"_id":"EMQZ6ncBAKX8H8e6","timestamp":"2024-01-17T19:49:10.325Z","state":"queued","mode":"standard","creationDate":"2024-01-17T19:49:10.327Z","modificationDate":"2024-01-17T19:49:10.327Z","shortid":"GXRRE2q","$entitySet":"profiles"},"doDiffs":false,"timestamp":1705520950327,"id":"u0u2dfzia9qb48q","previousOperationId":null,"operationId":"r3os0ys3zsytv8l"}
{"type":"log","level":"info","message":"Render request 30 queued for execution and waiting for available worker","previousOperationId":"r3os0ys3zsytv8l","timestamp":1705520950327,"id":"hpnqth3f6a0ra49"}
{"type":"operationStart","subtype":"render","name":"apps-main","previousOperationId":"r3os0ys3zsytv8l","timestamp":1705520950338,"id":"kedk7jcxm42wmur","previousEventId":"u0u2dfzia9qb48q","operationId":"29nfjcq52zvp83c"}
{"type":"log","timestamp":1705520950338,"level":"info","message":"Starting rendering request 30","meta":{"rootId":"4kniqsy1sye2qvn","id":"4kniqsy1sye2qvn"},"id":"0nqoipn9d08z66l","previousOperationId":"29nfjcq52zvp83c"}
{"type":"log","timestamp":1705520950338,"level":"info","message":"Rendering template { name: apps-main, recipe: chrome-pdf, engine: handlebars, preview: true }","meta":{"rootId":"4kniqsy1sye2qvn","id":"4kniqsy1sye2qvn"},"id":"2rg74u89vm8fjzv","previousOperationId":"29nfjcq52zvp83c"}
{"type":"log","timestamp":1705520950339,"level":"debug","message":"Data item not defined for this template.","meta":{"rootId":"4kniqsy1sye2qvn","id":"4kniqsy1sye2qvn"},"id":"nfh6fjk7d8fs0wv","previousOperationId":"29nfjcq52zvp83c"}
{"type":"log","timestamp":1705520950341,"level":"debug","message":"Executing script apps-script (beforeRender)","meta":{"rootId":"4kniqsy1sye2qvn","id":"4kniqsy1sye2qvn"},"id":"boud7otni5h8psl","previousOperationId":"29nfjcq52zvp83c"}
{"type":"operationStart","subtype":"scriptsBeforeRender","name":"scripts beforeRender","timestamp":1705520950351,"id":"hpcjf995nh2aacu","previousEventId":"kedk7jcxm42wmur","operationId":"voz6rb4e1yx38o8","previousOperationId":"29nfjcq52zvp83c"}
{"type":"operationStart","subtype":"script","name":"scripts apps-script","previousOperationId":"voz6rb4e1yx38o8","timestamp":1705520950351,"id":"r54x9jczpt8t52i","previousEventId":"hpcjf995nh2aacu","operationId":"an9re5su4u0nmf5"}
{"type":"operationEnd","operationId":"an9re5su4u0nmf5","timestamp":1705520950352,"id":"pqc9uv0c7qm14rg","previousEventId":"kedk7jcxm42wmur","previousOperationId":"29nfjcq52zvp83c"}
{"type":"operationEnd","operationId":"voz6rb4e1yx38o8","timestamp":1705520950352,"id":"48ip9llcujo2z3u","previousEventId":"pqc9uv0c7qm14rg","previousOperationId":"29nfjcq52zvp83c"}
{"type":"log","timestamp":1705520950352,"level":"debug","message":"Base url not specified, skipping its injection.","meta":{"rootId":"4kniqsy1sye2qvn","id":"4kniqsy1sye2qvn"},"id":"wf3iabq1z3sxig7","previousOperationId":"voz6rb4e1yx38o8"}
{"type":"operationStart","subtype":"engine","name":"handlebars","timestamp":1705520950352,"id":"zkkejh3uvmxkrza","previousEventId":"48ip9llcujo2z3u","operationId":"4vo8qxll4da2ebn","previousOperationId":"voz6rb4e1yx38o8"}
{"type":"log","timestamp":1705520950352,"level":"debug","message":"Rendering engine handlebars","meta":{"rootId":"4kniqsy1sye2qvn","id":"4kniqsy1sye2qvn"},"id":"bwwp2drrdj6kyk3","previousOperationId":"4vo8qxll4da2ebn"}
{"type":"operationEnd","operationId":"4vo8qxll4da2ebn","timestamp":1705520950367,"id":"9s1fero3uf2j1j9","previousEventId":"zkkejh3uvmxkrza","previousOperationId":"4vo8qxll4da2ebn"}
{"type":"operationStart","subtype":"recipe","name":"chrome-pdf","timestamp":1705520950367,"id":"09sjidb05s0w7b9","previousEventId":"9s1fero3uf2j1j9","operationId":"fobgxbyklvangqm","previousOperationId":"4vo8qxll4da2ebn"}
{"type":"log","timestamp":1705520950367,"level":"debug","message":"Executing recipe chrome-pdf","meta":{"rootId":"4kniqsy1sye2qvn","id":"4kniqsy1sye2qvn"},"id":"thv3db4eq57f3mi","previousOperationId":"fobgxbyklvangqm"}
{"type":"log","timestamp":1705520950371,"level":"debug","message":"Converting with chrome HeadlessChrome/117.0.5938.149 using chrome-pool strategy","meta":{"rootId":"4kniqsy1sye2qvn","id":"4kniqsy1sye2qvn"},"id":"fzehbysmyesoca0","previousOperationId":"fobgxbyklvangqm"}
{"type":"log","timestamp":1705520950486,"level":"debug","message":"Page request: GET (document) file:///C:/Users/juank/AppData/Local/Temp/jsreport/autocleanup/d127fb51-8738-46e2-abfa-2a468c3ec50e-chrome-pdf.html","meta":{"rootId":"4kniqsy1sye2qvn","id":"4kniqsy1sye2qvn"},"id":"l6vhdhi16qfm6mr","previousOperationId":"fobgxbyklvangqm"}
{"type":"log","timestamp":1705520950494,"level":"debug","message":"Page request: GET (stylesheet) https://cdnjs.cloudflare.com/ajax/libs/metro/4.1.5/css/metro.min.css","meta":{"rootId":"4kniqsy1sye2qvn","id":"4kniqsy1sye2qvn"},"id":"9s9z7t3ma01h9hl","previousOperationId":"fobgxbyklvangqm"}
{"type":"log","timestamp":1705520950495,"level":"debug","message":"Page request: GET (script) https://cdnjs.cloudflare.com/ajax/libs/Chart.js/2.7.2/Chart.min.js","meta":{"rootId":"4kniqsy1sye2qvn","id":"4kniqsy1sye2qvn"},"id":"wzuvnzsjlu4gn6r","previousOperationId":"fobgxbyklvangqm"}
{"type":"log","timestamp":1705520950495,"level":"debug","message":"Page request finished: GET (document) 200 file:///C:/Users/juank/AppData/Local/Temp/jsreport/autocleanup/d127fb51-8738-46e2-abfa-2a468c3ec50e-chrome-pdf.html","meta":{"rootId":"4kniqsy1sye2qvn","id":"4kniqsy1sye2qvn"},"id":"j6gjed4upfp7803","previousOperationId":"fobgxbyklvangqm"}
{"type":"log","timestamp":1705520950500,"level":"debug","message":"Page request finished: GET (script) 200 https://cdnjs.cloudflare.com/ajax/libs/Chart.js/2.7.2/Chart.min.js","meta":{"rootId":"4kniqsy1sye2qvn","id":"4kniqsy1sye2qvn"},"id":"vuydkkta3nmq1l4","previousOperationId":"fobgxbyklvangqm"}
{"type":"log","timestamp":1705520950511,"level":"debug","message":"Page request finished: GET (stylesheet) 200 https://cdnjs.cloudflare.com/ajax/libs/metro/4.1.5/css/metro.min.css","meta":{"rootId":"4kniqsy1sye2qvn","id":"4kniqsy1sye2qvn"},"id":"nyy7xrupbq1lkko","previousOperationId":"fobgxbyklvangqm"}
{"type":"log","timestamp":1705520950515,"level":"warn","message":"Page error: Cannot read properties of null (reading 'getContext') , stack: TypeError: Cannot read properties of null (reading 'getContext')\n    at <anonymous> (file:///C:/Users/juank/AppData/Local/Temp/jsreport/autocleanup/d127fb51-8738-46e2-abfa-2a468c3ec50e-chrome-pdf.html:25:54)","meta":{"rootId":"4kniqsy1sye2qvn","id":"4kniqsy1sye2qvn"},"id":"4tu8wp36ulyl1ti","previousOperationId":"fobgxbyklvangqm"}
{"type":"log","timestamp":1705520950530,"level":"debug","message":"Running chrome with params {\"printBackground\":true,\"timeout\":599955,\"margin\":{}}","meta":{"rootId":"4kniqsy1sye2qvn","id":"4kniqsy1sye2qvn"},"id":"zi5f7wsub9h7yzw","previousOperationId":"fobgxbyklvangqm"}
{"type":"operationEnd","operationId":"fobgxbyklvangqm","timestamp":1705520950554,"id":"yoi0lkznp32j15n","previousEventId":"09sjidb05s0w7b9","previousOperationId":"fobgxbyklvangqm"}
{"type":"log","timestamp":1705520950554,"level":"debug","message":"Skipping storing report.","meta":{"rootId":"4kniqsy1sye2qvn","id":"4kniqsy1sye2qvn"},"id":"4v56gv9jxcv7ezi","previousOperationId":"fobgxbyklvangqm"}
{"type":"log","timestamp":1705520950554,"level":"info","message":"Rendering request 30 finished in 229 ms","meta":{"rootId":"4kniqsy1sye2qvn","id":"4kniqsy1sye2qvn"},"id":"ntvu26q98hkp6o1","previousOperationId":"fobgxbyklvangqm"}
{"type":"operationEnd","subtype":"render","operationId":"29nfjcq52zvp83c","timestamp":1705520950554,"id":"8yjsdsqlhugi5cv","previousEventId":"yoi0lkznp32j15n","previousOperationId":"fobgxbyklvangqm"}
{"type":"operationEnd","doDiffs":false,"previousEventId":"u0u2dfzia9qb48q","previousOperationId":"r3os0ys3zsytv8l","operationId":"r3os0ys3zsytv8l","timestamp":1705520950564,"id":"vuy0pkd8lpuhbbu"}
