{"type":"operationStart","subtype":"profile","data":{"_id":"gWrnu2HBahx87Td4","timestamp":"2024-01-31T22:15:43.924Z","state":"queued","mode":"standard","creationDate":"2024-01-31T22:15:43.926Z","modificationDate":"2024-01-31T22:15:43.926Z","shortid":"2M1P4mb","$entitySet":"profiles"},"doDiffs":false,"timestamp":1706739343925,"id":"7lo48lzon38qxly","previousOperationId":null,"operationId":"lyxvim6csd1vp8m"}
{"type":"log","level":"info","message":"Render request 4 queued for execution and waiting for available worker","previousOperationId":"lyxvim6csd1vp8m","timestamp":1706739343925,"id":"qplbv2scjebhvb3"}
{"type":"operationStart","subtype":"render","name":"apps-main","previousOperationId":"lyxvim6csd1vp8m","timestamp":1706739343943,"id":"6wl80uj2nakd1be","previousEventId":"7lo48lzon38qxly","operationId":"ep5zeidt4g9u43n"}
{"type":"log","timestamp":1706739343943,"level":"info","message":"Starting rendering request 4","meta":{"rootId":"5ouqz6ot4kzfr4t","id":"5ouqz6ot4kzfr4t"},"id":"g0svxhwqmum7d9s","previousOperationId":"ep5zeidt4g9u43n"}
{"type":"log","timestamp":1706739343944,"level":"info","message":"Rendering template { name: apps-main, recipe: chrome-pdf, engine: handlebars, preview: true }","meta":{"rootId":"5ouqz6ot4kzfr4t","id":"5ouqz6ot4kzfr4t"},"id":"unsg138mphrt0ay","previousOperationId":"ep5zeidt4g9u43n"}
{"type":"log","timestamp":1706739343945,"level":"debug","message":"Data item not defined for this template.","meta":{"rootId":"5ouqz6ot4kzfr4t","id":"5ouqz6ot4kzfr4t"},"id":"wlaxcx5vknweg4b","previousOperationId":"ep5zeidt4g9u43n"}
{"type":"log","timestamp":1706739343947,"level":"debug","message":"Executing script apps-script (beforeRender)","meta":{"rootId":"5ouqz6ot4kzfr4t","id":"5ouqz6ot4kzfr4t"},"id":"del4gvfkfyeeao1","previousOperationId":"ep5zeidt4g9u43n"}
{"type":"log","timestamp":1706739343964,"level":"debug","message":"Base url not specified, skipping its injection.","meta":{"rootId":"5ouqz6ot4kzfr4t","id":"5ouqz6ot4kzfr4t"},"id":"vei6rauobkj2gly","previousOperationId":"ep5zeidt4g9u43n"}
{"type":"operationStart","subtype":"engine","name":"handlebars","timestamp":1706739343964,"id":"25tngpdsx51z6vz","previousEventId":"6wl80uj2nakd1be","operationId":"y967jqm38gp3pp4","previousOperationId":"ep5zeidt4g9u43n"}
{"type":"log","timestamp":1706739343965,"level":"debug","message":"Rendering engine handlebars","meta":{"rootId":"5ouqz6ot4kzfr4t","id":"5ouqz6ot4kzfr4t"},"id":"nejbl4f2delq0l4","previousOperationId":"y967jqm38gp3pp4"}
{"type":"operationEnd","operationId":"y967jqm38gp3pp4","timestamp":1706739343990,"id":"nb8dw49b24aayxv","previousEventId":"25tngpdsx51z6vz","previousOperationId":"y967jqm38gp3pp4"}
{"type":"operationStart","subtype":"recipe","name":"chrome-pdf","timestamp":1706739343991,"id":"bs72mmq3mjcwwrq","previousEventId":"nb8dw49b24aayxv","operationId":"7r8yb6n477wk6gk","previousOperationId":"y967jqm38gp3pp4"}
{"type":"log","timestamp":1706739343991,"level":"debug","message":"Executing recipe chrome-pdf","meta":{"rootId":"5ouqz6ot4kzfr4t","id":"5ouqz6ot4kzfr4t"},"id":"9em3lsck3gx88kh","previousOperationId":"7r8yb6n477wk6gk"}
{"type":"log","timestamp":1706739343995,"level":"debug","message":"Converting with chrome HeadlessChrome/117.0.5938.149 using chrome-pool strategy","meta":{"rootId":"5ouqz6ot4kzfr4t","id":"5ouqz6ot4kzfr4t"},"id":"6uq1ytv08r1meiy","previousOperationId":"7r8yb6n477wk6gk"}
{"type":"log","timestamp":1706739344160,"level":"debug","message":"Page request: GET (document) file:///C:/Users/juank/AppData/Local/Temp/jsreport/autocleanup/79a8cbca-9c04-43a6-903f-29d044603dd0-chrome-pdf.html","meta":{"rootId":"5ouqz6ot4kzfr4t","id":"5ouqz6ot4kzfr4t"},"id":"rwhxu9d6t68trrv","previousOperationId":"7r8yb6n477wk6gk"}
{"type":"log","timestamp":1706739344174,"level":"debug","message":"Page request finished: GET (document) 200 file:///C:/Users/juank/AppData/Local/Temp/jsreport/autocleanup/79a8cbca-9c04-43a6-903f-29d044603dd0-chrome-pdf.html","meta":{"rootId":"5ouqz6ot4kzfr4t","id":"5ouqz6ot4kzfr4t"},"id":"u1f8wi76kactiqi","previousOperationId":"7r8yb6n477wk6gk"}
{"type":"log","timestamp":1706739344174,"level":"debug","message":"Page request: GET (script) https://cdn.jsdelivr.net/npm/chart.js","meta":{"rootId":"5ouqz6ot4kzfr4t","id":"5ouqz6ot4kzfr4t"},"id":"iauvgowtwttstyf","previousOperationId":"7r8yb6n477wk6gk"}
{"type":"log","timestamp":1706739344191,"level":"debug","message":"Page request finished: GET (script) 200 https://cdn.jsdelivr.net/npm/chart.js","meta":{"rootId":"5ouqz6ot4kzfr4t","id":"5ouqz6ot4kzfr4t"},"id":"lcrrvmbbxcultux","previousOperationId":"7r8yb6n477wk6gk"}
{"type":"log","timestamp":1706739344281,"level":"debug","message":"Running chrome with params {\"printBackground\":true,\"timeout\":599931,\"margin\":{}}","meta":{"rootId":"5ouqz6ot4kzfr4t","id":"5ouqz6ot4kzfr4t"},"id":"exneu00o9wbzfaq","previousOperationId":"7r8yb6n477wk6gk"}
{"type":"operationEnd","operationId":"7r8yb6n477wk6gk","timestamp":1706739344339,"id":"gip00df7daj79lq","previousEventId":"bs72mmq3mjcwwrq","previousOperationId":"7r8yb6n477wk6gk"}
{"type":"log","timestamp":1706739344339,"level":"debug","message":"Skipping storing report.","meta":{"rootId":"5ouqz6ot4kzfr4t","id":"5ouqz6ot4kzfr4t"},"id":"maz59hvt55zfz5y","previousOperationId":"7r8yb6n477wk6gk"}
{"type":"log","timestamp":1706739344340,"level":"info","message":"Rendering request 4 finished in 416 ms","meta":{"rootId":"5ouqz6ot4kzfr4t","id":"5ouqz6ot4kzfr4t"},"id":"7oxdgpe3po5zdrk","previousOperationId":"7r8yb6n477wk6gk"}
{"type":"operationEnd","subtype":"render","operationId":"ep5zeidt4g9u43n","timestamp":1706739344340,"id":"qo3nsli3eo7ul3f","previousEventId":"gip00df7daj79lq","previousOperationId":"7r8yb6n477wk6gk"}
{"type":"operationEnd","doDiffs":false,"previousEventId":"7lo48lzon38qxly","previousOperationId":"lyxvim6csd1vp8m","operationId":"lyxvim6csd1vp8m","timestamp":1706739344350,"id":"5mg05c65n3i50dp"}
