{"type":"operationStart","subtype":"profile","data":{"_id":"5L3lvm0F8wzbTq42","timestamp":"2024-01-12T16:03:45.337Z","state":"queued","mode":"standard","creationDate":"2024-01-12T16:03:45.342Z","modificationDate":"2024-01-12T16:03:45.342Z","shortid":"GhqTP0p","$entitySet":"profiles"},"doDiffs":false,"timestamp":1705075425339,"id":"bv4wjrk5az5242q","previousOperationId":null,"operationId":"n5pgd8qaklh1d65"}
{"type":"log","level":"info","message":"Render request 6 queued for execution and waiting for available worker","previousOperationId":"n5pgd8qaklh1d65","timestamp":1705075425340,"id":"ymuc98a4yfxg2cn"}
{"type":"operationStart","subtype":"render","name":"apps-main","previousOperationId":"n5pgd8qaklh1d65","timestamp":1705075425363,"id":"uq7vtxoqg6fj6zb","previousEventId":"bv4wjrk5az5242q","operationId":"qmhs4v5rbyzapvh"}
{"type":"log","timestamp":1705075425363,"level":"info","message":"Starting rendering request 6","meta":{"rootId":"5zsdn87pcdu0eak","id":"5zsdn87pcdu0eak"},"id":"sqr4wsk5lqh1205","previousOperationId":"qmhs4v5rbyzapvh"}
{"type":"log","timestamp":1705075425364,"level":"info","message":"Rendering template { name: apps-main, recipe: chrome-pdf, engine: handlebars, preview: true }","meta":{"rootId":"5zsdn87pcdu0eak","id":"5zsdn87pcdu0eak"},"id":"y499yiro708g8vt","previousOperationId":"qmhs4v5rbyzapvh"}
{"type":"log","timestamp":1705075425364,"level":"debug","message":"Data item not defined for this template.","meta":{"rootId":"5zsdn87pcdu0eak","id":"5zsdn87pcdu0eak"},"id":"oxnjtd6ygibrq8t","previousOperationId":"qmhs4v5rbyzapvh"}
{"type":"log","timestamp":1705075425371,"level":"debug","message":"Base url not specified, skipping its injection.","meta":{"rootId":"5zsdn87pcdu0eak","id":"5zsdn87pcdu0eak"},"id":"a153togf821nqqz","previousOperationId":"qmhs4v5rbyzapvh"}
{"type":"operationStart","subtype":"engine","name":"handlebars","timestamp":1705075425371,"id":"mepx70yulvwffwf","previousEventId":"uq7vtxoqg6fj6zb","operationId":"ayb4c8me8dl74qy","previousOperationId":"qmhs4v5rbyzapvh"}
{"type":"log","timestamp":1705075425371,"level":"debug","message":"Rendering engine handlebars","meta":{"rootId":"5zsdn87pcdu0eak","id":"5zsdn87pcdu0eak"},"id":"hd7t8mriz3375fr","previousOperationId":"ayb4c8me8dl74qy"}
{"type":"operationEnd","operationId":"ayb4c8me8dl74qy","timestamp":1705075425394,"id":"wqkq0lgsysah3h4","previousEventId":"mepx70yulvwffwf","previousOperationId":"ayb4c8me8dl74qy"}
{"type":"operationStart","subtype":"recipe","name":"chrome-pdf","timestamp":1705075425394,"id":"aim3s3fcskse4sg","previousEventId":"wqkq0lgsysah3h4","operationId":"l8dalbxotf4j2qw","previousOperationId":"ayb4c8me8dl74qy"}
{"type":"log","timestamp":1705075425394,"level":"debug","message":"Executing recipe chrome-pdf","meta":{"rootId":"5zsdn87pcdu0eak","id":"5zsdn87pcdu0eak"},"id":"kxjf2o1220x3gkf","previousOperationId":"l8dalbxotf4j2qw"}
{"type":"log","timestamp":1705075425401,"level":"debug","message":"Converting with chrome HeadlessChrome/117.0.5938.149 using chrome-pool strategy","meta":{"rootId":"5zsdn87pcdu0eak","id":"5zsdn87pcdu0eak"},"id":"k1lceva70mk0m9s","previousOperationId":"l8dalbxotf4j2qw"}
{"type":"log","timestamp":1705075425608,"level":"debug","message":"Page request: GET (document) file:///C:/Users/juank/AppData/Local/Temp/jsreport/autocleanup/a881ee3a-4171-4043-a428-cf530270e7a7-chrome-pdf.html","meta":{"rootId":"5zsdn87pcdu0eak","id":"5zsdn87pcdu0eak"},"id":"zzef7j3wazvy4j2","previousOperationId":"l8dalbxotf4j2qw"}
{"type":"log","timestamp":1705075425626,"level":"debug","message":"Page request finished: GET (document) 200 file:///C:/Users/juank/AppData/Local/Temp/jsreport/autocleanup/a881ee3a-4171-4043-a428-cf530270e7a7-chrome-pdf.html","meta":{"rootId":"5zsdn87pcdu0eak","id":"5zsdn87pcdu0eak"},"id":"xhp06yznx5yh8yw","previousOperationId":"l8dalbxotf4j2qw"}
{"type":"log","timestamp":1705075425632,"level":"warn","message":"Page error: Unexpected token ';' , stack: SyntaxError: Unexpected token ';'","meta":{"rootId":"5zsdn87pcdu0eak","id":"5zsdn87pcdu0eak"},"id":"u9bj3hqb20pfc3u","previousOperationId":"l8dalbxotf4j2qw"}
{"type":"log","timestamp":1705075425635,"level":"debug","message":"Running chrome with params {\"printBackground\":true,\"timeout\":59938,\"margin\":{}}","meta":{"rootId":"5zsdn87pcdu0eak","id":"5zsdn87pcdu0eak"},"id":"i8acdpzdkiyt7v7","previousOperationId":"l8dalbxotf4j2qw"}
{"type":"operationEnd","operationId":"l8dalbxotf4j2qw","timestamp":1705075425665,"id":"x1vjnz477yfoc19","previousEventId":"aim3s3fcskse4sg","previousOperationId":"l8dalbxotf4j2qw"}
{"type":"log","timestamp":1705075425665,"level":"debug","message":"Skipping storing report.","meta":{"rootId":"5zsdn87pcdu0eak","id":"5zsdn87pcdu0eak"},"id":"nfkkixk07mq01py","previousOperationId":"l8dalbxotf4j2qw"}
{"type":"log","timestamp":1705075425665,"level":"info","message":"Rendering request 6 finished in 328 ms","meta":{"rootId":"5zsdn87pcdu0eak","id":"5zsdn87pcdu0eak"},"id":"tg5afssaoyzs7a2","previousOperationId":"l8dalbxotf4j2qw"}
{"type":"operationEnd","subtype":"render","operationId":"qmhs4v5rbyzapvh","timestamp":1705075425665,"id":"vsxmvwfk40g1z76","previousEventId":"x1vjnz477yfoc19","previousOperationId":"l8dalbxotf4j2qw"}
{"type":"operationEnd","doDiffs":false,"previousEventId":"bv4wjrk5az5242q","previousOperationId":"n5pgd8qaklh1d65","operationId":"n5pgd8qaklh1d65","timestamp":1705075425683,"id":"v1savhcqtkq8cfb"}
