{"type":"operationStart","subtype":"profile","data":{"_id":"Di87eUVVZHyLKhvG","timestamp":"2024-01-12T15:47:40.757Z","state":"queued","mode":"standard","creationDate":"2024-01-12T15:47:40.766Z","modificationDate":"2024-01-12T15:47:40.766Z","shortid":"JdX7E73","$entitySet":"profiles"},"doDiffs":false,"timestamp":1705074460762,"id":"phwwbgxhcrx2q9l","previousOperationId":null,"operationId":"2nmoblj1igcci8f"}
{"type":"log","level":"info","message":"Render request 1 queued for execution and waiting for available worker","previousOperationId":"2nmoblj1igcci8f","timestamp":1705074460764,"id":"u71y7aakhkj3md2"}
{"type":"operationStart","subtype":"render","name":"apps-main","previousOperationId":"2nmoblj1igcci8f","timestamp":1705074460831,"id":"jvwtzi26u0gnof8","previousEventId":"phwwbgxhcrx2q9l","operationId":"b7ad63gveswnxpr"}
{"type":"log","timestamp":1705074460833,"level":"info","message":"Starting rendering request 1","meta":{"rootId":"6qtmvofbuhvj33w","id":"6qtmvofbuhvj33w"},"id":"n10m140jx59ebac","previousOperationId":"b7ad63gveswnxpr"}
{"type":"log","timestamp":1705074460834,"level":"info","message":"Rendering template { name: apps-main, recipe: chrome-pdf, engine: handlebars, preview: true }","meta":{"rootId":"6qtmvofbuhvj33w","id":"6qtmvofbuhvj33w"},"id":"19709yfo67v068h","previousOperationId":"b7ad63gveswnxpr"}
{"type":"log","timestamp":1705074460837,"level":"debug","message":"Data item not defined for this template.","meta":{"rootId":"6qtmvofbuhvj33w","id":"6qtmvofbuhvj33w"},"id":"l8iftqhh0x9xw1v","previousOperationId":"b7ad63gveswnxpr"}
{"type":"log","timestamp":1705074460846,"level":"debug","message":"Base url not specified, skipping its injection.","meta":{"rootId":"6qtmvofbuhvj33w","id":"6qtmvofbuhvj33w"},"id":"xna1fyxd1sx812d","previousOperationId":"b7ad63gveswnxpr"}
{"type":"operationStart","subtype":"engine","name":"handlebars","timestamp":1705074460848,"id":"qss9hjh461tjl70","previousEventId":"jvwtzi26u0gnof8","operationId":"jtogzivm5f2om90","previousOperationId":"b7ad63gveswnxpr"}
{"type":"log","timestamp":1705074460848,"level":"debug","message":"Rendering engine handlebars","meta":{"rootId":"6qtmvofbuhvj33w","id":"6qtmvofbuhvj33w"},"id":"5vb6ao6cixd1rvj","previousOperationId":"jtogzivm5f2om90"}
{"type":"operationEnd","operationId":"jtogzivm5f2om90","timestamp":1705074462226,"id":"ak9j536e2wqvzre","previousEventId":"qss9hjh461tjl70","previousOperationId":"jtogzivm5f2om90"}
{"type":"operationStart","subtype":"recipe","name":"chrome-pdf","timestamp":1705074462227,"id":"z9thnxovau99lsa","previousEventId":"ak9j536e2wqvzre","operationId":"k9kt8pv9hq284y1","previousOperationId":"jtogzivm5f2om90"}
{"type":"log","timestamp":1705074462227,"level":"debug","message":"Executing recipe chrome-pdf","meta":{"rootId":"6qtmvofbuhvj33w","id":"6qtmvofbuhvj33w"},"id":"7352yxl57niuuh3","previousOperationId":"k9kt8pv9hq284y1"}
{"type":"log","timestamp":1705074465989,"level":"debug","message":"Converting with chrome HeadlessChrome/117.0.5938.149 using chrome-pool strategy","meta":{"rootId":"6qtmvofbuhvj33w","id":"6qtmvofbuhvj33w"},"id":"lysai8hnz5f1z6j","previousOperationId":"k9kt8pv9hq284y1"}
{"type":"log","timestamp":1705074466545,"level":"debug","message":"Page request: GET (document) file:///C:/Users/juank/AppData/Local/Temp/jsreport/autocleanup/d9cde662-2203-469b-9b47-776dc99d2e20-chrome-pdf.html","meta":{"rootId":"6qtmvofbuhvj33w","id":"6qtmvofbuhvj33w"},"id":"chrt65crf06qv8l","previousOperationId":"k9kt8pv9hq284y1"}
{"type":"log","timestamp":1705074466562,"level":"debug","message":"Page request finished: GET (document) 200 file:///C:/Users/juank/AppData/Local/Temp/jsreport/autocleanup/d9cde662-2203-469b-9b47-776dc99d2e20-chrome-pdf.html","meta":{"rootId":"6qtmvofbuhvj33w","id":"6qtmvofbuhvj33w"},"id":"zjmivzirly1nqub","previousOperationId":"k9kt8pv9hq284y1"}
{"type":"log","timestamp":1705074466564,"level":"warn","message":"Page error: Unexpected token ';' , stack: SyntaxError: Unexpected token ';'","meta":{"rootId":"6qtmvofbuhvj33w","id":"6qtmvofbuhvj33w"},"id":"cg9xjcvlfn7uan1","previousOperationId":"k9kt8pv9hq284y1"}
{"type":"log","timestamp":1705074466572,"level":"debug","message":"Running chrome with params {\"printBackground\":true,\"timeout\":57574,\"margin\":{}}","meta":{"rootId":"6qtmvofbuhvj33w","id":"6qtmvofbuhvj33w"},"id":"rgwox9zlb632t1b","previousOperationId":"k9kt8pv9hq284y1"}
{"type":"operationEnd","operationId":"k9kt8pv9hq284y1","timestamp":1705074466604,"id":"1kvzk3spqpdyv6g","previousEventId":"z9thnxovau99lsa","previousOperationId":"k9kt8pv9hq284y1"}
{"type":"log","timestamp":1705074466605,"level":"debug","message":"Skipping storing report.","meta":{"rootId":"6qtmvofbuhvj33w","id":"6qtmvofbuhvj33w"},"id":"rx0mq66xszuyz13","previousOperationId":"k9kt8pv9hq284y1"}
{"type":"log","timestamp":1705074466605,"level":"info","message":"Rendering request 1 finished in 5850 ms","meta":{"rootId":"6qtmvofbuhvj33w","id":"6qtmvofbuhvj33w"},"id":"74rq7ftdvoca1l5","previousOperationId":"k9kt8pv9hq284y1"}
{"type":"operationEnd","subtype":"render","operationId":"b7ad63gveswnxpr","timestamp":1705074466605,"id":"407ub7fobos3u6f","previousEventId":"1kvzk3spqpdyv6g","previousOperationId":"k9kt8pv9hq284y1"}
{"type":"operationEnd","doDiffs":false,"previousEventId":"phwwbgxhcrx2q9l","previousOperationId":"2nmoblj1igcci8f","operationId":"2nmoblj1igcci8f","timestamp":1705074466634,"id":"c9ci1pcnmvva2pm"}
