{"type":"operationStart","subtype":"profile","data":{"_id":"w49y74qH34mjFTu8","timestamp":"2024-01-31T22:16:49.596Z","state":"queued","mode":"standard","creationDate":"2024-01-31T22:16:49.599Z","modificationDate":"2024-01-31T22:16:49.599Z","shortid":"2p6aaew","$entitySet":"profiles"},"doDiffs":false,"timestamp":1706739409597,"id":"m44q2xbg949u3qm","previousOperationId":null,"operationId":"lmvo0yqtg7ytdkc"}
{"type":"log","level":"info","message":"Render request 5 queued for execution and waiting for available worker","previousOperationId":"lmvo0yqtg7ytdkc","timestamp":1706739409598,"id":"btds3g0jlhg8u2f"}
{"type":"operationStart","subtype":"render","name":"apps-main","previousOperationId":"lmvo0yqtg7ytdkc","timestamp":1706739409613,"id":"hb9qr5g7mfby5rs","previousEventId":"m44q2xbg949u3qm","operationId":"4z9l5rfy6brxkaq"}
{"type":"log","timestamp":1706739409613,"level":"info","message":"Starting rendering request 5","meta":{"rootId":"6uh8zbtx6r4ztep","id":"6uh8zbtx6r4ztep"},"id":"fs6msicp2ppiqaf","previousOperationId":"4z9l5rfy6brxkaq"}
{"type":"log","timestamp":1706739409613,"level":"info","message":"Rendering template { name: apps-main, recipe: chrome-pdf, engine: handlebars, preview: true }","meta":{"rootId":"6uh8zbtx6r4ztep","id":"6uh8zbtx6r4ztep"},"id":"w1zvcl8wmhdpvfg","previousOperationId":"4z9l5rfy6brxkaq"}
{"type":"log","timestamp":1706739409614,"level":"debug","message":"Data item not defined for this template.","meta":{"rootId":"6uh8zbtx6r4ztep","id":"6uh8zbtx6r4ztep"},"id":"zdkwvqvfb7wvxfk","previousOperationId":"4z9l5rfy6brxkaq"}
{"type":"log","timestamp":1706739409616,"level":"debug","message":"Executing script apps-script (beforeRender)","meta":{"rootId":"6uh8zbtx6r4ztep","id":"6uh8zbtx6r4ztep"},"id":"n5n4r5gyjpnf5ei","previousOperationId":"4z9l5rfy6brxkaq"}
{"type":"log","timestamp":1706739409631,"level":"debug","message":"Base url not specified, skipping its injection.","meta":{"rootId":"6uh8zbtx6r4ztep","id":"6uh8zbtx6r4ztep"},"id":"3hzvd03pe2yc49r","previousOperationId":"4z9l5rfy6brxkaq"}
{"type":"operationStart","subtype":"engine","name":"handlebars","timestamp":1706739409631,"id":"7j1wn4ni79hs8hl","previousEventId":"hb9qr5g7mfby5rs","operationId":"u0325c56d1iz9vx","previousOperationId":"4z9l5rfy6brxkaq"}
{"type":"log","timestamp":1706739409631,"level":"debug","message":"Rendering engine handlebars","meta":{"rootId":"6uh8zbtx6r4ztep","id":"6uh8zbtx6r4ztep"},"id":"z6enhui1bpnilkh","previousOperationId":"u0325c56d1iz9vx"}
{"type":"operationEnd","operationId":"u0325c56d1iz9vx","timestamp":1706739409666,"id":"i3i3ju3bxw0fv61","previousEventId":"7j1wn4ni79hs8hl","previousOperationId":"u0325c56d1iz9vx"}
{"type":"operationStart","subtype":"recipe","name":"chrome-pdf","timestamp":1706739409666,"id":"rj4zfxduur1kx54","previousEventId":"i3i3ju3bxw0fv61","operationId":"bxffdop7qk63v8m","previousOperationId":"u0325c56d1iz9vx"}
{"type":"log","timestamp":1706739409666,"level":"debug","message":"Executing recipe chrome-pdf","meta":{"rootId":"6uh8zbtx6r4ztep","id":"6uh8zbtx6r4ztep"},"id":"wvj5ekbrzoefqeb","previousOperationId":"bxffdop7qk63v8m"}
{"type":"log","timestamp":1706739409673,"level":"debug","message":"Converting with chrome HeadlessChrome/117.0.5938.149 using chrome-pool strategy","meta":{"rootId":"6uh8zbtx6r4ztep","id":"6uh8zbtx6r4ztep"},"id":"00tqar8orlk15aw","previousOperationId":"bxffdop7qk63v8m"}
{"type":"log","timestamp":1706739409826,"level":"debug","message":"Page request: GET (document) file:///C:/Users/juank/AppData/Local/Temp/jsreport/autocleanup/5e3a3337-9170-4172-93ac-0228c1ff4d0a-chrome-pdf.html","meta":{"rootId":"6uh8zbtx6r4ztep","id":"6uh8zbtx6r4ztep"},"id":"cn91tbbnj61hh4x","previousOperationId":"bxffdop7qk63v8m"}
{"type":"log","timestamp":1706739409837,"level":"debug","message":"Page request: GET (script) https://cdn.jsdelivr.net/npm/chart.js","meta":{"rootId":"6uh8zbtx6r4ztep","id":"6uh8zbtx6r4ztep"},"id":"pc5esgtya0ezexc","previousOperationId":"bxffdop7qk63v8m"}
{"type":"log","timestamp":1706739409837,"level":"debug","message":"Page request finished: GET (document) 200 file:///C:/Users/juank/AppData/Local/Temp/jsreport/autocleanup/5e3a3337-9170-4172-93ac-0228c1ff4d0a-chrome-pdf.html","meta":{"rootId":"6uh8zbtx6r4ztep","id":"6uh8zbtx6r4ztep"},"id":"rbmue717uo2f6in","previousOperationId":"bxffdop7qk63v8m"}
{"type":"log","timestamp":1706739409843,"level":"debug","message":"Page request finished: GET (script) 200 https://cdn.jsdelivr.net/npm/chart.js","meta":{"rootId":"6uh8zbtx6r4ztep","id":"6uh8zbtx6r4ztep"},"id":"fohy1xskyxs1dgl","previousOperationId":"bxffdop7qk63v8m"}
{"type":"log","timestamp":1706739409927,"level":"debug","message":"Running chrome with params {\"printBackground\":true,\"timeout\":599927,\"margin\":{}}","meta":{"rootId":"6uh8zbtx6r4ztep","id":"6uh8zbtx6r4ztep"},"id":"bctsgiw19yxl1km","previousOperationId":"bxffdop7qk63v8m"}
{"type":"operationEnd","operationId":"bxffdop7qk63v8m","timestamp":1706739409982,"id":"0dtqe91ah6e8rkn","previousEventId":"rj4zfxduur1kx54","previousOperationId":"bxffdop7qk63v8m"}
{"type":"log","timestamp":1706739409982,"level":"debug","message":"Skipping storing report.","meta":{"rootId":"6uh8zbtx6r4ztep","id":"6uh8zbtx6r4ztep"},"id":"pxqjkuahoh4lu4x","previousOperationId":"bxffdop7qk63v8m"}
{"type":"log","timestamp":1706739409982,"level":"info","message":"Rendering request 5 finished in 387 ms","meta":{"rootId":"6uh8zbtx6r4ztep","id":"6uh8zbtx6r4ztep"},"id":"746atx4swqme7id","previousOperationId":"bxffdop7qk63v8m"}
{"type":"operationEnd","subtype":"render","operationId":"4z9l5rfy6brxkaq","timestamp":1706739409982,"id":"5yqktrre1agsqgy","previousEventId":"0dtqe91ah6e8rkn","previousOperationId":"bxffdop7qk63v8m"}
{"type":"operationEnd","doDiffs":false,"previousEventId":"m44q2xbg949u3qm","previousOperationId":"lmvo0yqtg7ytdkc","operationId":"lmvo0yqtg7ytdkc","timestamp":1706739409991,"id":"ktp6e56ma0l6wjf"}
