{"type":"operationStart","subtype":"profile","data":{"_id":"Xnq1HBXrk8g8bXkc","timestamp":"2024-01-31T22:45:05.508Z","state":"queued","mode":"standard","creationDate":"2024-01-31T22:45:05.515Z","modificationDate":"2024-01-31T22:45:05.515Z","shortid":"n4aufsE","$entitySet":"profiles"},"doDiffs":false,"timestamp":1706741105511,"id":"87izb6ildjrf46r","previousOperationId":null,"operationId":"g9vrdvfmu56xc6n"}
{"type":"log","level":"info","message":"Render request 1 queued for execution and waiting for available worker","previousOperationId":"g9vrdvfmu56xc6n","timestamp":1706741105512,"id":"xolfa4zfp1jzdr2"}
{"type":"operationStart","subtype":"render","name":"apps-main","previousOperationId":"g9vrdvfmu56xc6n","timestamp":1706741105546,"id":"11cc6pl92pzj3z0","previousEventId":"87izb6ildjrf46r","operationId":"5jtzoi4rb7av14p"}
{"type":"log","timestamp":1706741105547,"level":"info","message":"Starting rendering request 1","meta":{"rootId":"7bpdt8l875c3ze3","id":"7bpdt8l875c3ze3"},"id":"aecq2lala0v00ei","previousOperationId":"5jtzoi4rb7av14p"}
{"type":"log","timestamp":1706741105549,"level":"info","message":"Rendering template { name: apps-main, recipe: chrome-pdf, engine: handlebars, preview: true }","meta":{"rootId":"7bpdt8l875c3ze3","id":"7bpdt8l875c3ze3"},"id":"88fopeka2gf465j","previousOperationId":"5jtzoi4rb7av14p"}
{"type":"log","timestamp":1706741105556,"level":"debug","message":"Adding sample data wJWqaG1DF","meta":{"rootId":"7bpdt8l875c3ze3","id":"7bpdt8l875c3ze3"},"id":"o69sosixryxnpcs","previousOperationId":"5jtzoi4rb7av14p"}
{"type":"log","timestamp":1706741105564,"level":"debug","message":"Executing script apps-script (beforeRender)","meta":{"rootId":"7bpdt8l875c3ze3","id":"7bpdt8l875c3ze3"},"id":"t705133p56nmg69","previousOperationId":"5jtzoi4rb7av14p"}
{"type":"log","timestamp":1706741106012,"level":"debug","message":"Base url not specified, skipping its injection.","meta":{"rootId":"7bpdt8l875c3ze3","id":"7bpdt8l875c3ze3"},"id":"12yvj0k38n0q5hr","previousOperationId":"5jtzoi4rb7av14p"}
{"type":"operationStart","subtype":"engine","name":"handlebars","timestamp":1706741106013,"id":"8yc6l56goff9qtx","previousEventId":"11cc6pl92pzj3z0","operationId":"1dr0yjxz3f2gwic","previousOperationId":"5jtzoi4rb7av14p"}
{"type":"log","timestamp":1706741106014,"level":"debug","message":"Rendering engine handlebars","meta":{"rootId":"7bpdt8l875c3ze3","id":"7bpdt8l875c3ze3"},"id":"uhplpyoaxc4xps2","previousOperationId":"1dr0yjxz3f2gwic"}
{"type":"operationEnd","operationId":"1dr0yjxz3f2gwic","timestamp":1706741106546,"id":"6hg70z9f33ofw9f","previousEventId":"8yc6l56goff9qtx","previousOperationId":"1dr0yjxz3f2gwic"}
{"type":"operationStart","subtype":"recipe","name":"chrome-pdf","timestamp":1706741106547,"id":"3w18vki2sdx99wy","previousEventId":"6hg70z9f33ofw9f","operationId":"vkepshmjgp9ogti","previousOperationId":"1dr0yjxz3f2gwic"}
{"type":"log","timestamp":1706741106547,"level":"debug","message":"Executing recipe chrome-pdf","meta":{"rootId":"7bpdt8l875c3ze3","id":"7bpdt8l875c3ze3"},"id":"2s5yrnvckg85iie","previousOperationId":"vkepshmjgp9ogti"}
{"type":"log","timestamp":1706741107850,"level":"debug","message":"Converting with chrome HeadlessChrome/117.0.5938.149 using chrome-pool strategy","meta":{"rootId":"7bpdt8l875c3ze3","id":"7bpdt8l875c3ze3"},"id":"i8of4q8sa2xsgco","previousOperationId":"vkepshmjgp9ogti"}
{"type":"log","timestamp":1706741108119,"level":"debug","message":"Page request: GET (document) file:///C:/Users/juank/AppData/Local/Temp/jsreport/autocleanup/0c2be37f-ca4f-4809-a88d-2756a5f77d3d-chrome-pdf.html","meta":{"rootId":"7bpdt8l875c3ze3","id":"7bpdt8l875c3ze3"},"id":"27m7980egacc1ax","previousOperationId":"vkepshmjgp9ogti"}
{"type":"log","timestamp":1706741108136,"level":"debug","message":"Page request: GET (script) https://cdn.jsdelivr.net/npm/chart.js","meta":{"rootId":"7bpdt8l875c3ze3","id":"7bpdt8l875c3ze3"},"id":"pxaz14150op9uy3","previousOperationId":"vkepshmjgp9ogti"}
{"type":"log","timestamp":1706741108137,"level":"debug","message":"Page request finished: GET (document) 200 file:///C:/Users/juank/AppData/Local/Temp/jsreport/autocleanup/0c2be37f-ca4f-4809-a88d-2756a5f77d3d-chrome-pdf.html","meta":{"rootId":"7bpdt8l875c3ze3","id":"7bpdt8l875c3ze3"},"id":"vxaxw5fjdkdgskf","previousOperationId":"vkepshmjgp9ogti"}
{"type":"log","timestamp":1706741111064,"level":"debug","message":"Page request finished: GET (script) 200 https://cdn.jsdelivr.net/npm/chart.js","meta":{"rootId":"7bpdt8l875c3ze3","id":"7bpdt8l875c3ze3"},"id":"i3bmbp5dzyi73xr","previousOperationId":"vkepshmjgp9ogti"}
{"type":"log","timestamp":1706741111148,"level":"debug","message":"Running chrome with params {\"printBackground\":true,\"timeout\":598022,\"margin\":{}}","meta":{"rootId":"7bpdt8l875c3ze3","id":"7bpdt8l875c3ze3"},"id":"2rkmz9nh578r3dz","previousOperationId":"vkepshmjgp9ogti"}
{"type":"operationEnd","operationId":"vkepshmjgp9ogti","timestamp":1706741111216,"id":"3gxkwdfmagvmtjy","previousEventId":"3w18vki2sdx99wy","previousOperationId":"vkepshmjgp9ogti"}
{"type":"log","timestamp":1706741111218,"level":"debug","message":"Skipping storing report.","meta":{"rootId":"7bpdt8l875c3ze3","id":"7bpdt8l875c3ze3"},"id":"h7aldd6fizzpfa1","previousOperationId":"vkepshmjgp9ogti"}
{"type":"log","timestamp":1706741111218,"level":"info","message":"Rendering request 1 finished in 5711 ms","meta":{"rootId":"7bpdt8l875c3ze3","id":"7bpdt8l875c3ze3"},"id":"8mry2ppa94ywo45","previousOperationId":"vkepshmjgp9ogti"}
{"type":"operationEnd","subtype":"render","operationId":"5jtzoi4rb7av14p","timestamp":1706741111218,"id":"l0hzlnemlezr90s","previousEventId":"3gxkwdfmagvmtjy","previousOperationId":"vkepshmjgp9ogti"}
{"type":"operationEnd","doDiffs":false,"previousEventId":"87izb6ildjrf46r","previousOperationId":"g9vrdvfmu56xc6n","operationId":"g9vrdvfmu56xc6n","timestamp":1706741111229,"id":"bwyc9cmerd5urmb"}
