{"type":"operationStart","subtype":"profile","data":{"_id":"PwcsXPxakRfpR4T3","timestamp":"2024-01-19T20:00:49.461Z","state":"queued","mode":"standard","creationDate":"2024-01-19T20:00:49.468Z","modificationDate":"2024-01-19T20:00:49.468Z","shortid":"9i6Q30Y","$entitySet":"profiles"},"doDiffs":false,"timestamp":1705694449464,"id":"fzyk6889bhzswai","previousOperationId":null,"operationId":"n5jr1tpvvy4kjw0"}
{"type":"log","level":"info","message":"Render request 1 queued for execution and waiting for available worker","previousOperationId":"n5jr1tpvvy4kjw0","timestamp":1705694449466,"id":"p4b9z4wc7hqbg5y"}
{"type":"operationStart","subtype":"render","name":"apps-main","previousOperationId":"n5jr1tpvvy4kjw0","timestamp":1705694449495,"id":"fvhio0mt2up01ik","previousEventId":"fzyk6889bhzswai","operationId":"41jllucsxbpn4df"}
{"type":"log","timestamp":1705694449496,"level":"info","message":"Starting rendering request 1","meta":{"rootId":"7ceoi74q1g2ko9y","id":"7ceoi74q1g2ko9y"},"id":"8vins3ddqpnvbhp","previousOperationId":"41jllucsxbpn4df"}
{"type":"log","timestamp":1705694449499,"level":"info","message":"Rendering template { name: apps-main, recipe: chrome-pdf, engine: handlebars, preview: true }","meta":{"rootId":"7ceoi74q1g2ko9y","id":"7ceoi74q1g2ko9y"},"id":"enr4137zdlaguli","previousOperationId":"41jllucsxbpn4df"}
{"type":"log","timestamp":1705694449503,"level":"debug","message":"Data item not defined for this template.","meta":{"rootId":"7ceoi74q1g2ko9y","id":"7ceoi74q1g2ko9y"},"id":"q9nk2nq87gjv9bt","previousOperationId":"41jllucsxbpn4df"}
{"type":"log","timestamp":1705694449508,"level":"debug","message":"Executing script apps-script (beforeRender)","meta":{"rootId":"7ceoi74q1g2ko9y","id":"7ceoi74q1g2ko9y"},"id":"t740zef9vrjl1ka","previousOperationId":"41jllucsxbpn4df"}
{"type":"log","timestamp":1705694450063,"level":"debug","message":"Base url not specified, skipping its injection.","meta":{"rootId":"7ceoi74q1g2ko9y","id":"7ceoi74q1g2ko9y"},"id":"bf70sjos2to1pmc","previousOperationId":"41jllucsxbpn4df"}
{"type":"operationStart","subtype":"engine","name":"handlebars","timestamp":1705694450065,"id":"e1eu40ckpvdlnxq","previousEventId":"fvhio0mt2up01ik","operationId":"n1zi707zsa9rfmb","previousOperationId":"41jllucsxbpn4df"}
{"type":"log","timestamp":1705694450065,"level":"debug","message":"Rendering engine handlebars","meta":{"rootId":"7ceoi74q1g2ko9y","id":"7ceoi74q1g2ko9y"},"id":"svopb2s6itjuhck","previousOperationId":"n1zi707zsa9rfmb"}
{"type":"operationEnd","operationId":"n1zi707zsa9rfmb","timestamp":1705694450625,"id":"8y9fjoimb31qy2q","previousEventId":"e1eu40ckpvdlnxq","previousOperationId":"n1zi707zsa9rfmb"}
{"type":"operationStart","subtype":"recipe","name":"chrome-pdf","timestamp":1705694450626,"id":"r2j5nmav0jel4ou","previousEventId":"8y9fjoimb31qy2q","operationId":"hvt6fl9f1sxlizp","previousOperationId":"n1zi707zsa9rfmb"}
{"type":"log","timestamp":1705694450626,"level":"debug","message":"Executing recipe chrome-pdf","meta":{"rootId":"7ceoi74q1g2ko9y","id":"7ceoi74q1g2ko9y"},"id":"m7zljr20elimlyu","previousOperationId":"hvt6fl9f1sxlizp"}
{"type":"log","timestamp":1705694452362,"level":"debug","message":"Converting with chrome HeadlessChrome/117.0.5938.149 using chrome-pool strategy","meta":{"rootId":"7ceoi74q1g2ko9y","id":"7ceoi74q1g2ko9y"},"id":"o52cu4docen8ynw","previousOperationId":"hvt6fl9f1sxlizp"}
{"type":"log","timestamp":1705694452745,"level":"debug","message":"Page request: GET (document) file:///C:/Users/juank/AppData/Local/Temp/jsreport/autocleanup/7102d651-d38c-4cbd-bffb-7ddc3797ec21-chrome-pdf.html","meta":{"rootId":"7ceoi74q1g2ko9y","id":"7ceoi74q1g2ko9y"},"id":"iiudt5wun5ba099","previousOperationId":"hvt6fl9f1sxlizp"}
{"type":"log","timestamp":1705694452757,"level":"debug","message":"Page request: GET (script) https://cdn.jsdelivr.net/npm/chart.js","meta":{"rootId":"7ceoi74q1g2ko9y","id":"7ceoi74q1g2ko9y"},"id":"8tiqyj7txinynm6","previousOperationId":"hvt6fl9f1sxlizp"}
{"type":"log","timestamp":1705694452758,"level":"debug","message":"Page request finished: GET (document) 200 file:///C:/Users/juank/AppData/Local/Temp/jsreport/autocleanup/7102d651-d38c-4cbd-bffb-7ddc3797ec21-chrome-pdf.html","meta":{"rootId":"7ceoi74q1g2ko9y","id":"7ceoi74q1g2ko9y"},"id":"1ez7v4yxj4dsboj","previousOperationId":"hvt6fl9f1sxlizp"}
{"type":"log","timestamp":1705694456234,"level":"debug","message":"Page request finished: GET (script) 200 https://cdn.jsdelivr.net/npm/chart.js","meta":{"rootId":"7ceoi74q1g2ko9y","id":"7ceoi74q1g2ko9y"},"id":"0x922f1fu31jhtt","previousOperationId":"hvt6fl9f1sxlizp"}
{"type":"log","timestamp":1705694456309,"level":"debug","message":"Running chrome with params {\"printBackground\":true,\"timeout\":597967,\"margin\":{}}","meta":{"rootId":"7ceoi74q1g2ko9y","id":"7ceoi74q1g2ko9y"},"id":"0kvmdb95vbp3xrj","previousOperationId":"hvt6fl9f1sxlizp"}
{"type":"operationEnd","operationId":"hvt6fl9f1sxlizp","timestamp":1705694456342,"id":"6nsda0n7nt9qs7x","previousEventId":"r2j5nmav0jel4ou","previousOperationId":"hvt6fl9f1sxlizp"}
{"type":"log","timestamp":1705694456344,"level":"debug","message":"Skipping storing report.","meta":{"rootId":"7ceoi74q1g2ko9y","id":"7ceoi74q1g2ko9y"},"id":"2kjkdbvggaquhxz","previousOperationId":"hvt6fl9f1sxlizp"}
{"type":"log","timestamp":1705694456344,"level":"info","message":"Rendering request 1 finished in 6883 ms","meta":{"rootId":"7ceoi74q1g2ko9y","id":"7ceoi74q1g2ko9y"},"id":"1gb3bwl99z6zozc","previousOperationId":"hvt6fl9f1sxlizp"}
{"type":"operationEnd","subtype":"render","operationId":"41jllucsxbpn4df","timestamp":1705694456344,"id":"zxrhuift46h8h1v","previousEventId":"6nsda0n7nt9qs7x","previousOperationId":"hvt6fl9f1sxlizp"}
{"type":"operationEnd","doDiffs":false,"previousEventId":"fzyk6889bhzswai","previousOperationId":"n5jr1tpvvy4kjw0","operationId":"n5jr1tpvvy4kjw0","timestamp":1705694456353,"id":"ldhd283sv1smgws"}
