{"type":"operationStart","subtype":"profile","data":{"_id":"1CTWdy4kHQd6lT8K","timestamp":"2024-01-17T19:24:30.096Z","state":"queued","mode":"standard","creationDate":"2024-01-17T19:24:30.098Z","modificationDate":"2024-01-17T19:24:30.098Z","shortid":"AZpyevz","$entitySet":"profiles"},"doDiffs":false,"timestamp":1705519470097,"id":"l32gje1mukyd14a","previousOperationId":null,"operationId":"jtk5gp6cehglfik"}
{"type":"log","level":"info","message":"Render request 19 queued for execution and waiting for available worker","previousOperationId":"jtk5gp6cehglfik","timestamp":1705519470097,"id":"pkh2xw6cgi92lhy"}
{"type":"operationStart","subtype":"render","name":"apps-main","previousOperationId":"jtk5gp6cehglfik","timestamp":1705519470111,"id":"22xa01px359oyiy","previousEventId":"l32gje1mukyd14a","operationId":"nr7yfxx9u675vvz"}
{"type":"log","timestamp":1705519470111,"level":"info","message":"Starting rendering request 19","meta":{"rootId":"7pqud0z09mr5qjm","id":"7pqud0z09mr5qjm"},"id":"epugatcaezf0gha","previousOperationId":"nr7yfxx9u675vvz"}
{"type":"log","timestamp":1705519470111,"level":"info","message":"Rendering template { name: apps-main, recipe: chrome-pdf, engine: handlebars, preview: true }","meta":{"rootId":"7pqud0z09mr5qjm","id":"7pqud0z09mr5qjm"},"id":"ma9095hmklmgs41","previousOperationId":"nr7yfxx9u675vvz"}
{"type":"log","timestamp":1705519470112,"level":"debug","message":"Data item not defined for this template.","meta":{"rootId":"7pqud0z09mr5qjm","id":"7pqud0z09mr5qjm"},"id":"vvrm3hef88g91wk","previousOperationId":"nr7yfxx9u675vvz"}
{"type":"log","timestamp":1705519470114,"level":"debug","message":"Executing script apps-script (beforeRender)","meta":{"rootId":"7pqud0z09mr5qjm","id":"7pqud0z09mr5qjm"},"id":"fpgoob6yitchs29","previousOperationId":"nr7yfxx9u675vvz"}
{"type":"operationStart","subtype":"scriptsBeforeRender","name":"scripts beforeRender","timestamp":1705519470124,"id":"25oebrhmmweo3by","previousEventId":"22xa01px359oyiy","operationId":"nu2yux43umasc00","previousOperationId":"nr7yfxx9u675vvz"}
{"type":"operationStart","subtype":"script","name":"scripts apps-script","previousOperationId":"nu2yux43umasc00","timestamp":1705519470124,"id":"imt0jhtozq1rsck","previousEventId":"25oebrhmmweo3by","operationId":"w6ochd1puareavk"}
{"type":"log","timestamp":1705519470126,"level":"debug","message":"(console:log) [\n  {\n    id: 1,\n    icon: '1702583747.png',\n    URL: 'applicationsview',\n    created_at: '2023-12-14T15:19:05.000000Z',\n    updated_at: '2023-12-14T19:55:47.000000Z'\n  },\n  {\n    id: 2,\n    icon: '1702581234.jpg',\n    URL: 'employeesview',\n    created_at: '2023-12-14T19:13:54.000000Z',\n    updated_at: '2023-12-14T19:13:54.000000Z'\n  },\n  {\n    id: 3,\n    icon: '1702583822.png',\n    URL: 'rolesview',\n    created_at: '2023-12-14T19:57:02.000000Z',\n    updated_at: '2023-12-14T19:57:02.000000Z'\n  },\n  {\n    id: 4,\n    icon: '1702584040.png',\n    URL: 'newsview',\n    created_at: '2023-12-14T20:00:40.000000Z',\n    updated_at: '2023-12-14T20:00:40.000000Z'\n  },\n  {\n    id: 5,\n    icon: '1702658124.png',\n    URL: 'http://google.com',\n    created_at: '2023-12-15T16:35:24.000000Z',\n    updated_at: '2023-12-17T05:09:34.000000Z'\n  }\n]","meta":{"userLevel":true,"rootId":"7pqud0z09mr5qjm","id":"7pqud0z09mr5qjm"},"id":"ays2c0f4aj8h09p","previousOperationId":"w6ochd1puareavk"}
{"type":"operationEnd","operationId":"w6ochd1puareavk","timestamp":1705519470126,"id":"wlcr5wpdeiyk89r","previousEventId":"22xa01px359oyiy","previousOperationId":"nr7yfxx9u675vvz"}
{"type":"operationEnd","operationId":"nu2yux43umasc00","timestamp":1705519470126,"id":"k0wfyrymdxw6q4l","previousEventId":"wlcr5wpdeiyk89r","previousOperationId":"nr7yfxx9u675vvz"}
{"type":"log","timestamp":1705519470126,"level":"debug","message":"Base url not specified, skipping its injection.","meta":{"rootId":"7pqud0z09mr5qjm","id":"7pqud0z09mr5qjm"},"id":"2yb24x3s9qztizp","previousOperationId":"nu2yux43umasc00"}
{"type":"operationStart","subtype":"engine","name":"handlebars","timestamp":1705519470127,"id":"qi3eocn31zj3vvv","previousEventId":"k0wfyrymdxw6q4l","operationId":"8084tegz0vo7w2p","previousOperationId":"nu2yux43umasc00"}
{"type":"log","timestamp":1705519470127,"level":"debug","message":"Rendering engine handlebars","meta":{"rootId":"7pqud0z09mr5qjm","id":"7pqud0z09mr5qjm"},"id":"2mfgz6o3q8kv3hz","previousOperationId":"8084tegz0vo7w2p"}
{"type":"log","timestamp":1705519470151,"level":"debug","message":"(console:log) Pdf utils adding group field, value: \"applicationsview\"","meta":{"userLevel":true,"rootId":"7pqud0z09mr5qjm","id":"7pqud0z09mr5qjm"},"id":"t14vmdmmqyyajo9","previousOperationId":"8084tegz0vo7w2p"}
{"type":"log","timestamp":1705519470151,"level":"debug","message":"(console:log) Pdf utils adding group field, value: \"employeesview\"","meta":{"userLevel":true,"rootId":"7pqud0z09mr5qjm","id":"7pqud0z09mr5qjm"},"id":"ur6245mxdzm3gt2","previousOperationId":"8084tegz0vo7w2p"}
{"type":"log","timestamp":1705519470151,"level":"debug","message":"(console:log) Pdf utils adding group field, value: \"rolesview\"","meta":{"userLevel":true,"rootId":"7pqud0z09mr5qjm","id":"7pqud0z09mr5qjm"},"id":"elg4vacmqjk6dez","previousOperationId":"8084tegz0vo7w2p"}
{"type":"log","timestamp":1705519470151,"level":"debug","message":"(console:log) Pdf utils adding group field, value: \"newsview\"","meta":{"userLevel":true,"rootId":"7pqud0z09mr5qjm","id":"7pqud0z09mr5qjm"},"id":"l013q3xauqthgjp","previousOperationId":"8084tegz0vo7w2p"}
{"type":"log","timestamp":1705519470151,"level":"debug","message":"(console:log) Pdf utils adding group field, value: \"http://google.com\"","meta":{"userLevel":true,"rootId":"7pqud0z09mr5qjm","id":"7pqud0z09mr5qjm"},"id":"jqipz5ua3pg71dj","previousOperationId":"8084tegz0vo7w2p"}
{"type":"operationEnd","operationId":"8084tegz0vo7w2p","timestamp":1705519470151,"id":"g34ttfobjpif7cz","previousEventId":"qi3eocn31zj3vvv","previousOperationId":"8084tegz0vo7w2p"}
{"type":"operationStart","subtype":"recipe","name":"chrome-pdf","timestamp":1705519470152,"id":"4oa2ihstg7kk79f","previousEventId":"g34ttfobjpif7cz","operationId":"ew4351irm036kwx","previousOperationId":"8084tegz0vo7w2p"}
{"type":"log","timestamp":1705519470152,"level":"debug","message":"Executing recipe chrome-pdf","meta":{"rootId":"7pqud0z09mr5qjm","id":"7pqud0z09mr5qjm"},"id":"evgar63yamr3fr7","previousOperationId":"ew4351irm036kwx"}
{"type":"log","timestamp":1705519470154,"level":"debug","message":"Converting with chrome HeadlessChrome/117.0.5938.149 using chrome-pool strategy","meta":{"rootId":"7pqud0z09mr5qjm","id":"7pqud0z09mr5qjm"},"id":"vwv20sktj7uka75","previousOperationId":"ew4351irm036kwx"}
{"type":"log","timestamp":1705519470281,"level":"debug","message":"Page request: GET (document) file:///C:/Users/juank/AppData/Local/Temp/jsreport/autocleanup/51ed4de8-9ed4-4727-84b3-1f3a857c5609-chrome-pdf.html","meta":{"rootId":"7pqud0z09mr5qjm","id":"7pqud0z09mr5qjm"},"id":"1uv2k41vi6ys5kr","previousOperationId":"ew4351irm036kwx"}
{"type":"log","timestamp":1705519470293,"level":"debug","message":"Page request: GET (stylesheet) https://cdnjs.cloudflare.com/ajax/libs/metro/4.1.5/css/metro.min.css","meta":{"rootId":"7pqud0z09mr5qjm","id":"7pqud0z09mr5qjm"},"id":"npwbk78k465s8rp","previousOperationId":"ew4351irm036kwx"}
{"type":"log","timestamp":1705519470294,"level":"debug","message":"Page request finished: GET (document) 200 file:///C:/Users/juank/AppData/Local/Temp/jsreport/autocleanup/51ed4de8-9ed4-4727-84b3-1f3a857c5609-chrome-pdf.html","meta":{"rootId":"7pqud0z09mr5qjm","id":"7pqud0z09mr5qjm"},"id":"9uxpf1ct9lrnbgk","previousOperationId":"ew4351irm036kwx"}
{"type":"log","timestamp":1705519470294,"level":"debug","message":"Page request: GET (script) https://cdnjs.cloudflare.com/ajax/libs/Chart.js/2.7.2/Chart.min.js","meta":{"rootId":"7pqud0z09mr5qjm","id":"7pqud0z09mr5qjm"},"id":"mt3lr50o81rmbzb","previousOperationId":"ew4351irm036kwx"}
{"type":"log","timestamp":1705519470311,"level":"debug","message":"Page request finished: GET (stylesheet) 200 https://cdnjs.cloudflare.com/ajax/libs/metro/4.1.5/css/metro.min.css","meta":{"rootId":"7pqud0z09mr5qjm","id":"7pqud0z09mr5qjm"},"id":"le3jb2ylbt3tlmu","previousOperationId":"ew4351irm036kwx"}
{"type":"log","timestamp":1705519470311,"level":"debug","message":"Page request finished: GET (script) 200 https://cdnjs.cloudflare.com/ajax/libs/Chart.js/2.7.2/Chart.min.js","meta":{"rootId":"7pqud0z09mr5qjm","id":"7pqud0z09mr5qjm"},"id":"c2e4uze2she9zx2","previousOperationId":"ew4351irm036kwx"}
{"type":"log","timestamp":1705519470315,"level":"warn","message":"Page error: \"undefined\" is not valid JSON\nJSON.parse (<anonymous>) , stack: SyntaxError: \"undefined\" is not valid JSON\nJSON.parse (<anonymous>)\n    at <anonymous> (file:///C:/Users/juank/AppData/Local/Temp/jsreport/autocleanup/51ed4de8-9ed4-4727-84b3-1f3a857c5609-chrome-pdf.html:28:29)","meta":{"rootId":"7pqud0z09mr5qjm","id":"7pqud0z09mr5qjm"},"id":"xjx1yap5owdiv6g","previousOperationId":"ew4351irm036kwx"}
{"type":"log","timestamp":1705519470316,"level":"warn","message":"Page error: \"undefined\" is not valid JSON\nJSON.parse (<anonymous>) , stack: SyntaxError: \"undefined\" is not valid JSON\nJSON.parse (<anonymous>)\n    at <anonymous> (file:///C:/Users/juank/AppData/Local/Temp/jsreport/autocleanup/51ed4de8-9ed4-4727-84b3-1f3a857c5609-chrome-pdf.html:78:29)","meta":{"rootId":"7pqud0z09mr5qjm","id":"7pqud0z09mr5qjm"},"id":"xvwn4rpdaxhwitt","previousOperationId":"ew4351irm036kwx"}
{"type":"log","timestamp":1705519470316,"level":"warn","message":"Page error: \"undefined\" is not valid JSON\nJSON.parse (<anonymous>) , stack: SyntaxError: \"undefined\" is not valid JSON\nJSON.parse (<anonymous>)\n    at <anonymous> (file:///C:/Users/juank/AppData/Local/Temp/jsreport/autocleanup/51ed4de8-9ed4-4727-84b3-1f3a857c5609-chrome-pdf.html:128:29)","meta":{"rootId":"7pqud0z09mr5qjm","id":"7pqud0z09mr5qjm"},"id":"k33w19uj2ky88te","previousOperationId":"ew4351irm036kwx"}
{"type":"log","timestamp":1705519470316,"level":"warn","message":"Page error: \"undefined\" is not valid JSON\nJSON.parse (<anonymous>) , stack: SyntaxError: \"undefined\" is not valid JSON\nJSON.parse (<anonymous>)\n    at <anonymous> (file:///C:/Users/juank/AppData/Local/Temp/jsreport/autocleanup/51ed4de8-9ed4-4727-84b3-1f3a857c5609-chrome-pdf.html:178:29)","meta":{"rootId":"7pqud0z09mr5qjm","id":"7pqud0z09mr5qjm"},"id":"cvrf2en1wul3ej6","previousOperationId":"ew4351irm036kwx"}
{"type":"log","timestamp":1705519470317,"level":"warn","message":"Page error: missing ) after argument list , stack: SyntaxError: missing ) after argument list","meta":{"rootId":"7pqud0z09mr5qjm","id":"7pqud0z09mr5qjm"},"id":"1th1jlof4t5x8sz","previousOperationId":"ew4351irm036kwx"}
{"type":"log","timestamp":1705519470335,"level":"debug","message":"Running chrome with params {\"printBackground\":true,\"timeout\":599943,\"margin\":{}}","meta":{"rootId":"7pqud0z09mr5qjm","id":"7pqud0z09mr5qjm"},"id":"fnbz1w4mzkacpyn","previousOperationId":"ew4351irm036kwx"}
{"type":"operationEnd","operationId":"ew4351irm036kwx","timestamp":1705519470388,"id":"wzjdk5m4xsbeotu","previousEventId":"4oa2ihstg7kk79f","previousOperationId":"ew4351irm036kwx"}
{"type":"log","timestamp":1705519470388,"level":"debug","message":"Skipping storing report.","meta":{"rootId":"7pqud0z09mr5qjm","id":"7pqud0z09mr5qjm"},"id":"2hwld615qn9dci7","previousOperationId":"ew4351irm036kwx"}
{"type":"log","timestamp":1705519470388,"level":"info","message":"Rendering request 19 finished in 292 ms","meta":{"rootId":"7pqud0z09mr5qjm","id":"7pqud0z09mr5qjm"},"id":"gavalgtnk68pds6","previousOperationId":"ew4351irm036kwx"}
{"type":"operationEnd","subtype":"render","operationId":"nr7yfxx9u675vvz","timestamp":1705519470388,"id":"b4sjxvqwzvrlfjk","previousEventId":"wzjdk5m4xsbeotu","previousOperationId":"ew4351irm036kwx"}
{"type":"operationEnd","doDiffs":false,"previousEventId":"l32gje1mukyd14a","previousOperationId":"jtk5gp6cehglfik","operationId":"jtk5gp6cehglfik","timestamp":1705519470394,"id":"vvawiyiahlbt00q"}
