{"type":"operationStart","subtype":"profile","data":{"_id":"kiQsT7oJYQX7UQSa","timestamp":"2024-01-12T15:56:42.539Z","state":"queued","mode":"standard","creationDate":"2024-01-12T15:56:42.544Z","modificationDate":"2024-01-12T15:56:42.544Z","shortid":"mWxWCPB","$entitySet":"profiles"},"doDiffs":false,"timestamp":1705075002542,"id":"87poqqkbl7wx3j0","previousOperationId":null,"operationId":"ertlohugmasjdnq"}
{"type":"log","level":"info","message":"Render request 3 queued for execution and waiting for available worker","previousOperationId":"ertlohugmasjdnq","timestamp":1705075002542,"id":"zqyjkcnj4hej73p"}
{"type":"operationStart","subtype":"render","name":"apps-main","previousOperationId":"ertlohugmasjdnq","timestamp":1705075002566,"id":"5guhtftgpx9jnnm","previousEventId":"87poqqkbl7wx3j0","operationId":"vq8ohsl9mlb30wy"}
{"type":"log","timestamp":1705075002566,"level":"info","message":"Starting rendering request 3","meta":{"rootId":"7xt8bytwea3bmsz","id":"7xt8bytwea3bmsz"},"id":"0ma0vwcovo0zxde","previousOperationId":"vq8ohsl9mlb30wy"}
{"type":"log","timestamp":1705075002568,"level":"info","message":"Rendering template { name: apps-main, recipe: chrome-pdf, engine: handlebars, preview: true }","meta":{"rootId":"7xt8bytwea3bmsz","id":"7xt8bytwea3bmsz"},"id":"zxu01oh66gzglql","previousOperationId":"vq8ohsl9mlb30wy"}
{"type":"log","timestamp":1705075002571,"level":"debug","message":"Data item not defined for this template.","meta":{"rootId":"7xt8bytwea3bmsz","id":"7xt8bytwea3bmsz"},"id":"89a00cvrsszd1ub","previousOperationId":"vq8ohsl9mlb30wy"}
{"type":"log","timestamp":1705075002576,"level":"debug","message":"Base url not specified, skipping its injection.","meta":{"rootId":"7xt8bytwea3bmsz","id":"7xt8bytwea3bmsz"},"id":"45krrrh4rthpyhm","previousOperationId":"vq8ohsl9mlb30wy"}
{"type":"operationStart","subtype":"engine","name":"handlebars","timestamp":1705075002577,"id":"lymu30pohs4bxix","previousEventId":"5guhtftgpx9jnnm","operationId":"35fdkesuxxo37fg","previousOperationId":"vq8ohsl9mlb30wy"}
{"type":"log","timestamp":1705075002578,"level":"debug","message":"Rendering engine handlebars","meta":{"rootId":"7xt8bytwea3bmsz","id":"7xt8bytwea3bmsz"},"id":"aqa8iv0i4aere8y","previousOperationId":"35fdkesuxxo37fg"}
{"type":"operationEnd","operationId":"35fdkesuxxo37fg","timestamp":1705075002612,"id":"3g0ps2r503pieyf","previousEventId":"lymu30pohs4bxix","previousOperationId":"35fdkesuxxo37fg"}
{"type":"operationStart","subtype":"recipe","name":"chrome-pdf","timestamp":1705075002613,"id":"1ax2ssxrvr5fazt","previousEventId":"3g0ps2r503pieyf","operationId":"9mu54uypixnv09b","previousOperationId":"35fdkesuxxo37fg"}
{"type":"log","timestamp":1705075002613,"level":"debug","message":"Executing recipe chrome-pdf","meta":{"rootId":"7xt8bytwea3bmsz","id":"7xt8bytwea3bmsz"},"id":"bj5jn4wvf6qfzeh","previousOperationId":"9mu54uypixnv09b"}
{"type":"log","timestamp":1705075002619,"level":"debug","message":"Converting with chrome HeadlessChrome/117.0.5938.149 using chrome-pool strategy","meta":{"rootId":"7xt8bytwea3bmsz","id":"7xt8bytwea3bmsz"},"id":"wl1wo2929005gxs","previousOperationId":"9mu54uypixnv09b"}
{"type":"log","timestamp":1705075002841,"level":"debug","message":"Page request: GET (document) file:///C:/Users/juank/AppData/Local/Temp/jsreport/autocleanup/95f368b0-87f5-475b-bbe3-8d36b3f4d3ee-chrome-pdf.html","meta":{"rootId":"7xt8bytwea3bmsz","id":"7xt8bytwea3bmsz"},"id":"uaydsk7pbq6ydde","previousOperationId":"9mu54uypixnv09b"}
{"type":"log","timestamp":1705075002859,"level":"debug","message":"Page request finished: GET (document) 200 file:///C:/Users/juank/AppData/Local/Temp/jsreport/autocleanup/95f368b0-87f5-475b-bbe3-8d36b3f4d3ee-chrome-pdf.html","meta":{"rootId":"7xt8bytwea3bmsz","id":"7xt8bytwea3bmsz"},"id":"jjr56xw1myo2n93","previousOperationId":"9mu54uypixnv09b"}
{"type":"log","timestamp":1705075002860,"level":"warn","message":"Page error: Unexpected token ';' , stack: SyntaxError: Unexpected token ';'","meta":{"rootId":"7xt8bytwea3bmsz","id":"7xt8bytwea3bmsz"},"id":"wkv7x5newt0tzbn","previousOperationId":"9mu54uypixnv09b"}
{"type":"log","timestamp":1705075002867,"level":"debug","message":"Running chrome with params {\"printBackground\":true,\"timeout\":59923,\"margin\":{}}","meta":{"rootId":"7xt8bytwea3bmsz","id":"7xt8bytwea3bmsz"},"id":"02gu8orq46mj7i5","previousOperationId":"9mu54uypixnv09b"}
{"type":"operationEnd","operationId":"9mu54uypixnv09b","timestamp":1705075002904,"id":"l1dn6l0l09pf5ht","previousEventId":"1ax2ssxrvr5fazt","previousOperationId":"9mu54uypixnv09b"}
{"type":"log","timestamp":1705075002904,"level":"debug","message":"Skipping storing report.","meta":{"rootId":"7xt8bytwea3bmsz","id":"7xt8bytwea3bmsz"},"id":"9re9jjirrs3ost7","previousOperationId":"9mu54uypixnv09b"}
{"type":"log","timestamp":1705075002904,"level":"info","message":"Rendering request 3 finished in 365 ms","meta":{"rootId":"7xt8bytwea3bmsz","id":"7xt8bytwea3bmsz"},"id":"kitl9fo9r8c2ekd","previousOperationId":"9mu54uypixnv09b"}
{"type":"operationEnd","subtype":"render","operationId":"vq8ohsl9mlb30wy","timestamp":1705075002904,"id":"i7w6rit5gf6zbw8","previousEventId":"l1dn6l0l09pf5ht","previousOperationId":"9mu54uypixnv09b"}
{"type":"operationEnd","doDiffs":false,"previousEventId":"87poqqkbl7wx3j0","previousOperationId":"ertlohugmasjdnq","operationId":"ertlohugmasjdnq","timestamp":1705075002921,"id":"ml30e0uly3lehv2"}
