{"type":"operationStart","subtype":"profile","data":{"_id":"NQzYFtg5DzJDcZOk","timestamp":"2024-01-17T20:12:25.918Z","state":"queued","mode":"standard","creationDate":"2024-01-17T20:12:25.921Z","modificationDate":"2024-01-17T20:12:25.921Z","shortid":"6Ot-04i","$entitySet":"profiles"},"doDiffs":false,"timestamp":1705522345919,"id":"eskq7s2w4zoyf1u","previousOperationId":null,"operationId":"bcayv4tntrhygvr"}
{"type":"log","level":"info","message":"Render request 46 queued for execution and waiting for available worker","previousOperationId":"bcayv4tntrhygvr","timestamp":1705522345920,"id":"nmeasqflcy83z1m"}
{"type":"operationStart","subtype":"render","name":"apps-main","previousOperationId":"bcayv4tntrhygvr","timestamp":1705522345932,"id":"6vtyo3rryi8k5g1","previousEventId":"eskq7s2w4zoyf1u","operationId":"xe4u1htjvyuyx9p"}
{"type":"log","timestamp":1705522345932,"level":"info","message":"Starting rendering request 46","meta":{"rootId":"7ywxcvulvptdmfn","id":"7ywxcvulvptdmfn"},"id":"x694k3wz4smchs8","previousOperationId":"xe4u1htjvyuyx9p"}
{"type":"log","timestamp":1705522345932,"level":"info","message":"Rendering template { name: apps-main, recipe: chrome-pdf, engine: handlebars, preview: true }","meta":{"rootId":"7ywxcvulvptdmfn","id":"7ywxcvulvptdmfn"},"id":"8mlbfbwkf5nf3vd","previousOperationId":"xe4u1htjvyuyx9p"}
{"type":"log","timestamp":1705522345933,"level":"debug","message":"Data item not defined for this template.","meta":{"rootId":"7ywxcvulvptdmfn","id":"7ywxcvulvptdmfn"},"id":"ns0nprs9xkbwhdt","previousOperationId":"xe4u1htjvyuyx9p"}
{"type":"log","timestamp":1705522345934,"level":"debug","message":"Executing script apps-script (beforeRender)","meta":{"rootId":"7ywxcvulvptdmfn","id":"7ywxcvulvptdmfn"},"id":"pir5u2eaxydr7wa","previousOperationId":"xe4u1htjvyuyx9p"}
{"type":"operationStart","subtype":"scriptsBeforeRender","name":"scripts beforeRender","timestamp":1705522345941,"id":"18gd8cumjy2fv7x","previousEventId":"6vtyo3rryi8k5g1","operationId":"136ks1e8x9pppyc","previousOperationId":"xe4u1htjvyuyx9p"}
{"type":"operationStart","subtype":"script","name":"scripts apps-script","previousOperationId":"136ks1e8x9pppyc","timestamp":1705522345941,"id":"io0nyaqsqxuxh7q","previousEventId":"18gd8cumjy2fv7x","operationId":"5uq9k6m0ejiakyc"}
{"type":"log","timestamp":1705522345944,"level":"debug","message":"(console:log) {\n  apps: [\n    {\n      id: 1,\n      icon: '1702583747.png',\n      URL: 'applicationsview',\n      created_at: '2023-12-14T15:19:05.000000Z',\n      updated_at: '2023-12-14T19:55:47.000000Z'\n    },\n    {\n      id: 2,\n      icon: '1702581234.jpg',\n      URL: 'employeesview',\n      created_at: '2023-12-14T19:13:54.000000Z',\n      updated_at: '2023-12-14T19:13:54.000000Z'\n    },\n    {\n      id: 3,\n      icon: '1702583822.png',\n      URL: 'rolesview',\n      created_at: '2023-12-14T19:57:02.000000Z',\n      updated_at: '2023-12-14T19:57:02.000000Z'\n    },\n    {\n      id: 4,\n      icon: '1702584040.png',\n      URL: 'newsview',\n      created_at: '2023-12-14T20:00:40.000000Z',\n      updated_at: '2023-12-14T20:00:40.000000Z'\n    },\n    {\n      id: 5,\n      icon: '1702658124.png',\n      URL: 'http://google.com',\n      created_at: '2023-12-15T16:35:24.000000Z',\n      updated_at: '2023-12-17T05:09:34.000000Z'\n    }\n  ],\n  accumulated: { labels: [ 'HTTP', 'No HTTP' ], datasets: [ [Object] ] }\n}","meta":{"userLevel":true,"rootId":"7ywxcvulvptdmfn","id":"7ywxcvulvptdmfn"},"id":"yd3iyhz6isinc11","previousOperationId":"5uq9k6m0ejiakyc"}
{"type":"operationEnd","operationId":"5uq9k6m0ejiakyc","timestamp":1705522345944,"id":"mfbxngci28ev0k0","previousEventId":"6vtyo3rryi8k5g1","previousOperationId":"xe4u1htjvyuyx9p"}
{"type":"operationEnd","operationId":"136ks1e8x9pppyc","timestamp":1705522345944,"id":"06qoi357y64kmu9","previousEventId":"mfbxngci28ev0k0","previousOperationId":"xe4u1htjvyuyx9p"}
{"type":"log","timestamp":1705522345944,"level":"debug","message":"Base url not specified, skipping its injection.","meta":{"rootId":"7ywxcvulvptdmfn","id":"7ywxcvulvptdmfn"},"id":"zpbifgqpgzsjum5","previousOperationId":"136ks1e8x9pppyc"}
{"type":"operationStart","subtype":"engine","name":"handlebars","timestamp":1705522345944,"id":"f0atzonok0b803c","previousEventId":"06qoi357y64kmu9","operationId":"fa1t4miv4l4gr5y","previousOperationId":"136ks1e8x9pppyc"}
{"type":"log","timestamp":1705522345944,"level":"debug","message":"Rendering engine handlebars","meta":{"rootId":"7ywxcvulvptdmfn","id":"7ywxcvulvptdmfn"},"id":"dtas0ae2ov6fefr","previousOperationId":"fa1t4miv4l4gr5y"}
{"type":"operationEnd","operationId":"fa1t4miv4l4gr5y","timestamp":1705522345960,"id":"5ji4zepcn7vf6ns","previousEventId":"f0atzonok0b803c","previousOperationId":"fa1t4miv4l4gr5y"}
{"type":"operationStart","subtype":"recipe","name":"chrome-pdf","timestamp":1705522345960,"id":"e4gnzccjtsungjm","previousEventId":"5ji4zepcn7vf6ns","operationId":"jxnc9uz1e2jqcjh","previousOperationId":"fa1t4miv4l4gr5y"}
{"type":"log","timestamp":1705522345961,"level":"debug","message":"Executing recipe chrome-pdf","meta":{"rootId":"7ywxcvulvptdmfn","id":"7ywxcvulvptdmfn"},"id":"vyyvu33bqillyjk","previousOperationId":"jxnc9uz1e2jqcjh"}
{"type":"log","timestamp":1705522345964,"level":"debug","message":"Converting with chrome HeadlessChrome/117.0.5938.149 using chrome-pool strategy","meta":{"rootId":"7ywxcvulvptdmfn","id":"7ywxcvulvptdmfn"},"id":"i6wgrs4n37gsdla","previousOperationId":"jxnc9uz1e2jqcjh"}
{"type":"log","timestamp":1705522346083,"level":"debug","message":"Page request: GET (document) file:///C:/Users/juank/AppData/Local/Temp/jsreport/autocleanup/314bb87d-7487-4ac2-b1f2-a1fd864d1dad-chrome-pdf.html","meta":{"rootId":"7ywxcvulvptdmfn","id":"7ywxcvulvptdmfn"},"id":"fzwka21rdc126kv","previousOperationId":"jxnc9uz1e2jqcjh"}
{"type":"log","timestamp":1705522346091,"level":"debug","message":"Page request: GET (stylesheet) https://cdnjs.cloudflare.com/ajax/libs/metro/4.1.5/css/metro.min.css","meta":{"rootId":"7ywxcvulvptdmfn","id":"7ywxcvulvptdmfn"},"id":"nu18ivkzf7wqneo","previousOperationId":"jxnc9uz1e2jqcjh"}
{"type":"log","timestamp":1705522346092,"level":"debug","message":"Page request: GET (script) https://cdnjs.cloudflare.com/ajax/libs/Chart.js/2.7.2/Chart.min.js","meta":{"rootId":"7ywxcvulvptdmfn","id":"7ywxcvulvptdmfn"},"id":"4srito28wmdg2ia","previousOperationId":"jxnc9uz1e2jqcjh"}
{"type":"log","timestamp":1705522346092,"level":"debug","message":"Page request finished: GET (document) 200 file:///C:/Users/juank/AppData/Local/Temp/jsreport/autocleanup/314bb87d-7487-4ac2-b1f2-a1fd864d1dad-chrome-pdf.html","meta":{"rootId":"7ywxcvulvptdmfn","id":"7ywxcvulvptdmfn"},"id":"bwlseyhwq12k7gf","previousOperationId":"jxnc9uz1e2jqcjh"}
{"type":"log","timestamp":1705522346108,"level":"debug","message":"Page request finished: GET (stylesheet) 200 https://cdnjs.cloudflare.com/ajax/libs/metro/4.1.5/css/metro.min.css","meta":{"rootId":"7ywxcvulvptdmfn","id":"7ywxcvulvptdmfn"},"id":"l24k6wvjc2ktzqu","previousOperationId":"jxnc9uz1e2jqcjh"}
{"type":"log","timestamp":1705522346109,"level":"debug","message":"Page request finished: GET (script) 200 https://cdnjs.cloudflare.com/ajax/libs/Chart.js/2.7.2/Chart.min.js","meta":{"rootId":"7ywxcvulvptdmfn","id":"7ywxcvulvptdmfn"},"id":"mu2ntjl3r7sncrb","previousOperationId":"jxnc9uz1e2jqcjh"}
{"type":"log","timestamp":1705522346113,"level":"warn","message":"Page error: Unexpected token '&' , stack: SyntaxError: Unexpected token '&'","meta":{"rootId":"7ywxcvulvptdmfn","id":"7ywxcvulvptdmfn"},"id":"3j5aht69e8y1o4x","previousOperationId":"jxnc9uz1e2jqcjh"}
{"type":"log","timestamp":1705522346130,"level":"debug","message":"Running chrome with params {\"printBackground\":true,\"timeout\":599955,\"margin\":{}}","meta":{"rootId":"7ywxcvulvptdmfn","id":"7ywxcvulvptdmfn"},"id":"4je5u0piy3ly5iu","previousOperationId":"jxnc9uz1e2jqcjh"}
{"type":"operationEnd","operationId":"jxnc9uz1e2jqcjh","timestamp":1705522346167,"id":"y4f1ugswdz1s37b","previousEventId":"e4gnzccjtsungjm","previousOperationId":"jxnc9uz1e2jqcjh"}
{"type":"log","timestamp":1705522346167,"level":"debug","message":"Skipping storing report.","meta":{"rootId":"7ywxcvulvptdmfn","id":"7ywxcvulvptdmfn"},"id":"ambygwlupj5kp2t","previousOperationId":"jxnc9uz1e2jqcjh"}
{"type":"log","timestamp":1705522346167,"level":"info","message":"Rendering request 46 finished in 249 ms","meta":{"rootId":"7ywxcvulvptdmfn","id":"7ywxcvulvptdmfn"},"id":"4alkc73j2yphpw8","previousOperationId":"jxnc9uz1e2jqcjh"}
{"type":"operationEnd","subtype":"render","operationId":"xe4u1htjvyuyx9p","timestamp":1705522346167,"id":"javi49do8d8wrc6","previousEventId":"y4f1ugswdz1s37b","previousOperationId":"jxnc9uz1e2jqcjh"}
{"type":"operationEnd","doDiffs":false,"previousEventId":"eskq7s2w4zoyf1u","previousOperationId":"bcayv4tntrhygvr","operationId":"bcayv4tntrhygvr","timestamp":1705522346179,"id":"3z11tmzwalf28r5"}
