{"type":"operationStart","subtype":"profile","data":{"_id":"tr5An9ZIfgIYR9oR","timestamp":"2024-01-31T22:11:48.535Z","state":"queued","mode":"standard","creationDate":"2024-01-31T22:11:48.537Z","modificationDate":"2024-01-31T22:11:48.537Z","shortid":"xh0b4hB","$entitySet":"profiles"},"doDiffs":false,"timestamp":1706739108536,"id":"mskd5oad6e3f7y7","previousOperationId":null,"operationId":"fwn7a7rz3fd7duh"}
{"type":"log","level":"info","message":"Render request 2 queued for execution and waiting for available worker","previousOperationId":"fwn7a7rz3fd7duh","timestamp":1706739108537,"id":"su09k3q4tg8ubm6"}
{"type":"operationStart","subtype":"render","name":"apps-main","previousOperationId":"fwn7a7rz3fd7duh","timestamp":1706739108553,"id":"1n5tlc3hb4wkj10","previousEventId":"mskd5oad6e3f7y7","operationId":"8jyvuzvosuevbgf"}
{"type":"log","timestamp":1706739108554,"level":"info","message":"Starting rendering request 2","meta":{"rootId":"81d2otpmh20tct0","id":"81d2otpmh20tct0"},"id":"g7iwhl6lo2747g6","previousOperationId":"8jyvuzvosuevbgf"}
{"type":"log","timestamp":1706739108555,"level":"info","message":"Rendering template { name: apps-main, recipe: chrome-pdf, engine: handlebars, preview: false }","meta":{"rootId":"81d2otpmh20tct0","id":"81d2otpmh20tct0"},"id":"ytb87dt7bgk0p30","previousOperationId":"8jyvuzvosuevbgf"}
{"type":"log","timestamp":1706739108557,"level":"debug","message":"Inline data specified.","meta":{"rootId":"81d2otpmh20tct0","id":"81d2otpmh20tct0"},"id":"3ljksr4ci63etys","previousOperationId":"8jyvuzvosuevbgf"}
{"type":"log","timestamp":1706739108562,"level":"debug","message":"Executing script apps-script (beforeRender)","meta":{"rootId":"81d2otpmh20tct0","id":"81d2otpmh20tct0"},"id":"ioe924ngoztphp6","previousOperationId":"8jyvuzvosuevbgf"}
{"type":"log","timestamp":1706739108983,"level":"debug","message":"Base url not specified, skipping its injection.","meta":{"rootId":"81d2otpmh20tct0","id":"81d2otpmh20tct0"},"id":"y2arrw2q908x9gc","previousOperationId":"8jyvuzvosuevbgf"}
{"type":"operationStart","subtype":"engine","name":"handlebars","timestamp":1706739108985,"id":"popy63up3zrjrbm","previousEventId":"1n5tlc3hb4wkj10","operationId":"ly8b26dlumoyoec","previousOperationId":"8jyvuzvosuevbgf"}
{"type":"log","timestamp":1706739108985,"level":"debug","message":"Rendering engine handlebars","meta":{"rootId":"81d2otpmh20tct0","id":"81d2otpmh20tct0"},"id":"fgnvkilws0hd41a","previousOperationId":"ly8b26dlumoyoec"}
{"type":"operationEnd","operationId":"ly8b26dlumoyoec","timestamp":1706739109506,"id":"0yb21v4kxdvzdfx","previousEventId":"popy63up3zrjrbm","previousOperationId":"ly8b26dlumoyoec"}
{"type":"operationStart","subtype":"recipe","name":"chrome-pdf","timestamp":1706739109508,"id":"73otsibtvly4rtc","previousEventId":"0yb21v4kxdvzdfx","operationId":"xe26p15x3skwxuo","previousOperationId":"ly8b26dlumoyoec"}
{"type":"log","timestamp":1706739109508,"level":"debug","message":"Executing recipe chrome-pdf","meta":{"rootId":"81d2otpmh20tct0","id":"81d2otpmh20tct0"},"id":"ud98f01ggj0nftj","previousOperationId":"xe26p15x3skwxuo"}
{"type":"log","timestamp":1706739110722,"level":"debug","message":"Converting with chrome HeadlessChrome/117.0.5938.149 using chrome-pool strategy","meta":{"rootId":"81d2otpmh20tct0","id":"81d2otpmh20tct0"},"id":"y6m5huuu5fnncm7","previousOperationId":"xe26p15x3skwxuo"}
{"type":"log","timestamp":1706739110929,"level":"debug","message":"Page request: GET (document) file:///C:/Users/juank/AppData/Local/Temp/jsreport/autocleanup/6ebbe56e-8d1a-40fb-b4bf-e428087c3f1a-chrome-pdf.html","meta":{"rootId":"81d2otpmh20tct0","id":"81d2otpmh20tct0"},"id":"fju6hktwap7h7b2","previousOperationId":"xe26p15x3skwxuo"}
{"type":"log","timestamp":1706739110941,"level":"debug","message":"Page request: GET (script) https://cdn.jsdelivr.net/npm/chart.js","meta":{"rootId":"81d2otpmh20tct0","id":"81d2otpmh20tct0"},"id":"y9ae5kfm3fmymte","previousOperationId":"xe26p15x3skwxuo"}
{"type":"log","timestamp":1706739110942,"level":"debug","message":"Page request finished: GET (document) 200 file:///C:/Users/juank/AppData/Local/Temp/jsreport/autocleanup/6ebbe56e-8d1a-40fb-b4bf-e428087c3f1a-chrome-pdf.html","meta":{"rootId":"81d2otpmh20tct0","id":"81d2otpmh20tct0"},"id":"tpkgmxse5ere3w2","previousOperationId":"xe26p15x3skwxuo"}
{"type":"log","timestamp":1706739111727,"level":"debug","message":"Page request finished: GET (script) 200 https://cdn.jsdelivr.net/npm/chart.js","meta":{"rootId":"81d2otpmh20tct0","id":"81d2otpmh20tct0"},"id":"xah0ji4442972am","previousOperationId":"xe26p15x3skwxuo"}
{"type":"log","timestamp":1706739111801,"level":"debug","message":"Running chrome with params {\"printBackground\":true,\"timeout\":598097,\"margin\":{}}","meta":{"rootId":"81d2otpmh20tct0","id":"81d2otpmh20tct0"},"id":"xu2ltn923dwsjy9","previousOperationId":"xe26p15x3skwxuo"}
{"type":"operationEnd","operationId":"xe26p15x3skwxuo","timestamp":1706739111839,"id":"1vzb5yw1jv4hc6s","previousEventId":"73otsibtvly4rtc","previousOperationId":"xe26p15x3skwxuo"}
{"type":"log","timestamp":1706739111841,"level":"debug","message":"Skipping storing report.","meta":{"rootId":"81d2otpmh20tct0","id":"81d2otpmh20tct0"},"id":"y5k3xbbkq6h41rd","previousOperationId":"xe26p15x3skwxuo"}
{"type":"log","timestamp":1706739111841,"level":"info","message":"Rendering request 2 finished in 3307 ms","meta":{"rootId":"81d2otpmh20tct0","id":"81d2otpmh20tct0"},"id":"utmclkppdzo3wii","previousOperationId":"xe26p15x3skwxuo"}
{"type":"operationEnd","subtype":"render","operationId":"8jyvuzvosuevbgf","timestamp":1706739111841,"id":"ixmocrgpby66533","previousEventId":"1vzb5yw1jv4hc6s","previousOperationId":"xe26p15x3skwxuo"}
{"type":"operationEnd","doDiffs":false,"previousEventId":"mskd5oad6e3f7y7","previousOperationId":"fwn7a7rz3fd7duh","operationId":"fwn7a7rz3fd7duh","timestamp":1706739111845,"id":"psrskfv7db5b1v6"}
