{"type":"operationStart","subtype":"profile","data":{"_id":"LmxlXLwI9zGrSTnK","timestamp":"2024-01-17T20:14:57.015Z","state":"queued","mode":"standard","creationDate":"2024-01-17T20:14:57.018Z","modificationDate":"2024-01-17T20:14:57.018Z","shortid":"EBwMIhW","$entitySet":"profiles"},"doDiffs":false,"timestamp":1705522497017,"id":"im51qx4l4rcjkpa","previousOperationId":null,"operationId":"qtuf5fsb05s0y4d"}
{"type":"log","level":"info","message":"Render request 52 queued for execution and waiting for available worker","previousOperationId":"qtuf5fsb05s0y4d","timestamp":1705522497017,"id":"l7fhedu8ppai7ku"}
{"type":"operationStart","subtype":"render","name":"apps-main","previousOperationId":"qtuf5fsb05s0y4d","timestamp":1705522497028,"id":"2c366iu7sqwk34l","previousEventId":"im51qx4l4rcjkpa","operationId":"n7fptt6ouyj45gh"}
{"type":"log","timestamp":1705522497028,"level":"info","message":"Starting rendering request 52","meta":{"rootId":"83998cxbymmqrhk","id":"83998cxbymmqrhk"},"id":"d9ddjd6a6rx9hty","previousOperationId":"n7fptt6ouyj45gh"}
{"type":"log","timestamp":1705522497028,"level":"info","message":"Rendering template { name: apps-main, recipe: chrome-pdf, engine: handlebars, preview: true }","meta":{"rootId":"83998cxbymmqrhk","id":"83998cxbymmqrhk"},"id":"f8b9s9wuzgm4kuc","previousOperationId":"n7fptt6ouyj45gh"}
{"type":"log","timestamp":1705522497029,"level":"debug","message":"Data item not defined for this template.","meta":{"rootId":"83998cxbymmqrhk","id":"83998cxbymmqrhk"},"id":"6h7j8sa61iwq42s","previousOperationId":"n7fptt6ouyj45gh"}
{"type":"log","timestamp":1705522497031,"level":"debug","message":"Executing script apps-script (beforeRender)","meta":{"rootId":"83998cxbymmqrhk","id":"83998cxbymmqrhk"},"id":"4doa4p0p3xef8l7","previousOperationId":"n7fptt6ouyj45gh"}
{"type":"operationStart","subtype":"scriptsBeforeRender","name":"scripts beforeRender","timestamp":1705522497037,"id":"wdet0ugo3f02wyq","previousEventId":"2c366iu7sqwk34l","operationId":"0hhf8pv6fmmratr","previousOperationId":"n7fptt6ouyj45gh"}
{"type":"operationStart","subtype":"script","name":"scripts apps-script","previousOperationId":"0hhf8pv6fmmratr","timestamp":1705522497037,"id":"cnxovm46dwx8evr","previousEventId":"wdet0ugo3f02wyq","operationId":"xg8953n2bqtrk0l"}
{"type":"log","timestamp":1705522497040,"level":"debug","message":"(console:log) {\n  apps: [\n    {\n      id: 1,\n      icon: '1702583747.png',\n      URL: 'applicationsview',\n      created_at: '2023-12-14T15:19:05.000000Z',\n      updated_at: '2023-12-14T19:55:47.000000Z'\n    },\n    {\n      id: 2,\n      icon: '1702581234.jpg',\n      URL: 'employeesview',\n      created_at: '2023-12-14T19:13:54.000000Z',\n      updated_at: '2023-12-14T19:13:54.000000Z'\n    },\n    {\n      id: 3,\n      icon: '1702583822.png',\n      URL: 'rolesview',\n      created_at: '2023-12-14T19:57:02.000000Z',\n      updated_at: '2023-12-14T19:57:02.000000Z'\n    },\n    {\n      id: 4,\n      icon: '1702584040.png',\n      URL: 'newsview',\n      created_at: '2023-12-14T20:00:40.000000Z',\n      updated_at: '2023-12-14T20:00:40.000000Z'\n    },\n    {\n      id: 5,\n      icon: '1702658124.png',\n      URL: 'http://google.com',\n      created_at: '2023-12-15T16:35:24.000000Z',\n      updated_at: '2023-12-17T05:09:34.000000Z'\n    }\n  ],\n  accumulated: { labels: [ 'HTTP', 'No HTTP' ], datasets: [ [Object] ] }\n}","meta":{"userLevel":true,"rootId":"83998cxbymmqrhk","id":"83998cxbymmqrhk"},"id":"97b5w2o2z2piohn","previousOperationId":"xg8953n2bqtrk0l"}
{"type":"operationEnd","operationId":"xg8953n2bqtrk0l","timestamp":1705522497040,"id":"6btc2hpnnzg0j9l","previousEventId":"2c366iu7sqwk34l","previousOperationId":"n7fptt6ouyj45gh"}
{"type":"operationEnd","operationId":"0hhf8pv6fmmratr","timestamp":1705522497040,"id":"gyc106ctdljzqcc","previousEventId":"6btc2hpnnzg0j9l","previousOperationId":"n7fptt6ouyj45gh"}
{"type":"log","timestamp":1705522497041,"level":"debug","message":"Base url not specified, skipping its injection.","meta":{"rootId":"83998cxbymmqrhk","id":"83998cxbymmqrhk"},"id":"edwbytfnxeloyv5","previousOperationId":"0hhf8pv6fmmratr"}
{"type":"operationStart","subtype":"engine","name":"handlebars","timestamp":1705522497041,"id":"u41wccjea8ry4ep","previousEventId":"gyc106ctdljzqcc","operationId":"osssw4huhenlkxb","previousOperationId":"0hhf8pv6fmmratr"}
{"type":"log","timestamp":1705522497041,"level":"debug","message":"Rendering engine handlebars","meta":{"rootId":"83998cxbymmqrhk","id":"83998cxbymmqrhk"},"id":"545wer24e758nsa","previousOperationId":"osssw4huhenlkxb"}
{"type":"operationEnd","operationId":"osssw4huhenlkxb","timestamp":1705522497056,"id":"w5zw337e3h48dsn","previousEventId":"u41wccjea8ry4ep","previousOperationId":"osssw4huhenlkxb"}
{"type":"operationStart","subtype":"recipe","name":"chrome-pdf","timestamp":1705522497056,"id":"h33er2mw0apooxn","previousEventId":"w5zw337e3h48dsn","operationId":"d5jevfz9oz6j7c0","previousOperationId":"osssw4huhenlkxb"}
{"type":"log","timestamp":1705522497056,"level":"debug","message":"Executing recipe chrome-pdf","meta":{"rootId":"83998cxbymmqrhk","id":"83998cxbymmqrhk"},"id":"xipzs4jhfj043un","previousOperationId":"d5jevfz9oz6j7c0"}
{"type":"log","timestamp":1705522497059,"level":"debug","message":"Converting with chrome HeadlessChrome/117.0.5938.149 using chrome-pool strategy","meta":{"rootId":"83998cxbymmqrhk","id":"83998cxbymmqrhk"},"id":"1wpgv5hv8ez2cp5","previousOperationId":"d5jevfz9oz6j7c0"}
{"type":"log","timestamp":1705522497165,"level":"debug","message":"Page request: GET (document) file:///C:/Users/juank/AppData/Local/Temp/jsreport/autocleanup/8c89e040-dacd-43ac-94d1-764faef80af4-chrome-pdf.html","meta":{"rootId":"83998cxbymmqrhk","id":"83998cxbymmqrhk"},"id":"xht86amz5u3fcr1","previousOperationId":"d5jevfz9oz6j7c0"}
{"type":"log","timestamp":1705522497177,"level":"debug","message":"Page request: GET (stylesheet) https://cdnjs.cloudflare.com/ajax/libs/metro/4.1.5/css/metro.min.css","meta":{"rootId":"83998cxbymmqrhk","id":"83998cxbymmqrhk"},"id":"b4udm3fbwvsr6qe","previousOperationId":"d5jevfz9oz6j7c0"}
{"type":"log","timestamp":1705522497177,"level":"debug","message":"Page request: GET (script) https://cdnjs.cloudflare.com/ajax/libs/Chart.js/2.7.2/Chart.min.js","meta":{"rootId":"83998cxbymmqrhk","id":"83998cxbymmqrhk"},"id":"jxos2ggkqg0my4g","previousOperationId":"d5jevfz9oz6j7c0"}
{"type":"log","timestamp":1705522497178,"level":"debug","message":"Page request finished: GET (document) 200 file:///C:/Users/juank/AppData/Local/Temp/jsreport/autocleanup/8c89e040-dacd-43ac-94d1-764faef80af4-chrome-pdf.html","meta":{"rootId":"83998cxbymmqrhk","id":"83998cxbymmqrhk"},"id":"ylcl27ysxz1a1yb","previousOperationId":"d5jevfz9oz6j7c0"}
{"type":"log","timestamp":1705522497193,"level":"debug","message":"Page request finished: GET (stylesheet) 200 https://cdnjs.cloudflare.com/ajax/libs/metro/4.1.5/css/metro.min.css","meta":{"rootId":"83998cxbymmqrhk","id":"83998cxbymmqrhk"},"id":"e9id5u3vejhuob1","previousOperationId":"d5jevfz9oz6j7c0"}
{"type":"log","timestamp":1705522497193,"level":"debug","message":"Page request finished: GET (script) 200 https://cdnjs.cloudflare.com/ajax/libs/Chart.js/2.7.2/Chart.min.js","meta":{"rootId":"83998cxbymmqrhk","id":"83998cxbymmqrhk"},"id":"b48u1mrrwy78h6c","previousOperationId":"d5jevfz9oz6j7c0"}
{"type":"log","timestamp":1705522497197,"level":"warn","message":"Page error: Unexpected token '&' , stack: SyntaxError: Unexpected token '&'","meta":{"rootId":"83998cxbymmqrhk","id":"83998cxbymmqrhk"},"id":"ckfkz3pqcyug3zl","previousOperationId":"d5jevfz9oz6j7c0"}
{"type":"log","timestamp":1705522497212,"level":"debug","message":"Running chrome with params {\"printBackground\":true,\"timeout\":599957,\"margin\":{}}","meta":{"rootId":"83998cxbymmqrhk","id":"83998cxbymmqrhk"},"id":"tsqgna3i049ysq9","previousOperationId":"d5jevfz9oz6j7c0"}
{"type":"operationEnd","operationId":"d5jevfz9oz6j7c0","timestamp":1705522497237,"id":"hqihwwa7l8nrzgo","previousEventId":"h33er2mw0apooxn","previousOperationId":"d5jevfz9oz6j7c0"}
{"type":"log","timestamp":1705522497237,"level":"debug","message":"Skipping storing report.","meta":{"rootId":"83998cxbymmqrhk","id":"83998cxbymmqrhk"},"id":"gb0gg1kgguiapw1","previousOperationId":"d5jevfz9oz6j7c0"}
{"type":"log","timestamp":1705522497237,"level":"info","message":"Rendering request 52 finished in 222 ms","meta":{"rootId":"83998cxbymmqrhk","id":"83998cxbymmqrhk"},"id":"n1yhcqg25bji6jk","previousOperationId":"d5jevfz9oz6j7c0"}
{"type":"operationEnd","subtype":"render","operationId":"n7fptt6ouyj45gh","timestamp":1705522497237,"id":"eh6xkt5fddslfta","previousEventId":"hqihwwa7l8nrzgo","previousOperationId":"d5jevfz9oz6j7c0"}
{"type":"operationEnd","doDiffs":false,"previousEventId":"im51qx4l4rcjkpa","previousOperationId":"qtuf5fsb05s0y4d","operationId":"qtuf5fsb05s0y4d","timestamp":1705522497247,"id":"oz3hu0z81xti3rv"}
