{"type":"operationStart","subtype":"profile","data":{"_id":"BhUQRScYORr7t410","timestamp":"2024-01-18T17:09:29.619Z","state":"queued","mode":"standard","creationDate":"2024-01-18T17:09:29.625Z","modificationDate":"2024-01-18T17:09:29.625Z","shortid":"5_zxEC8","$entitySet":"profiles"},"doDiffs":false,"timestamp":1705597769623,"id":"7kjv3csnwioxdmr","previousOperationId":null,"operationId":"ls3hsm0fm61p603"}
{"type":"log","level":"info","message":"Render request 14 queued for execution and waiting for available worker","previousOperationId":"ls3hsm0fm61p603","timestamp":1705597769624,"id":"6nc5pg54w4nlj4u"}
{"type":"operationStart","subtype":"render","name":"apps-main","previousOperationId":"ls3hsm0fm61p603","timestamp":1705597769648,"id":"oup821ztjay8bic","previousEventId":"7kjv3csnwioxdmr","operationId":"afs6sgo0n2ocngl"}
{"type":"log","timestamp":1705597769649,"level":"info","message":"Starting rendering request 14","meta":{"rootId":"85xbzcv7ayx3zou","id":"85xbzcv7ayx3zou"},"id":"5xf5o4psdtbpkrn","previousOperationId":"afs6sgo0n2ocngl"}
{"type":"log","timestamp":1705597769650,"level":"info","message":"Rendering template { name: apps-main, recipe: chrome-pdf, engine: handlebars, preview: true }","meta":{"rootId":"85xbzcv7ayx3zou","id":"85xbzcv7ayx3zou"},"id":"pikcetmqsf6nt9m","previousOperationId":"afs6sgo0n2ocngl"}
{"type":"log","timestamp":1705597769651,"level":"debug","message":"Data item not defined for this template.","meta":{"rootId":"85xbzcv7ayx3zou","id":"85xbzcv7ayx3zou"},"id":"927m76boob8wse1","previousOperationId":"afs6sgo0n2ocngl"}
{"type":"log","timestamp":1705597769656,"level":"debug","message":"Executing script apps-script (beforeRender)","meta":{"rootId":"85xbzcv7ayx3zou","id":"85xbzcv7ayx3zou"},"id":"23ym2m2et9jk4j3","previousOperationId":"afs6sgo0n2ocngl"}
{"type":"log","timestamp":1705597769671,"level":"debug","message":"Base url not specified, skipping its injection.","meta":{"rootId":"85xbzcv7ayx3zou","id":"85xbzcv7ayx3zou"},"id":"tm1753g3zijq1sr","previousOperationId":"afs6sgo0n2ocngl"}
{"type":"operationStart","subtype":"engine","name":"handlebars","timestamp":1705597769671,"id":"im7q2h36upr5wmb","previousEventId":"oup821ztjay8bic","operationId":"kvpi2jumpwmzhtf","previousOperationId":"afs6sgo0n2ocngl"}
{"type":"log","timestamp":1705597769671,"level":"debug","message":"Rendering engine handlebars","meta":{"rootId":"85xbzcv7ayx3zou","id":"85xbzcv7ayx3zou"},"id":"bi54bb4fmqkp6v2","previousOperationId":"kvpi2jumpwmzhtf"}
{"type":"operationEnd","operationId":"kvpi2jumpwmzhtf","timestamp":1705597769697,"id":"5u6s4anah779euy","previousEventId":"im7q2h36upr5wmb","previousOperationId":"kvpi2jumpwmzhtf"}
{"type":"operationStart","subtype":"recipe","name":"chrome-pdf","timestamp":1705597769697,"id":"kwjj7stt7pew47j","previousEventId":"5u6s4anah779euy","operationId":"7uzag04cnnoj0qo","previousOperationId":"kvpi2jumpwmzhtf"}
{"type":"log","timestamp":1705597769697,"level":"debug","message":"Executing recipe chrome-pdf","meta":{"rootId":"85xbzcv7ayx3zou","id":"85xbzcv7ayx3zou"},"id":"9phuxs80w3tn77p","previousOperationId":"7uzag04cnnoj0qo"}
{"type":"log","timestamp":1705597769702,"level":"debug","message":"Converting with chrome HeadlessChrome/117.0.5938.149 using chrome-pool strategy","meta":{"rootId":"85xbzcv7ayx3zou","id":"85xbzcv7ayx3zou"},"id":"hkun7gzgvnigj2o","previousOperationId":"7uzag04cnnoj0qo"}
{"type":"log","timestamp":1705597769882,"level":"debug","message":"Page request: GET (document) file:///C:/Users/juank/AppData/Local/Temp/jsreport/autocleanup/d035c3c3-7a8a-4bac-bad1-ee58c128c2fc-chrome-pdf.html","meta":{"rootId":"85xbzcv7ayx3zou","id":"85xbzcv7ayx3zou"},"id":"tu9kru6ivtoqkah","previousOperationId":"7uzag04cnnoj0qo"}
{"type":"log","timestamp":1705597769896,"level":"debug","message":"Page request: GET (script) https://cdn.jsdelivr.net/npm/chart.js","meta":{"rootId":"85xbzcv7ayx3zou","id":"85xbzcv7ayx3zou"},"id":"1ois8gihpvh1hfm","previousOperationId":"7uzag04cnnoj0qo"}
{"type":"log","timestamp":1705597769897,"level":"debug","message":"Page request finished: GET (document) 200 file:///C:/Users/juank/AppData/Local/Temp/jsreport/autocleanup/d035c3c3-7a8a-4bac-bad1-ee58c128c2fc-chrome-pdf.html","meta":{"rootId":"85xbzcv7ayx3zou","id":"85xbzcv7ayx3zou"},"id":"5w62k1pbs3smm0p","previousOperationId":"7uzag04cnnoj0qo"}
{"type":"log","timestamp":1705597769903,"level":"debug","message":"Page request finished: GET (script) 200 https://cdn.jsdelivr.net/npm/chart.js","meta":{"rootId":"85xbzcv7ayx3zou","id":"85xbzcv7ayx3zou"},"id":"6ct988n1jaepdao","previousOperationId":"7uzag04cnnoj0qo"}
{"type":"log","timestamp":1705597769967,"level":"debug","message":"Running chrome with params {\"printBackground\":true,\"timeout\":599918,\"margin\":{}}","meta":{"rootId":"85xbzcv7ayx3zou","id":"85xbzcv7ayx3zou"},"id":"ozj2uu538ol4x5m","previousOperationId":"7uzag04cnnoj0qo"}
{"type":"operationEnd","operationId":"7uzag04cnnoj0qo","timestamp":1705597770005,"id":"eqdcwfr4rsegdn6","previousEventId":"kwjj7stt7pew47j","previousOperationId":"7uzag04cnnoj0qo"}
{"type":"log","timestamp":1705597770005,"level":"debug","message":"Skipping storing report.","meta":{"rootId":"85xbzcv7ayx3zou","id":"85xbzcv7ayx3zou"},"id":"ud5q1mzsubsgwm7","previousOperationId":"7uzag04cnnoj0qo"}
{"type":"log","timestamp":1705597770005,"level":"info","message":"Rendering request 14 finished in 386 ms","meta":{"rootId":"85xbzcv7ayx3zou","id":"85xbzcv7ayx3zou"},"id":"zalsy22f99d5dvj","previousOperationId":"7uzag04cnnoj0qo"}
{"type":"operationEnd","subtype":"render","operationId":"afs6sgo0n2ocngl","timestamp":1705597770005,"id":"b5em2wsnybfsbh8","previousEventId":"eqdcwfr4rsegdn6","previousOperationId":"7uzag04cnnoj0qo"}
{"type":"operationEnd","doDiffs":false,"previousEventId":"7kjv3csnwioxdmr","previousOperationId":"ls3hsm0fm61p603","operationId":"ls3hsm0fm61p603","timestamp":1705597770013,"id":"4rt2hnul5ofsu3r"}
