{"type":"operationStart","subtype":"profile","data":{"_id":"CARZLOCMovc7HKGA","timestamp":"2024-01-18T16:51:07.627Z","state":"queued","mode":"standard","creationDate":"2024-01-18T16:51:07.632Z","modificationDate":"2024-01-18T16:51:07.632Z","shortid":"xHWvYr5","$entitySet":"profiles"},"doDiffs":false,"timestamp":1705596667629,"id":"zvwiey0vk8lwg0z","previousOperationId":null,"operationId":"4i7avvgqs4rmx9v"}
{"type":"log","level":"info","message":"Render request 4 queued for execution and waiting for available worker","previousOperationId":"4i7avvgqs4rmx9v","timestamp":1705596667630,"id":"4lyobukelxt851n"}
{"type":"operationStart","subtype":"render","name":"apps-main","previousOperationId":"4i7avvgqs4rmx9v","timestamp":1705596667652,"id":"9f63wjt50v3lltm","previousEventId":"zvwiey0vk8lwg0z","operationId":"1qlmof5zbysgz4i"}
{"type":"log","timestamp":1705596667652,"level":"info","message":"Starting rendering request 4","meta":{"rootId":"9482jmsxfchjtbz","id":"9482jmsxfchjtbz"},"id":"h3khzq5wf036z72","previousOperationId":"1qlmof5zbysgz4i"}
{"type":"log","timestamp":1705596667653,"level":"info","message":"Rendering template { name: apps-main, recipe: chrome-pdf, engine: handlebars, preview: true }","meta":{"rootId":"9482jmsxfchjtbz","id":"9482jmsxfchjtbz"},"id":"22bdqmf1b5rsljy","previousOperationId":"1qlmof5zbysgz4i"}
{"type":"log","timestamp":1705596667654,"level":"debug","message":"Data item not defined for this template.","meta":{"rootId":"9482jmsxfchjtbz","id":"9482jmsxfchjtbz"},"id":"jnl3kxp2g696e8h","previousOperationId":"1qlmof5zbysgz4i"}
{"type":"log","timestamp":1705596667660,"level":"debug","message":"Executing script apps-script (beforeRender)","meta":{"rootId":"9482jmsxfchjtbz","id":"9482jmsxfchjtbz"},"id":"72x2riizoes3kzc","previousOperationId":"1qlmof5zbysgz4i"}
{"type":"log","timestamp":1705596667693,"level":"debug","message":"Base url not specified, skipping its injection.","meta":{"rootId":"9482jmsxfchjtbz","id":"9482jmsxfchjtbz"},"id":"7e0gb0fccgkqf93","previousOperationId":"1qlmof5zbysgz4i"}
{"type":"operationStart","subtype":"engine","name":"handlebars","timestamp":1705596667694,"id":"utdml5mth93g6dr","previousEventId":"9f63wjt50v3lltm","operationId":"qr9hx6sjy8hh2k3","previousOperationId":"1qlmof5zbysgz4i"}
{"type":"log","timestamp":1705596667694,"level":"debug","message":"Rendering engine handlebars","meta":{"rootId":"9482jmsxfchjtbz","id":"9482jmsxfchjtbz"},"id":"zqzctealzwkg8ot","previousOperationId":"qr9hx6sjy8hh2k3"}
{"type":"operationEnd","operationId":"qr9hx6sjy8hh2k3","timestamp":1705596667713,"id":"fa2he7vk91m1t6m","previousEventId":"utdml5mth93g6dr","previousOperationId":"qr9hx6sjy8hh2k3"}
{"type":"operationStart","subtype":"recipe","name":"chrome-pdf","timestamp":1705596667715,"id":"v3mmknf4qjgnv91","previousEventId":"fa2he7vk91m1t6m","operationId":"4j64413pwxzs56p","previousOperationId":"qr9hx6sjy8hh2k3"}
{"type":"log","timestamp":1705596667715,"level":"debug","message":"Executing recipe chrome-pdf","meta":{"rootId":"9482jmsxfchjtbz","id":"9482jmsxfchjtbz"},"id":"ka3se6ef8827gih","previousOperationId":"4j64413pwxzs56p"}
{"type":"log","timestamp":1705596667733,"level":"debug","message":"Converting with chrome HeadlessChrome/117.0.5938.149 using chrome-pool strategy","meta":{"rootId":"9482jmsxfchjtbz","id":"9482jmsxfchjtbz"},"id":"b05gpks7w1sq930","previousOperationId":"4j64413pwxzs56p"}
{"type":"log","timestamp":1705596667977,"level":"debug","message":"Page request: GET (document) file:///C:/Users/juank/AppData/Local/Temp/jsreport/autocleanup/30e24530-3bf3-4889-9e4f-a3858c53437a-chrome-pdf.html","meta":{"rootId":"9482jmsxfchjtbz","id":"9482jmsxfchjtbz"},"id":"79t66hz8wyt7p5a","previousOperationId":"4j64413pwxzs56p"}
{"type":"log","timestamp":1705596667990,"level":"debug","message":"Page request: GET (script) https://cdn.jsdelivr.net/npm/chart.js","meta":{"rootId":"9482jmsxfchjtbz","id":"9482jmsxfchjtbz"},"id":"gsk7cv6nos6n9bg","previousOperationId":"4j64413pwxzs56p"}
{"type":"log","timestamp":1705596667992,"level":"debug","message":"Page request finished: GET (document) 200 file:///C:/Users/juank/AppData/Local/Temp/jsreport/autocleanup/30e24530-3bf3-4889-9e4f-a3858c53437a-chrome-pdf.html","meta":{"rootId":"9482jmsxfchjtbz","id":"9482jmsxfchjtbz"},"id":"sdl9jbcnvup0cto","previousOperationId":"4j64413pwxzs56p"}
{"type":"log","timestamp":1705596668014,"level":"debug","message":"Page request finished: GET (script) 200 https://cdn.jsdelivr.net/npm/chart.js","meta":{"rootId":"9482jmsxfchjtbz","id":"9482jmsxfchjtbz"},"id":"vxrhlsh7pmyoxuf","previousOperationId":"4j64413pwxzs56p"}
{"type":"log","timestamp":1705596668101,"level":"debug","message":"Running chrome with params {\"printBackground\":true,\"timeout\":599899,\"margin\":{}}","meta":{"rootId":"9482jmsxfchjtbz","id":"9482jmsxfchjtbz"},"id":"kjtdhngngzslsr5","previousOperationId":"4j64413pwxzs56p"}
{"type":"operationEnd","operationId":"4j64413pwxzs56p","timestamp":1705596668138,"id":"hfmglntpd6kyg2e","previousEventId":"v3mmknf4qjgnv91","previousOperationId":"4j64413pwxzs56p"}
{"type":"log","timestamp":1705596668138,"level":"debug","message":"Skipping storing report.","meta":{"rootId":"9482jmsxfchjtbz","id":"9482jmsxfchjtbz"},"id":"trek6ys5eb1nqrm","previousOperationId":"4j64413pwxzs56p"}
{"type":"log","timestamp":1705596668138,"level":"info","message":"Rendering request 4 finished in 511 ms","meta":{"rootId":"9482jmsxfchjtbz","id":"9482jmsxfchjtbz"},"id":"ype7b3iekxmjtio","previousOperationId":"4j64413pwxzs56p"}
{"type":"operationEnd","subtype":"render","operationId":"1qlmof5zbysgz4i","timestamp":1705596668139,"id":"nuawhzwn5u2jbe3","previousEventId":"hfmglntpd6kyg2e","previousOperationId":"4j64413pwxzs56p"}
{"type":"operationEnd","doDiffs":false,"previousEventId":"zvwiey0vk8lwg0z","previousOperationId":"4i7avvgqs4rmx9v","operationId":"4i7avvgqs4rmx9v","timestamp":1705596668159,"id":"qhyf0tof2d5s0dh"}
