{"type":"operationStart","subtype":"profile","data":{"_id":"b5TIWYE7CmQHfx5h","timestamp":"2024-01-18T17:06:04.849Z","state":"queued","mode":"standard","creationDate":"2024-01-18T17:06:04.854Z","modificationDate":"2024-01-18T17:06:04.854Z","shortid":"xUrNzcY","$entitySet":"profiles"},"doDiffs":false,"timestamp":1705597564851,"id":"46gsi9nqqeh0o5j","previousOperationId":null,"operationId":"uyk2jyk5xk33ved"}
{"type":"log","level":"info","message":"Render request 13 queued for execution and waiting for available worker","previousOperationId":"uyk2jyk5xk33ved","timestamp":1705597564851,"id":"hi5yqcb9h60fhtg"}
{"type":"operationStart","subtype":"render","name":"apps-main","previousOperationId":"uyk2jyk5xk33ved","timestamp":1705597564883,"id":"wtynquqj42690x5","previousEventId":"46gsi9nqqeh0o5j","operationId":"3jzd2nwcg3i5p0z"}
{"type":"log","timestamp":1705597564886,"level":"info","message":"Starting rendering request 13","meta":{"rootId":"97wp3zquk5pkxff","id":"97wp3zquk5pkxff"},"id":"hpxbk3xr14ki0lc","previousOperationId":"3jzd2nwcg3i5p0z"}
{"type":"log","timestamp":1705597564887,"level":"info","message":"Rendering template { name: apps-main, recipe: chrome-pdf, engine: handlebars, preview: true }","meta":{"rootId":"97wp3zquk5pkxff","id":"97wp3zquk5pkxff"},"id":"70q5ju79abhwyqu","previousOperationId":"3jzd2nwcg3i5p0z"}
{"type":"log","timestamp":1705597564889,"level":"debug","message":"Data item not defined for this template.","meta":{"rootId":"97wp3zquk5pkxff","id":"97wp3zquk5pkxff"},"id":"3dvwig3vl8r8amd","previousOperationId":"3jzd2nwcg3i5p0z"}
{"type":"log","timestamp":1705597564896,"level":"debug","message":"Executing script apps-script (beforeRender)","meta":{"rootId":"97wp3zquk5pkxff","id":"97wp3zquk5pkxff"},"id":"j70j7j771k7r82u","previousOperationId":"3jzd2nwcg3i5p0z"}
{"type":"log","timestamp":1705597564919,"level":"debug","message":"Base url not specified, skipping its injection.","meta":{"rootId":"97wp3zquk5pkxff","id":"97wp3zquk5pkxff"},"id":"b2ggjy8ngw4az54","previousOperationId":"3jzd2nwcg3i5p0z"}
{"type":"operationStart","subtype":"engine","name":"handlebars","timestamp":1705597564919,"id":"npj3glgbhcay36q","previousEventId":"wtynquqj42690x5","operationId":"59085vlpvcwcxw8","previousOperationId":"3jzd2nwcg3i5p0z"}
{"type":"log","timestamp":1705597564919,"level":"debug","message":"Rendering engine handlebars","meta":{"rootId":"97wp3zquk5pkxff","id":"97wp3zquk5pkxff"},"id":"t4wi4pb5wl5imjf","previousOperationId":"59085vlpvcwcxw8"}
{"type":"operationEnd","operationId":"59085vlpvcwcxw8","timestamp":1705597564955,"id":"idvybu5y9wc8w7f","previousEventId":"npj3glgbhcay36q","previousOperationId":"59085vlpvcwcxw8"}
{"type":"operationStart","subtype":"recipe","name":"chrome-pdf","timestamp":1705597564956,"id":"f1hr2ijyhutiesv","previousEventId":"idvybu5y9wc8w7f","operationId":"8irdsdp7ccqjnjh","previousOperationId":"59085vlpvcwcxw8"}
{"type":"log","timestamp":1705597564956,"level":"debug","message":"Executing recipe chrome-pdf","meta":{"rootId":"97wp3zquk5pkxff","id":"97wp3zquk5pkxff"},"id":"t4f1cx1nmjykn2o","previousOperationId":"8irdsdp7ccqjnjh"}
{"type":"log","timestamp":1705597564966,"level":"debug","message":"Converting with chrome HeadlessChrome/117.0.5938.149 using chrome-pool strategy","meta":{"rootId":"97wp3zquk5pkxff","id":"97wp3zquk5pkxff"},"id":"xoaodkol05prpaj","previousOperationId":"8irdsdp7ccqjnjh"}
{"type":"log","timestamp":1705597565195,"level":"debug","message":"Page request: GET (document) file:///C:/Users/juank/AppData/Local/Temp/jsreport/autocleanup/66b3a1c4-8b0c-485c-9b9a-25c3b1c4c139-chrome-pdf.html","meta":{"rootId":"97wp3zquk5pkxff","id":"97wp3zquk5pkxff"},"id":"q2m4o6oiisj7tnw","previousOperationId":"8irdsdp7ccqjnjh"}
{"type":"log","timestamp":1705597565208,"level":"debug","message":"Page request: GET (script) https://cdn.jsdelivr.net/npm/chart.js","meta":{"rootId":"97wp3zquk5pkxff","id":"97wp3zquk5pkxff"},"id":"qxpz52g0mlkr8hq","previousOperationId":"8irdsdp7ccqjnjh"}
{"type":"log","timestamp":1705597565208,"level":"debug","message":"Page request finished: GET (document) 200 file:///C:/Users/juank/AppData/Local/Temp/jsreport/autocleanup/66b3a1c4-8b0c-485c-9b9a-25c3b1c4c139-chrome-pdf.html","meta":{"rootId":"97wp3zquk5pkxff","id":"97wp3zquk5pkxff"},"id":"xxzhpt5047i0kru","previousOperationId":"8irdsdp7ccqjnjh"}
{"type":"log","timestamp":1705597565215,"level":"debug","message":"Page request finished: GET (script) 200 https://cdn.jsdelivr.net/npm/chart.js","meta":{"rootId":"97wp3zquk5pkxff","id":"97wp3zquk5pkxff"},"id":"zbyxs535872q3ny","previousOperationId":"8irdsdp7ccqjnjh"}
{"type":"log","timestamp":1705597565290,"level":"debug","message":"Running chrome with params {\"printBackground\":true,\"timeout\":599885,\"margin\":{}}","meta":{"rootId":"97wp3zquk5pkxff","id":"97wp3zquk5pkxff"},"id":"d2fglvu0qlayhw4","previousOperationId":"8irdsdp7ccqjnjh"}
{"type":"operationEnd","operationId":"8irdsdp7ccqjnjh","timestamp":1705597565331,"id":"jqgw040bqbj6fyx","previousEventId":"f1hr2ijyhutiesv","previousOperationId":"8irdsdp7ccqjnjh"}
{"type":"log","timestamp":1705597565331,"level":"debug","message":"Skipping storing report.","meta":{"rootId":"97wp3zquk5pkxff","id":"97wp3zquk5pkxff"},"id":"lvzofvz97ty20dd","previousOperationId":"8irdsdp7ccqjnjh"}
{"type":"log","timestamp":1705597565331,"level":"info","message":"Rendering request 13 finished in 482 ms","meta":{"rootId":"97wp3zquk5pkxff","id":"97wp3zquk5pkxff"},"id":"cqlmiihpxw2uieg","previousOperationId":"8irdsdp7ccqjnjh"}
{"type":"operationEnd","subtype":"render","operationId":"3jzd2nwcg3i5p0z","timestamp":1705597565331,"id":"jthc2bggeo5e5a1","previousEventId":"jqgw040bqbj6fyx","previousOperationId":"8irdsdp7ccqjnjh"}
{"type":"operationEnd","doDiffs":false,"previousEventId":"46gsi9nqqeh0o5j","previousOperationId":"uyk2jyk5xk33ved","operationId":"uyk2jyk5xk33ved","timestamp":1705597565343,"id":"g6qcqdv247h3kij"}
