{"type":"operationStart","subtype":"profile","data":{"_id":"M5FDkpZZfGBY6kNL","timestamp":"2024-01-12T16:09:57.567Z","state":"queued","mode":"standard","creationDate":"2024-01-12T16:09:57.573Z","modificationDate":"2024-01-12T16:09:57.573Z","shortid":"voTbXnS","$entitySet":"profiles"},"doDiffs":false,"timestamp":1705075797570,"id":"vrvyqjtgwlu5ol3","previousOperationId":null,"operationId":"cetyy2vosgihqt1"}
{"type":"log","level":"info","message":"Render request 7 queued for execution and waiting for available worker","previousOperationId":"cetyy2vosgihqt1","timestamp":1705075797571,"id":"8r7slcqfg7khjwj"}
{"type":"operationStart","subtype":"render","name":"apps-main","previousOperationId":"cetyy2vosgihqt1","timestamp":1705075797596,"id":"u0gw1hzx688cf77","previousEventId":"vrvyqjtgwlu5ol3","operationId":"vto91fi32o4sj3b"}
{"type":"log","timestamp":1705075797596,"level":"info","message":"Starting rendering request 7","meta":{"rootId":"9e71u82ku9unsz2","id":"9e71u82ku9unsz2"},"id":"vxls8j42yjyjicd","previousOperationId":"vto91fi32o4sj3b"}
{"type":"log","timestamp":1705075797596,"level":"info","message":"Rendering template { name: apps-main, recipe: chrome-pdf, engine: handlebars, preview: true }","meta":{"rootId":"9e71u82ku9unsz2","id":"9e71u82ku9unsz2"},"id":"tijyr2mr8ye5rec","previousOperationId":"vto91fi32o4sj3b"}
{"type":"log","timestamp":1705075797597,"level":"debug","message":"Data item not defined for this template.","meta":{"rootId":"9e71u82ku9unsz2","id":"9e71u82ku9unsz2"},"id":"hyd92en2gxsg4er","previousOperationId":"vto91fi32o4sj3b"}
{"type":"log","timestamp":1705075797602,"level":"debug","message":"Base url not specified, skipping its injection.","meta":{"rootId":"9e71u82ku9unsz2","id":"9e71u82ku9unsz2"},"id":"94h46mrln8crtxr","previousOperationId":"vto91fi32o4sj3b"}
{"type":"operationStart","subtype":"engine","name":"handlebars","timestamp":1705075797602,"id":"e2bmgwlsbmqc08d","previousEventId":"u0gw1hzx688cf77","operationId":"y3x3qdn0repgarz","previousOperationId":"vto91fi32o4sj3b"}
{"type":"log","timestamp":1705075797602,"level":"debug","message":"Rendering engine handlebars","meta":{"rootId":"9e71u82ku9unsz2","id":"9e71u82ku9unsz2"},"id":"p4h3zvolzvoyvxg","previousOperationId":"y3x3qdn0repgarz"}
{"type":"operationEnd","operationId":"y3x3qdn0repgarz","timestamp":1705075797630,"id":"l1svx1a1xnwaqlx","previousEventId":"e2bmgwlsbmqc08d","previousOperationId":"y3x3qdn0repgarz"}
{"type":"operationStart","subtype":"recipe","name":"chrome-pdf","timestamp":1705075797630,"id":"u488750i3h3j1hi","previousEventId":"l1svx1a1xnwaqlx","operationId":"77snlg8cmv5d9v3","previousOperationId":"y3x3qdn0repgarz"}
{"type":"log","timestamp":1705075797630,"level":"debug","message":"Executing recipe chrome-pdf","meta":{"rootId":"9e71u82ku9unsz2","id":"9e71u82ku9unsz2"},"id":"xrhm7sfe3z3zdhs","previousOperationId":"77snlg8cmv5d9v3"}
{"type":"log","timestamp":1705075797635,"level":"debug","message":"Converting with chrome HeadlessChrome/117.0.5938.149 using chrome-pool strategy","meta":{"rootId":"9e71u82ku9unsz2","id":"9e71u82ku9unsz2"},"id":"rdnz67o5rvhupdq","previousOperationId":"77snlg8cmv5d9v3"}
{"type":"log","timestamp":1705075797841,"level":"debug","message":"Page request: GET (document) file:///C:/Users/juank/AppData/Local/Temp/jsreport/autocleanup/6d16a1cf-7c9e-4b63-af83-2f1a0b0d7d26-chrome-pdf.html","meta":{"rootId":"9e71u82ku9unsz2","id":"9e71u82ku9unsz2"},"id":"hz6ynohru2k5e5p","previousOperationId":"77snlg8cmv5d9v3"}
{"type":"log","timestamp":1705075797859,"level":"debug","message":"Page request finished: GET (document) 200 file:///C:/Users/juank/AppData/Local/Temp/jsreport/autocleanup/6d16a1cf-7c9e-4b63-af83-2f1a0b0d7d26-chrome-pdf.html","meta":{"rootId":"9e71u82ku9unsz2","id":"9e71u82ku9unsz2"},"id":"n4mcy8iotduikfw","previousOperationId":"77snlg8cmv5d9v3"}
{"type":"log","timestamp":1705075797860,"level":"warn","message":"Page error: Unexpected token ';' , stack: SyntaxError: Unexpected token ';'","meta":{"rootId":"9e71u82ku9unsz2","id":"9e71u82ku9unsz2"},"id":"nw0h2fzpqrx6da0","previousOperationId":"77snlg8cmv5d9v3"}
{"type":"log","timestamp":1705075797867,"level":"debug","message":"Running chrome with params {\"printBackground\":true,\"timeout\":59933,\"margin\":{}}","meta":{"rootId":"9e71u82ku9unsz2","id":"9e71u82ku9unsz2"},"id":"835q4eaqitp0k0u","previousOperationId":"77snlg8cmv5d9v3"}
{"type":"operationEnd","operationId":"77snlg8cmv5d9v3","timestamp":1705075797896,"id":"5xfhr6yno2ad41d","previousEventId":"u488750i3h3j1hi","previousOperationId":"77snlg8cmv5d9v3"}
{"type":"log","timestamp":1705075797896,"level":"debug","message":"Skipping storing report.","meta":{"rootId":"9e71u82ku9unsz2","id":"9e71u82ku9unsz2"},"id":"423wza8rp41i0fb","previousOperationId":"77snlg8cmv5d9v3"}
{"type":"log","timestamp":1705075797896,"level":"info","message":"Rendering request 7 finished in 330 ms","meta":{"rootId":"9e71u82ku9unsz2","id":"9e71u82ku9unsz2"},"id":"xvsyycg5ihjnjmc","previousOperationId":"77snlg8cmv5d9v3"}
{"type":"operationEnd","subtype":"render","operationId":"vto91fi32o4sj3b","timestamp":1705075797896,"id":"gqcl0we29ujv41l","previousEventId":"5xfhr6yno2ad41d","previousOperationId":"77snlg8cmv5d9v3"}
{"type":"operationEnd","doDiffs":false,"previousEventId":"vrvyqjtgwlu5ol3","previousOperationId":"cetyy2vosgihqt1","operationId":"cetyy2vosgihqt1","timestamp":1705075797913,"id":"k47ie7vakpv1owz"}
