{"type":"operationStart","subtype":"profile","data":{"_id":"fw4AorMtV2mXxG1o","timestamp":"2024-01-12T15:58:13.518Z","state":"queued","mode":"standard","creationDate":"2024-01-12T15:58:13.525Z","modificationDate":"2024-01-12T15:58:13.525Z","shortid":"nuJT1WL","$entitySet":"profiles"},"doDiffs":false,"timestamp":1705075093521,"id":"r8a5ni8tlcbgizo","previousOperationId":null,"operationId":"8a67pov734ubelg"}
{"type":"log","level":"info","message":"Render request 4 queued for execution and waiting for available worker","previousOperationId":"8a67pov734ubelg","timestamp":1705075093522,"id":"zwaysc26uh7itf0"}
{"type":"operationStart","subtype":"render","name":"apps-main","previousOperationId":"8a67pov734ubelg","timestamp":1705075093549,"id":"uqt1bnws8l4pfnk","previousEventId":"r8a5ni8tlcbgizo","operationId":"d3ta52774x7kbhj"}
{"type":"log","timestamp":1705075093549,"level":"info","message":"Starting rendering request 4","meta":{"rootId":"acldl0grko4mlsm","id":"acldl0grko4mlsm"},"id":"gfi5407fi3rjy0y","previousOperationId":"d3ta52774x7kbhj"}
{"type":"log","timestamp":1705075093550,"level":"info","message":"Rendering template { name: apps-main, recipe: chrome-pdf, engine: handlebars, preview: true }","meta":{"rootId":"acldl0grko4mlsm","id":"acldl0grko4mlsm"},"id":"hfj8cpg9s0kn102","previousOperationId":"d3ta52774x7kbhj"}
{"type":"log","timestamp":1705075093552,"level":"debug","message":"Data item not defined for this template.","meta":{"rootId":"acldl0grko4mlsm","id":"acldl0grko4mlsm"},"id":"uokura5g23nizkk","previousOperationId":"d3ta52774x7kbhj"}
{"type":"log","timestamp":1705075093560,"level":"debug","message":"Base url not specified, skipping its injection.","meta":{"rootId":"acldl0grko4mlsm","id":"acldl0grko4mlsm"},"id":"pk08zfxabpec5r5","previousOperationId":"d3ta52774x7kbhj"}
{"type":"operationStart","subtype":"engine","name":"handlebars","timestamp":1705075093561,"id":"5ttaoj1r3dbyeuq","previousEventId":"uqt1bnws8l4pfnk","operationId":"g6equa5u88czlnl","previousOperationId":"d3ta52774x7kbhj"}
{"type":"log","timestamp":1705075093561,"level":"debug","message":"Rendering engine handlebars","meta":{"rootId":"acldl0grko4mlsm","id":"acldl0grko4mlsm"},"id":"zykg955mw655e96","previousOperationId":"g6equa5u88czlnl"}
{"type":"operationEnd","operationId":"g6equa5u88czlnl","timestamp":1705075093597,"id":"vzbii2b56qvom8d","previousEventId":"5ttaoj1r3dbyeuq","previousOperationId":"g6equa5u88czlnl"}
{"type":"operationStart","subtype":"recipe","name":"chrome-pdf","timestamp":1705075093598,"id":"3d0286dqea8r0q3","previousEventId":"vzbii2b56qvom8d","operationId":"7ze1pfv7skbwf52","previousOperationId":"g6equa5u88czlnl"}
{"type":"log","timestamp":1705075093598,"level":"debug","message":"Executing recipe chrome-pdf","meta":{"rootId":"acldl0grko4mlsm","id":"acldl0grko4mlsm"},"id":"rn6wj4qq46qlztv","previousOperationId":"7ze1pfv7skbwf52"}
{"type":"log","timestamp":1705075093608,"level":"debug","message":"Converting with chrome HeadlessChrome/117.0.5938.149 using chrome-pool strategy","meta":{"rootId":"acldl0grko4mlsm","id":"acldl0grko4mlsm"},"id":"rqzmqkzy7lwh8is","previousOperationId":"7ze1pfv7skbwf52"}
{"type":"log","timestamp":1705075093789,"level":"debug","message":"Page request: GET (document) file:///C:/Users/juank/AppData/Local/Temp/jsreport/autocleanup/8d2150ad-8cd8-40ca-9461-daed23b2e017-chrome-pdf.html","meta":{"rootId":"acldl0grko4mlsm","id":"acldl0grko4mlsm"},"id":"v20xep2okysy7t5","previousOperationId":"7ze1pfv7skbwf52"}
{"type":"log","timestamp":1705075093806,"level":"debug","message":"Page request finished: GET (document) 200 file:///C:/Users/juank/AppData/Local/Temp/jsreport/autocleanup/8d2150ad-8cd8-40ca-9461-daed23b2e017-chrome-pdf.html","meta":{"rootId":"acldl0grko4mlsm","id":"acldl0grko4mlsm"},"id":"zadtmxylizuk7dl","previousOperationId":"7ze1pfv7skbwf52"}
{"type":"log","timestamp":1705075093807,"level":"warn","message":"Page error: Unexpected token ';' , stack: SyntaxError: Unexpected token ';'","meta":{"rootId":"acldl0grko4mlsm","id":"acldl0grko4mlsm"},"id":"4h12ubiqy5vxe9e","previousOperationId":"7ze1pfv7skbwf52"}
{"type":"log","timestamp":1705075093812,"level":"debug","message":"Running chrome with params {\"printBackground\":true,\"timeout\":59914,\"margin\":{}}","meta":{"rootId":"acldl0grko4mlsm","id":"acldl0grko4mlsm"},"id":"j66f5ptxmm957lu","previousOperationId":"7ze1pfv7skbwf52"}
{"type":"operationEnd","operationId":"7ze1pfv7skbwf52","timestamp":1705075093839,"id":"m34mbe5gs29vx1h","previousEventId":"3d0286dqea8r0q3","previousOperationId":"7ze1pfv7skbwf52"}
{"type":"log","timestamp":1705075093839,"level":"debug","message":"Skipping storing report.","meta":{"rootId":"acldl0grko4mlsm","id":"acldl0grko4mlsm"},"id":"jrnfgsja8o3jtth","previousOperationId":"7ze1pfv7skbwf52"}
{"type":"log","timestamp":1705075093839,"level":"info","message":"Rendering request 4 finished in 322 ms","meta":{"rootId":"acldl0grko4mlsm","id":"acldl0grko4mlsm"},"id":"h56ox32vpsdjyj4","previousOperationId":"7ze1pfv7skbwf52"}
{"type":"operationEnd","subtype":"render","operationId":"d3ta52774x7kbhj","timestamp":1705075093839,"id":"q4r6yb417h8fjbh","previousEventId":"m34mbe5gs29vx1h","previousOperationId":"7ze1pfv7skbwf52"}
{"type":"operationEnd","doDiffs":false,"previousEventId":"r8a5ni8tlcbgizo","previousOperationId":"8a67pov734ubelg","operationId":"8a67pov734ubelg","timestamp":1705075093851,"id":"arn4k6psqm874sh"}
