{"type":"operationStart","subtype":"profile","data":{"_id":"nrEivyDosDjdIjzG","timestamp":"2024-01-31T22:47:50.448Z","state":"queued","mode":"standard","creationDate":"2024-01-31T22:47:50.451Z","modificationDate":"2024-01-31T22:47:50.451Z","shortid":"x47O-BY","$entitySet":"profiles"},"doDiffs":false,"timestamp":1706741270449,"id":"3n6k3sz4z0847q3","previousOperationId":null,"operationId":"teqfl6k0nukf3yn"}
{"type":"log","level":"info","message":"Render request 2 queued for execution and waiting for available worker","previousOperationId":"teqfl6k0nukf3yn","timestamp":1706741270450,"id":"h2wvd7ahxmlz80s"}
{"type":"operationStart","subtype":"render","name":"apps-main","previousOperationId":"teqfl6k0nukf3yn","timestamp":1706741270469,"id":"f57m1fnv4m6wzvq","previousEventId":"3n6k3sz4z0847q3","operationId":"63b5j061cs8zpem"}
{"type":"log","timestamp":1706741270470,"level":"info","message":"Starting rendering request 2","meta":{"rootId":"ahtg96fih1vcpxr","id":"ahtg96fih1vcpxr"},"id":"ng5s5c3w01n4gi0","previousOperationId":"63b5j061cs8zpem"}
{"type":"log","timestamp":1706741270471,"level":"info","message":"Rendering template { name: apps-main, recipe: chrome-pdf, engine: handlebars, preview: true }","meta":{"rootId":"ahtg96fih1vcpxr","id":"ahtg96fih1vcpxr"},"id":"oc60g41i0gmm1d4","previousOperationId":"63b5j061cs8zpem"}
{"type":"log","timestamp":1706741270474,"level":"debug","message":"Adding sample data wJWqaG1DF","meta":{"rootId":"ahtg96fih1vcpxr","id":"ahtg96fih1vcpxr"},"id":"96varl5o07w65v6","previousOperationId":"63b5j061cs8zpem"}
{"type":"log","timestamp":1706741270482,"level":"debug","message":"Executing script apps-script (beforeRender)","meta":{"rootId":"ahtg96fih1vcpxr","id":"ahtg96fih1vcpxr"},"id":"9w405ossk5z8ctx","previousOperationId":"63b5j061cs8zpem"}
{"type":"log","timestamp":1706741270919,"level":"debug","message":"Base url not specified, skipping its injection.","meta":{"rootId":"ahtg96fih1vcpxr","id":"ahtg96fih1vcpxr"},"id":"07clpe6qi7ru181","previousOperationId":"63b5j061cs8zpem"}
{"type":"operationStart","subtype":"engine","name":"handlebars","timestamp":1706741270920,"id":"vjst1n35x58w1mw","previousEventId":"f57m1fnv4m6wzvq","operationId":"8imvr8qypbfi0mz","previousOperationId":"63b5j061cs8zpem"}
{"type":"log","timestamp":1706741270920,"level":"debug","message":"Rendering engine handlebars","meta":{"rootId":"ahtg96fih1vcpxr","id":"ahtg96fih1vcpxr"},"id":"x3iay8vkxnp3b2y","previousOperationId":"8imvr8qypbfi0mz"}
{"type":"operationEnd","operationId":"8imvr8qypbfi0mz","timestamp":1706741271427,"id":"b93kkal96yrgqam","previousEventId":"vjst1n35x58w1mw","previousOperationId":"8imvr8qypbfi0mz"}
{"type":"operationStart","subtype":"recipe","name":"chrome-pdf","timestamp":1706741271428,"id":"pep2ye42zob2h78","previousEventId":"b93kkal96yrgqam","operationId":"3aw1ntge7ax3qiu","previousOperationId":"8imvr8qypbfi0mz"}
{"type":"log","timestamp":1706741271428,"level":"debug","message":"Executing recipe chrome-pdf","meta":{"rootId":"ahtg96fih1vcpxr","id":"ahtg96fih1vcpxr"},"id":"h6jzvblzwyn2rhd","previousOperationId":"3aw1ntge7ax3qiu"}
{"type":"log","timestamp":1706741272682,"level":"debug","message":"Converting with chrome HeadlessChrome/117.0.5938.149 using chrome-pool strategy","meta":{"rootId":"ahtg96fih1vcpxr","id":"ahtg96fih1vcpxr"},"id":"rh4su56kp3g59th","previousOperationId":"3aw1ntge7ax3qiu"}
{"type":"log","timestamp":1706741272909,"level":"debug","message":"Page request: GET (document) file:///C:/Users/juank/AppData/Local/Temp/jsreport/autocleanup/17723e64-a3ea-409b-bda7-67ae252c2462-chrome-pdf.html","meta":{"rootId":"ahtg96fih1vcpxr","id":"ahtg96fih1vcpxr"},"id":"z1x2oq87uipdht7","previousOperationId":"3aw1ntge7ax3qiu"}
{"type":"log","timestamp":1706741272926,"level":"debug","message":"Page request finished: GET (document) 200 file:///C:/Users/juank/AppData/Local/Temp/jsreport/autocleanup/17723e64-a3ea-409b-bda7-67ae252c2462-chrome-pdf.html","meta":{"rootId":"ahtg96fih1vcpxr","id":"ahtg96fih1vcpxr"},"id":"5m5y6dgfahsoa7n","previousOperationId":"3aw1ntge7ax3qiu"}
{"type":"log","timestamp":1706741272926,"level":"debug","message":"Page request: GET (script) https://cdn.jsdelivr.net/npm/chart.js","meta":{"rootId":"ahtg96fih1vcpxr","id":"ahtg96fih1vcpxr"},"id":"nac0z9t36iesebr","previousOperationId":"3aw1ntge7ax3qiu"}
{"type":"log","timestamp":1706741273121,"level":"debug","message":"Page request finished: GET (script) 200 https://cdn.jsdelivr.net/npm/chart.js","meta":{"rootId":"ahtg96fih1vcpxr","id":"ahtg96fih1vcpxr"},"id":"k9kjv4kxa2h00r5","previousOperationId":"3aw1ntge7ax3qiu"}
{"type":"log","timestamp":1706741273216,"level":"debug","message":"Running chrome with params {\"printBackground\":true,\"timeout\":598113,\"margin\":{}}","meta":{"rootId":"ahtg96fih1vcpxr","id":"ahtg96fih1vcpxr"},"id":"ellytgodtq96v43","previousOperationId":"3aw1ntge7ax3qiu"}
{"type":"operationEnd","operationId":"3aw1ntge7ax3qiu","timestamp":1706741273310,"id":"3drta1xp51x2oyu","previousEventId":"pep2ye42zob2h78","previousOperationId":"3aw1ntge7ax3qiu"}
{"type":"log","timestamp":1706741273311,"level":"debug","message":"Skipping storing report.","meta":{"rootId":"ahtg96fih1vcpxr","id":"ahtg96fih1vcpxr"},"id":"eid5a5sv4djvapw","previousOperationId":"3aw1ntge7ax3qiu"}
{"type":"log","timestamp":1706741273311,"level":"info","message":"Rendering request 2 finished in 2864 ms","meta":{"rootId":"ahtg96fih1vcpxr","id":"ahtg96fih1vcpxr"},"id":"kskfqrnx6t9aj7o","previousOperationId":"3aw1ntge7ax3qiu"}
{"type":"operationEnd","subtype":"render","operationId":"63b5j061cs8zpem","timestamp":1706741273311,"id":"y0e55gftdb2sdov","previousEventId":"3drta1xp51x2oyu","previousOperationId":"3aw1ntge7ax3qiu"}
{"type":"operationEnd","doDiffs":false,"previousEventId":"3n6k3sz4z0847q3","previousOperationId":"teqfl6k0nukf3yn","operationId":"teqfl6k0nukf3yn","timestamp":1706741273317,"id":"r7k1ppgooodbluc"}
