{"type":"operationStart","subtype":"profile","data":{"_id":"EHQApP3j5WxnJ5c3","timestamp":"2024-01-31T22:14:04.607Z","state":"queued","mode":"standard","creationDate":"2024-01-31T22:14:04.612Z","modificationDate":"2024-01-31T22:14:04.612Z","shortid":"fEb538b","$entitySet":"profiles"},"doDiffs":false,"timestamp":1706739244608,"id":"vinxmsnamw252h6","previousOperationId":null,"operationId":"3tw891kxbp5rujk"}
{"type":"log","level":"info","message":"Render request 3 queued for execution and waiting for available worker","previousOperationId":"3tw891kxbp5rujk","timestamp":1706739244610,"id":"1vd2tk67kx0y97b"}
{"type":"operationStart","subtype":"render","name":"apps-main","previousOperationId":"3tw891kxbp5rujk","timestamp":1706739244632,"id":"16r7uq31mlgp3pm","previousEventId":"vinxmsnamw252h6","operationId":"nplgsnma4oyw5gh"}
{"type":"log","timestamp":1706739244633,"level":"info","message":"Starting rendering request 3","meta":{"rootId":"ao0894v38u9ict2","id":"ao0894v38u9ict2"},"id":"kcdugfy52azvfj6","previousOperationId":"nplgsnma4oyw5gh"}
{"type":"log","timestamp":1706739244633,"level":"info","message":"Rendering template { name: apps-main, recipe: chrome-pdf, engine: handlebars, preview: true }","meta":{"rootId":"ao0894v38u9ict2","id":"ao0894v38u9ict2"},"id":"z1dh8083ei7g68y","previousOperationId":"nplgsnma4oyw5gh"}
{"type":"log","timestamp":1706739244634,"level":"debug","message":"Data item not defined for this template.","meta":{"rootId":"ao0894v38u9ict2","id":"ao0894v38u9ict2"},"id":"jbwailqbog97gp1","previousOperationId":"nplgsnma4oyw5gh"}
{"type":"log","timestamp":1706739244638,"level":"debug","message":"Executing script apps-script (beforeRender)","meta":{"rootId":"ao0894v38u9ict2","id":"ao0894v38u9ict2"},"id":"9s36e0z5anb9rgr","previousOperationId":"nplgsnma4oyw5gh"}
{"type":"log","timestamp":1706739244656,"level":"debug","message":"Base url not specified, skipping its injection.","meta":{"rootId":"ao0894v38u9ict2","id":"ao0894v38u9ict2"},"id":"k612bqmwuet3gw2","previousOperationId":"nplgsnma4oyw5gh"}
{"type":"operationStart","subtype":"engine","name":"handlebars","timestamp":1706739244657,"id":"onxcmz7gocdujrb","previousEventId":"16r7uq31mlgp3pm","operationId":"ci1phita2c45dm2","previousOperationId":"nplgsnma4oyw5gh"}
{"type":"log","timestamp":1706739244657,"level":"debug","message":"Rendering engine handlebars","meta":{"rootId":"ao0894v38u9ict2","id":"ao0894v38u9ict2"},"id":"h0fjlb9kimcjdsb","previousOperationId":"ci1phita2c45dm2"}
{"type":"operationEnd","operationId":"ci1phita2c45dm2","timestamp":1706739244690,"id":"zyyex49ooweyvdn","previousEventId":"onxcmz7gocdujrb","previousOperationId":"ci1phita2c45dm2"}
{"type":"operationStart","subtype":"recipe","name":"chrome-pdf","timestamp":1706739244690,"id":"03hw23wssv5078b","previousEventId":"zyyex49ooweyvdn","operationId":"p0ebh9cdkq4zyic","previousOperationId":"ci1phita2c45dm2"}
{"type":"log","timestamp":1706739244691,"level":"debug","message":"Executing recipe chrome-pdf","meta":{"rootId":"ao0894v38u9ict2","id":"ao0894v38u9ict2"},"id":"alq8u6xbvskzt34","previousOperationId":"p0ebh9cdkq4zyic"}
{"type":"log","timestamp":1706739244696,"level":"debug","message":"Converting with chrome HeadlessChrome/117.0.5938.149 using chrome-pool strategy","meta":{"rootId":"ao0894v38u9ict2","id":"ao0894v38u9ict2"},"id":"n7sc6qwfc2hs42y","previousOperationId":"p0ebh9cdkq4zyic"}
{"type":"log","timestamp":1706739244869,"level":"debug","message":"Page request: GET (document) file:///C:/Users/juank/AppData/Local/Temp/jsreport/autocleanup/9ec51ca6-a234-4112-8080-2b7d5422e564-chrome-pdf.html","meta":{"rootId":"ao0894v38u9ict2","id":"ao0894v38u9ict2"},"id":"c1qg7x2kob1adgm","previousOperationId":"p0ebh9cdkq4zyic"}
{"type":"log","timestamp":1706739244880,"level":"debug","message":"Page request: GET (script) https://cdn.jsdelivr.net/npm/chart.js","meta":{"rootId":"ao0894v38u9ict2","id":"ao0894v38u9ict2"},"id":"6ki81pffmn2f4i5","previousOperationId":"p0ebh9cdkq4zyic"}
{"type":"log","timestamp":1706739244881,"level":"debug","message":"Page request finished: GET (document) 200 file:///C:/Users/juank/AppData/Local/Temp/jsreport/autocleanup/9ec51ca6-a234-4112-8080-2b7d5422e564-chrome-pdf.html","meta":{"rootId":"ao0894v38u9ict2","id":"ao0894v38u9ict2"},"id":"2zmowtcu385xnpu","previousOperationId":"p0ebh9cdkq4zyic"}
{"type":"log","timestamp":1706739244901,"level":"debug","message":"Page request finished: GET (script) 200 https://cdn.jsdelivr.net/npm/chart.js","meta":{"rootId":"ao0894v38u9ict2","id":"ao0894v38u9ict2"},"id":"5galc9ew1j5vdnd","previousOperationId":"p0ebh9cdkq4zyic"}
{"type":"log","timestamp":1706739244996,"level":"debug","message":"Running chrome with params {\"printBackground\":true,\"timeout\":599913,\"margin\":{}}","meta":{"rootId":"ao0894v38u9ict2","id":"ao0894v38u9ict2"},"id":"hzisei38f68sbaw","previousOperationId":"p0ebh9cdkq4zyic"}
{"type":"operationEnd","operationId":"p0ebh9cdkq4zyic","timestamp":1706739245056,"id":"yeq1gi21e8wyjk5","previousEventId":"03hw23wssv5078b","previousOperationId":"p0ebh9cdkq4zyic"}
{"type":"log","timestamp":1706739245056,"level":"debug","message":"Skipping storing report.","meta":{"rootId":"ao0894v38u9ict2","id":"ao0894v38u9ict2"},"id":"8vesc9k98e1e6sb","previousOperationId":"p0ebh9cdkq4zyic"}
{"type":"log","timestamp":1706739245056,"level":"info","message":"Rendering request 3 finished in 449 ms","meta":{"rootId":"ao0894v38u9ict2","id":"ao0894v38u9ict2"},"id":"l9p762b634raf4r","previousOperationId":"p0ebh9cdkq4zyic"}
{"type":"operationEnd","subtype":"render","operationId":"nplgsnma4oyw5gh","timestamp":1706739245057,"id":"jehdshl3gtujj29","previousEventId":"yeq1gi21e8wyjk5","previousOperationId":"p0ebh9cdkq4zyic"}
{"type":"operationEnd","doDiffs":false,"previousEventId":"vinxmsnamw252h6","previousOperationId":"3tw891kxbp5rujk","operationId":"3tw891kxbp5rujk","timestamp":1706739245066,"id":"583zkqwbsr5wui2"}
