{"type":"operationStart","subtype":"profile","data":{"_id":"lh3ZytN7xnAfqnMt","timestamp":"2024-01-17T19:47:25.913Z","state":"queued","mode":"standard","creationDate":"2024-01-17T19:47:25.915Z","modificationDate":"2024-01-17T19:47:25.915Z","shortid":"D-sXKdb","$entitySet":"profiles"},"doDiffs":false,"timestamp":1705520845914,"id":"3awiug5wgjax4mh","previousOperationId":null,"operationId":"m4i9ywe4mfglnkh"}
{"type":"log","level":"info","message":"Render request 27 queued for execution and waiting for available worker","previousOperationId":"m4i9ywe4mfglnkh","timestamp":1705520845914,"id":"za6nvyrq51bdl8x"}
{"type":"operationStart","subtype":"render","name":"apps-main","previousOperationId":"m4i9ywe4mfglnkh","timestamp":1705520845926,"id":"ihzro3f3l5wbp7c","previousEventId":"3awiug5wgjax4mh","operationId":"t8e2nzm4egcym62"}
{"type":"log","timestamp":1705520845926,"level":"info","message":"Starting rendering request 27","meta":{"rootId":"b0y5fbxth6prlku","id":"b0y5fbxth6prlku"},"id":"wryytpdm6xw7as9","previousOperationId":"t8e2nzm4egcym62"}
{"type":"log","timestamp":1705520845926,"level":"info","message":"Rendering template { name: apps-main, recipe: chrome-pdf, engine: handlebars, preview: true }","meta":{"rootId":"b0y5fbxth6prlku","id":"b0y5fbxth6prlku"},"id":"wdg3gfq6jzb1nfy","previousOperationId":"t8e2nzm4egcym62"}
{"type":"log","timestamp":1705520845927,"level":"debug","message":"Data item not defined for this template.","meta":{"rootId":"b0y5fbxth6prlku","id":"b0y5fbxth6prlku"},"id":"yrmlcjamt8pc0d2","previousOperationId":"t8e2nzm4egcym62"}
{"type":"log","timestamp":1705520845928,"level":"debug","message":"Executing script apps-script (beforeRender)","meta":{"rootId":"b0y5fbxth6prlku","id":"b0y5fbxth6prlku"},"id":"2yeeebq8f6f2i7r","previousOperationId":"t8e2nzm4egcym62"}
{"type":"operationStart","subtype":"scriptsBeforeRender","name":"scripts beforeRender","timestamp":1705520845941,"id":"0l7dm28mdjrm237","previousEventId":"ihzro3f3l5wbp7c","operationId":"ai8ur33b8u4usk7","previousOperationId":"t8e2nzm4egcym62"}
{"type":"operationStart","subtype":"script","name":"scripts apps-script","previousOperationId":"ai8ur33b8u4usk7","timestamp":1705520845941,"id":"tvf47jdrrdv3vkw","previousEventId":"0l7dm28mdjrm237","operationId":"yo2x5a1qlm6khrp"}
{"type":"log","timestamp":1705520845942,"level":"debug","message":"(console:error) Error al obtener datos: TypeError: orders.filter is not a function\n    at prepareDataSource (sandbox.js:19:34)\n    at async Object.beforeRender (sandbox.js:37:32)\n    at async executionFn (C:\\Users\\juank\\Proyectos\\Tecnologias\\JsReportApp\\node_modules\\@jsreport\\jsreport-scripts\\lib\\executeScript.js:67:11)\n    at async run (C:\\Users\\juank\\Proyectos\\Tecnologias\\JsReportApp\\node_modules\\@jsreport\\jsreport-core\\lib\\worker\\sandbox\\createSandbox.js:137:16)\n    at async WorkerReporter.runInSandbox [as _runInSandbox] (C:\\Users\\juank\\Proyectos\\Tecnologias\\JsReportApp\\node_modules\\@jsreport\\jsreport-core\\lib\\worker\\sandbox\\runInSandbox.js:195:14)\n    at async executeScript (C:\\Users\\juank\\Proyectos\\Tecnologias\\JsReportApp\\node_modules\\@jsreport\\jsreport-scripts\\lib\\executeScript.js:122:12)\n    at async Scripts._runScript (C:\\Users\\juank\\Proyectos\\Tecnologias\\JsReportApp\\node_modules\\@jsreport\\jsreport-scripts\\lib\\worker.js:140:30)\n    at async Scripts.handleBeforeRender (C:\\Users\\juank\\Proyectos\\Tecnologias\\JsReportApp\\node_modules\\@jsreport\\jsreport-scripts\\lib\\worker.js:64:7)\n    at async ListenerCollection.fire (C:\\Users\\juank\\Proyectos\\Tecnologias\\JsReportApp\\node_modules\\@jsreport\\jsreport-core\\lib\\shared\\listenerCollection.js:157:21)\n    at async beforeRender (C:\\Users\\juank\\Proyectos\\Tecnologias\\JsReportApp\\node_modules\\@jsreport\\jsreport-core\\lib\\worker\\render\\render.js:24:5)","meta":{"userLevel":true,"rootId":"b0y5fbxth6prlku","id":"b0y5fbxth6prlku"},"id":"yrmw6cjr6jn3akc","previousOperationId":"yo2x5a1qlm6khrp"}
{"type":"operationEnd","operationId":"yo2x5a1qlm6khrp","timestamp":1705520845943,"id":"5h53lebsegzaefa","previousEventId":"ihzro3f3l5wbp7c","previousOperationId":"t8e2nzm4egcym62"}
{"type":"operationEnd","operationId":"ai8ur33b8u4usk7","timestamp":1705520845943,"id":"klmxwmt4kfczy92","previousEventId":"5h53lebsegzaefa","previousOperationId":"t8e2nzm4egcym62"}
{"type":"log","timestamp":1705520845943,"level":"debug","message":"Base url not specified, skipping its injection.","meta":{"rootId":"b0y5fbxth6prlku","id":"b0y5fbxth6prlku"},"id":"wrzjzktiy7vygv3","previousOperationId":"ai8ur33b8u4usk7"}
{"type":"operationStart","subtype":"engine","name":"handlebars","timestamp":1705520845944,"id":"voriy0ugrmotm3w","previousEventId":"klmxwmt4kfczy92","operationId":"dqug9bgsjqwunj4","previousOperationId":"ai8ur33b8u4usk7"}
{"type":"log","timestamp":1705520845944,"level":"debug","message":"Rendering engine handlebars","meta":{"rootId":"b0y5fbxth6prlku","id":"b0y5fbxth6prlku"},"id":"uf482l950j23nqz","previousOperationId":"dqug9bgsjqwunj4"}
{"type":"operationEnd","operationId":"dqug9bgsjqwunj4","timestamp":1705520845963,"id":"glvmmo6vjahx3s5","previousEventId":"voriy0ugrmotm3w","previousOperationId":"dqug9bgsjqwunj4"}
{"type":"operationStart","subtype":"recipe","name":"chrome-pdf","timestamp":1705520845963,"id":"tuls29tm3mlyx69","previousEventId":"glvmmo6vjahx3s5","operationId":"svga61eki5qz0u1","previousOperationId":"dqug9bgsjqwunj4"}
{"type":"log","timestamp":1705520845963,"level":"debug","message":"Executing recipe chrome-pdf","meta":{"rootId":"b0y5fbxth6prlku","id":"b0y5fbxth6prlku"},"id":"z482wffovjgjq28","previousOperationId":"svga61eki5qz0u1"}
{"type":"log","timestamp":1705520845967,"level":"debug","message":"Converting with chrome HeadlessChrome/117.0.5938.149 using chrome-pool strategy","meta":{"rootId":"b0y5fbxth6prlku","id":"b0y5fbxth6prlku"},"id":"idalnhs41eczliy","previousOperationId":"svga61eki5qz0u1"}
{"type":"log","timestamp":1705520846083,"level":"debug","message":"Page request: GET (document) file:///C:/Users/juank/AppData/Local/Temp/jsreport/autocleanup/e78c9a14-4930-4616-9c2d-3ff8ed654161-chrome-pdf.html","meta":{"rootId":"b0y5fbxth6prlku","id":"b0y5fbxth6prlku"},"id":"7mp6c4zjj098ued","previousOperationId":"svga61eki5qz0u1"}
{"type":"log","timestamp":1705520846091,"level":"debug","message":"Page request: GET (stylesheet) https://cdnjs.cloudflare.com/ajax/libs/metro/4.1.5/css/metro.min.css","meta":{"rootId":"b0y5fbxth6prlku","id":"b0y5fbxth6prlku"},"id":"it8jkxhryvcqtzp","previousOperationId":"svga61eki5qz0u1"}
{"type":"log","timestamp":1705520846091,"level":"debug","message":"Page request finished: GET (document) 200 file:///C:/Users/juank/AppData/Local/Temp/jsreport/autocleanup/e78c9a14-4930-4616-9c2d-3ff8ed654161-chrome-pdf.html","meta":{"rootId":"b0y5fbxth6prlku","id":"b0y5fbxth6prlku"},"id":"lxkya95cwmwt3c3","previousOperationId":"svga61eki5qz0u1"}
{"type":"log","timestamp":1705520846091,"level":"debug","message":"Page request: GET (script) https://cdnjs.cloudflare.com/ajax/libs/Chart.js/2.7.2/Chart.min.js","meta":{"rootId":"b0y5fbxth6prlku","id":"b0y5fbxth6prlku"},"id":"6vlm5t1s3qztnbk","previousOperationId":"svga61eki5qz0u1"}
{"type":"log","timestamp":1705520846097,"level":"debug","message":"Page request finished: GET (script) 200 https://cdnjs.cloudflare.com/ajax/libs/Chart.js/2.7.2/Chart.min.js","meta":{"rootId":"b0y5fbxth6prlku","id":"b0y5fbxth6prlku"},"id":"q2v0ipdn24wujs8","previousOperationId":"svga61eki5qz0u1"}
{"type":"log","timestamp":1705520846108,"level":"debug","message":"Page request finished: GET (stylesheet) 200 https://cdnjs.cloudflare.com/ajax/libs/metro/4.1.5/css/metro.min.css","meta":{"rootId":"b0y5fbxth6prlku","id":"b0y5fbxth6prlku"},"id":"8njzs7r7i99jlbw","previousOperationId":"svga61eki5qz0u1"}
{"type":"log","timestamp":1705520846112,"level":"warn","message":"Page error: \"undefined\" is not valid JSON\nJSON.parse (<anonymous>) , stack: SyntaxError: \"undefined\" is not valid JSON\nJSON.parse (<anonymous>)\n    at <anonymous> (file:///C:/Users/juank/AppData/Local/Temp/jsreport/autocleanup/e78c9a14-4930-4616-9c2d-3ff8ed654161-chrome-pdf.html:21:29)","meta":{"rootId":"b0y5fbxth6prlku","id":"b0y5fbxth6prlku"},"id":"9dua8e21fupah69","previousOperationId":"svga61eki5qz0u1"}
{"type":"log","timestamp":1705520846125,"level":"debug","message":"Running chrome with params {\"printBackground\":true,\"timeout\":599948,\"margin\":{}}","meta":{"rootId":"b0y5fbxth6prlku","id":"b0y5fbxth6prlku"},"id":"y2lqcuyim6ks45o","previousOperationId":"svga61eki5qz0u1"}
{"type":"operationEnd","operationId":"svga61eki5qz0u1","timestamp":1705520846151,"id":"7a8cg8436ohhnpw","previousEventId":"tuls29tm3mlyx69","previousOperationId":"svga61eki5qz0u1"}
{"type":"log","timestamp":1705520846151,"level":"debug","message":"Skipping storing report.","meta":{"rootId":"b0y5fbxth6prlku","id":"b0y5fbxth6prlku"},"id":"h25xmg8gup12v67","previousOperationId":"svga61eki5qz0u1"}
{"type":"log","timestamp":1705520846151,"level":"info","message":"Rendering request 27 finished in 238 ms","meta":{"rootId":"b0y5fbxth6prlku","id":"b0y5fbxth6prlku"},"id":"j1qtk6fb028rp01","previousOperationId":"svga61eki5qz0u1"}
{"type":"operationEnd","subtype":"render","operationId":"t8e2nzm4egcym62","timestamp":1705520846151,"id":"h53aam981qi6adl","previousEventId":"7a8cg8436ohhnpw","previousOperationId":"svga61eki5qz0u1"}
{"type":"operationEnd","doDiffs":false,"previousEventId":"3awiug5wgjax4mh","previousOperationId":"m4i9ywe4mfglnkh","operationId":"m4i9ywe4mfglnkh","timestamp":1705520846158,"id":"wu4pylx9rlal549"}
