{"type":"operationStart","subtype":"profile","data":{"_id":"UO7RImppoVZQfCp6","timestamp":"2024-01-31T22:51:31.202Z","state":"queued","mode":"standard","creationDate":"2024-01-31T22:51:31.204Z","modificationDate":"2024-01-31T22:51:31.204Z","shortid":"PyrdXH0","$entitySet":"profiles"},"doDiffs":false,"timestamp":1706741491203,"id":"n9089v1ghfx3nuy","previousOperationId":null,"operationId":"lr0wxupe2jpgh0o"}
{"type":"log","level":"info","message":"Render request 4 queued for execution and waiting for available worker","previousOperationId":"lr0wxupe2jpgh0o","timestamp":1706741491203,"id":"y1g1efdwx0gior7"}
{"type":"operationStart","subtype":"render","name":"apps-main","previousOperationId":"lr0wxupe2jpgh0o","timestamp":1706741491223,"id":"u5bapu2hdebwh2v","previousEventId":"n9089v1ghfx3nuy","operationId":"ph553oui2c8lzvq"}
{"type":"log","timestamp":1706741491223,"level":"info","message":"Starting rendering request 4","meta":{"rootId":"byekyp4g9fzp1im","id":"byekyp4g9fzp1im"},"id":"ae1s0hetrlqlgcf","previousOperationId":"ph553oui2c8lzvq"}
{"type":"log","timestamp":1706741491224,"level":"info","message":"Rendering template { name: apps-main, recipe: chrome-pdf, engine: handlebars, preview: true }","meta":{"rootId":"byekyp4g9fzp1im","id":"byekyp4g9fzp1im"},"id":"mjlsaohwn6jxdzi","previousOperationId":"ph553oui2c8lzvq"}
{"type":"log","timestamp":1706741491239,"level":"debug","message":"Adding sample data wJWqaG1DF","meta":{"rootId":"byekyp4g9fzp1im","id":"byekyp4g9fzp1im"},"id":"so49rjp5eavxwmk","previousOperationId":"ph553oui2c8lzvq"}
{"type":"log","timestamp":1706741491244,"level":"debug","message":"Executing script apps-script (beforeRender)","meta":{"rootId":"byekyp4g9fzp1im","id":"byekyp4g9fzp1im"},"id":"x0jdlsfi0v8fhcl","previousOperationId":"ph553oui2c8lzvq"}
{"type":"log","timestamp":1706741491267,"level":"debug","message":"Base url not specified, skipping its injection.","meta":{"rootId":"byekyp4g9fzp1im","id":"byekyp4g9fzp1im"},"id":"2mwqbyjrk516lgk","previousOperationId":"ph553oui2c8lzvq"}
{"type":"operationStart","subtype":"engine","name":"handlebars","timestamp":1706741491267,"id":"yzwihlnc2yw8vu0","previousEventId":"u5bapu2hdebwh2v","operationId":"d61pnxjqrc084z6","previousOperationId":"ph553oui2c8lzvq"}
{"type":"log","timestamp":1706741491268,"level":"debug","message":"Rendering engine handlebars","meta":{"rootId":"byekyp4g9fzp1im","id":"byekyp4g9fzp1im"},"id":"nvjhoeee59yuf9c","previousOperationId":"d61pnxjqrc084z6"}
{"type":"operationEnd","operationId":"d61pnxjqrc084z6","timestamp":1706741491288,"id":"h5cvk41qgm99xd5","previousEventId":"yzwihlnc2yw8vu0","previousOperationId":"d61pnxjqrc084z6"}
{"type":"operationStart","subtype":"recipe","name":"chrome-pdf","timestamp":1706741491289,"id":"2x6azq9fuy2g4r2","previousEventId":"h5cvk41qgm99xd5","operationId":"ht4ymaedi7dilz0","previousOperationId":"d61pnxjqrc084z6"}
{"type":"log","timestamp":1706741491289,"level":"debug","message":"Executing recipe chrome-pdf","meta":{"rootId":"byekyp4g9fzp1im","id":"byekyp4g9fzp1im"},"id":"wdgvz2tj3knn0s5","previousOperationId":"ht4ymaedi7dilz0"}
{"type":"log","timestamp":1706741491294,"level":"debug","message":"Converting with chrome HeadlessChrome/117.0.5938.149 using chrome-pool strategy","meta":{"rootId":"byekyp4g9fzp1im","id":"byekyp4g9fzp1im"},"id":"oswqlk0wl7xre4k","previousOperationId":"ht4ymaedi7dilz0"}
{"type":"log","timestamp":1706741491456,"level":"debug","message":"Page request: GET (document) file:///C:/Users/juank/AppData/Local/Temp/jsreport/autocleanup/27aec49e-9f2a-4cc2-999c-1819a3056736-chrome-pdf.html","meta":{"rootId":"byekyp4g9fzp1im","id":"byekyp4g9fzp1im"},"id":"5bbnhmcaik7cmdt","previousOperationId":"ht4ymaedi7dilz0"}
{"type":"log","timestamp":1706741491471,"level":"debug","message":"Page request: GET (script) https://cdn.jsdelivr.net/npm/chart.js","meta":{"rootId":"byekyp4g9fzp1im","id":"byekyp4g9fzp1im"},"id":"fu2zcvg1ru8u31u","previousOperationId":"ht4ymaedi7dilz0"}
{"type":"log","timestamp":1706741491472,"level":"debug","message":"Page request finished: GET (document) 200 file:///C:/Users/juank/AppData/Local/Temp/jsreport/autocleanup/27aec49e-9f2a-4cc2-999c-1819a3056736-chrome-pdf.html","meta":{"rootId":"byekyp4g9fzp1im","id":"byekyp4g9fzp1im"},"id":"xhk1mz954dm4tgj","previousOperationId":"ht4ymaedi7dilz0"}
{"type":"log","timestamp":1706741491490,"level":"debug","message":"Page request finished: GET (script) 200 https://cdn.jsdelivr.net/npm/chart.js","meta":{"rootId":"byekyp4g9fzp1im","id":"byekyp4g9fzp1im"},"id":"sj7kx406vpr56uz","previousOperationId":"ht4ymaedi7dilz0"}
{"type":"log","timestamp":1706741491573,"level":"debug","message":"Page request: GET (image) file:///C:/Users/juank/AppData/Local/Temp/jsreport/autocleanup/1702583747.png","meta":{"rootId":"byekyp4g9fzp1im","id":"byekyp4g9fzp1im"},"id":"qi0hl9mpd21o20v","previousOperationId":"ht4ymaedi7dilz0"}
{"type":"log","timestamp":1706741491573,"level":"debug","message":"Page request: GET (image) file:///C:/Users/juank/AppData/Local/Temp/jsreport/autocleanup/1702581234.jpg","meta":{"rootId":"byekyp4g9fzp1im","id":"byekyp4g9fzp1im"},"id":"2zqmq0hr22ek3p3","previousOperationId":"ht4ymaedi7dilz0"}
{"type":"log","timestamp":1706741491574,"level":"debug","message":"Page request: GET (image) file:///C:/Users/juank/AppData/Local/Temp/jsreport/autocleanup/1702583822.png","meta":{"rootId":"byekyp4g9fzp1im","id":"byekyp4g9fzp1im"},"id":"9t2axrv3mtz44gv","previousOperationId":"ht4ymaedi7dilz0"}
{"type":"log","timestamp":1706741491574,"level":"debug","message":"Page request: GET (image) file:///C:/Users/juank/AppData/Local/Temp/jsreport/autocleanup/1702584040.png","meta":{"rootId":"byekyp4g9fzp1im","id":"byekyp4g9fzp1im"},"id":"d4h99smd78w0i4y","previousOperationId":"ht4ymaedi7dilz0"}
{"type":"log","timestamp":1706741491575,"level":"debug","message":"Page request: GET (image) file:///C:/Users/juank/AppData/Local/Temp/jsreport/autocleanup/1702658124.png","meta":{"rootId":"byekyp4g9fzp1im","id":"byekyp4g9fzp1im"},"id":"nl6ry2ztze01wbw","previousOperationId":"ht4ymaedi7dilz0"}
{"type":"log","timestamp":1706741491581,"level":"warn","message":"Page request failed: GET (image) file:///C:/Users/juank/AppData/Local/Temp/jsreport/autocleanup/1702583747.png, failure: net::ERR_FILE_NOT_FOUND","meta":{"rootId":"byekyp4g9fzp1im","id":"byekyp4g9fzp1im"},"id":"i4aajnmp73leks5","previousOperationId":"ht4ymaedi7dilz0"}
{"type":"log","timestamp":1706741491582,"level":"debug","message":"(console:error) Failed to load resource: net::ERR_FILE_NOT_FOUND","meta":{"userLevel":true,"rootId":"byekyp4g9fzp1im","id":"byekyp4g9fzp1im"},"id":"2uy12rubswz2shp","previousOperationId":"ht4ymaedi7dilz0"}
{"type":"log","timestamp":1706741491582,"level":"warn","message":"Page request failed: GET (image) file:///C:/Users/juank/AppData/Local/Temp/jsreport/autocleanup/1702581234.jpg, failure: net::ERR_FILE_NOT_FOUND","meta":{"rootId":"byekyp4g9fzp1im","id":"byekyp4g9fzp1im"},"id":"85etnf1oaseus74","previousOperationId":"ht4ymaedi7dilz0"}
{"type":"log","timestamp":1706741491583,"level":"debug","message":"(console:error) Failed to load resource: net::ERR_FILE_NOT_FOUND","meta":{"userLevel":true,"rootId":"byekyp4g9fzp1im","id":"byekyp4g9fzp1im"},"id":"i9mk6k2zq7l1zjw","previousOperationId":"ht4ymaedi7dilz0"}
{"type":"log","timestamp":1706741491583,"level":"warn","message":"Page request failed: GET (image) file:///C:/Users/juank/AppData/Local/Temp/jsreport/autocleanup/1702583822.png, failure: net::ERR_FILE_NOT_FOUND","meta":{"rootId":"byekyp4g9fzp1im","id":"byekyp4g9fzp1im"},"id":"taytiz6dqnyig0c","previousOperationId":"ht4ymaedi7dilz0"}
{"type":"log","timestamp":1706741491584,"level":"debug","message":"(console:error) Failed to load resource: net::ERR_FILE_NOT_FOUND","meta":{"userLevel":true,"rootId":"byekyp4g9fzp1im","id":"byekyp4g9fzp1im"},"id":"xy2kuzicneblokz","previousOperationId":"ht4ymaedi7dilz0"}
{"type":"log","timestamp":1706741491584,"level":"warn","message":"Page request failed: GET (image) file:///C:/Users/juank/AppData/Local/Temp/jsreport/autocleanup/1702584040.png, failure: net::ERR_FILE_NOT_FOUND","meta":{"rootId":"byekyp4g9fzp1im","id":"byekyp4g9fzp1im"},"id":"2fqzl2fy3zzmkj3","previousOperationId":"ht4ymaedi7dilz0"}
{"type":"log","timestamp":1706741491584,"level":"debug","message":"(console:error) Failed to load resource: net::ERR_FILE_NOT_FOUND","meta":{"userLevel":true,"rootId":"byekyp4g9fzp1im","id":"byekyp4g9fzp1im"},"id":"nvmeu33q200woqk","previousOperationId":"ht4ymaedi7dilz0"}
{"type":"log","timestamp":1706741491584,"level":"warn","message":"Page request failed: GET (image) file:///C:/Users/juank/AppData/Local/Temp/jsreport/autocleanup/1702658124.png, failure: net::ERR_FILE_NOT_FOUND","meta":{"rootId":"byekyp4g9fzp1im","id":"byekyp4g9fzp1im"},"id":"ll711g12y0oys9u","previousOperationId":"ht4ymaedi7dilz0"}
{"type":"log","timestamp":1706741491584,"level":"debug","message":"(console:error) Failed to load resource: net::ERR_FILE_NOT_FOUND","meta":{"userLevel":true,"rootId":"byekyp4g9fzp1im","id":"byekyp4g9fzp1im"},"id":"5y4rc4p3ysb47ad","previousOperationId":"ht4ymaedi7dilz0"}
{"type":"log","timestamp":1706741491590,"level":"debug","message":"Running chrome with params {\"printBackground\":true,\"timeout\":599909,\"margin\":{}}","meta":{"rootId":"byekyp4g9fzp1im","id":"byekyp4g9fzp1im"},"id":"abs9mc8biqekrbg","previousOperationId":"ht4ymaedi7dilz0"}
{"type":"operationEnd","operationId":"ht4ymaedi7dilz0","timestamp":1706741491680,"id":"euv2yc9jjzba9s7","previousEventId":"2x6azq9fuy2g4r2","previousOperationId":"ht4ymaedi7dilz0"}
{"type":"log","timestamp":1706741491680,"level":"debug","message":"Skipping storing report.","meta":{"rootId":"byekyp4g9fzp1im","id":"byekyp4g9fzp1im"},"id":"d4iszr9dastf62g","previousOperationId":"ht4ymaedi7dilz0"}
{"type":"log","timestamp":1706741491680,"level":"info","message":"Rendering request 4 finished in 479 ms","meta":{"rootId":"byekyp4g9fzp1im","id":"byekyp4g9fzp1im"},"id":"yhchtv4mx8bqtnz","previousOperationId":"ht4ymaedi7dilz0"}
{"type":"operationEnd","subtype":"render","operationId":"ph553oui2c8lzvq","timestamp":1706741491680,"id":"54e1so3zhibzuoi","previousEventId":"euv2yc9jjzba9s7","previousOperationId":"ht4ymaedi7dilz0"}
{"type":"operationEnd","doDiffs":false,"previousEventId":"n9089v1ghfx3nuy","previousOperationId":"lr0wxupe2jpgh0o","operationId":"lr0wxupe2jpgh0o","timestamp":1706741491687,"id":"1gv3bwedklhmxep"}
