{"type":"operationStart","subtype":"profile","data":{"_id":"3dSsu2DaOc60Ku2F","timestamp":"2024-01-31T22:20:37.277Z","state":"queued","mode":"standard","creationDate":"2024-01-31T22:20:37.280Z","modificationDate":"2024-01-31T22:20:37.280Z","shortid":"p6FbIgk","$entitySet":"profiles"},"doDiffs":false,"timestamp":1706739637278,"id":"z4k67vh4ykagnd7","previousOperationId":null,"operationId":"qvdh1oxae8ov3yu"}
{"type":"log","level":"info","message":"Render request 7 queued for execution and waiting for available worker","previousOperationId":"qvdh1oxae8ov3yu","timestamp":1706739637279,"id":"i2pp5vjyldzx9h5"}
{"type":"operationStart","subtype":"render","name":"apps-main","previousOperationId":"qvdh1oxae8ov3yu","timestamp":1706739637293,"id":"u4p54ntly5gawsr","previousEventId":"z4k67vh4ykagnd7","operationId":"jxlgfrdm7dynqel"}
{"type":"log","timestamp":1706739637293,"level":"info","message":"Starting rendering request 7","meta":{"rootId":"c3w8y22edqkz8as","id":"c3w8y22edqkz8as"},"id":"pap6m44rbcpixxo","previousOperationId":"jxlgfrdm7dynqel"}
{"type":"log","timestamp":1706739637294,"level":"info","message":"Rendering template { name: apps-main, recipe: chrome-pdf, engine: handlebars, preview: true }","meta":{"rootId":"c3w8y22edqkz8as","id":"c3w8y22edqkz8as"},"id":"scixy7ub80dw5ab","previousOperationId":"jxlgfrdm7dynqel"}
{"type":"log","timestamp":1706739637294,"level":"debug","message":"Data item not defined for this template.","meta":{"rootId":"c3w8y22edqkz8as","id":"c3w8y22edqkz8as"},"id":"yl16anvshhkl30r","previousOperationId":"jxlgfrdm7dynqel"}
{"type":"log","timestamp":1706739637298,"level":"debug","message":"Executing script apps-script (beforeRender)","meta":{"rootId":"c3w8y22edqkz8as","id":"c3w8y22edqkz8as"},"id":"sckwgettb20x3pr","previousOperationId":"jxlgfrdm7dynqel"}
{"type":"log","timestamp":1706739637309,"level":"debug","message":"Base url not specified, skipping its injection.","meta":{"rootId":"c3w8y22edqkz8as","id":"c3w8y22edqkz8as"},"id":"mz4kipd5po7a6fx","previousOperationId":"jxlgfrdm7dynqel"}
{"type":"operationStart","subtype":"engine","name":"handlebars","timestamp":1706739637309,"id":"evrt68msqa6fmss","previousEventId":"u4p54ntly5gawsr","operationId":"hnve0un22esy0ds","previousOperationId":"jxlgfrdm7dynqel"}
{"type":"log","timestamp":1706739637309,"level":"debug","message":"Rendering engine handlebars","meta":{"rootId":"c3w8y22edqkz8as","id":"c3w8y22edqkz8as"},"id":"8s1vut2i0qp334o","previousOperationId":"hnve0un22esy0ds"}
{"type":"operationEnd","operationId":"hnve0un22esy0ds","timestamp":1706739637320,"id":"9mghbcqd3lsanaz","previousEventId":"evrt68msqa6fmss","previousOperationId":"hnve0un22esy0ds"}
{"type":"operationStart","subtype":"recipe","name":"chrome-pdf","timestamp":1706739637320,"id":"0bw3f27b004zs7d","previousEventId":"9mghbcqd3lsanaz","operationId":"1z0zyjmzxhmkmp9","previousOperationId":"hnve0un22esy0ds"}
{"type":"log","timestamp":1706739637320,"level":"debug","message":"Executing recipe chrome-pdf","meta":{"rootId":"c3w8y22edqkz8as","id":"c3w8y22edqkz8as"},"id":"ypooyp5j1slhdh4","previousOperationId":"1z0zyjmzxhmkmp9"}
{"type":"log","timestamp":1706739637324,"level":"debug","message":"Converting with chrome HeadlessChrome/117.0.5938.149 using chrome-pool strategy","meta":{"rootId":"c3w8y22edqkz8as","id":"c3w8y22edqkz8as"},"id":"qwri7rkvkuqzrzq","previousOperationId":"1z0zyjmzxhmkmp9"}
{"type":"log","timestamp":1706739637491,"level":"debug","message":"Page request: GET (document) file:///C:/Users/juank/AppData/Local/Temp/jsreport/autocleanup/d602dd13-b80e-4083-9901-678efefea659-chrome-pdf.html","meta":{"rootId":"c3w8y22edqkz8as","id":"c3w8y22edqkz8as"},"id":"ygygh2f7u4yefs7","previousOperationId":"1z0zyjmzxhmkmp9"}
{"type":"log","timestamp":1706739637505,"level":"debug","message":"Page request: GET (script) https://cdn.jsdelivr.net/npm/chart.js","meta":{"rootId":"c3w8y22edqkz8as","id":"c3w8y22edqkz8as"},"id":"macfjncwa397rml","previousOperationId":"1z0zyjmzxhmkmp9"}
{"type":"log","timestamp":1706739637506,"level":"debug","message":"Page request finished: GET (document) 200 file:///C:/Users/juank/AppData/Local/Temp/jsreport/autocleanup/d602dd13-b80e-4083-9901-678efefea659-chrome-pdf.html","meta":{"rootId":"c3w8y22edqkz8as","id":"c3w8y22edqkz8as"},"id":"mwz9hw96pmkdxkp","previousOperationId":"1z0zyjmzxhmkmp9"}
{"type":"log","timestamp":1706739637511,"level":"debug","message":"Page request finished: GET (script) 200 https://cdn.jsdelivr.net/npm/chart.js","meta":{"rootId":"c3w8y22edqkz8as","id":"c3w8y22edqkz8as"},"id":"7mqlpjl0xrr49lq","previousOperationId":"1z0zyjmzxhmkmp9"}
{"type":"log","timestamp":1706739637590,"level":"debug","message":"Running chrome with params {\"printBackground\":true,\"timeout\":599954,\"margin\":{}}","meta":{"rootId":"c3w8y22edqkz8as","id":"c3w8y22edqkz8as"},"id":"azq7k140o54hai0","previousOperationId":"1z0zyjmzxhmkmp9"}
{"type":"operationEnd","operationId":"1z0zyjmzxhmkmp9","timestamp":1706739637653,"id":"e91e7ny22c2k6n5","previousEventId":"0bw3f27b004zs7d","previousOperationId":"1z0zyjmzxhmkmp9"}
{"type":"log","timestamp":1706739637653,"level":"debug","message":"Skipping storing report.","meta":{"rootId":"c3w8y22edqkz8as","id":"c3w8y22edqkz8as"},"id":"zbgg6kttfa529yp","previousOperationId":"1z0zyjmzxhmkmp9"}
{"type":"log","timestamp":1706739637653,"level":"info","message":"Rendering request 7 finished in 376 ms","meta":{"rootId":"c3w8y22edqkz8as","id":"c3w8y22edqkz8as"},"id":"e5buu72a5yhjzej","previousOperationId":"1z0zyjmzxhmkmp9"}
{"type":"operationEnd","subtype":"render","operationId":"jxlgfrdm7dynqel","timestamp":1706739637653,"id":"jlj3ugfgfm5u1r4","previousEventId":"e91e7ny22c2k6n5","previousOperationId":"1z0zyjmzxhmkmp9"}
{"type":"operationEnd","doDiffs":false,"previousEventId":"z4k67vh4ykagnd7","previousOperationId":"qvdh1oxae8ov3yu","operationId":"qvdh1oxae8ov3yu","timestamp":1706739637661,"id":"jzmooi3r7al1gqv"}
