{"type":"operationStart","subtype":"profile","data":{"_id":"tpAbZFXGvqI9TcAn","timestamp":"2024-01-17T19:09:15.886Z","state":"queued","mode":"standard","creationDate":"2024-01-17T19:09:15.889Z","modificationDate":"2024-01-17T19:09:15.889Z","shortid":"5FgJFW8","$entitySet":"profiles"},"doDiffs":false,"timestamp":1705518555887,"id":"4zuun3sr2bfvfpr","previousOperationId":null,"operationId":"hcb5isvle67cdjl"}
{"type":"log","level":"info","message":"Render request 13 queued for execution and waiting for available worker","previousOperationId":"hcb5isvle67cdjl","timestamp":1705518555888,"id":"c4r3ixh1aw2n96n"}
{"type":"operationStart","subtype":"render","name":"apps-main","previousOperationId":"hcb5isvle67cdjl","timestamp":1705518555903,"id":"mdr1lnvvsvmfftb","previousEventId":"4zuun3sr2bfvfpr","operationId":"ikdthq0v2cg0998"}
{"type":"log","timestamp":1705518555903,"level":"info","message":"Starting rendering request 13","meta":{"rootId":"c86910mvgq4rs5l","id":"c86910mvgq4rs5l"},"id":"tnlx7ba4vazi3rc","previousOperationId":"ikdthq0v2cg0998"}
{"type":"log","timestamp":1705518555903,"level":"info","message":"Rendering template { name: apps-main, recipe: chrome-pdf, engine: handlebars, preview: true }","meta":{"rootId":"c86910mvgq4rs5l","id":"c86910mvgq4rs5l"},"id":"fvolq2586ht4r10","previousOperationId":"ikdthq0v2cg0998"}
{"type":"log","timestamp":1705518555905,"level":"debug","message":"Data item not defined for this template.","meta":{"rootId":"c86910mvgq4rs5l","id":"c86910mvgq4rs5l"},"id":"0k51nmkbc7dc5ai","previousOperationId":"ikdthq0v2cg0998"}
{"type":"log","timestamp":1705518555908,"level":"debug","message":"Executing script apps-script (beforeRender)","meta":{"rootId":"c86910mvgq4rs5l","id":"c86910mvgq4rs5l"},"id":"369ukts79yc9hyp","previousOperationId":"ikdthq0v2cg0998"}
{"type":"operationStart","subtype":"scriptsBeforeRender","name":"scripts beforeRender","timestamp":1705518555920,"id":"7ctywam5xhcm3fc","previousEventId":"mdr1lnvvsvmfftb","operationId":"lmrzyu1jluo1qdb","previousOperationId":"ikdthq0v2cg0998"}
{"type":"operationStart","subtype":"script","name":"scripts apps-script","previousOperationId":"lmrzyu1jluo1qdb","timestamp":1705518555920,"id":"w51n5l9reo5x2df","previousEventId":"7ctywam5xhcm3fc","operationId":"enqt2wyu3nkrfpt"}
{"type":"log","timestamp":1705518555923,"level":"debug","message":"(console:log) {\n  success: true,\n  message: 'Application retrieved successfully.',\n  data: [\n    {\n      id: 1,\n      icon: '1702583747.png',\n      URL: 'applicationsview',\n      created_at: '2023-12-14T15:19:05.000000Z',\n      updated_at: '2023-12-14T19:55:47.000000Z'\n    },\n    {\n      id: 2,\n      icon: '1702581234.jpg',\n      URL: 'employeesview',\n      created_at: '2023-12-14T19:13:54.000000Z',\n      updated_at: '2023-12-14T19:13:54.000000Z'\n    },\n    {\n      id: 3,\n      icon: '1702583822.png',\n      URL: 'rolesview',\n      created_at: '2023-12-14T19:57:02.000000Z',\n      updated_at: '2023-12-14T19:57:02.000000Z'\n    },\n    {\n      id: 4,\n      icon: '1702584040.png',\n      URL: 'newsview',\n      created_at: '2023-12-14T20:00:40.000000Z',\n      updated_at: '2023-12-14T20:00:40.000000Z'\n    },\n    {\n      id: 5,\n      icon: '1702658124.png',\n      URL: 'http://google.com',\n      created_at: '2023-12-15T16:35:24.000000Z',\n      updated_at: '2023-12-17T05:09:34.000000Z'\n    }\n  ]\n}","meta":{"userLevel":true,"rootId":"c86910mvgq4rs5l","id":"c86910mvgq4rs5l"},"id":"8c66izvqm7pz0mb","previousOperationId":"enqt2wyu3nkrfpt"}
{"type":"operationEnd","operationId":"enqt2wyu3nkrfpt","timestamp":1705518555924,"id":"cxyc4jix10te8bq","previousEventId":"mdr1lnvvsvmfftb","previousOperationId":"ikdthq0v2cg0998"}
{"type":"operationEnd","operationId":"lmrzyu1jluo1qdb","timestamp":1705518555924,"id":"sh09ak7o4rqks2u","previousEventId":"cxyc4jix10te8bq","previousOperationId":"ikdthq0v2cg0998"}
{"type":"log","timestamp":1705518555924,"level":"debug","message":"Base url not specified, skipping its injection.","meta":{"rootId":"c86910mvgq4rs5l","id":"c86910mvgq4rs5l"},"id":"xahzpjwhogl4f1z","previousOperationId":"lmrzyu1jluo1qdb"}
{"type":"operationStart","subtype":"engine","name":"handlebars","timestamp":1705518555924,"id":"xcj24xa84cgulxo","previousEventId":"sh09ak7o4rqks2u","operationId":"c3g49oic5a6xcao","previousOperationId":"lmrzyu1jluo1qdb"}
{"type":"log","timestamp":1705518555924,"level":"debug","message":"Rendering engine handlebars","meta":{"rootId":"c86910mvgq4rs5l","id":"c86910mvgq4rs5l"},"id":"2rx4qzyeb5x0xq6","previousOperationId":"c3g49oic5a6xcao"}
{"type":"operationEnd","operationId":"c3g49oic5a6xcao","timestamp":1705518555945,"id":"dakdql8jh1y07eo","previousEventId":"xcj24xa84cgulxo","previousOperationId":"c3g49oic5a6xcao"}
{"type":"operationStart","subtype":"recipe","name":"chrome-pdf","timestamp":1705518555945,"id":"udw9j97c4h2ugbi","previousEventId":"dakdql8jh1y07eo","operationId":"l3pe23l1v0iuaxn","previousOperationId":"c3g49oic5a6xcao"}
{"type":"log","timestamp":1705518555945,"level":"debug","message":"Executing recipe chrome-pdf","meta":{"rootId":"c86910mvgq4rs5l","id":"c86910mvgq4rs5l"},"id":"r35sxg64a37vi9e","previousOperationId":"l3pe23l1v0iuaxn"}
{"type":"log","timestamp":1705518555948,"level":"debug","message":"Converting with chrome HeadlessChrome/117.0.5938.149 using chrome-pool strategy","meta":{"rootId":"c86910mvgq4rs5l","id":"c86910mvgq4rs5l"},"id":"xfzoqmchkq9oqm8","previousOperationId":"l3pe23l1v0iuaxn"}
{"type":"log","timestamp":1705518556094,"level":"debug","message":"Page request: GET (document) file:///C:/Users/juank/AppData/Local/Temp/jsreport/autocleanup/1161953f-a0a5-4ca6-89fb-23bf714df839-chrome-pdf.html","meta":{"rootId":"c86910mvgq4rs5l","id":"c86910mvgq4rs5l"},"id":"y9w7qxsl3dozay2","previousOperationId":"l3pe23l1v0iuaxn"}
{"type":"log","timestamp":1705518556108,"level":"debug","message":"Page request: GET (stylesheet) https://cdnjs.cloudflare.com/ajax/libs/metro/4.1.5/css/metro.min.css","meta":{"rootId":"c86910mvgq4rs5l","id":"c86910mvgq4rs5l"},"id":"mc3pk3hrrsvm45t","previousOperationId":"l3pe23l1v0iuaxn"}
{"type":"log","timestamp":1705518556109,"level":"debug","message":"Page request: GET (script) https://cdnjs.cloudflare.com/ajax/libs/Chart.js/2.7.2/Chart.min.js","meta":{"rootId":"c86910mvgq4rs5l","id":"c86910mvgq4rs5l"},"id":"beya7kly1ju03qb","previousOperationId":"l3pe23l1v0iuaxn"}
{"type":"log","timestamp":1705518556110,"level":"debug","message":"Page request finished: GET (document) 200 file:///C:/Users/juank/AppData/Local/Temp/jsreport/autocleanup/1161953f-a0a5-4ca6-89fb-23bf714df839-chrome-pdf.html","meta":{"rootId":"c86910mvgq4rs5l","id":"c86910mvgq4rs5l"},"id":"waxilym8523744f","previousOperationId":"l3pe23l1v0iuaxn"}
{"type":"log","timestamp":1705518556131,"level":"debug","message":"Page request finished: GET (stylesheet) 200 https://cdnjs.cloudflare.com/ajax/libs/metro/4.1.5/css/metro.min.css","meta":{"rootId":"c86910mvgq4rs5l","id":"c86910mvgq4rs5l"},"id":"6b7347fdjczvce6","previousOperationId":"l3pe23l1v0iuaxn"}
{"type":"log","timestamp":1705518556132,"level":"debug","message":"Page request finished: GET (script) 200 https://cdnjs.cloudflare.com/ajax/libs/Chart.js/2.7.2/Chart.min.js","meta":{"rootId":"c86910mvgq4rs5l","id":"c86910mvgq4rs5l"},"id":"adp3dckri4v52s5","previousOperationId":"l3pe23l1v0iuaxn"}
{"type":"log","timestamp":1705518556150,"level":"debug","message":"Running chrome with params {\"printBackground\":true,\"timeout\":599938,\"margin\":{}}","meta":{"rootId":"c86910mvgq4rs5l","id":"c86910mvgq4rs5l"},"id":"e7d47wawqkczb17","previousOperationId":"l3pe23l1v0iuaxn"}
{"type":"operationEnd","operationId":"l3pe23l1v0iuaxn","timestamp":1705518556177,"id":"4t5rn9bomlkynbt","previousEventId":"udw9j97c4h2ugbi","previousOperationId":"l3pe23l1v0iuaxn"}
{"type":"log","timestamp":1705518556177,"level":"debug","message":"Skipping storing report.","meta":{"rootId":"c86910mvgq4rs5l","id":"c86910mvgq4rs5l"},"id":"e5wfj0vs9y7ix11","previousOperationId":"l3pe23l1v0iuaxn"}
{"type":"log","timestamp":1705518556177,"level":"info","message":"Rendering request 13 finished in 292 ms","meta":{"rootId":"c86910mvgq4rs5l","id":"c86910mvgq4rs5l"},"id":"hkymrkvvr3ym315","previousOperationId":"l3pe23l1v0iuaxn"}
{"type":"operationEnd","subtype":"render","operationId":"ikdthq0v2cg0998","timestamp":1705518556177,"id":"y110qeyqthbxds4","previousEventId":"4t5rn9bomlkynbt","previousOperationId":"l3pe23l1v0iuaxn"}
{"type":"operationEnd","doDiffs":false,"previousEventId":"4zuun3sr2bfvfpr","previousOperationId":"hcb5isvle67cdjl","operationId":"hcb5isvle67cdjl","timestamp":1705518556184,"id":"xeog1icahge9zrb"}
