{"type":"operationStart","subtype":"profile","data":{"_id":"CMur1zoClVIGvIQm","timestamp":"2024-01-31T22:25:13.166Z","state":"queued","mode":"standard","creationDate":"2024-01-31T22:25:13.169Z","modificationDate":"2024-01-31T22:25:13.169Z","shortid":"2eUU9qn","$entitySet":"profiles"},"doDiffs":false,"timestamp":1706739913168,"id":"iglh1rokk7ncwsn","previousOperationId":null,"operationId":"azy7nn563x13zv4"}
{"type":"log","level":"info","message":"Render request 10 queued for execution and waiting for available worker","previousOperationId":"azy7nn563x13zv4","timestamp":1706739913168,"id":"w0j8u4wvk4v5r2h"}
{"type":"operationStart","subtype":"render","name":"apps-main","previousOperationId":"azy7nn563x13zv4","timestamp":1706739913186,"id":"2nohdxoix308or2","previousEventId":"iglh1rokk7ncwsn","operationId":"b3sec5pd8a4fzbj"}
{"type":"log","timestamp":1706739913186,"level":"info","message":"Starting rendering request 10","meta":{"rootId":"ceafmb28tp7ihue","id":"ceafmb28tp7ihue"},"id":"ykczrtx78p8s4t6","previousOperationId":"b3sec5pd8a4fzbj"}
{"type":"log","timestamp":1706739913186,"level":"info","message":"Rendering template { name: apps-main, recipe: chrome-pdf, engine: handlebars, preview: true }","meta":{"rootId":"ceafmb28tp7ihue","id":"ceafmb28tp7ihue"},"id":"b1w1l6hzzt643e4","previousOperationId":"b3sec5pd8a4fzbj"}
{"type":"log","timestamp":1706739913187,"level":"debug","message":"Inline data specified.","meta":{"rootId":"ceafmb28tp7ihue","id":"ceafmb28tp7ihue"},"id":"sebnlbwqfu9qhx6","previousOperationId":"b3sec5pd8a4fzbj"}
{"type":"log","timestamp":1706739913192,"level":"debug","message":"Executing script apps-script (beforeRender)","meta":{"rootId":"ceafmb28tp7ihue","id":"ceafmb28tp7ihue"},"id":"n5yy9gxkahsp1rc","previousOperationId":"b3sec5pd8a4fzbj"}
{"type":"log","timestamp":1706739913204,"level":"debug","message":"Base url not specified, skipping its injection.","meta":{"rootId":"ceafmb28tp7ihue","id":"ceafmb28tp7ihue"},"id":"ktzipwo85urrx99","previousOperationId":"b3sec5pd8a4fzbj"}
{"type":"operationStart","subtype":"engine","name":"handlebars","timestamp":1706739913204,"id":"zx5egjgje0b9rtm","previousEventId":"2nohdxoix308or2","operationId":"peg9uao1vz6a7fc","previousOperationId":"b3sec5pd8a4fzbj"}
{"type":"log","timestamp":1706739913204,"level":"debug","message":"Rendering engine handlebars","meta":{"rootId":"ceafmb28tp7ihue","id":"ceafmb28tp7ihue"},"id":"xisx1qbfs4g61sq","previousOperationId":"peg9uao1vz6a7fc"}
{"type":"operationEnd","operationId":"peg9uao1vz6a7fc","timestamp":1706739913224,"id":"dd9l964vvob9vs3","previousEventId":"zx5egjgje0b9rtm","previousOperationId":"peg9uao1vz6a7fc"}
{"type":"operationStart","subtype":"recipe","name":"chrome-pdf","timestamp":1706739913224,"id":"74kcyucfbuhcf91","previousEventId":"dd9l964vvob9vs3","operationId":"0tdxobx8mw1fc6a","previousOperationId":"peg9uao1vz6a7fc"}
{"type":"log","timestamp":1706739913224,"level":"debug","message":"Executing recipe chrome-pdf","meta":{"rootId":"ceafmb28tp7ihue","id":"ceafmb28tp7ihue"},"id":"vub5pg993yoj3ba","previousOperationId":"0tdxobx8mw1fc6a"}
{"type":"log","timestamp":1706739913228,"level":"debug","message":"Converting with chrome HeadlessChrome/117.0.5938.149 using chrome-pool strategy","meta":{"rootId":"ceafmb28tp7ihue","id":"ceafmb28tp7ihue"},"id":"gfll796b857j161","previousOperationId":"0tdxobx8mw1fc6a"}
{"type":"log","timestamp":1706739913391,"level":"debug","message":"Page request: GET (document) file:///C:/Users/juank/AppData/Local/Temp/jsreport/autocleanup/5d843f27-a9ed-44da-8c72-75e577acecdf-chrome-pdf.html","meta":{"rootId":"ceafmb28tp7ihue","id":"ceafmb28tp7ihue"},"id":"abnapkxhdvplrt7","previousOperationId":"0tdxobx8mw1fc6a"}
{"type":"log","timestamp":1706739913401,"level":"debug","message":"Page request finished: GET (document) 200 file:///C:/Users/juank/AppData/Local/Temp/jsreport/autocleanup/5d843f27-a9ed-44da-8c72-75e577acecdf-chrome-pdf.html","meta":{"rootId":"ceafmb28tp7ihue","id":"ceafmb28tp7ihue"},"id":"g7tdkhnaiyd6vgc","previousOperationId":"0tdxobx8mw1fc6a"}
{"type":"log","timestamp":1706739913401,"level":"debug","message":"Page request: GET (script) https://cdn.jsdelivr.net/npm/chart.js","meta":{"rootId":"ceafmb28tp7ihue","id":"ceafmb28tp7ihue"},"id":"ymf57c3kwz7l7og","previousOperationId":"0tdxobx8mw1fc6a"}
{"type":"log","timestamp":1706739913409,"level":"debug","message":"Page request finished: GET (script) 200 https://cdn.jsdelivr.net/npm/chart.js","meta":{"rootId":"ceafmb28tp7ihue","id":"ceafmb28tp7ihue"},"id":"cc6g9nu38hdgftw","previousOperationId":"0tdxobx8mw1fc6a"}
{"type":"log","timestamp":1706739913429,"level":"warn","message":"Page error: require is not defined , stack: ReferenceError: require is not defined\n    at <anonymous> (file:///C:/Users/juank/AppData/Local/Temp/jsreport/autocleanup/5d843f27-a9ed-44da-8c72-75e577acecdf-chrome-pdf.html:26:24)","meta":{"rootId":"ceafmb28tp7ihue","id":"ceafmb28tp7ihue"},"id":"33d2lyqa0ldlms2","previousOperationId":"0tdxobx8mw1fc6a"}
{"type":"log","timestamp":1706739913432,"level":"debug","message":"Running chrome with params {\"printBackground\":true,\"timeout\":599939,\"margin\":{}}","meta":{"rootId":"ceafmb28tp7ihue","id":"ceafmb28tp7ihue"},"id":"ipxoihith0sh6ig","previousOperationId":"0tdxobx8mw1fc6a"}
{"type":"operationEnd","operationId":"0tdxobx8mw1fc6a","timestamp":1706739913467,"id":"q8w90c98xxedj0u","previousEventId":"74kcyucfbuhcf91","previousOperationId":"0tdxobx8mw1fc6a"}
{"type":"log","timestamp":1706739913467,"level":"debug","message":"Skipping storing report.","meta":{"rootId":"ceafmb28tp7ihue","id":"ceafmb28tp7ihue"},"id":"qzxymexgbhp26sn","previousOperationId":"0tdxobx8mw1fc6a"}
{"type":"log","timestamp":1706739913467,"level":"info","message":"Rendering request 10 finished in 301 ms","meta":{"rootId":"ceafmb28tp7ihue","id":"ceafmb28tp7ihue"},"id":"uu40jpu7nbnkhz3","previousOperationId":"0tdxobx8mw1fc6a"}
{"type":"operationEnd","subtype":"render","operationId":"b3sec5pd8a4fzbj","timestamp":1706739913467,"id":"o52qdzx8ns0lbh9","previousEventId":"q8w90c98xxedj0u","previousOperationId":"0tdxobx8mw1fc6a"}
{"type":"operationEnd","doDiffs":false,"previousEventId":"iglh1rokk7ncwsn","previousOperationId":"azy7nn563x13zv4","operationId":"azy7nn563x13zv4","timestamp":1706739913483,"id":"l7c8e64d86p08t8"}
