{"type":"operationStart","subtype":"profile","data":{"_id":"qeIiTZDsuPuA2F0h","timestamp":"2024-01-17T20:29:48.364Z","state":"queued","mode":"standard","creationDate":"2024-01-17T20:29:48.367Z","modificationDate":"2024-01-17T20:29:48.367Z","shortid":"6fUqYTt","$entitySet":"profiles"},"doDiffs":false,"timestamp":1705523388365,"id":"60o2y2tinbipcj5","previousOperationId":null,"operationId":"w70t3wt6v8ku0g7"}
{"type":"log","level":"info","message":"Render request 60 queued for execution and waiting for available worker","previousOperationId":"w70t3wt6v8ku0g7","timestamp":1705523388366,"id":"mk90kkhomra63xb"}
{"type":"operationStart","subtype":"render","name":"apps-main","previousOperationId":"w70t3wt6v8ku0g7","timestamp":1705523388376,"id":"m3y35m3wbwq6s0m","previousEventId":"60o2y2tinbipcj5","operationId":"gxwmk3uyojednxg"}
{"type":"log","timestamp":1705523388376,"level":"info","message":"Starting rendering request 60","meta":{"rootId":"cta3srnone0pv25","id":"cta3srnone0pv25"},"id":"21kmvdhe3knotpe","previousOperationId":"gxwmk3uyojednxg"}
{"type":"log","timestamp":1705523388376,"level":"info","message":"Rendering template { name: apps-main, recipe: chrome-pdf, engine: handlebars, preview: true }","meta":{"rootId":"cta3srnone0pv25","id":"cta3srnone0pv25"},"id":"eu305jmqti8kar6","previousOperationId":"gxwmk3uyojednxg"}
{"type":"log","timestamp":1705523388377,"level":"debug","message":"Data item not defined for this template.","meta":{"rootId":"cta3srnone0pv25","id":"cta3srnone0pv25"},"id":"1k926aqk6upfbgm","previousOperationId":"gxwmk3uyojednxg"}
{"type":"log","timestamp":1705523388379,"level":"debug","message":"Executing script apps-script (beforeRender)","meta":{"rootId":"cta3srnone0pv25","id":"cta3srnone0pv25"},"id":"j5tdtu6k3qanr1y","previousOperationId":"gxwmk3uyojednxg"}
{"type":"operationStart","subtype":"scriptsBeforeRender","name":"scripts beforeRender","timestamp":1705523388386,"id":"wxr7eqrt7ae83r7","previousEventId":"m3y35m3wbwq6s0m","operationId":"y5bnuwjuaentcs0","previousOperationId":"gxwmk3uyojednxg"}
{"type":"operationStart","subtype":"script","name":"scripts apps-script","previousOperationId":"y5bnuwjuaentcs0","timestamp":1705523388386,"id":"gnikenohdej8iid","previousEventId":"wxr7eqrt7ae83r7","operationId":"kvb2pn9l9lmkptp"}
{"type":"log","timestamp":1705523388388,"level":"debug","message":"(console:log) {\n  labels: [ 'HTTP', 'No HTTP' ],\n  datasets: [\n    {\n      data: [Array],\n      backgroundColor: [Array],\n      borderColor: [Array],\n      borderWidth: 1\n    }\n  ]\n}","meta":{"userLevel":true,"rootId":"cta3srnone0pv25","id":"cta3srnone0pv25"},"id":"urzkj8yrougpgzo","previousOperationId":"kvb2pn9l9lmkptp"}
{"type":"log","timestamp":1705523388388,"level":"debug","message":"(console:log) {\n  apps: [\n    {\n      id: 1,\n      icon: '1702583747.png',\n      URL: 'applicationsview',\n      created_at: '2023-12-14T15:19:05.000000Z',\n      updated_at: '2023-12-14T19:55:47.000000Z'\n    },\n    {\n      id: 2,\n      icon: '1702581234.jpg',\n      URL: 'employeesview',\n      created_at: '2023-12-14T19:13:54.000000Z',\n      updated_at: '2023-12-14T19:13:54.000000Z'\n    },\n    {\n      id: 3,\n      icon: '1702583822.png',\n      URL: 'rolesview',\n      created_at: '2023-12-14T19:57:02.000000Z',\n      updated_at: '2023-12-14T19:57:02.000000Z'\n    },\n    {\n      id: 4,\n      icon: '1702584040.png',\n      URL: 'newsview',\n      created_at: '2023-12-14T20:00:40.000000Z',\n      updated_at: '2023-12-14T20:00:40.000000Z'\n    },\n    {\n      id: 5,\n      icon: '1702658124.png',\n      URL: 'http://google.com',\n      created_at: '2023-12-15T16:35:24.000000Z',\n      updated_at: '2023-12-17T05:09:34.000000Z'\n    }\n  ],\n  accumulated: { labels: [ 'HTTP', 'No HTTP' ], datasets: [ [Object] ] }\n}","meta":{"userLevel":true,"rootId":"cta3srnone0pv25","id":"cta3srnone0pv25"},"id":"5bbckprlggulaqb","previousOperationId":"kvb2pn9l9lmkptp"}
{"type":"operationEnd","operationId":"kvb2pn9l9lmkptp","timestamp":1705523388389,"id":"0rjmwtxwzvsm9jx","previousEventId":"m3y35m3wbwq6s0m","previousOperationId":"gxwmk3uyojednxg"}
{"type":"operationEnd","operationId":"y5bnuwjuaentcs0","timestamp":1705523388389,"id":"23ugz2eub73qgxs","previousEventId":"0rjmwtxwzvsm9jx","previousOperationId":"gxwmk3uyojednxg"}
{"type":"log","timestamp":1705523388389,"level":"debug","message":"Base url not specified, skipping its injection.","meta":{"rootId":"cta3srnone0pv25","id":"cta3srnone0pv25"},"id":"9zl46av5ky67j23","previousOperationId":"y5bnuwjuaentcs0"}
{"type":"operationStart","subtype":"engine","name":"handlebars","timestamp":1705523388389,"id":"7ly4dr7kaeqnr1a","previousEventId":"23ugz2eub73qgxs","operationId":"tqmv4drpudjyddt","previousOperationId":"y5bnuwjuaentcs0"}
{"type":"log","timestamp":1705523388389,"level":"debug","message":"Rendering engine handlebars","meta":{"rootId":"cta3srnone0pv25","id":"cta3srnone0pv25"},"id":"pq8xsk27mge6gsi","previousOperationId":"tqmv4drpudjyddt"}
{"type":"operationEnd","operationId":"tqmv4drpudjyddt","timestamp":1705523388412,"id":"3tnvsmosri3rhyk","previousEventId":"7ly4dr7kaeqnr1a","previousOperationId":"tqmv4drpudjyddt"}
{"type":"operationStart","subtype":"recipe","name":"chrome-pdf","timestamp":1705523388412,"id":"wkzbyxouzd7p6gi","previousEventId":"3tnvsmosri3rhyk","operationId":"vaiqmwcarctuh36","previousOperationId":"tqmv4drpudjyddt"}
{"type":"log","timestamp":1705523388412,"level":"debug","message":"Executing recipe chrome-pdf","meta":{"rootId":"cta3srnone0pv25","id":"cta3srnone0pv25"},"id":"j5op0jnne51dhuu","previousOperationId":"vaiqmwcarctuh36"}
{"type":"log","timestamp":1705523388422,"level":"debug","message":"Converting with chrome HeadlessChrome/117.0.5938.149 using chrome-pool strategy","meta":{"rootId":"cta3srnone0pv25","id":"cta3srnone0pv25"},"id":"amc0rv7rq6664sa","previousOperationId":"vaiqmwcarctuh36"}
{"type":"log","timestamp":1705523388543,"level":"debug","message":"Page request: GET (document) file:///C:/Users/juank/AppData/Local/Temp/jsreport/autocleanup/d711a960-5840-4bf5-8eb6-171d42d2103d-chrome-pdf.html","meta":{"rootId":"cta3srnone0pv25","id":"cta3srnone0pv25"},"id":"t30hj42lzeafegr","previousOperationId":"vaiqmwcarctuh36"}
{"type":"log","timestamp":1705523388555,"level":"debug","message":"Page request: GET (stylesheet) https://cdnjs.cloudflare.com/ajax/libs/metro/4.1.5/css/metro.min.css","meta":{"rootId":"cta3srnone0pv25","id":"cta3srnone0pv25"},"id":"t63qtfc7g079wxg","previousOperationId":"vaiqmwcarctuh36"}
{"type":"log","timestamp":1705523388555,"level":"debug","message":"Page request: GET (script) https://cdnjs.cloudflare.com/ajax/libs/Chart.js/2.7.2/Chart.min.js","meta":{"rootId":"cta3srnone0pv25","id":"cta3srnone0pv25"},"id":"0d302wgyef554ui","previousOperationId":"vaiqmwcarctuh36"}
{"type":"log","timestamp":1705523388556,"level":"debug","message":"Page request finished: GET (document) 200 file:///C:/Users/juank/AppData/Local/Temp/jsreport/autocleanup/d711a960-5840-4bf5-8eb6-171d42d2103d-chrome-pdf.html","meta":{"rootId":"cta3srnone0pv25","id":"cta3srnone0pv25"},"id":"zi372pq9sgzh6lr","previousOperationId":"vaiqmwcarctuh36"}
{"type":"log","timestamp":1705523388560,"level":"debug","message":"Page request finished: GET (script) 200 https://cdnjs.cloudflare.com/ajax/libs/Chart.js/2.7.2/Chart.min.js","meta":{"rootId":"cta3srnone0pv25","id":"cta3srnone0pv25"},"id":"lw7nr7xr9htefyj","previousOperationId":"vaiqmwcarctuh36"}
{"type":"log","timestamp":1705523388571,"level":"debug","message":"Page request finished: GET (stylesheet) 200 https://cdnjs.cloudflare.com/ajax/libs/metro/4.1.5/css/metro.min.css","meta":{"rootId":"cta3srnone0pv25","id":"cta3srnone0pv25"},"id":"5hkj9jglqo0rdic","previousOperationId":"vaiqmwcarctuh36"}
{"type":"log","timestamp":1705523388575,"level":"warn","message":"Page error: Unexpected token '&' , stack: SyntaxError: Unexpected token '&'","meta":{"rootId":"cta3srnone0pv25","id":"cta3srnone0pv25"},"id":"c2yhyf91hiel5rh","previousOperationId":"vaiqmwcarctuh36"}
{"type":"log","timestamp":1705523388591,"level":"debug","message":"Running chrome with params {\"printBackground\":true,\"timeout\":599944,\"margin\":{}}","meta":{"rootId":"cta3srnone0pv25","id":"cta3srnone0pv25"},"id":"olsbnh142cagfbw","previousOperationId":"vaiqmwcarctuh36"}
{"type":"operationEnd","operationId":"vaiqmwcarctuh36","timestamp":1705523388617,"id":"9vmohskwiqgrtm1","previousEventId":"wkzbyxouzd7p6gi","previousOperationId":"vaiqmwcarctuh36"}
{"type":"log","timestamp":1705523388617,"level":"debug","message":"Skipping storing report.","meta":{"rootId":"cta3srnone0pv25","id":"cta3srnone0pv25"},"id":"4a2nirlg5i6ct9j","previousOperationId":"vaiqmwcarctuh36"}
{"type":"log","timestamp":1705523388617,"level":"info","message":"Rendering request 60 finished in 253 ms","meta":{"rootId":"cta3srnone0pv25","id":"cta3srnone0pv25"},"id":"esslk82fygi89q0","previousOperationId":"vaiqmwcarctuh36"}
{"type":"operationEnd","subtype":"render","operationId":"gxwmk3uyojednxg","timestamp":1705523388617,"id":"wl4q92j336c0rwy","previousEventId":"9vmohskwiqgrtm1","previousOperationId":"vaiqmwcarctuh36"}
{"type":"operationEnd","doDiffs":false,"previousEventId":"60o2y2tinbipcj5","previousOperationId":"w70t3wt6v8ku0g7","operationId":"w70t3wt6v8ku0g7","timestamp":1705523388627,"id":"apxor8zq94th500"}
