{"type":"operationStart","subtype":"profile","data":{"_id":"NBvAZjuyVUfYWZDz","timestamp":"2024-01-17T20:14:36.875Z","state":"queued","mode":"standard","creationDate":"2024-01-17T20:14:36.877Z","modificationDate":"2024-01-17T20:14:36.877Z","shortid":"AZPYVXW","$entitySet":"profiles"},"doDiffs":false,"timestamp":1705522476876,"id":"34ufal9ocrvj6ws","previousOperationId":null,"operationId":"miq55eqz35et2xu"}
{"type":"log","level":"info","message":"Render request 51 queued for execution and waiting for available worker","previousOperationId":"miq55eqz35et2xu","timestamp":1705522476876,"id":"pekzrrp56dmr7do"}
{"type":"operationStart","subtype":"render","name":"apps-main","previousOperationId":"miq55eqz35et2xu","timestamp":1705522476888,"id":"36ocmg8jw1wey2p","previousEventId":"34ufal9ocrvj6ws","operationId":"1f1dyyu8ra5vi6d"}
{"type":"log","timestamp":1705522476888,"level":"info","message":"Starting rendering request 51","meta":{"rootId":"dd1h4usderrkx6y","id":"dd1h4usderrkx6y"},"id":"y99xl14suzzxzv4","previousOperationId":"1f1dyyu8ra5vi6d"}
{"type":"log","timestamp":1705522476888,"level":"info","message":"Rendering template { name: apps-main, recipe: chrome-pdf, engine: handlebars, preview: true }","meta":{"rootId":"dd1h4usderrkx6y","id":"dd1h4usderrkx6y"},"id":"hkddahidc75evvj","previousOperationId":"1f1dyyu8ra5vi6d"}
{"type":"log","timestamp":1705522476888,"level":"debug","message":"Data item not defined for this template.","meta":{"rootId":"dd1h4usderrkx6y","id":"dd1h4usderrkx6y"},"id":"v2nf67hetxyr9dq","previousOperationId":"1f1dyyu8ra5vi6d"}
{"type":"log","timestamp":1705522476890,"level":"debug","message":"Executing script apps-script (beforeRender)","meta":{"rootId":"dd1h4usderrkx6y","id":"dd1h4usderrkx6y"},"id":"exs1c47d8rqn5bu","previousOperationId":"1f1dyyu8ra5vi6d"}
{"type":"operationStart","subtype":"scriptsBeforeRender","name":"scripts beforeRender","timestamp":1705522476895,"id":"z5hbjlocsa4jlxu","previousEventId":"36ocmg8jw1wey2p","operationId":"qtbayzdxrg7z340","previousOperationId":"1f1dyyu8ra5vi6d"}
{"type":"operationStart","subtype":"script","name":"scripts apps-script","previousOperationId":"qtbayzdxrg7z340","timestamp":1705522476895,"id":"8lbqsc74zj0nkqk","previousEventId":"z5hbjlocsa4jlxu","operationId":"y4hfjbcrpuyezud"}
{"type":"log","timestamp":1705522476897,"level":"debug","message":"(console:log) {\n  apps: [\n    {\n      id: 1,\n      icon: '1702583747.png',\n      URL: 'applicationsview',\n      created_at: '2023-12-14T15:19:05.000000Z',\n      updated_at: '2023-12-14T19:55:47.000000Z'\n    },\n    {\n      id: 2,\n      icon: '1702581234.jpg',\n      URL: 'employeesview',\n      created_at: '2023-12-14T19:13:54.000000Z',\n      updated_at: '2023-12-14T19:13:54.000000Z'\n    },\n    {\n      id: 3,\n      icon: '1702583822.png',\n      URL: 'rolesview',\n      created_at: '2023-12-14T19:57:02.000000Z',\n      updated_at: '2023-12-14T19:57:02.000000Z'\n    },\n    {\n      id: 4,\n      icon: '1702584040.png',\n      URL: 'newsview',\n      created_at: '2023-12-14T20:00:40.000000Z',\n      updated_at: '2023-12-14T20:00:40.000000Z'\n    },\n    {\n      id: 5,\n      icon: '1702658124.png',\n      URL: 'http://google.com',\n      created_at: '2023-12-15T16:35:24.000000Z',\n      updated_at: '2023-12-17T05:09:34.000000Z'\n    }\n  ],\n  accumulated: { labels: [ 'HTTP', 'No HTTP' ], datasets: [ [Object] ] }\n}","meta":{"userLevel":true,"rootId":"dd1h4usderrkx6y","id":"dd1h4usderrkx6y"},"id":"pm6nrgbrvcbckpm","previousOperationId":"y4hfjbcrpuyezud"}
{"type":"operationEnd","operationId":"y4hfjbcrpuyezud","timestamp":1705522476898,"id":"knxu1zum4i6stbv","previousEventId":"36ocmg8jw1wey2p","previousOperationId":"1f1dyyu8ra5vi6d"}
{"type":"operationEnd","operationId":"qtbayzdxrg7z340","timestamp":1705522476898,"id":"r3er2dvx449qlmt","previousEventId":"knxu1zum4i6stbv","previousOperationId":"1f1dyyu8ra5vi6d"}
{"type":"log","timestamp":1705522476898,"level":"debug","message":"Base url not specified, skipping its injection.","meta":{"rootId":"dd1h4usderrkx6y","id":"dd1h4usderrkx6y"},"id":"xwgspdvtx157q00","previousOperationId":"qtbayzdxrg7z340"}
{"type":"operationStart","subtype":"engine","name":"handlebars","timestamp":1705522476898,"id":"4anv4vt6kxi2yix","previousEventId":"r3er2dvx449qlmt","operationId":"497286xt5920ito","previousOperationId":"qtbayzdxrg7z340"}
{"type":"log","timestamp":1705522476898,"level":"debug","message":"Rendering engine handlebars","meta":{"rootId":"dd1h4usderrkx6y","id":"dd1h4usderrkx6y"},"id":"5ppodwsa42ctxti","previousOperationId":"497286xt5920ito"}
{"type":"log","timestamp":1705522476913,"level":"debug","message":"(console:log) Pdf utils adding group field, value: {}","meta":{"userLevel":true,"rootId":"dd1h4usderrkx6y","id":"dd1h4usderrkx6y"},"id":"2sctzk28dxi4mvm","previousOperationId":"497286xt5920ito"}
{"type":"log","timestamp":1705522476913,"level":"debug","message":"(console:log) Pdf utils adding group field, value: {}","meta":{"userLevel":true,"rootId":"dd1h4usderrkx6y","id":"dd1h4usderrkx6y"},"id":"uvtkr5b4c1em4ym","previousOperationId":"497286xt5920ito"}
{"type":"operationEnd","operationId":"497286xt5920ito","timestamp":1705522476913,"id":"jq877t1pfj7s17f","previousEventId":"4anv4vt6kxi2yix","previousOperationId":"497286xt5920ito"}
{"type":"operationStart","subtype":"recipe","name":"chrome-pdf","timestamp":1705522476913,"id":"cpodwdx87007c3c","previousEventId":"jq877t1pfj7s17f","operationId":"7i3synj5u5se7yw","previousOperationId":"497286xt5920ito"}
{"type":"log","timestamp":1705522476913,"level":"debug","message":"Executing recipe chrome-pdf","meta":{"rootId":"dd1h4usderrkx6y","id":"dd1h4usderrkx6y"},"id":"akl7fwbj2n81p53","previousOperationId":"7i3synj5u5se7yw"}
{"type":"log","timestamp":1705522476916,"level":"debug","message":"Converting with chrome HeadlessChrome/117.0.5938.149 using chrome-pool strategy","meta":{"rootId":"dd1h4usderrkx6y","id":"dd1h4usderrkx6y"},"id":"2ivpll6rrkfc33v","previousOperationId":"7i3synj5u5se7yw"}
{"type":"log","timestamp":1705522477030,"level":"debug","message":"Page request: GET (document) file:///C:/Users/juank/AppData/Local/Temp/jsreport/autocleanup/58be9292-3a35-4f66-8dc8-08582a109e92-chrome-pdf.html","meta":{"rootId":"dd1h4usderrkx6y","id":"dd1h4usderrkx6y"},"id":"afht7qkk2iz0wam","previousOperationId":"7i3synj5u5se7yw"}
{"type":"log","timestamp":1705522477038,"level":"debug","message":"Page request: GET (stylesheet) https://cdnjs.cloudflare.com/ajax/libs/metro/4.1.5/css/metro.min.css","meta":{"rootId":"dd1h4usderrkx6y","id":"dd1h4usderrkx6y"},"id":"l9zvfvp5kh1tn1j","previousOperationId":"7i3synj5u5se7yw"}
{"type":"log","timestamp":1705522477038,"level":"debug","message":"Page request: GET (script) https://cdnjs.cloudflare.com/ajax/libs/Chart.js/2.7.2/Chart.min.js","meta":{"rootId":"dd1h4usderrkx6y","id":"dd1h4usderrkx6y"},"id":"ahqgknvvui8u18j","previousOperationId":"7i3synj5u5se7yw"}
{"type":"log","timestamp":1705522477039,"level":"debug","message":"Page request finished: GET (document) 200 file:///C:/Users/juank/AppData/Local/Temp/jsreport/autocleanup/58be9292-3a35-4f66-8dc8-08582a109e92-chrome-pdf.html","meta":{"rootId":"dd1h4usderrkx6y","id":"dd1h4usderrkx6y"},"id":"ucbau84toug55ul","previousOperationId":"7i3synj5u5se7yw"}
{"type":"log","timestamp":1705522477043,"level":"debug","message":"Page request finished: GET (script) 200 https://cdnjs.cloudflare.com/ajax/libs/Chart.js/2.7.2/Chart.min.js","meta":{"rootId":"dd1h4usderrkx6y","id":"dd1h4usderrkx6y"},"id":"r2ajn0y6lszfmxv","previousOperationId":"7i3synj5u5se7yw"}
{"type":"log","timestamp":1705522477054,"level":"debug","message":"Page request finished: GET (stylesheet) 200 https://cdnjs.cloudflare.com/ajax/libs/metro/4.1.5/css/metro.min.css","meta":{"rootId":"dd1h4usderrkx6y","id":"dd1h4usderrkx6y"},"id":"igeabkstw0dm9fv","previousOperationId":"7i3synj5u5se7yw"}
{"type":"log","timestamp":1705522477058,"level":"warn","message":"Page error: Unexpected token '&' , stack: SyntaxError: Unexpected token '&'","meta":{"rootId":"dd1h4usderrkx6y","id":"dd1h4usderrkx6y"},"id":"ue5lgmfrfvcbfif","previousOperationId":"7i3synj5u5se7yw"}
{"type":"log","timestamp":1705522477080,"level":"debug","message":"Running chrome with params {\"printBackground\":true,\"timeout\":599960,\"margin\":{}}","meta":{"rootId":"dd1h4usderrkx6y","id":"dd1h4usderrkx6y"},"id":"233s4i1zc1nfko5","previousOperationId":"7i3synj5u5se7yw"}
{"type":"operationEnd","operationId":"7i3synj5u5se7yw","timestamp":1705522477125,"id":"tttns3tseocfwhs","previousEventId":"cpodwdx87007c3c","previousOperationId":"7i3synj5u5se7yw"}
{"type":"log","timestamp":1705522477125,"level":"debug","message":"Skipping storing report.","meta":{"rootId":"dd1h4usderrkx6y","id":"dd1h4usderrkx6y"},"id":"5lw13lbv7nsgwdi","previousOperationId":"7i3synj5u5se7yw"}
{"type":"log","timestamp":1705522477125,"level":"info","message":"Rendering request 51 finished in 250 ms","meta":{"rootId":"dd1h4usderrkx6y","id":"dd1h4usderrkx6y"},"id":"i1wc546qdufldmk","previousOperationId":"7i3synj5u5se7yw"}
{"type":"operationEnd","subtype":"render","operationId":"1f1dyyu8ra5vi6d","timestamp":1705522477125,"id":"8a0wpjsq4min4aj","previousEventId":"tttns3tseocfwhs","previousOperationId":"7i3synj5u5se7yw"}
{"type":"operationEnd","doDiffs":false,"previousEventId":"34ufal9ocrvj6ws","previousOperationId":"miq55eqz35et2xu","operationId":"miq55eqz35et2xu","timestamp":1705522477130,"id":"r9k3hw5d9lnexiu"}
