{"type":"operationStart","subtype":"profile","data":{"_id":"W25MSxRoTYl2vDgW","timestamp":"2024-01-18T16:51:33.439Z","state":"queued","mode":"standard","creationDate":"2024-01-18T16:51:33.445Z","modificationDate":"2024-01-18T16:51:33.445Z","shortid":"TTLxP26","$entitySet":"profiles"},"doDiffs":false,"timestamp":1705596693443,"id":"kdtb11lbtr565ob","previousOperationId":null,"operationId":"i0acpv9ftkpps0v"}
{"type":"log","level":"info","message":"Render request 5 queued for execution and waiting for available worker","previousOperationId":"i0acpv9ftkpps0v","timestamp":1705596693443,"id":"aful6ifc5zqqrz3"}
{"type":"operationStart","subtype":"render","name":"apps-main","previousOperationId":"i0acpv9ftkpps0v","timestamp":1705596693479,"id":"ja2gtapj97geapc","previousEventId":"kdtb11lbtr565ob","operationId":"iflvbbvimow73o4"}
{"type":"log","timestamp":1705596693482,"level":"info","message":"Starting rendering request 5","meta":{"rootId":"dh742gy6iisszk5","id":"dh742gy6iisszk5"},"id":"qxzu080b23czscq","previousOperationId":"iflvbbvimow73o4"}
{"type":"log","timestamp":1705596693482,"level":"info","message":"Rendering template { name: apps-main, recipe: chrome-pdf, engine: handlebars, preview: true }","meta":{"rootId":"dh742gy6iisszk5","id":"dh742gy6iisszk5"},"id":"1siqhnq3cmas6i1","previousOperationId":"iflvbbvimow73o4"}
{"type":"log","timestamp":1705596693484,"level":"debug","message":"Data item not defined for this template.","meta":{"rootId":"dh742gy6iisszk5","id":"dh742gy6iisszk5"},"id":"864c4pqq6zp6phb","previousOperationId":"iflvbbvimow73o4"}
{"type":"log","timestamp":1705596693489,"level":"debug","message":"Executing script apps-script (beforeRender)","meta":{"rootId":"dh742gy6iisszk5","id":"dh742gy6iisszk5"},"id":"argp78u26zi6tp9","previousOperationId":"iflvbbvimow73o4"}
{"type":"log","timestamp":1705596693511,"level":"debug","message":"Base url not specified, skipping its injection.","meta":{"rootId":"dh742gy6iisszk5","id":"dh742gy6iisszk5"},"id":"x81800ad33dibmi","previousOperationId":"iflvbbvimow73o4"}
{"type":"operationStart","subtype":"engine","name":"handlebars","timestamp":1705596693511,"id":"wf4iolu04a9bxo8","previousEventId":"ja2gtapj97geapc","operationId":"vqsamazxk1ba20u","previousOperationId":"iflvbbvimow73o4"}
{"type":"log","timestamp":1705596693511,"level":"debug","message":"Rendering engine handlebars","meta":{"rootId":"dh742gy6iisszk5","id":"dh742gy6iisszk5"},"id":"tnvq0sx8r7aa7w9","previousOperationId":"vqsamazxk1ba20u"}
{"type":"operationEnd","operationId":"vqsamazxk1ba20u","timestamp":1705596693542,"id":"az8xy21emp597tp","previousEventId":"wf4iolu04a9bxo8","previousOperationId":"vqsamazxk1ba20u"}
{"type":"operationStart","subtype":"recipe","name":"chrome-pdf","timestamp":1705596693544,"id":"4p8w00cwihinuen","previousEventId":"az8xy21emp597tp","operationId":"h962kizy8thir50","previousOperationId":"vqsamazxk1ba20u"}
{"type":"log","timestamp":1705596693544,"level":"debug","message":"Executing recipe chrome-pdf","meta":{"rootId":"dh742gy6iisszk5","id":"dh742gy6iisszk5"},"id":"vvclb08b0chd7gm","previousOperationId":"h962kizy8thir50"}
{"type":"log","timestamp":1705596693556,"level":"debug","message":"Converting with chrome HeadlessChrome/117.0.5938.149 using chrome-pool strategy","meta":{"rootId":"dh742gy6iisszk5","id":"dh742gy6iisszk5"},"id":"mqzye30wos34ssa","previousOperationId":"h962kizy8thir50"}
{"type":"log","timestamp":1705596693786,"level":"debug","message":"Page request: GET (document) file:///C:/Users/juank/AppData/Local/Temp/jsreport/autocleanup/58b9f079-5a94-4173-87ee-c54f82ccd68c-chrome-pdf.html","meta":{"rootId":"dh742gy6iisszk5","id":"dh742gy6iisszk5"},"id":"ngq3n12tvoizmf2","previousOperationId":"h962kizy8thir50"}
{"type":"log","timestamp":1705596693799,"level":"debug","message":"Page request finished: GET (document) 200 file:///C:/Users/juank/AppData/Local/Temp/jsreport/autocleanup/58b9f079-5a94-4173-87ee-c54f82ccd68c-chrome-pdf.html","meta":{"rootId":"dh742gy6iisszk5","id":"dh742gy6iisszk5"},"id":"r30pcsg7cyffz2f","previousOperationId":"h962kizy8thir50"}
{"type":"log","timestamp":1705596693799,"level":"debug","message":"Page request: GET (script) https://cdn.jsdelivr.net/npm/chart.js","meta":{"rootId":"dh742gy6iisszk5","id":"dh742gy6iisszk5"},"id":"6xkizq9gpkcfbbv","previousOperationId":"h962kizy8thir50"}
{"type":"log","timestamp":1705596693812,"level":"debug","message":"Page request finished: GET (script) 200 https://cdn.jsdelivr.net/npm/chart.js","meta":{"rootId":"dh742gy6iisszk5","id":"dh742gy6iisszk5"},"id":"8j8rin4ceobjlo8","previousOperationId":"h962kizy8thir50"}
{"type":"log","timestamp":1705596693898,"level":"debug","message":"Running chrome with params {\"printBackground\":true,\"timeout\":599885,\"margin\":{}}","meta":{"rootId":"dh742gy6iisszk5","id":"dh742gy6iisszk5"},"id":"pnna1vfhybnruxj","previousOperationId":"h962kizy8thir50"}
{"type":"operationEnd","operationId":"h962kizy8thir50","timestamp":1705596693942,"id":"l1j57893j01ccwc","previousEventId":"4p8w00cwihinuen","previousOperationId":"h962kizy8thir50"}
{"type":"log","timestamp":1705596693942,"level":"debug","message":"Skipping storing report.","meta":{"rootId":"dh742gy6iisszk5","id":"dh742gy6iisszk5"},"id":"cqzppgg8fqs8wqi","previousOperationId":"h962kizy8thir50"}
{"type":"log","timestamp":1705596693942,"level":"info","message":"Rendering request 5 finished in 503 ms","meta":{"rootId":"dh742gy6iisszk5","id":"dh742gy6iisszk5"},"id":"5ac0ucub4twpvgz","previousOperationId":"h962kizy8thir50"}
{"type":"operationEnd","subtype":"render","operationId":"iflvbbvimow73o4","timestamp":1705596693942,"id":"m8403o7x6pbiotb","previousEventId":"l1j57893j01ccwc","previousOperationId":"h962kizy8thir50"}
{"type":"operationEnd","doDiffs":false,"previousEventId":"kdtb11lbtr565ob","previousOperationId":"i0acpv9ftkpps0v","operationId":"i0acpv9ftkpps0v","timestamp":1705596693963,"id":"fu9pdvse2z8vo25"}
