{"type":"operationStart","subtype":"profile","data":{"_id":"PLaupT9UErc9PBhJ","timestamp":"2024-01-17T19:58:44.691Z","state":"queued","mode":"standard","creationDate":"2024-01-17T19:58:44.693Z","modificationDate":"2024-01-17T19:58:44.693Z","shortid":"Ds508Or","$entitySet":"profiles"},"doDiffs":false,"timestamp":1705521524692,"id":"y6had8ozgj62dv7","previousOperationId":null,"operationId":"kgdb295ko92spft"}
{"type":"log","level":"info","message":"Render request 35 queued for execution and waiting for available worker","previousOperationId":"kgdb295ko92spft","timestamp":1705521524693,"id":"hpo8wjvgom6pt0l"}
{"type":"operationStart","subtype":"render","name":"apps-main","previousOperationId":"kgdb295ko92spft","timestamp":1705521524704,"id":"06jlmdp3gpzqh05","previousEventId":"y6had8ozgj62dv7","operationId":"lo826y4qbfth1om"}
{"type":"log","timestamp":1705521524704,"level":"info","message":"Starting rendering request 35","meta":{"rootId":"elhtrj010nuyskn","id":"elhtrj010nuyskn"},"id":"nmctoqs6rdiz3yg","previousOperationId":"lo826y4qbfth1om"}
{"type":"log","timestamp":1705521524704,"level":"info","message":"Rendering template { name: apps-main, recipe: chrome-pdf, engine: handlebars, preview: true }","meta":{"rootId":"elhtrj010nuyskn","id":"elhtrj010nuyskn"},"id":"gwbby1w8hzayzlb","previousOperationId":"lo826y4qbfth1om"}
{"type":"log","timestamp":1705521524705,"level":"debug","message":"Data item not defined for this template.","meta":{"rootId":"elhtrj010nuyskn","id":"elhtrj010nuyskn"},"id":"5n29k4mz62vsim1","previousOperationId":"lo826y4qbfth1om"}
{"type":"log","timestamp":1705521524707,"level":"debug","message":"Executing script apps-script (beforeRender)","meta":{"rootId":"elhtrj010nuyskn","id":"elhtrj010nuyskn"},"id":"foc5l5muedunl47","previousOperationId":"lo826y4qbfth1om"}
{"type":"operationStart","subtype":"scriptsBeforeRender","name":"scripts beforeRender","timestamp":1705521524712,"id":"xed5ss3j9wf3t7r","previousEventId":"06jlmdp3gpzqh05","operationId":"3agpjfttnfwcnld","previousOperationId":"lo826y4qbfth1om"}
{"type":"operationStart","subtype":"script","name":"scripts apps-script","previousOperationId":"3agpjfttnfwcnld","timestamp":1705521524712,"id":"j9v6h3ur3qoqbhr","previousEventId":"xed5ss3j9wf3t7r","operationId":"ng1frfd4mbi0w1b"}
{"type":"operationEnd","operationId":"ng1frfd4mbi0w1b","timestamp":1705521524714,"id":"1db1jna0koa1vqp","previousEventId":"06jlmdp3gpzqh05","previousOperationId":"lo826y4qbfth1om"}
{"type":"operationEnd","operationId":"3agpjfttnfwcnld","timestamp":1705521524714,"id":"p4asenfa7rdr9db","previousEventId":"1db1jna0koa1vqp","previousOperationId":"lo826y4qbfth1om"}
{"type":"log","timestamp":1705521524714,"level":"debug","message":"Base url not specified, skipping its injection.","meta":{"rootId":"elhtrj010nuyskn","id":"elhtrj010nuyskn"},"id":"fqif28od2hu9o38","previousOperationId":"3agpjfttnfwcnld"}
{"type":"operationStart","subtype":"engine","name":"handlebars","timestamp":1705521524714,"id":"ntp06zpwvwlcj37","previousEventId":"p4asenfa7rdr9db","operationId":"m5w5bov62wbc9wd","previousOperationId":"3agpjfttnfwcnld"}
{"type":"log","timestamp":1705521524714,"level":"debug","message":"Rendering engine handlebars","meta":{"rootId":"elhtrj010nuyskn","id":"elhtrj010nuyskn"},"id":"z3ensxmzbzr518r","previousOperationId":"m5w5bov62wbc9wd"}
{"type":"operationEnd","operationId":"m5w5bov62wbc9wd","timestamp":1705521524727,"id":"k1cklt9kmlh3rkr","previousEventId":"ntp06zpwvwlcj37","previousOperationId":"m5w5bov62wbc9wd"}
{"type":"operationStart","subtype":"recipe","name":"chrome-pdf","timestamp":1705521524727,"id":"b3gayn9i14q4rb2","previousEventId":"k1cklt9kmlh3rkr","operationId":"z3m2rmenoln7g3r","previousOperationId":"m5w5bov62wbc9wd"}
{"type":"log","timestamp":1705521524727,"level":"debug","message":"Executing recipe chrome-pdf","meta":{"rootId":"elhtrj010nuyskn","id":"elhtrj010nuyskn"},"id":"wllguna4a4b96m7","previousOperationId":"z3m2rmenoln7g3r"}
{"type":"log","timestamp":1705521524729,"level":"debug","message":"Converting with chrome HeadlessChrome/117.0.5938.149 using chrome-pool strategy","meta":{"rootId":"elhtrj010nuyskn","id":"elhtrj010nuyskn"},"id":"i7161a2sg9ocksh","previousOperationId":"z3m2rmenoln7g3r"}
{"type":"log","timestamp":1705521524840,"level":"debug","message":"Page request: GET (document) file:///C:/Users/juank/AppData/Local/Temp/jsreport/autocleanup/1e9bf28f-d950-4694-ba9d-5e1ff9018c8d-chrome-pdf.html","meta":{"rootId":"elhtrj010nuyskn","id":"elhtrj010nuyskn"},"id":"68y5r98och2mo28","previousOperationId":"z3m2rmenoln7g3r"}
{"type":"log","timestamp":1705521524854,"level":"debug","message":"Page request: GET (stylesheet) https://cdnjs.cloudflare.com/ajax/libs/metro/4.1.5/css/metro.min.css","meta":{"rootId":"elhtrj010nuyskn","id":"elhtrj010nuyskn"},"id":"iexdij9wseps2mv","previousOperationId":"z3m2rmenoln7g3r"}
{"type":"log","timestamp":1705521524855,"level":"debug","message":"Page request: GET (script) https://cdnjs.cloudflare.com/ajax/libs/Chart.js/2.7.2/Chart.min.js","meta":{"rootId":"elhtrj010nuyskn","id":"elhtrj010nuyskn"},"id":"vzlefqvirporkk3","previousOperationId":"z3m2rmenoln7g3r"}
{"type":"log","timestamp":1705521524856,"level":"debug","message":"Page request finished: GET (document) 200 file:///C:/Users/juank/AppData/Local/Temp/jsreport/autocleanup/1e9bf28f-d950-4694-ba9d-5e1ff9018c8d-chrome-pdf.html","meta":{"rootId":"elhtrj010nuyskn","id":"elhtrj010nuyskn"},"id":"r2fibu9qgokug9u","previousOperationId":"z3m2rmenoln7g3r"}
{"type":"log","timestamp":1705521524863,"level":"debug","message":"Page request finished: GET (script) 200 https://cdnjs.cloudflare.com/ajax/libs/Chart.js/2.7.2/Chart.min.js","meta":{"rootId":"elhtrj010nuyskn","id":"elhtrj010nuyskn"},"id":"hkreyfd88un6s82","previousOperationId":"z3m2rmenoln7g3r"}
{"type":"log","timestamp":1705521524877,"level":"debug","message":"Page request finished: GET (stylesheet) 200 https://cdnjs.cloudflare.com/ajax/libs/metro/4.1.5/css/metro.min.css","meta":{"rootId":"elhtrj010nuyskn","id":"elhtrj010nuyskn"},"id":"skhst8xnam1neql","previousOperationId":"z3m2rmenoln7g3r"}
{"type":"log","timestamp":1705521524881,"level":"warn","message":"Page error: Unexpected token '&' , stack: SyntaxError: Unexpected token '&'","meta":{"rootId":"elhtrj010nuyskn","id":"elhtrj010nuyskn"},"id":"f7hynda7kbj0fs8","previousOperationId":"z3m2rmenoln7g3r"}
{"type":"log","timestamp":1705521524896,"level":"debug","message":"Running chrome with params {\"printBackground\":true,\"timeout\":599963,\"margin\":{}}","meta":{"rootId":"elhtrj010nuyskn","id":"elhtrj010nuyskn"},"id":"n7xptdwmbexe9pm","previousOperationId":"z3m2rmenoln7g3r"}
{"type":"operationEnd","operationId":"z3m2rmenoln7g3r","timestamp":1705521524921,"id":"t8wz1l1gc32t98s","previousEventId":"b3gayn9i14q4rb2","previousOperationId":"z3m2rmenoln7g3r"}
{"type":"log","timestamp":1705521524921,"level":"debug","message":"Skipping storing report.","meta":{"rootId":"elhtrj010nuyskn","id":"elhtrj010nuyskn"},"id":"wiwx9up3msz88h7","previousOperationId":"z3m2rmenoln7g3r"}
{"type":"log","timestamp":1705521524921,"level":"info","message":"Rendering request 35 finished in 230 ms","meta":{"rootId":"elhtrj010nuyskn","id":"elhtrj010nuyskn"},"id":"qdxvsll5xb5ngg0","previousOperationId":"z3m2rmenoln7g3r"}
{"type":"operationEnd","subtype":"render","operationId":"lo826y4qbfth1om","timestamp":1705521524921,"id":"amq9fq9b5c0nt09","previousEventId":"t8wz1l1gc32t98s","previousOperationId":"z3m2rmenoln7g3r"}
{"type":"operationEnd","doDiffs":false,"previousEventId":"y6had8ozgj62dv7","previousOperationId":"kgdb295ko92spft","operationId":"kgdb295ko92spft","timestamp":1705521524930,"id":"wmivdwkzrkwx9z3"}
