{"type":"operationStart","subtype":"profile","data":{"_id":"CiGmccxvW54Wg8xn","timestamp":"2024-01-18T17:00:56.635Z","state":"queued","mode":"standard","creationDate":"2024-01-18T17:00:56.640Z","modificationDate":"2024-01-18T17:00:56.640Z","shortid":"0YBl0zy","$entitySet":"profiles"},"doDiffs":false,"timestamp":1705597256638,"id":"b0gw8fuo6r8r28u","previousOperationId":null,"operationId":"cs6az8fb1o6w3jr"}
{"type":"log","level":"info","message":"Render request 9 queued for execution and waiting for available worker","previousOperationId":"cs6az8fb1o6w3jr","timestamp":1705597256639,"id":"e54tsbw5q80m71j"}
{"type":"operationStart","subtype":"render","name":"apps-main","previousOperationId":"cs6az8fb1o6w3jr","timestamp":1705597256676,"id":"dd1rskrv8ipl5jq","previousEventId":"b0gw8fuo6r8r28u","operationId":"kkfkda7g9r2ovrv"}
{"type":"log","timestamp":1705597256676,"level":"info","message":"Starting rendering request 9","meta":{"rootId":"er4htlro7asuh3a","id":"er4htlro7asuh3a"},"id":"ac5jko6hbkgdod8","previousOperationId":"kkfkda7g9r2ovrv"}
{"type":"log","timestamp":1705597256677,"level":"info","message":"Rendering template { name: apps-main, recipe: chrome-pdf, engine: handlebars, preview: true }","meta":{"rootId":"er4htlro7asuh3a","id":"er4htlro7asuh3a"},"id":"21znqx11mdbffj5","previousOperationId":"kkfkda7g9r2ovrv"}
{"type":"log","timestamp":1705597256678,"level":"debug","message":"Data item not defined for this template.","meta":{"rootId":"er4htlro7asuh3a","id":"er4htlro7asuh3a"},"id":"oapbqbgqhpt3msb","previousOperationId":"kkfkda7g9r2ovrv"}
{"type":"log","timestamp":1705597256684,"level":"debug","message":"Executing script apps-script (beforeRender)","meta":{"rootId":"er4htlro7asuh3a","id":"er4htlro7asuh3a"},"id":"w8tvrnzi35xp93e","previousOperationId":"kkfkda7g9r2ovrv"}
{"type":"log","timestamp":1705597256710,"level":"debug","message":"Base url not specified, skipping its injection.","meta":{"rootId":"er4htlro7asuh3a","id":"er4htlro7asuh3a"},"id":"a0a5wt5irpjy6qh","previousOperationId":"kkfkda7g9r2ovrv"}
{"type":"operationStart","subtype":"engine","name":"handlebars","timestamp":1705597256710,"id":"ru5u8fspvfcm66k","previousEventId":"dd1rskrv8ipl5jq","operationId":"uik41n8o5w150q0","previousOperationId":"kkfkda7g9r2ovrv"}
{"type":"log","timestamp":1705597256710,"level":"debug","message":"Rendering engine handlebars","meta":{"rootId":"er4htlro7asuh3a","id":"er4htlro7asuh3a"},"id":"r0lnvyy45q1z006","previousOperationId":"uik41n8o5w150q0"}
{"type":"operationEnd","operationId":"uik41n8o5w150q0","timestamp":1705597256753,"id":"csbxexh9ark4cnk","previousEventId":"ru5u8fspvfcm66k","previousOperationId":"uik41n8o5w150q0"}
{"type":"operationStart","subtype":"recipe","name":"chrome-pdf","timestamp":1705597256754,"id":"qxe39zcvwnka4t8","previousEventId":"csbxexh9ark4cnk","operationId":"wt0fzi1egv23tgx","previousOperationId":"uik41n8o5w150q0"}
{"type":"log","timestamp":1705597256754,"level":"debug","message":"Executing recipe chrome-pdf","meta":{"rootId":"er4htlro7asuh3a","id":"er4htlro7asuh3a"},"id":"b91bch97xi0m7jm","previousOperationId":"wt0fzi1egv23tgx"}
{"type":"log","timestamp":1705597256760,"level":"debug","message":"Converting with chrome HeadlessChrome/117.0.5938.149 using chrome-pool strategy","meta":{"rootId":"er4htlro7asuh3a","id":"er4htlro7asuh3a"},"id":"htcj4k0mwjvs0jn","previousOperationId":"wt0fzi1egv23tgx"}
{"type":"log","timestamp":1705597256992,"level":"debug","message":"Page request: GET (document) file:///C:/Users/juank/AppData/Local/Temp/jsreport/autocleanup/a7288b5b-a454-41a2-91e2-c76c3034e2ed-chrome-pdf.html","meta":{"rootId":"er4htlro7asuh3a","id":"er4htlro7asuh3a"},"id":"8sy8uxj8qadrkki","previousOperationId":"wt0fzi1egv23tgx"}
{"type":"log","timestamp":1705597257011,"level":"debug","message":"Page request finished: GET (document) 200 file:///C:/Users/juank/AppData/Local/Temp/jsreport/autocleanup/a7288b5b-a454-41a2-91e2-c76c3034e2ed-chrome-pdf.html","meta":{"rootId":"er4htlro7asuh3a","id":"er4htlro7asuh3a"},"id":"wg7zrh5gv7b0tai","previousOperationId":"wt0fzi1egv23tgx"}
{"type":"log","timestamp":1705597257014,"level":"debug","message":"Page request: GET (script) https://cdn.jsdelivr.net/npm/chart.js","meta":{"rootId":"er4htlro7asuh3a","id":"er4htlro7asuh3a"},"id":"q8nnmn8owtpmezp","previousOperationId":"wt0fzi1egv23tgx"}
{"type":"log","timestamp":1705597257028,"level":"debug","message":"Page request finished: GET (script) 200 https://cdn.jsdelivr.net/npm/chart.js","meta":{"rootId":"er4htlro7asuh3a","id":"er4htlro7asuh3a"},"id":"dexk6kwkwbzop85","previousOperationId":"wt0fzi1egv23tgx"}
{"type":"log","timestamp":1705597257111,"level":"debug","message":"Running chrome with params {\"printBackground\":true,\"timeout\":599877,\"margin\":{}}","meta":{"rootId":"er4htlro7asuh3a","id":"er4htlro7asuh3a"},"id":"x6y9cl3sobptl6l","previousOperationId":"wt0fzi1egv23tgx"}
{"type":"operationEnd","operationId":"wt0fzi1egv23tgx","timestamp":1705597257156,"id":"rev2p0xpozw0g7n","previousEventId":"qxe39zcvwnka4t8","previousOperationId":"wt0fzi1egv23tgx"}
{"type":"log","timestamp":1705597257156,"level":"debug","message":"Skipping storing report.","meta":{"rootId":"er4htlro7asuh3a","id":"er4htlro7asuh3a"},"id":"sgppb6gwp52s6ux","previousOperationId":"wt0fzi1egv23tgx"}
{"type":"log","timestamp":1705597257156,"level":"info","message":"Rendering request 9 finished in 521 ms","meta":{"rootId":"er4htlro7asuh3a","id":"er4htlro7asuh3a"},"id":"g1ihw7y2i7a818c","previousOperationId":"wt0fzi1egv23tgx"}
{"type":"operationEnd","subtype":"render","operationId":"kkfkda7g9r2ovrv","timestamp":1705597257156,"id":"kslij4ibbuh1bse","previousEventId":"rev2p0xpozw0g7n","previousOperationId":"wt0fzi1egv23tgx"}
{"type":"operationEnd","doDiffs":false,"previousEventId":"b0gw8fuo6r8r28u","previousOperationId":"cs6az8fb1o6w3jr","operationId":"cs6az8fb1o6w3jr","timestamp":1705597257165,"id":"or9uel0di3johrt"}
