{"type":"operationStart","subtype":"profile","data":{"_id":"y7R8KlMBnRO6SRnf","timestamp":"2024-01-17T20:13:42.661Z","state":"queued","mode":"standard","creationDate":"2024-01-17T20:13:42.663Z","modificationDate":"2024-01-17T20:13:42.663Z","shortid":"ySix39g","$entitySet":"profiles"},"doDiffs":false,"timestamp":1705522422662,"id":"htqgxlgdtws19ns","previousOperationId":null,"operationId":"p7cx8a8dhjsc88t"}
{"type":"log","level":"info","message":"Render request 48 queued for execution and waiting for available worker","previousOperationId":"p7cx8a8dhjsc88t","timestamp":1705522422663,"id":"a55hpaeigxvsi82"}
{"type":"operationStart","subtype":"render","name":"apps-main","previousOperationId":"p7cx8a8dhjsc88t","timestamp":1705522422679,"id":"7ocw9t649p0e3oi","previousEventId":"htqgxlgdtws19ns","operationId":"7pj2gl6ye9zigg7"}
{"type":"log","timestamp":1705522422679,"level":"info","message":"Starting rendering request 48","meta":{"rootId":"ezdwkkv4tdvb860","id":"ezdwkkv4tdvb860"},"id":"9kp2wv6kwf8gu7w","previousOperationId":"7pj2gl6ye9zigg7"}
{"type":"log","timestamp":1705522422679,"level":"info","message":"Rendering template { name: apps-main, recipe: chrome-pdf, engine: handlebars, preview: true }","meta":{"rootId":"ezdwkkv4tdvb860","id":"ezdwkkv4tdvb860"},"id":"8joc9579jmzgr24","previousOperationId":"7pj2gl6ye9zigg7"}
{"type":"log","timestamp":1705522422680,"level":"debug","message":"Data item not defined for this template.","meta":{"rootId":"ezdwkkv4tdvb860","id":"ezdwkkv4tdvb860"},"id":"s4qew569vuvpwpg","previousOperationId":"7pj2gl6ye9zigg7"}
{"type":"log","timestamp":1705522422682,"level":"debug","message":"Executing script apps-script (beforeRender)","meta":{"rootId":"ezdwkkv4tdvb860","id":"ezdwkkv4tdvb860"},"id":"yet78n510d4cf6m","previousOperationId":"7pj2gl6ye9zigg7"}
{"type":"operationStart","subtype":"scriptsBeforeRender","name":"scripts beforeRender","timestamp":1705522422688,"id":"9qqf9wmoljxqvy3","previousEventId":"7ocw9t649p0e3oi","operationId":"g3jc9egyrl7zx5w","previousOperationId":"7pj2gl6ye9zigg7"}
{"type":"operationStart","subtype":"script","name":"scripts apps-script","previousOperationId":"g3jc9egyrl7zx5w","timestamp":1705522422688,"id":"zdwl30qa7vyk8ap","previousEventId":"9qqf9wmoljxqvy3","operationId":"s967p02wbn2ucmh"}
{"type":"log","timestamp":1705522422691,"level":"debug","message":"(console:log) {\n  apps: [\n    {\n      id: 1,\n      icon: '1702583747.png',\n      URL: 'applicationsview',\n      created_at: '2023-12-14T15:19:05.000000Z',\n      updated_at: '2023-12-14T19:55:47.000000Z'\n    },\n    {\n      id: 2,\n      icon: '1702581234.jpg',\n      URL: 'employeesview',\n      created_at: '2023-12-14T19:13:54.000000Z',\n      updated_at: '2023-12-14T19:13:54.000000Z'\n    },\n    {\n      id: 3,\n      icon: '1702583822.png',\n      URL: 'rolesview',\n      created_at: '2023-12-14T19:57:02.000000Z',\n      updated_at: '2023-12-14T19:57:02.000000Z'\n    },\n    {\n      id: 4,\n      icon: '1702584040.png',\n      URL: 'newsview',\n      created_at: '2023-12-14T20:00:40.000000Z',\n      updated_at: '2023-12-14T20:00:40.000000Z'\n    },\n    {\n      id: 5,\n      icon: '1702658124.png',\n      URL: 'http://google.com',\n      created_at: '2023-12-15T16:35:24.000000Z',\n      updated_at: '2023-12-17T05:09:34.000000Z'\n    }\n  ],\n  accumulated: { labels: [ 'HTTP', 'No HTTP' ], datasets: [ [Object] ] }\n}","meta":{"userLevel":true,"rootId":"ezdwkkv4tdvb860","id":"ezdwkkv4tdvb860"},"id":"pnjcybdfye4jrwl","previousOperationId":"s967p02wbn2ucmh"}
{"type":"operationEnd","operationId":"s967p02wbn2ucmh","timestamp":1705522422692,"id":"a9kjrtpq4q1miuc","previousEventId":"7ocw9t649p0e3oi","previousOperationId":"7pj2gl6ye9zigg7"}
{"type":"operationEnd","operationId":"g3jc9egyrl7zx5w","timestamp":1705522422692,"id":"zly66tl3ievp89t","previousEventId":"a9kjrtpq4q1miuc","previousOperationId":"7pj2gl6ye9zigg7"}
{"type":"log","timestamp":1705522422692,"level":"debug","message":"Base url not specified, skipping its injection.","meta":{"rootId":"ezdwkkv4tdvb860","id":"ezdwkkv4tdvb860"},"id":"a2dx7tdqglppgg5","previousOperationId":"g3jc9egyrl7zx5w"}
{"type":"operationStart","subtype":"engine","name":"handlebars","timestamp":1705522422692,"id":"jeo7qz8obn4cyk2","previousEventId":"zly66tl3ievp89t","operationId":"44xgxicq4ky8qzi","previousOperationId":"g3jc9egyrl7zx5w"}
{"type":"log","timestamp":1705522422692,"level":"debug","message":"Rendering engine handlebars","meta":{"rootId":"ezdwkkv4tdvb860","id":"ezdwkkv4tdvb860"},"id":"upodqjrg084uv7j","previousOperationId":"44xgxicq4ky8qzi"}
{"type":"operationEnd","operationId":"44xgxicq4ky8qzi","timestamp":1705522422709,"id":"828ginmg0uhd4o2","previousEventId":"jeo7qz8obn4cyk2","previousOperationId":"44xgxicq4ky8qzi"}
{"type":"operationStart","subtype":"recipe","name":"chrome-pdf","timestamp":1705522422709,"id":"j0n3vw0ob4zm0an","previousEventId":"828ginmg0uhd4o2","operationId":"zj7ufdy1hu8ujsy","previousOperationId":"44xgxicq4ky8qzi"}
{"type":"log","timestamp":1705522422709,"level":"debug","message":"Executing recipe chrome-pdf","meta":{"rootId":"ezdwkkv4tdvb860","id":"ezdwkkv4tdvb860"},"id":"ph1u1wvui9kuc7u","previousOperationId":"zj7ufdy1hu8ujsy"}
{"type":"log","timestamp":1705522422712,"level":"debug","message":"Converting with chrome HeadlessChrome/117.0.5938.149 using chrome-pool strategy","meta":{"rootId":"ezdwkkv4tdvb860","id":"ezdwkkv4tdvb860"},"id":"7qx5h9nefm0h5zy","previousOperationId":"zj7ufdy1hu8ujsy"}
{"type":"log","timestamp":1705522422829,"level":"debug","message":"Page request: GET (document) file:///C:/Users/juank/AppData/Local/Temp/jsreport/autocleanup/043ca517-9aed-4181-929d-34ff9c738e7a-chrome-pdf.html","meta":{"rootId":"ezdwkkv4tdvb860","id":"ezdwkkv4tdvb860"},"id":"ji1gsj3k7b00fz1","previousOperationId":"zj7ufdy1hu8ujsy"}
{"type":"log","timestamp":1705522422839,"level":"debug","message":"Page request: GET (stylesheet) https://cdnjs.cloudflare.com/ajax/libs/metro/4.1.5/css/metro.min.css","meta":{"rootId":"ezdwkkv4tdvb860","id":"ezdwkkv4tdvb860"},"id":"pmunjtvn6vn4w8r","previousOperationId":"zj7ufdy1hu8ujsy"}
{"type":"log","timestamp":1705522422840,"level":"debug","message":"Page request: GET (script) https://cdnjs.cloudflare.com/ajax/libs/Chart.js/2.7.2/Chart.min.js","meta":{"rootId":"ezdwkkv4tdvb860","id":"ezdwkkv4tdvb860"},"id":"hsxi48dyc438b6l","previousOperationId":"zj7ufdy1hu8ujsy"}
{"type":"log","timestamp":1705522422840,"level":"debug","message":"Page request finished: GET (document) 200 file:///C:/Users/juank/AppData/Local/Temp/jsreport/autocleanup/043ca517-9aed-4181-929d-34ff9c738e7a-chrome-pdf.html","meta":{"rootId":"ezdwkkv4tdvb860","id":"ezdwkkv4tdvb860"},"id":"7jmojetciydxx4p","previousOperationId":"zj7ufdy1hu8ujsy"}
{"type":"log","timestamp":1705522422845,"level":"debug","message":"Page request finished: GET (script) 200 https://cdnjs.cloudflare.com/ajax/libs/Chart.js/2.7.2/Chart.min.js","meta":{"rootId":"ezdwkkv4tdvb860","id":"ezdwkkv4tdvb860"},"id":"jonco1o62w7pofu","previousOperationId":"zj7ufdy1hu8ujsy"}
{"type":"log","timestamp":1705522422856,"level":"debug","message":"Page request finished: GET (stylesheet) 200 https://cdnjs.cloudflare.com/ajax/libs/metro/4.1.5/css/metro.min.css","meta":{"rootId":"ezdwkkv4tdvb860","id":"ezdwkkv4tdvb860"},"id":"brpjh0e9jieltrm","previousOperationId":"zj7ufdy1hu8ujsy"}
{"type":"log","timestamp":1705522422860,"level":"warn","message":"Page error: Unexpected token '&' , stack: SyntaxError: Unexpected token '&'","meta":{"rootId":"ezdwkkv4tdvb860","id":"ezdwkkv4tdvb860"},"id":"ra3z68pubty4qza","previousOperationId":"zj7ufdy1hu8ujsy"}
{"type":"log","timestamp":1705522422876,"level":"debug","message":"Running chrome with params {\"printBackground\":true,\"timeout\":599950,\"margin\":{}}","meta":{"rootId":"ezdwkkv4tdvb860","id":"ezdwkkv4tdvb860"},"id":"89qiceptu2wfcri","previousOperationId":"zj7ufdy1hu8ujsy"}
{"type":"operationEnd","operationId":"zj7ufdy1hu8ujsy","timestamp":1705522422901,"id":"iv0euqmvhckvxxr","previousEventId":"j0n3vw0ob4zm0an","previousOperationId":"zj7ufdy1hu8ujsy"}
{"type":"log","timestamp":1705522422902,"level":"debug","message":"Skipping storing report.","meta":{"rootId":"ezdwkkv4tdvb860","id":"ezdwkkv4tdvb860"},"id":"c2x02r8o50k2785","previousOperationId":"zj7ufdy1hu8ujsy"}
{"type":"log","timestamp":1705522422902,"level":"info","message":"Rendering request 48 finished in 241 ms","meta":{"rootId":"ezdwkkv4tdvb860","id":"ezdwkkv4tdvb860"},"id":"j3xnxz5mirmcu2k","previousOperationId":"zj7ufdy1hu8ujsy"}
{"type":"operationEnd","subtype":"render","operationId":"7pj2gl6ye9zigg7","timestamp":1705522422902,"id":"sjo4g20adbe2g2l","previousEventId":"iv0euqmvhckvxxr","previousOperationId":"zj7ufdy1hu8ujsy"}
{"type":"operationEnd","doDiffs":false,"previousEventId":"htqgxlgdtws19ns","previousOperationId":"p7cx8a8dhjsc88t","operationId":"p7cx8a8dhjsc88t","timestamp":1705522422906,"id":"fn6f6g2r3ha4nzd"}
