{"type":"operationStart","subtype":"profile","data":{"_id":"jmT58roWGagY57WU","timestamp":"2024-01-17T20:14:00.387Z","state":"queued","mode":"standard","creationDate":"2024-01-17T20:14:00.391Z","modificationDate":"2024-01-17T20:14:00.391Z","shortid":"HRT4u2p","$entitySet":"profiles"},"doDiffs":false,"timestamp":1705522440389,"id":"8jd3wasd32loiy8","previousOperationId":null,"operationId":"68jhnwmycp8oj8d"}
{"type":"log","level":"info","message":"Render request 49 queued for execution and waiting for available worker","previousOperationId":"68jhnwmycp8oj8d","timestamp":1705522440390,"id":"vowdnzdm2j90jg8"}
{"type":"operationStart","subtype":"render","name":"apps-main","previousOperationId":"68jhnwmycp8oj8d","timestamp":1705522440402,"id":"oqqyawcujeew7kq","previousEventId":"8jd3wasd32loiy8","operationId":"az6locbc0z03yes"}
{"type":"log","timestamp":1705522440402,"level":"info","message":"Starting rendering request 49","meta":{"rootId":"fhgzwb90wlb130c","id":"fhgzwb90wlb130c"},"id":"43pe1mwblkfoz59","previousOperationId":"az6locbc0z03yes"}
{"type":"log","timestamp":1705522440403,"level":"info","message":"Rendering template { name: apps-main, recipe: chrome-pdf, engine: handlebars, preview: true }","meta":{"rootId":"fhgzwb90wlb130c","id":"fhgzwb90wlb130c"},"id":"0in64vyg67xr4yn","previousOperationId":"az6locbc0z03yes"}
{"type":"log","timestamp":1705522440403,"level":"debug","message":"Data item not defined for this template.","meta":{"rootId":"fhgzwb90wlb130c","id":"fhgzwb90wlb130c"},"id":"z7j593onk2rhv9j","previousOperationId":"az6locbc0z03yes"}
{"type":"log","timestamp":1705522440406,"level":"debug","message":"Executing script apps-script (beforeRender)","meta":{"rootId":"fhgzwb90wlb130c","id":"fhgzwb90wlb130c"},"id":"18i7hd3d0c2eh30","previousOperationId":"az6locbc0z03yes"}
{"type":"operationStart","subtype":"scriptsBeforeRender","name":"scripts beforeRender","timestamp":1705522440412,"id":"ak8dsgh1mlyb11f","previousEventId":"oqqyawcujeew7kq","operationId":"f8ly8kgebdr7knb","previousOperationId":"az6locbc0z03yes"}
{"type":"operationStart","subtype":"script","name":"scripts apps-script","previousOperationId":"f8ly8kgebdr7knb","timestamp":1705522440412,"id":"i40lomlo1zjmkeu","previousEventId":"ak8dsgh1mlyb11f","operationId":"ykgtbftyestuv69"}
{"type":"log","timestamp":1705522440414,"level":"debug","message":"(console:log) {\n  apps: [\n    {\n      id: 1,\n      icon: '1702583747.png',\n      URL: 'applicationsview',\n      created_at: '2023-12-14T15:19:05.000000Z',\n      updated_at: '2023-12-14T19:55:47.000000Z'\n    },\n    {\n      id: 2,\n      icon: '1702581234.jpg',\n      URL: 'employeesview',\n      created_at: '2023-12-14T19:13:54.000000Z',\n      updated_at: '2023-12-14T19:13:54.000000Z'\n    },\n    {\n      id: 3,\n      icon: '1702583822.png',\n      URL: 'rolesview',\n      created_at: '2023-12-14T19:57:02.000000Z',\n      updated_at: '2023-12-14T19:57:02.000000Z'\n    },\n    {\n      id: 4,\n      icon: '1702584040.png',\n      URL: 'newsview',\n      created_at: '2023-12-14T20:00:40.000000Z',\n      updated_at: '2023-12-14T20:00:40.000000Z'\n    },\n    {\n      id: 5,\n      icon: '1702658124.png',\n      URL: 'http://google.com',\n      created_at: '2023-12-15T16:35:24.000000Z',\n      updated_at: '2023-12-17T05:09:34.000000Z'\n    }\n  ],\n  accumulated: { labels: [ 'HTTP', 'No HTTP' ], datasets: [ [Object] ] }\n}","meta":{"userLevel":true,"rootId":"fhgzwb90wlb130c","id":"fhgzwb90wlb130c"},"id":"3xfum7beqk1wnrl","previousOperationId":"ykgtbftyestuv69"}
{"type":"operationEnd","operationId":"ykgtbftyestuv69","timestamp":1705522440414,"id":"wqmlrxovkoa5eda","previousEventId":"oqqyawcujeew7kq","previousOperationId":"az6locbc0z03yes"}
{"type":"operationEnd","operationId":"f8ly8kgebdr7knb","timestamp":1705522440414,"id":"ze19x5e2axvdbxa","previousEventId":"wqmlrxovkoa5eda","previousOperationId":"az6locbc0z03yes"}
{"type":"log","timestamp":1705522440414,"level":"debug","message":"Base url not specified, skipping its injection.","meta":{"rootId":"fhgzwb90wlb130c","id":"fhgzwb90wlb130c"},"id":"bejj5d3s709ihrk","previousOperationId":"f8ly8kgebdr7knb"}
{"type":"operationStart","subtype":"engine","name":"handlebars","timestamp":1705522440414,"id":"h8ytv0rnbpbb5rk","previousEventId":"ze19x5e2axvdbxa","operationId":"yxt6s53z1o58nng","previousOperationId":"f8ly8kgebdr7knb"}
{"type":"log","timestamp":1705522440414,"level":"debug","message":"Rendering engine handlebars","meta":{"rootId":"fhgzwb90wlb130c","id":"fhgzwb90wlb130c"},"id":"tnygre1m9ciopiu","previousOperationId":"yxt6s53z1o58nng"}
{"type":"operationEnd","operationId":"yxt6s53z1o58nng","timestamp":1705522440429,"id":"dakcmplvza6325w","previousEventId":"h8ytv0rnbpbb5rk","previousOperationId":"yxt6s53z1o58nng"}
{"type":"operationStart","subtype":"recipe","name":"chrome-pdf","timestamp":1705522440429,"id":"f24dffuuxlrvpcw","previousEventId":"dakcmplvza6325w","operationId":"15yqefcj5qcabua","previousOperationId":"yxt6s53z1o58nng"}
{"type":"log","timestamp":1705522440429,"level":"debug","message":"Executing recipe chrome-pdf","meta":{"rootId":"fhgzwb90wlb130c","id":"fhgzwb90wlb130c"},"id":"nnq5eoq3o2ne7lu","previousOperationId":"15yqefcj5qcabua"}
{"type":"log","timestamp":1705522440432,"level":"debug","message":"Converting with chrome HeadlessChrome/117.0.5938.149 using chrome-pool strategy","meta":{"rootId":"fhgzwb90wlb130c","id":"fhgzwb90wlb130c"},"id":"ufpum26c7o5okir","previousOperationId":"15yqefcj5qcabua"}
{"type":"log","timestamp":1705522440545,"level":"debug","message":"Page request: GET (document) file:///C:/Users/juank/AppData/Local/Temp/jsreport/autocleanup/6f3bdc06-4f6c-4b38-af36-3635ab9a024a-chrome-pdf.html","meta":{"rootId":"fhgzwb90wlb130c","id":"fhgzwb90wlb130c"},"id":"1d1u7z5jqc698b5","previousOperationId":"15yqefcj5qcabua"}
{"type":"log","timestamp":1705522440557,"level":"debug","message":"Page request: GET (stylesheet) https://cdnjs.cloudflare.com/ajax/libs/metro/4.1.5/css/metro.min.css","meta":{"rootId":"fhgzwb90wlb130c","id":"fhgzwb90wlb130c"},"id":"u4ojst9edhh0rhi","previousOperationId":"15yqefcj5qcabua"}
{"type":"log","timestamp":1705522440557,"level":"debug","message":"Page request: GET (script) https://cdnjs.cloudflare.com/ajax/libs/Chart.js/2.7.2/Chart.min.js","meta":{"rootId":"fhgzwb90wlb130c","id":"fhgzwb90wlb130c"},"id":"p4e9w2fhlj0jksi","previousOperationId":"15yqefcj5qcabua"}
{"type":"log","timestamp":1705522440558,"level":"debug","message":"Page request finished: GET (document) 200 file:///C:/Users/juank/AppData/Local/Temp/jsreport/autocleanup/6f3bdc06-4f6c-4b38-af36-3635ab9a024a-chrome-pdf.html","meta":{"rootId":"fhgzwb90wlb130c","id":"fhgzwb90wlb130c"},"id":"x2zxhukw4zdchcf","previousOperationId":"15yqefcj5qcabua"}
{"type":"log","timestamp":1705522440572,"level":"debug","message":"Page request finished: GET (stylesheet) 200 https://cdnjs.cloudflare.com/ajax/libs/metro/4.1.5/css/metro.min.css","meta":{"rootId":"fhgzwb90wlb130c","id":"fhgzwb90wlb130c"},"id":"50qfdoi9a0rf5yn","previousOperationId":"15yqefcj5qcabua"}
{"type":"log","timestamp":1705522440573,"level":"debug","message":"Page request finished: GET (script) 200 https://cdnjs.cloudflare.com/ajax/libs/Chart.js/2.7.2/Chart.min.js","meta":{"rootId":"fhgzwb90wlb130c","id":"fhgzwb90wlb130c"},"id":"zgw8jn356pjn7z9","previousOperationId":"15yqefcj5qcabua"}
{"type":"log","timestamp":1705522440576,"level":"warn","message":"Page error: Unexpected token '&' , stack: SyntaxError: Unexpected token '&'","meta":{"rootId":"fhgzwb90wlb130c","id":"fhgzwb90wlb130c"},"id":"8uze124h8rg2jwi","previousOperationId":"15yqefcj5qcabua"}
{"type":"log","timestamp":1705522440592,"level":"debug","message":"Running chrome with params {\"printBackground\":true,\"timeout\":599956,\"margin\":{}}","meta":{"rootId":"fhgzwb90wlb130c","id":"fhgzwb90wlb130c"},"id":"pbtl309phxqubuu","previousOperationId":"15yqefcj5qcabua"}
{"type":"operationEnd","operationId":"15yqefcj5qcabua","timestamp":1705522440618,"id":"rnhqi3fktx96aui","previousEventId":"f24dffuuxlrvpcw","previousOperationId":"15yqefcj5qcabua"}
{"type":"log","timestamp":1705522440618,"level":"debug","message":"Skipping storing report.","meta":{"rootId":"fhgzwb90wlb130c","id":"fhgzwb90wlb130c"},"id":"a9rhax5m30cux8s","previousOperationId":"15yqefcj5qcabua"}
{"type":"log","timestamp":1705522440618,"level":"info","message":"Rendering request 49 finished in 231 ms","meta":{"rootId":"fhgzwb90wlb130c","id":"fhgzwb90wlb130c"},"id":"ijwkaczy603ougw","previousOperationId":"15yqefcj5qcabua"}
{"type":"operationEnd","subtype":"render","operationId":"az6locbc0z03yes","timestamp":1705522440618,"id":"75mfitri847atyw","previousEventId":"rnhqi3fktx96aui","previousOperationId":"15yqefcj5qcabua"}
{"type":"operationEnd","doDiffs":false,"previousEventId":"8jd3wasd32loiy8","previousOperationId":"68jhnwmycp8oj8d","operationId":"68jhnwmycp8oj8d","timestamp":1705522440625,"id":"xpcnytv5x0s6xcn"}
