{"type":"operationStart","subtype":"profile","data":{"_id":"rx4tcGGUTfv73Lgn","timestamp":"2024-01-18T17:15:05.353Z","state":"queued","mode":"standard","creationDate":"2024-01-18T17:15:05.358Z","modificationDate":"2024-01-18T17:15:05.358Z","shortid":"XhoHIw6","$entitySet":"profiles"},"doDiffs":false,"timestamp":1705598105354,"id":"8ndrb9bnfuxmsud","previousOperationId":null,"operationId":"dnfsh94b5616fxr"}
{"type":"log","level":"info","message":"Render request 21 queued for execution and waiting for available worker","previousOperationId":"dnfsh94b5616fxr","timestamp":1705598105356,"id":"ibg4wusdkqk957e"}
{"type":"operationStart","subtype":"render","name":"apps-main","previousOperationId":"dnfsh94b5616fxr","timestamp":1705598105374,"id":"ws6m66ayq2buf6u","previousEventId":"8ndrb9bnfuxmsud","operationId":"a0id9b024z4m3qi"}
{"type":"log","timestamp":1705598105374,"level":"info","message":"Starting rendering request 21","meta":{"rootId":"fi0r9j4wt9cjx6h","id":"fi0r9j4wt9cjx6h"},"id":"0n599qlmp9g128q","previousOperationId":"a0id9b024z4m3qi"}
{"type":"log","timestamp":1705598105374,"level":"info","message":"Rendering template { name: apps-main, recipe: chrome-pdf, engine: handlebars, preview: true }","meta":{"rootId":"fi0r9j4wt9cjx6h","id":"fi0r9j4wt9cjx6h"},"id":"vmv2xm8lg2w0o96","previousOperationId":"a0id9b024z4m3qi"}
{"type":"log","timestamp":1705598105375,"level":"debug","message":"Data item not defined for this template.","meta":{"rootId":"fi0r9j4wt9cjx6h","id":"fi0r9j4wt9cjx6h"},"id":"70wjhqsvy9frd5i","previousOperationId":"a0id9b024z4m3qi"}
{"type":"log","timestamp":1705598105385,"level":"debug","message":"Executing script apps-script (beforeRender)","meta":{"rootId":"fi0r9j4wt9cjx6h","id":"fi0r9j4wt9cjx6h"},"id":"a7yb8goimqxbs9n","previousOperationId":"a0id9b024z4m3qi"}
{"type":"log","timestamp":1705598105396,"level":"debug","message":"Base url not specified, skipping its injection.","meta":{"rootId":"fi0r9j4wt9cjx6h","id":"fi0r9j4wt9cjx6h"},"id":"7uhfju3qal0a4fm","previousOperationId":"a0id9b024z4m3qi"}
{"type":"operationStart","subtype":"engine","name":"handlebars","timestamp":1705598105397,"id":"h0vjcmo9zppjd7f","previousEventId":"ws6m66ayq2buf6u","operationId":"6o4at1dzv3lvkrp","previousOperationId":"a0id9b024z4m3qi"}
{"type":"log","timestamp":1705598105397,"level":"debug","message":"Rendering engine handlebars","meta":{"rootId":"fi0r9j4wt9cjx6h","id":"fi0r9j4wt9cjx6h"},"id":"oe0hqvufid6qbal","previousOperationId":"6o4at1dzv3lvkrp"}
{"type":"operationEnd","operationId":"6o4at1dzv3lvkrp","timestamp":1705598105414,"id":"hv9fpdagisvceh7","previousEventId":"h0vjcmo9zppjd7f","previousOperationId":"6o4at1dzv3lvkrp"}
{"type":"operationStart","subtype":"recipe","name":"chrome-pdf","timestamp":1705598105414,"id":"so78cod2nvpgjvo","previousEventId":"hv9fpdagisvceh7","operationId":"4imghiiuv20uorv","previousOperationId":"6o4at1dzv3lvkrp"}
{"type":"log","timestamp":1705598105414,"level":"debug","message":"Executing recipe chrome-pdf","meta":{"rootId":"fi0r9j4wt9cjx6h","id":"fi0r9j4wt9cjx6h"},"id":"tpa81yf837v3uc3","previousOperationId":"4imghiiuv20uorv"}
{"type":"log","timestamp":1705598105419,"level":"debug","message":"Converting with chrome HeadlessChrome/117.0.5938.149 using chrome-pool strategy","meta":{"rootId":"fi0r9j4wt9cjx6h","id":"fi0r9j4wt9cjx6h"},"id":"h6vyqx2463g7bwt","previousOperationId":"4imghiiuv20uorv"}
{"type":"log","timestamp":1705598105567,"level":"debug","message":"Page request: GET (document) file:///C:/Users/juank/AppData/Local/Temp/jsreport/autocleanup/17ad4199-af7a-4513-a973-4422f4158e89-chrome-pdf.html","meta":{"rootId":"fi0r9j4wt9cjx6h","id":"fi0r9j4wt9cjx6h"},"id":"0lc4vooo1hdco2b","previousOperationId":"4imghiiuv20uorv"}
{"type":"log","timestamp":1705598105576,"level":"debug","message":"Page request: GET (script) https://cdn.jsdelivr.net/npm/chart.js","meta":{"rootId":"fi0r9j4wt9cjx6h","id":"fi0r9j4wt9cjx6h"},"id":"ffseevwnq009gvo","previousOperationId":"4imghiiuv20uorv"}
{"type":"log","timestamp":1705598105577,"level":"debug","message":"Page request finished: GET (document) 200 file:///C:/Users/juank/AppData/Local/Temp/jsreport/autocleanup/17ad4199-af7a-4513-a973-4422f4158e89-chrome-pdf.html","meta":{"rootId":"fi0r9j4wt9cjx6h","id":"fi0r9j4wt9cjx6h"},"id":"pvu594jzzdtqojg","previousOperationId":"4imghiiuv20uorv"}
{"type":"log","timestamp":1705598105583,"level":"debug","message":"Page request finished: GET (script) 200 https://cdn.jsdelivr.net/npm/chart.js","meta":{"rootId":"fi0r9j4wt9cjx6h","id":"fi0r9j4wt9cjx6h"},"id":"l4i1k7pnn6nuoik","previousOperationId":"4imghiiuv20uorv"}
{"type":"log","timestamp":1705598105643,"level":"debug","message":"Running chrome with params {\"printBackground\":true,\"timeout\":599935,\"margin\":{}}","meta":{"rootId":"fi0r9j4wt9cjx6h","id":"fi0r9j4wt9cjx6h"},"id":"rq5xkoij5zbhkzi","previousOperationId":"4imghiiuv20uorv"}
{"type":"operationEnd","operationId":"4imghiiuv20uorv","timestamp":1705598105672,"id":"09iesp8ljgxercm","previousEventId":"so78cod2nvpgjvo","previousOperationId":"4imghiiuv20uorv"}
{"type":"log","timestamp":1705598105672,"level":"debug","message":"Skipping storing report.","meta":{"rootId":"fi0r9j4wt9cjx6h","id":"fi0r9j4wt9cjx6h"},"id":"evciykj4uvfk9z9","previousOperationId":"4imghiiuv20uorv"}
{"type":"log","timestamp":1705598105672,"level":"info","message":"Rendering request 21 finished in 320 ms","meta":{"rootId":"fi0r9j4wt9cjx6h","id":"fi0r9j4wt9cjx6h"},"id":"ov2gnvurb1kxghi","previousOperationId":"4imghiiuv20uorv"}
{"type":"operationEnd","subtype":"render","operationId":"a0id9b024z4m3qi","timestamp":1705598105672,"id":"oiw12uuh4481bdc","previousEventId":"09iesp8ljgxercm","previousOperationId":"4imghiiuv20uorv"}
{"type":"operationEnd","doDiffs":false,"previousEventId":"8ndrb9bnfuxmsud","previousOperationId":"dnfsh94b5616fxr","operationId":"dnfsh94b5616fxr","timestamp":1705598105681,"id":"4mdoikni6poqzwv"}
