{"type":"operationStart","subtype":"profile","data":{"_id":"7bTutByEvRxrHc3U","timestamp":"2024-01-18T17:14:00.209Z","state":"queued","mode":"standard","creationDate":"2024-01-18T17:14:00.211Z","modificationDate":"2024-01-18T17:14:00.211Z","shortid":"kIyk0G9","$entitySet":"profiles"},"doDiffs":false,"timestamp":1705598040210,"id":"2y5rkn15zz8qn82","previousOperationId":null,"operationId":"5sldotj4yjubq2j"}
{"type":"log","level":"info","message":"Render request 19 queued for execution and waiting for available worker","previousOperationId":"5sldotj4yjubq2j","timestamp":1705598040210,"id":"6wiybsxzj8xd12c"}
{"type":"operationStart","subtype":"render","name":"apps-main","previousOperationId":"5sldotj4yjubq2j","timestamp":1705598040227,"id":"ahq1zn5dd7th7pn","previousEventId":"2y5rkn15zz8qn82","operationId":"v96mqcx57z98qjv"}
{"type":"log","timestamp":1705598040227,"level":"info","message":"Starting rendering request 19","meta":{"rootId":"fso0xmf8tgf0wvy","id":"fso0xmf8tgf0wvy"},"id":"achfcl7c4kthmky","previousOperationId":"v96mqcx57z98qjv"}
{"type":"log","timestamp":1705598040227,"level":"info","message":"Rendering template { name: apps-main, recipe: chrome-pdf, engine: handlebars, preview: true }","meta":{"rootId":"fso0xmf8tgf0wvy","id":"fso0xmf8tgf0wvy"},"id":"vt9raao06eo5f3s","previousOperationId":"v96mqcx57z98qjv"}
{"type":"log","timestamp":1705598040228,"level":"debug","message":"Data item not defined for this template.","meta":{"rootId":"fso0xmf8tgf0wvy","id":"fso0xmf8tgf0wvy"},"id":"ud1c76s7s0nu6xa","previousOperationId":"v96mqcx57z98qjv"}
{"type":"log","timestamp":1705598040231,"level":"debug","message":"Executing script apps-script (beforeRender)","meta":{"rootId":"fso0xmf8tgf0wvy","id":"fso0xmf8tgf0wvy"},"id":"z54t52o7conf4yj","previousOperationId":"v96mqcx57z98qjv"}
{"type":"log","timestamp":1705598040243,"level":"debug","message":"Base url not specified, skipping its injection.","meta":{"rootId":"fso0xmf8tgf0wvy","id":"fso0xmf8tgf0wvy"},"id":"8kzbg4r4hedsuse","previousOperationId":"v96mqcx57z98qjv"}
{"type":"operationStart","subtype":"engine","name":"handlebars","timestamp":1705598040244,"id":"6fs1tedqnzxqpb6","previousEventId":"ahq1zn5dd7th7pn","operationId":"vnlyn0obf8iwlu0","previousOperationId":"v96mqcx57z98qjv"}
{"type":"log","timestamp":1705598040244,"level":"debug","message":"Rendering engine handlebars","meta":{"rootId":"fso0xmf8tgf0wvy","id":"fso0xmf8tgf0wvy"},"id":"1c0hm8lppwkzwpx","previousOperationId":"vnlyn0obf8iwlu0"}
{"type":"operationEnd","operationId":"vnlyn0obf8iwlu0","timestamp":1705598040262,"id":"qfy97cf679biq78","previousEventId":"6fs1tedqnzxqpb6","previousOperationId":"vnlyn0obf8iwlu0"}
{"type":"operationStart","subtype":"recipe","name":"chrome-pdf","timestamp":1705598040262,"id":"o9wnlmw4h70jwxj","previousEventId":"qfy97cf679biq78","operationId":"9iwk1e9w1bf76wj","previousOperationId":"vnlyn0obf8iwlu0"}
{"type":"log","timestamp":1705598040262,"level":"debug","message":"Executing recipe chrome-pdf","meta":{"rootId":"fso0xmf8tgf0wvy","id":"fso0xmf8tgf0wvy"},"id":"9tbsrpvo8v4plw1","previousOperationId":"9iwk1e9w1bf76wj"}
{"type":"log","timestamp":1705598040267,"level":"debug","message":"Converting with chrome HeadlessChrome/117.0.5938.149 using chrome-pool strategy","meta":{"rootId":"fso0xmf8tgf0wvy","id":"fso0xmf8tgf0wvy"},"id":"db28t238fwnp11o","previousOperationId":"9iwk1e9w1bf76wj"}
{"type":"log","timestamp":1705598040421,"level":"debug","message":"Page request: GET (document) file:///C:/Users/juank/AppData/Local/Temp/jsreport/autocleanup/4fb5a78e-92c4-49a6-bd28-6c4b1dc28f43-chrome-pdf.html","meta":{"rootId":"fso0xmf8tgf0wvy","id":"fso0xmf8tgf0wvy"},"id":"3ssz6s7787haof0","previousOperationId":"9iwk1e9w1bf76wj"}
{"type":"log","timestamp":1705598040432,"level":"debug","message":"Page request: GET (script) https://cdn.jsdelivr.net/npm/chart.js","meta":{"rootId":"fso0xmf8tgf0wvy","id":"fso0xmf8tgf0wvy"},"id":"w0g2eeh7s3t2ona","previousOperationId":"9iwk1e9w1bf76wj"}
{"type":"log","timestamp":1705598040433,"level":"debug","message":"Page request finished: GET (document) 200 file:///C:/Users/juank/AppData/Local/Temp/jsreport/autocleanup/4fb5a78e-92c4-49a6-bd28-6c4b1dc28f43-chrome-pdf.html","meta":{"rootId":"fso0xmf8tgf0wvy","id":"fso0xmf8tgf0wvy"},"id":"52k3dl5y4ui7vdt","previousOperationId":"9iwk1e9w1bf76wj"}
{"type":"log","timestamp":1705598040440,"level":"debug","message":"Page request finished: GET (script) 200 https://cdn.jsdelivr.net/npm/chart.js","meta":{"rootId":"fso0xmf8tgf0wvy","id":"fso0xmf8tgf0wvy"},"id":"uok4zlj8nt8rm3e","previousOperationId":"9iwk1e9w1bf76wj"}
{"type":"log","timestamp":1705598040508,"level":"debug","message":"Running chrome with params {\"printBackground\":true,\"timeout\":599943,\"margin\":{}}","meta":{"rootId":"fso0xmf8tgf0wvy","id":"fso0xmf8tgf0wvy"},"id":"xklouaqz25xdkc7","previousOperationId":"9iwk1e9w1bf76wj"}
{"type":"operationEnd","operationId":"9iwk1e9w1bf76wj","timestamp":1705598040539,"id":"1fa78ssku1ajul7","previousEventId":"o9wnlmw4h70jwxj","previousOperationId":"9iwk1e9w1bf76wj"}
{"type":"log","timestamp":1705598040539,"level":"debug","message":"Skipping storing report.","meta":{"rootId":"fso0xmf8tgf0wvy","id":"fso0xmf8tgf0wvy"},"id":"6snidqp5hl6ya0s","previousOperationId":"9iwk1e9w1bf76wj"}
{"type":"log","timestamp":1705598040539,"level":"info","message":"Rendering request 19 finished in 331 ms","meta":{"rootId":"fso0xmf8tgf0wvy","id":"fso0xmf8tgf0wvy"},"id":"8c779198fhw4ups","previousOperationId":"9iwk1e9w1bf76wj"}
{"type":"operationEnd","subtype":"render","operationId":"v96mqcx57z98qjv","timestamp":1705598040540,"id":"c30oe7onkn28zmu","previousEventId":"1fa78ssku1ajul7","previousOperationId":"9iwk1e9w1bf76wj"}
{"type":"operationEnd","doDiffs":false,"previousEventId":"2y5rkn15zz8qn82","previousOperationId":"5sldotj4yjubq2j","operationId":"5sldotj4yjubq2j","timestamp":1705598040547,"id":"i8ckpk5yvvdmq64"}
