{"type":"operationStart","subtype":"profile","data":{"_id":"S8OHaVd3SphZBPSz","timestamp":"2024-01-17T20:00:13.591Z","state":"queued","mode":"standard","creationDate":"2024-01-17T20:00:13.594Z","modificationDate":"2024-01-17T20:00:13.594Z","shortid":"lcC_bco","$entitySet":"profiles"},"doDiffs":false,"timestamp":1705521613593,"id":"wl7j74ep74kqhsu","previousOperationId":null,"operationId":"tjmi9903selon8s"}
{"type":"log","level":"info","message":"Render request 36 queued for execution and waiting for available worker","previousOperationId":"tjmi9903selon8s","timestamp":1705521613593,"id":"0uqzpm5oebsq6i5"}
{"type":"operationStart","subtype":"render","name":"apps-main","previousOperationId":"tjmi9903selon8s","timestamp":1705521613605,"id":"fllk9z2cx7wyhjn","previousEventId":"wl7j74ep74kqhsu","operationId":"b2b9pw4rcyzarp0"}
{"type":"log","timestamp":1705521613605,"level":"info","message":"Starting rendering request 36","meta":{"rootId":"hklnk9ee3lsqfpf","id":"hklnk9ee3lsqfpf"},"id":"jpt08qtqfj79nn2","previousOperationId":"b2b9pw4rcyzarp0"}
{"type":"log","timestamp":1705521613605,"level":"info","message":"Rendering template { name: apps-main, recipe: chrome-pdf, engine: handlebars, preview: true }","meta":{"rootId":"hklnk9ee3lsqfpf","id":"hklnk9ee3lsqfpf"},"id":"9ynp0ox80zdeabj","previousOperationId":"b2b9pw4rcyzarp0"}
{"type":"log","timestamp":1705521613606,"level":"debug","message":"Data item not defined for this template.","meta":{"rootId":"hklnk9ee3lsqfpf","id":"hklnk9ee3lsqfpf"},"id":"1hrsn4t77ullzdu","previousOperationId":"b2b9pw4rcyzarp0"}
{"type":"log","timestamp":1705521613609,"level":"debug","message":"Executing script apps-script (beforeRender)","meta":{"rootId":"hklnk9ee3lsqfpf","id":"hklnk9ee3lsqfpf"},"id":"1qrxphx9x8lwo9x","previousOperationId":"b2b9pw4rcyzarp0"}
{"type":"operationStart","subtype":"scriptsBeforeRender","name":"scripts beforeRender","timestamp":1705521613618,"id":"mdqg4u7i7be6xnx","previousEventId":"fllk9z2cx7wyhjn","operationId":"yrfgo4e6hb9owxy","previousOperationId":"b2b9pw4rcyzarp0"}
{"type":"operationStart","subtype":"script","name":"scripts apps-script","previousOperationId":"yrfgo4e6hb9owxy","timestamp":1705521613618,"id":"3gip0gxpy80jfw6","previousEventId":"mdqg4u7i7be6xnx","operationId":"295l6k1ga8v6sai"}
{"type":"operationEnd","operationId":"295l6k1ga8v6sai","timestamp":1705521613620,"id":"nmx294p4bojqd4s","previousEventId":"fllk9z2cx7wyhjn","previousOperationId":"b2b9pw4rcyzarp0"}
{"type":"operationEnd","operationId":"yrfgo4e6hb9owxy","timestamp":1705521613620,"id":"8r3whqtxakodvgh","previousEventId":"nmx294p4bojqd4s","previousOperationId":"b2b9pw4rcyzarp0"}
{"type":"log","timestamp":1705521613620,"level":"debug","message":"Base url not specified, skipping its injection.","meta":{"rootId":"hklnk9ee3lsqfpf","id":"hklnk9ee3lsqfpf"},"id":"qnkypupnso6beqb","previousOperationId":"yrfgo4e6hb9owxy"}
{"type":"operationStart","subtype":"engine","name":"handlebars","timestamp":1705521613620,"id":"r9wnis6listxhm2","previousEventId":"8r3whqtxakodvgh","operationId":"68in220r8xygxf2","previousOperationId":"yrfgo4e6hb9owxy"}
{"type":"log","timestamp":1705521613620,"level":"debug","message":"Rendering engine handlebars","meta":{"rootId":"hklnk9ee3lsqfpf","id":"hklnk9ee3lsqfpf"},"id":"d6gpkn5tb5rb6b4","previousOperationId":"68in220r8xygxf2"}
{"type":"operationEnd","operationId":"68in220r8xygxf2","timestamp":1705521613634,"id":"tklxyhjmys54gs0","previousEventId":"r9wnis6listxhm2","previousOperationId":"68in220r8xygxf2"}
{"type":"operationStart","subtype":"recipe","name":"chrome-pdf","timestamp":1705521613634,"id":"9t9rdo8090jhrty","previousEventId":"tklxyhjmys54gs0","operationId":"2njn29ftvxt5pp4","previousOperationId":"68in220r8xygxf2"}
{"type":"log","timestamp":1705521613634,"level":"debug","message":"Executing recipe chrome-pdf","meta":{"rootId":"hklnk9ee3lsqfpf","id":"hklnk9ee3lsqfpf"},"id":"78ccne04tx6y0tj","previousOperationId":"2njn29ftvxt5pp4"}
{"type":"log","timestamp":1705521613638,"level":"debug","message":"Converting with chrome HeadlessChrome/117.0.5938.149 using chrome-pool strategy","meta":{"rootId":"hklnk9ee3lsqfpf","id":"hklnk9ee3lsqfpf"},"id":"zrda4atz6fzc173","previousOperationId":"2njn29ftvxt5pp4"}
{"type":"log","timestamp":1705521613753,"level":"debug","message":"Page request: GET (document) file:///C:/Users/juank/AppData/Local/Temp/jsreport/autocleanup/62300bbd-d992-4fab-bcbc-8919a87a66c1-chrome-pdf.html","meta":{"rootId":"hklnk9ee3lsqfpf","id":"hklnk9ee3lsqfpf"},"id":"wtvcsyhefi4rppo","previousOperationId":"2njn29ftvxt5pp4"}
{"type":"log","timestamp":1705521613761,"level":"debug","message":"Page request: GET (stylesheet) https://cdnjs.cloudflare.com/ajax/libs/metro/4.1.5/css/metro.min.css","meta":{"rootId":"hklnk9ee3lsqfpf","id":"hklnk9ee3lsqfpf"},"id":"tmwdln88g0mz4f9","previousOperationId":"2njn29ftvxt5pp4"}
{"type":"log","timestamp":1705521613762,"level":"debug","message":"Page request: GET (script) https://cdnjs.cloudflare.com/ajax/libs/Chart.js/2.7.2/Chart.min.js","meta":{"rootId":"hklnk9ee3lsqfpf","id":"hklnk9ee3lsqfpf"},"id":"8p4up7r0nv4am85","previousOperationId":"2njn29ftvxt5pp4"}
{"type":"log","timestamp":1705521613762,"level":"debug","message":"Page request finished: GET (document) 200 file:///C:/Users/juank/AppData/Local/Temp/jsreport/autocleanup/62300bbd-d992-4fab-bcbc-8919a87a66c1-chrome-pdf.html","meta":{"rootId":"hklnk9ee3lsqfpf","id":"hklnk9ee3lsqfpf"},"id":"rktr5bo13d75hpc","previousOperationId":"2njn29ftvxt5pp4"}
{"type":"log","timestamp":1705521613777,"level":"debug","message":"Page request finished: GET (stylesheet) 200 https://cdnjs.cloudflare.com/ajax/libs/metro/4.1.5/css/metro.min.css","meta":{"rootId":"hklnk9ee3lsqfpf","id":"hklnk9ee3lsqfpf"},"id":"yqmbpfunbgdhhdt","previousOperationId":"2njn29ftvxt5pp4"}
{"type":"log","timestamp":1705521613777,"level":"debug","message":"Page request finished: GET (script) 200 https://cdnjs.cloudflare.com/ajax/libs/Chart.js/2.7.2/Chart.min.js","meta":{"rootId":"hklnk9ee3lsqfpf","id":"hklnk9ee3lsqfpf"},"id":"r0upf2w28cyqxsd","previousOperationId":"2njn29ftvxt5pp4"}
{"type":"log","timestamp":1705521613781,"level":"warn","message":"Page error: Unexpected token '&' , stack: SyntaxError: Unexpected token '&'","meta":{"rootId":"hklnk9ee3lsqfpf","id":"hklnk9ee3lsqfpf"},"id":"gum64rnvw983ru4","previousOperationId":"2njn29ftvxt5pp4"}
{"type":"log","timestamp":1705521613794,"level":"debug","message":"Running chrome with params {\"printBackground\":true,\"timeout\":599954,\"margin\":{}}","meta":{"rootId":"hklnk9ee3lsqfpf","id":"hklnk9ee3lsqfpf"},"id":"ydkegedaxseoxg2","previousOperationId":"2njn29ftvxt5pp4"}
{"type":"operationEnd","operationId":"2njn29ftvxt5pp4","timestamp":1705521613819,"id":"crmfglzc6pi98rv","previousEventId":"9t9rdo8090jhrty","previousOperationId":"2njn29ftvxt5pp4"}
{"type":"log","timestamp":1705521613819,"level":"debug","message":"Skipping storing report.","meta":{"rootId":"hklnk9ee3lsqfpf","id":"hklnk9ee3lsqfpf"},"id":"rzx33aogdpb2vwa","previousOperationId":"2njn29ftvxt5pp4"}
{"type":"log","timestamp":1705521613819,"level":"info","message":"Rendering request 36 finished in 228 ms","meta":{"rootId":"hklnk9ee3lsqfpf","id":"hklnk9ee3lsqfpf"},"id":"43tcsr17z9lstlu","previousOperationId":"2njn29ftvxt5pp4"}
{"type":"operationEnd","subtype":"render","operationId":"b2b9pw4rcyzarp0","timestamp":1705521613819,"id":"skdpcsg3eo86r3q","previousEventId":"crmfglzc6pi98rv","previousOperationId":"2njn29ftvxt5pp4"}
{"type":"operationEnd","doDiffs":false,"previousEventId":"wl7j74ep74kqhsu","previousOperationId":"tjmi9903selon8s","operationId":"tjmi9903selon8s","timestamp":1705521613825,"id":"fffn6xjb2na5rwa"}
