{"type":"operationStart","subtype":"profile","data":{"_id":"p6wgKOPzeolQoMBR","timestamp":"2024-01-18T16:58:37.253Z","state":"queued","mode":"standard","creationDate":"2024-01-18T16:58:37.256Z","modificationDate":"2024-01-18T16:58:37.256Z","shortid":"ZQ7Zyag","$entitySet":"profiles"},"doDiffs":false,"timestamp":1705597117254,"id":"u1a7k1wphi4kak7","previousOperationId":null,"operationId":"zv8njlrc09bvx79"}
{"type":"log","level":"info","message":"Render request 7 queued for execution and waiting for available worker","previousOperationId":"zv8njlrc09bvx79","timestamp":1705597117255,"id":"8v3epoyyykauuit"}
{"type":"operationStart","subtype":"render","name":"apps-main","previousOperationId":"zv8njlrc09bvx79","timestamp":1705597117283,"id":"alldsdkn8f8couk","previousEventId":"u1a7k1wphi4kak7","operationId":"uglv7hnu044ho7e"}
{"type":"log","timestamp":1705597117284,"level":"info","message":"Starting rendering request 7","meta":{"rootId":"hvj9kr20hc43ocr","id":"hvj9kr20hc43ocr"},"id":"mq8wkt1jbvfgvpo","previousOperationId":"uglv7hnu044ho7e"}
{"type":"log","timestamp":1705597117285,"level":"info","message":"Rendering template { name: apps-main, recipe: chrome-pdf, engine: handlebars, preview: true }","meta":{"rootId":"hvj9kr20hc43ocr","id":"hvj9kr20hc43ocr"},"id":"z7cbd261f32kkus","previousOperationId":"uglv7hnu044ho7e"}
{"type":"log","timestamp":1705597117288,"level":"debug","message":"Data item not defined for this template.","meta":{"rootId":"hvj9kr20hc43ocr","id":"hvj9kr20hc43ocr"},"id":"dirvcbojmwr8m8a","previousOperationId":"uglv7hnu044ho7e"}
{"type":"log","timestamp":1705597117296,"level":"debug","message":"Executing script apps-script (beforeRender)","meta":{"rootId":"hvj9kr20hc43ocr","id":"hvj9kr20hc43ocr"},"id":"jrpkuvbyfsztodl","previousOperationId":"uglv7hnu044ho7e"}
{"type":"log","timestamp":1705597117314,"level":"debug","message":"Base url not specified, skipping its injection.","meta":{"rootId":"hvj9kr20hc43ocr","id":"hvj9kr20hc43ocr"},"id":"9ptloh1rcx1t1zl","previousOperationId":"uglv7hnu044ho7e"}
{"type":"operationStart","subtype":"engine","name":"handlebars","timestamp":1705597117315,"id":"jk548uxkc0zcxov","previousEventId":"alldsdkn8f8couk","operationId":"hpvcx7te2qa8kkj","previousOperationId":"uglv7hnu044ho7e"}
{"type":"log","timestamp":1705597117315,"level":"debug","message":"Rendering engine handlebars","meta":{"rootId":"hvj9kr20hc43ocr","id":"hvj9kr20hc43ocr"},"id":"m0aulbrws9hwpxw","previousOperationId":"hpvcx7te2qa8kkj"}
{"type":"operationEnd","operationId":"hpvcx7te2qa8kkj","timestamp":1705597117338,"id":"bq0osd3vj42lrn2","previousEventId":"jk548uxkc0zcxov","previousOperationId":"hpvcx7te2qa8kkj"}
{"type":"operationStart","subtype":"recipe","name":"chrome-pdf","timestamp":1705597117339,"id":"j8lqtdsnbetrk8e","previousEventId":"bq0osd3vj42lrn2","operationId":"r7mocak6b3c7giv","previousOperationId":"hpvcx7te2qa8kkj"}
{"type":"log","timestamp":1705597117339,"level":"debug","message":"Executing recipe chrome-pdf","meta":{"rootId":"hvj9kr20hc43ocr","id":"hvj9kr20hc43ocr"},"id":"12pazha36bx1ahh","previousOperationId":"r7mocak6b3c7giv"}
{"type":"log","timestamp":1705597117347,"level":"debug","message":"Converting with chrome HeadlessChrome/117.0.5938.149 using chrome-pool strategy","meta":{"rootId":"hvj9kr20hc43ocr","id":"hvj9kr20hc43ocr"},"id":"mebw7wgwvs3hu9a","previousOperationId":"r7mocak6b3c7giv"}
{"type":"log","timestamp":1705597117546,"level":"debug","message":"Page request: GET (document) file:///C:/Users/juank/AppData/Local/Temp/jsreport/autocleanup/cb6589bb-29ae-40d8-a1e1-651d05da9fc1-chrome-pdf.html","meta":{"rootId":"hvj9kr20hc43ocr","id":"hvj9kr20hc43ocr"},"id":"c47rgicn0y51tj8","previousOperationId":"r7mocak6b3c7giv"}
{"type":"log","timestamp":1705597117563,"level":"debug","message":"Page request finished: GET (document) 200 file:///C:/Users/juank/AppData/Local/Temp/jsreport/autocleanup/cb6589bb-29ae-40d8-a1e1-651d05da9fc1-chrome-pdf.html","meta":{"rootId":"hvj9kr20hc43ocr","id":"hvj9kr20hc43ocr"},"id":"c3s3w3mtnikefn3","previousOperationId":"r7mocak6b3c7giv"}
{"type":"log","timestamp":1705597117565,"level":"debug","message":"Page request: GET (script) https://cdn.jsdelivr.net/npm/chart.js","meta":{"rootId":"hvj9kr20hc43ocr","id":"hvj9kr20hc43ocr"},"id":"dgof7ymojj59qvw","previousOperationId":"r7mocak6b3c7giv"}
{"type":"log","timestamp":1705597117577,"level":"debug","message":"Page request finished: GET (script) 200 https://cdn.jsdelivr.net/npm/chart.js","meta":{"rootId":"hvj9kr20hc43ocr","id":"hvj9kr20hc43ocr"},"id":"akslq9fxyfytoot","previousOperationId":"r7mocak6b3c7giv"}
{"type":"log","timestamp":1705597117657,"level":"debug","message":"Running chrome with params {\"printBackground\":true,\"timeout\":599909,\"margin\":{}}","meta":{"rootId":"hvj9kr20hc43ocr","id":"hvj9kr20hc43ocr"},"id":"3yh07ev0zrvcr5z","previousOperationId":"r7mocak6b3c7giv"}
{"type":"operationEnd","operationId":"r7mocak6b3c7giv","timestamp":1705597117697,"id":"k9o210f975ddgek","previousEventId":"j8lqtdsnbetrk8e","previousOperationId":"r7mocak6b3c7giv"}
{"type":"log","timestamp":1705597117697,"level":"debug","message":"Skipping storing report.","meta":{"rootId":"hvj9kr20hc43ocr","id":"hvj9kr20hc43ocr"},"id":"yetlep3qmeamq59","previousOperationId":"r7mocak6b3c7giv"}
{"type":"log","timestamp":1705597117697,"level":"info","message":"Rendering request 7 finished in 444 ms","meta":{"rootId":"hvj9kr20hc43ocr","id":"hvj9kr20hc43ocr"},"id":"fh7c7tapyg7y55y","previousOperationId":"r7mocak6b3c7giv"}
{"type":"operationEnd","subtype":"render","operationId":"uglv7hnu044ho7e","timestamp":1705597117697,"id":"ndsj2tbqqif7kt0","previousEventId":"k9o210f975ddgek","previousOperationId":"r7mocak6b3c7giv"}
{"type":"operationEnd","doDiffs":false,"previousEventId":"u1a7k1wphi4kak7","previousOperationId":"zv8njlrc09bvx79","operationId":"zv8njlrc09bvx79","timestamp":1705597117716,"id":"hgmbd83wot5zevx"}
