{"type":"operationStart","subtype":"profile","data":{"_id":"Lor8PRumET9mKd3L","timestamp":"2024-01-17T19:57:26.241Z","state":"queued","mode":"standard","creationDate":"2024-01-17T19:57:26.244Z","modificationDate":"2024-01-17T19:57:26.244Z","shortid":"s7UIHl7","$entitySet":"profiles"},"doDiffs":false,"timestamp":1705521446242,"id":"csw2mxxui4dzl21","previousOperationId":null,"operationId":"c5lid61mq25u31f"}
{"type":"log","level":"info","message":"Render request 34 queued for execution and waiting for available worker","previousOperationId":"c5lid61mq25u31f","timestamp":1705521446243,"id":"zs96rfuguqurq0c"}
{"type":"operationStart","subtype":"render","name":"apps-main","previousOperationId":"c5lid61mq25u31f","timestamp":1705521446254,"id":"ksw64rzayjlvnuw","previousEventId":"csw2mxxui4dzl21","operationId":"47z5hgbfrp1r9f5"}
{"type":"log","timestamp":1705521446254,"level":"info","message":"Starting rendering request 34","meta":{"rootId":"i9373jgb66eyvm1","id":"i9373jgb66eyvm1"},"id":"c4ywdfc5na8oo10","previousOperationId":"47z5hgbfrp1r9f5"}
{"type":"log","timestamp":1705521446254,"level":"info","message":"Rendering template { name: apps-main, recipe: chrome-pdf, engine: handlebars, preview: true }","meta":{"rootId":"i9373jgb66eyvm1","id":"i9373jgb66eyvm1"},"id":"m1z4kb24hiztteh","previousOperationId":"47z5hgbfrp1r9f5"}
{"type":"log","timestamp":1705521446255,"level":"debug","message":"Data item not defined for this template.","meta":{"rootId":"i9373jgb66eyvm1","id":"i9373jgb66eyvm1"},"id":"9a32wl0l4gmd24b","previousOperationId":"47z5hgbfrp1r9f5"}
{"type":"log","timestamp":1705521446256,"level":"debug","message":"Executing script apps-script (beforeRender)","meta":{"rootId":"i9373jgb66eyvm1","id":"i9373jgb66eyvm1"},"id":"vm1msklib6iwliu","previousOperationId":"47z5hgbfrp1r9f5"}
{"type":"operationStart","subtype":"scriptsBeforeRender","name":"scripts beforeRender","timestamp":1705521446262,"id":"5zu0lo4pn3krjcn","previousEventId":"ksw64rzayjlvnuw","operationId":"1wzjrma7q0f5ymh","previousOperationId":"47z5hgbfrp1r9f5"}
{"type":"operationStart","subtype":"script","name":"scripts apps-script","previousOperationId":"1wzjrma7q0f5ymh","timestamp":1705521446262,"id":"f6iv83dw8gfk7f5","previousEventId":"5zu0lo4pn3krjcn","operationId":"ars76q0ovajpawq"}
{"type":"operationEnd","operationId":"ars76q0ovajpawq","timestamp":1705521446263,"id":"iljd0ahv8svv4ly","previousEventId":"ksw64rzayjlvnuw","previousOperationId":"47z5hgbfrp1r9f5"}
{"type":"operationEnd","operationId":"1wzjrma7q0f5ymh","timestamp":1705521446263,"id":"g9tqo73xlrl7d75","previousEventId":"iljd0ahv8svv4ly","previousOperationId":"47z5hgbfrp1r9f5"}
{"type":"log","timestamp":1705521446263,"level":"debug","message":"Base url not specified, skipping its injection.","meta":{"rootId":"i9373jgb66eyvm1","id":"i9373jgb66eyvm1"},"id":"n2lund5pv8v59q5","previousOperationId":"1wzjrma7q0f5ymh"}
{"type":"operationStart","subtype":"engine","name":"handlebars","timestamp":1705521446263,"id":"3t0liznkksq20ze","previousEventId":"g9tqo73xlrl7d75","operationId":"6n6nwkmt5ea9url","previousOperationId":"1wzjrma7q0f5ymh"}
{"type":"log","timestamp":1705521446264,"level":"debug","message":"Rendering engine handlebars","meta":{"rootId":"i9373jgb66eyvm1","id":"i9373jgb66eyvm1"},"id":"aoyhra3rbge8yct","previousOperationId":"6n6nwkmt5ea9url"}
{"type":"operationEnd","operationId":"6n6nwkmt5ea9url","timestamp":1705521446273,"id":"d2a10hcp1ulk0bj","previousEventId":"3t0liznkksq20ze","previousOperationId":"6n6nwkmt5ea9url"}
{"type":"operationStart","subtype":"recipe","name":"chrome-pdf","timestamp":1705521446274,"id":"7rhkk9psnl5klz9","previousEventId":"d2a10hcp1ulk0bj","operationId":"7g1kfkhbhoszp6g","previousOperationId":"6n6nwkmt5ea9url"}
{"type":"log","timestamp":1705521446274,"level":"debug","message":"Executing recipe chrome-pdf","meta":{"rootId":"i9373jgb66eyvm1","id":"i9373jgb66eyvm1"},"id":"iwhm570wvxjuu01","previousOperationId":"7g1kfkhbhoszp6g"}
{"type":"log","timestamp":1705521446276,"level":"debug","message":"Converting with chrome HeadlessChrome/117.0.5938.149 using chrome-pool strategy","meta":{"rootId":"i9373jgb66eyvm1","id":"i9373jgb66eyvm1"},"id":"per1naffbmizwgg","previousOperationId":"7g1kfkhbhoszp6g"}
{"type":"log","timestamp":1705521446433,"level":"debug","message":"Page request: GET (document) file:///C:/Users/juank/AppData/Local/Temp/jsreport/autocleanup/e7e58795-ab7b-4403-919e-2836bb44b3a9-chrome-pdf.html","meta":{"rootId":"i9373jgb66eyvm1","id":"i9373jgb66eyvm1"},"id":"e51jdne088rx6r8","previousOperationId":"7g1kfkhbhoszp6g"}
{"type":"log","timestamp":1705521446445,"level":"debug","message":"Page request: GET (stylesheet) https://cdnjs.cloudflare.com/ajax/libs/metro/4.1.5/css/metro.min.css","meta":{"rootId":"i9373jgb66eyvm1","id":"i9373jgb66eyvm1"},"id":"f79dk0abw4ujqvx","previousOperationId":"7g1kfkhbhoszp6g"}
{"type":"log","timestamp":1705521446446,"level":"debug","message":"Page request: GET (script) https://cdnjs.cloudflare.com/ajax/libs/Chart.js/2.7.2/Chart.min.js","meta":{"rootId":"i9373jgb66eyvm1","id":"i9373jgb66eyvm1"},"id":"bvxjamkkske72wp","previousOperationId":"7g1kfkhbhoszp6g"}
{"type":"log","timestamp":1705521446446,"level":"debug","message":"Page request finished: GET (document) 200 file:///C:/Users/juank/AppData/Local/Temp/jsreport/autocleanup/e7e58795-ab7b-4403-919e-2836bb44b3a9-chrome-pdf.html","meta":{"rootId":"i9373jgb66eyvm1","id":"i9373jgb66eyvm1"},"id":"0dlcwrr2tnmbmmi","previousOperationId":"7g1kfkhbhoszp6g"}
{"type":"log","timestamp":1705521446471,"level":"debug","message":"Page request finished: GET (stylesheet) 200 https://cdnjs.cloudflare.com/ajax/libs/metro/4.1.5/css/metro.min.css","meta":{"rootId":"i9373jgb66eyvm1","id":"i9373jgb66eyvm1"},"id":"boaxgwt2n8fcs50","previousOperationId":"7g1kfkhbhoszp6g"}
{"type":"log","timestamp":1705521446471,"level":"debug","message":"Page request finished: GET (script) 200 https://cdnjs.cloudflare.com/ajax/libs/Chart.js/2.7.2/Chart.min.js","meta":{"rootId":"i9373jgb66eyvm1","id":"i9373jgb66eyvm1"},"id":"vpk1tjqtpym1o09","previousOperationId":"7g1kfkhbhoszp6g"}
{"type":"log","timestamp":1705521446475,"level":"warn","message":"Page error: Cannot read properties of null (reading 'getContext') , stack: TypeError: Cannot read properties of null (reading 'getContext')\n    at <anonymous> (file:///C:/Users/juank/AppData/Local/Temp/jsreport/autocleanup/e7e58795-ab7b-4403-919e-2836bb44b3a9-chrome-pdf.html:25:54)","meta":{"rootId":"i9373jgb66eyvm1","id":"i9373jgb66eyvm1"},"id":"s3knzethc36dwlf","previousOperationId":"7g1kfkhbhoszp6g"}
{"type":"log","timestamp":1705521446495,"level":"debug","message":"Running chrome with params {\"printBackground\":true,\"timeout\":599966,\"margin\":{}}","meta":{"rootId":"i9373jgb66eyvm1","id":"i9373jgb66eyvm1"},"id":"tg0o0zo70eetxgw","previousOperationId":"7g1kfkhbhoszp6g"}
{"type":"operationEnd","operationId":"7g1kfkhbhoszp6g","timestamp":1705521446535,"id":"8hxs2z4io4jiu2z","previousEventId":"7rhkk9psnl5klz9","previousOperationId":"7g1kfkhbhoszp6g"}
{"type":"log","timestamp":1705521446535,"level":"debug","message":"Skipping storing report.","meta":{"rootId":"i9373jgb66eyvm1","id":"i9373jgb66eyvm1"},"id":"ztnrljm8i883o0t","previousOperationId":"7g1kfkhbhoszp6g"}
{"type":"log","timestamp":1705521446535,"level":"info","message":"Rendering request 34 finished in 294 ms","meta":{"rootId":"i9373jgb66eyvm1","id":"i9373jgb66eyvm1"},"id":"75r4u58wodvdlbn","previousOperationId":"7g1kfkhbhoszp6g"}
{"type":"operationEnd","subtype":"render","operationId":"47z5hgbfrp1r9f5","timestamp":1705521446535,"id":"yg4dzldi14anoky","previousEventId":"8hxs2z4io4jiu2z","previousOperationId":"7g1kfkhbhoszp6g"}
{"type":"operationEnd","doDiffs":false,"previousEventId":"csw2mxxui4dzl21","previousOperationId":"c5lid61mq25u31f","operationId":"c5lid61mq25u31f","timestamp":1705521446540,"id":"l95q5dxbmsuu4dv"}
