{"type":"operationStart","subtype":"profile","data":{"_id":"1zdDJFuZR9UoqLmD","timestamp":"2024-01-17T19:21:03.755Z","state":"queued","mode":"standard","creationDate":"2024-01-17T19:21:03.758Z","modificationDate":"2024-01-17T19:21:03.758Z","shortid":"8aqWNCJ","$entitySet":"profiles"},"doDiffs":false,"timestamp":1705519263756,"id":"gvb351cedvsi1ap","previousOperationId":null,"operationId":"ja2rn79446c838a"}
{"type":"log","level":"info","message":"Render request 17 queued for execution and waiting for available worker","previousOperationId":"ja2rn79446c838a","timestamp":1705519263756,"id":"jajew6lroh1woqj"}
{"type":"operationStart","subtype":"render","name":"apps-main","previousOperationId":"ja2rn79446c838a","timestamp":1705519263770,"id":"31sjdgv3gmfzqdz","previousEventId":"gvb351cedvsi1ap","operationId":"lrlkg6l2qz4eoo5"}
{"type":"log","timestamp":1705519263770,"level":"info","message":"Starting rendering request 17","meta":{"rootId":"jk69camv185yjsu","id":"jk69camv185yjsu"},"id":"mw4ps76eo0lmlz1","previousOperationId":"lrlkg6l2qz4eoo5"}
{"type":"log","timestamp":1705519263770,"level":"info","message":"Rendering template { name: apps-main, recipe: chrome-pdf, engine: handlebars, preview: true }","meta":{"rootId":"jk69camv185yjsu","id":"jk69camv185yjsu"},"id":"59yb4bdtu7ls9ex","previousOperationId":"lrlkg6l2qz4eoo5"}
{"type":"log","timestamp":1705519263771,"level":"debug","message":"Data item not defined for this template.","meta":{"rootId":"jk69camv185yjsu","id":"jk69camv185yjsu"},"id":"hzm288bkngvl59i","previousOperationId":"lrlkg6l2qz4eoo5"}
{"type":"log","timestamp":1705519263773,"level":"debug","message":"Executing script apps-script (beforeRender)","meta":{"rootId":"jk69camv185yjsu","id":"jk69camv185yjsu"},"id":"l5pn6ro880qjszn","previousOperationId":"lrlkg6l2qz4eoo5"}
{"type":"operationStart","subtype":"scriptsBeforeRender","name":"scripts beforeRender","timestamp":1705519263785,"id":"yxbmmk7g069lksg","previousEventId":"31sjdgv3gmfzqdz","operationId":"ui00ubv08rfa7sb","previousOperationId":"lrlkg6l2qz4eoo5"}
{"type":"operationStart","subtype":"script","name":"scripts apps-script","previousOperationId":"ui00ubv08rfa7sb","timestamp":1705519263786,"id":"ycrqyvuh9mst6bl","previousEventId":"yxbmmk7g069lksg","operationId":"zxnvl4atfi8qqn8"}
{"type":"log","timestamp":1705519263787,"level":"debug","message":"(console:log) undefined","meta":{"userLevel":true,"rootId":"jk69camv185yjsu","id":"jk69camv185yjsu"},"id":"x2348opewg079z1","previousOperationId":"zxnvl4atfi8qqn8"}
{"type":"operationEnd","operationId":"zxnvl4atfi8qqn8","timestamp":1705519263787,"id":"8z7d5mljkowsvze","previousEventId":"31sjdgv3gmfzqdz","previousOperationId":"lrlkg6l2qz4eoo5"}
{"type":"operationEnd","operationId":"ui00ubv08rfa7sb","timestamp":1705519263787,"id":"3qijy3xdsh0uj5b","previousEventId":"8z7d5mljkowsvze","previousOperationId":"lrlkg6l2qz4eoo5"}
{"type":"log","timestamp":1705519263787,"level":"debug","message":"Base url not specified, skipping its injection.","meta":{"rootId":"jk69camv185yjsu","id":"jk69camv185yjsu"},"id":"bz0j95r0stkj4rc","previousOperationId":"ui00ubv08rfa7sb"}
{"type":"operationStart","subtype":"engine","name":"handlebars","timestamp":1705519263788,"id":"vzolrw8guon5712","previousEventId":"3qijy3xdsh0uj5b","operationId":"tfrfkupk43zgoyq","previousOperationId":"ui00ubv08rfa7sb"}
{"type":"log","timestamp":1705519263788,"level":"debug","message":"Rendering engine handlebars","meta":{"rootId":"jk69camv185yjsu","id":"jk69camv185yjsu"},"id":"d9ufe92l4qswnmz","previousOperationId":"tfrfkupk43zgoyq"}
{"type":"log","timestamp":1705519263798,"level":"debug","message":"(console:log) Pdf utils adding group field, value: \"applicationsview\"","meta":{"userLevel":true,"rootId":"jk69camv185yjsu","id":"jk69camv185yjsu"},"id":"cj7191a07t8qm46","previousOperationId":"tfrfkupk43zgoyq"}
{"type":"log","timestamp":1705519263798,"level":"debug","message":"(console:log) Pdf utils adding group field, value: \"employeesview\"","meta":{"userLevel":true,"rootId":"jk69camv185yjsu","id":"jk69camv185yjsu"},"id":"ftsfhyxs8arl953","previousOperationId":"tfrfkupk43zgoyq"}
{"type":"log","timestamp":1705519263798,"level":"debug","message":"(console:log) Pdf utils adding group field, value: \"rolesview\"","meta":{"userLevel":true,"rootId":"jk69camv185yjsu","id":"jk69camv185yjsu"},"id":"3mfxd3f91jgh1mx","previousOperationId":"tfrfkupk43zgoyq"}
{"type":"log","timestamp":1705519263798,"level":"debug","message":"(console:log) Pdf utils adding group field, value: \"newsview\"","meta":{"userLevel":true,"rootId":"jk69camv185yjsu","id":"jk69camv185yjsu"},"id":"20682zbv0t2kyy7","previousOperationId":"tfrfkupk43zgoyq"}
{"type":"log","timestamp":1705519263798,"level":"debug","message":"(console:log) Pdf utils adding group field, value: \"http://google.com\"","meta":{"userLevel":true,"rootId":"jk69camv185yjsu","id":"jk69camv185yjsu"},"id":"uozfjrxo6hlqr6r","previousOperationId":"tfrfkupk43zgoyq"}
{"type":"operationEnd","operationId":"tfrfkupk43zgoyq","timestamp":1705519263799,"id":"8o24t9oyz8mr2u0","previousEventId":"vzolrw8guon5712","previousOperationId":"tfrfkupk43zgoyq"}
{"type":"operationStart","subtype":"recipe","name":"chrome-pdf","timestamp":1705519263799,"id":"nva158f4cx0b0ml","previousEventId":"8o24t9oyz8mr2u0","operationId":"llc4jvmtqst59yv","previousOperationId":"tfrfkupk43zgoyq"}
{"type":"log","timestamp":1705519263799,"level":"debug","message":"Executing recipe chrome-pdf","meta":{"rootId":"jk69camv185yjsu","id":"jk69camv185yjsu"},"id":"simx56dd2g7x1f9","previousOperationId":"llc4jvmtqst59yv"}
{"type":"log","timestamp":1705519263802,"level":"debug","message":"Converting with chrome HeadlessChrome/117.0.5938.149 using chrome-pool strategy","meta":{"rootId":"jk69camv185yjsu","id":"jk69camv185yjsu"},"id":"1tk132pgxokcmur","previousOperationId":"llc4jvmtqst59yv"}
{"type":"log","timestamp":1705519263924,"level":"debug","message":"Page request: GET (document) file:///C:/Users/juank/AppData/Local/Temp/jsreport/autocleanup/f6c65d39-1acf-4543-b7c7-b6dd55b8f71a-chrome-pdf.html","meta":{"rootId":"jk69camv185yjsu","id":"jk69camv185yjsu"},"id":"cfg9m4gbf528eed","previousOperationId":"llc4jvmtqst59yv"}
{"type":"log","timestamp":1705519263938,"level":"debug","message":"Page request: GET (stylesheet) https://cdnjs.cloudflare.com/ajax/libs/metro/4.1.5/css/metro.min.css","meta":{"rootId":"jk69camv185yjsu","id":"jk69camv185yjsu"},"id":"8cafz8k8n07m8xg","previousOperationId":"llc4jvmtqst59yv"}
{"type":"log","timestamp":1705519263939,"level":"debug","message":"Page request: GET (script) https://cdnjs.cloudflare.com/ajax/libs/Chart.js/2.7.2/Chart.min.js","meta":{"rootId":"jk69camv185yjsu","id":"jk69camv185yjsu"},"id":"fun01y1iomts9yp","previousOperationId":"llc4jvmtqst59yv"}
{"type":"log","timestamp":1705519263940,"level":"debug","message":"Page request finished: GET (document) 200 file:///C:/Users/juank/AppData/Local/Temp/jsreport/autocleanup/f6c65d39-1acf-4543-b7c7-b6dd55b8f71a-chrome-pdf.html","meta":{"rootId":"jk69camv185yjsu","id":"jk69camv185yjsu"},"id":"ri4wejlqa9iyhwd","previousOperationId":"llc4jvmtqst59yv"}
{"type":"log","timestamp":1705519263952,"level":"debug","message":"Page request finished: GET (script) 200 https://cdnjs.cloudflare.com/ajax/libs/Chart.js/2.7.2/Chart.min.js","meta":{"rootId":"jk69camv185yjsu","id":"jk69camv185yjsu"},"id":"1g9tp0ga7o3zt8y","previousOperationId":"llc4jvmtqst59yv"}
{"type":"log","timestamp":1705519263964,"level":"debug","message":"Page request finished: GET (stylesheet) 200 https://cdnjs.cloudflare.com/ajax/libs/metro/4.1.5/css/metro.min.css","meta":{"rootId":"jk69camv185yjsu","id":"jk69camv185yjsu"},"id":"8c9nvj24x62cuju","previousOperationId":"llc4jvmtqst59yv"}
{"type":"log","timestamp":1705519263970,"level":"warn","message":"Page error: \"undefined\" is not valid JSON\nJSON.parse (<anonymous>) , stack: SyntaxError: \"undefined\" is not valid JSON\nJSON.parse (<anonymous>)\n    at <anonymous> (file:///C:/Users/juank/AppData/Local/Temp/jsreport/autocleanup/f6c65d39-1acf-4543-b7c7-b6dd55b8f71a-chrome-pdf.html:28:29)","meta":{"rootId":"jk69camv185yjsu","id":"jk69camv185yjsu"},"id":"b7ceisoqf5srrlw","previousOperationId":"llc4jvmtqst59yv"}
{"type":"log","timestamp":1705519263971,"level":"warn","message":"Page error: \"undefined\" is not valid JSON\nJSON.parse (<anonymous>) , stack: SyntaxError: \"undefined\" is not valid JSON\nJSON.parse (<anonymous>)\n    at <anonymous> (file:///C:/Users/juank/AppData/Local/Temp/jsreport/autocleanup/f6c65d39-1acf-4543-b7c7-b6dd55b8f71a-chrome-pdf.html:78:29)","meta":{"rootId":"jk69camv185yjsu","id":"jk69camv185yjsu"},"id":"8tw6ylhw6pghbtj","previousOperationId":"llc4jvmtqst59yv"}
{"type":"log","timestamp":1705519263971,"level":"warn","message":"Page error: \"undefined\" is not valid JSON\nJSON.parse (<anonymous>) , stack: SyntaxError: \"undefined\" is not valid JSON\nJSON.parse (<anonymous>)\n    at <anonymous> (file:///C:/Users/juank/AppData/Local/Temp/jsreport/autocleanup/f6c65d39-1acf-4543-b7c7-b6dd55b8f71a-chrome-pdf.html:128:29)","meta":{"rootId":"jk69camv185yjsu","id":"jk69camv185yjsu"},"id":"sh18c17uquynzr0","previousOperationId":"llc4jvmtqst59yv"}
{"type":"log","timestamp":1705519263971,"level":"warn","message":"Page error: \"undefined\" is not valid JSON\nJSON.parse (<anonymous>) , stack: SyntaxError: \"undefined\" is not valid JSON\nJSON.parse (<anonymous>)\n    at <anonymous> (file:///C:/Users/juank/AppData/Local/Temp/jsreport/autocleanup/f6c65d39-1acf-4543-b7c7-b6dd55b8f71a-chrome-pdf.html:178:29)","meta":{"rootId":"jk69camv185yjsu","id":"jk69camv185yjsu"},"id":"36vxyk9o45eul6p","previousOperationId":"llc4jvmtqst59yv"}
{"type":"log","timestamp":1705519263972,"level":"warn","message":"Page error: missing ) after argument list , stack: SyntaxError: missing ) after argument list","meta":{"rootId":"jk69camv185yjsu","id":"jk69camv185yjsu"},"id":"2macui1urx3c6c9","previousOperationId":"llc4jvmtqst59yv"}
{"type":"log","timestamp":1705519263994,"level":"debug","message":"Running chrome with params {\"printBackground\":true,\"timeout\":599954,\"margin\":{}}","meta":{"rootId":"jk69camv185yjsu","id":"jk69camv185yjsu"},"id":"739pmleibanwuk5","previousOperationId":"llc4jvmtqst59yv"}
{"type":"operationEnd","operationId":"llc4jvmtqst59yv","timestamp":1705519264067,"id":"xskmejo3qsiig9h","previousEventId":"nva158f4cx0b0ml","previousOperationId":"llc4jvmtqst59yv"}
{"type":"log","timestamp":1705519264067,"level":"debug","message":"Skipping storing report.","meta":{"rootId":"jk69camv185yjsu","id":"jk69camv185yjsu"},"id":"5dfjxiup3lv6spv","previousOperationId":"llc4jvmtqst59yv"}
{"type":"log","timestamp":1705519264067,"level":"info","message":"Rendering request 17 finished in 312 ms","meta":{"rootId":"jk69camv185yjsu","id":"jk69camv185yjsu"},"id":"uudrrkgjpecu2fu","previousOperationId":"llc4jvmtqst59yv"}
{"type":"operationEnd","subtype":"render","operationId":"lrlkg6l2qz4eoo5","timestamp":1705519264067,"id":"c2otloijk8z7ysp","previousEventId":"xskmejo3qsiig9h","previousOperationId":"llc4jvmtqst59yv"}
{"type":"operationEnd","doDiffs":false,"previousEventId":"gvb351cedvsi1ap","previousOperationId":"ja2rn79446c838a","operationId":"ja2rn79446c838a","timestamp":1705519264073,"id":"0np8721fq3xs6e6"}
