{"type":"operationStart","subtype":"profile","data":{"_id":"sAkwpnuSA1R33Rg0","timestamp":"2024-01-17T20:06:18.089Z","state":"queued","mode":"standard","creationDate":"2024-01-17T20:06:18.092Z","modificationDate":"2024-01-17T20:06:18.092Z","shortid":"NEhXZ14","$entitySet":"profiles"},"doDiffs":false,"timestamp":1705521978091,"id":"c4ncve7tfjcwnzb","previousOperationId":null,"operationId":"yhf3vqe1p9eeg4w"}
{"type":"log","level":"info","message":"Render request 42 queued for execution and waiting for available worker","previousOperationId":"yhf3vqe1p9eeg4w","timestamp":1705521978091,"id":"w2mkw81ipr1tehd"}
{"type":"operationStart","subtype":"render","name":"apps-main","previousOperationId":"yhf3vqe1p9eeg4w","timestamp":1705521978101,"id":"ah1x776h3gu0g7h","previousEventId":"c4ncve7tfjcwnzb","operationId":"e7vl35pmyf1bwfp"}
{"type":"log","timestamp":1705521978101,"level":"info","message":"Starting rendering request 42","meta":{"rootId":"k46ua1yk2zx626n","id":"k46ua1yk2zx626n"},"id":"1fbi5h21mjc42tk","previousOperationId":"e7vl35pmyf1bwfp"}
{"type":"log","timestamp":1705521978101,"level":"info","message":"Rendering template { name: apps-main, recipe: chrome-pdf, engine: handlebars, preview: true }","meta":{"rootId":"k46ua1yk2zx626n","id":"k46ua1yk2zx626n"},"id":"p9v3w53nv6lco4j","previousOperationId":"e7vl35pmyf1bwfp"}
{"type":"log","timestamp":1705521978103,"level":"debug","message":"Data item not defined for this template.","meta":{"rootId":"k46ua1yk2zx626n","id":"k46ua1yk2zx626n"},"id":"fp5bqmvkn0hxuzc","previousOperationId":"e7vl35pmyf1bwfp"}
{"type":"log","timestamp":1705521978108,"level":"debug","message":"Executing script apps-script (beforeRender)","meta":{"rootId":"k46ua1yk2zx626n","id":"k46ua1yk2zx626n"},"id":"0vxjudngi61pqvy","previousOperationId":"e7vl35pmyf1bwfp"}
{"type":"operationStart","subtype":"scriptsBeforeRender","name":"scripts beforeRender","timestamp":1705521978117,"id":"ms3e1re2ukf55cg","previousEventId":"ah1x776h3gu0g7h","operationId":"aat0x3d25ic92nc","previousOperationId":"e7vl35pmyf1bwfp"}
{"type":"operationStart","subtype":"script","name":"scripts apps-script","previousOperationId":"aat0x3d25ic92nc","timestamp":1705521978117,"id":"5puno9usf5ikwrg","previousEventId":"ms3e1re2ukf55cg","operationId":"3jjq3b82up7l1nd"}
{"type":"log","timestamp":1705521978120,"level":"debug","message":"(console:log) [\n  {\n    id: 1,\n    icon: '1702583747.png',\n    URL: 'applicationsview',\n    created_at: '2023-12-14T15:19:05.000000Z',\n    updated_at: '2023-12-14T19:55:47.000000Z'\n  },\n  {\n    id: 2,\n    icon: '1702581234.jpg',\n    URL: 'employeesview',\n    created_at: '2023-12-14T19:13:54.000000Z',\n    updated_at: '2023-12-14T19:13:54.000000Z'\n  },\n  {\n    id: 3,\n    icon: '1702583822.png',\n    URL: 'rolesview',\n    created_at: '2023-12-14T19:57:02.000000Z',\n    updated_at: '2023-12-14T19:57:02.000000Z'\n  },\n  {\n    id: 4,\n    icon: '1702584040.png',\n    URL: 'newsview',\n    created_at: '2023-12-14T20:00:40.000000Z',\n    updated_at: '2023-12-14T20:00:40.000000Z'\n  },\n  {\n    id: 5,\n    icon: '1702658124.png',\n    URL: 'http://google.com',\n    created_at: '2023-12-15T16:35:24.000000Z',\n    updated_at: '2023-12-17T05:09:34.000000Z'\n  }\n]","meta":{"userLevel":true,"rootId":"k46ua1yk2zx626n","id":"k46ua1yk2zx626n"},"id":"9nmisdwmx0jphi5","previousOperationId":"3jjq3b82up7l1nd"}
{"type":"operationEnd","operationId":"3jjq3b82up7l1nd","timestamp":1705521978120,"id":"892udzah6gc9fnl","previousEventId":"ah1x776h3gu0g7h","previousOperationId":"e7vl35pmyf1bwfp"}
{"type":"operationEnd","operationId":"aat0x3d25ic92nc","timestamp":1705521978120,"id":"ya6ndcypoq8rvkn","previousEventId":"892udzah6gc9fnl","previousOperationId":"e7vl35pmyf1bwfp"}
{"type":"log","timestamp":1705521978120,"level":"debug","message":"Base url not specified, skipping its injection.","meta":{"rootId":"k46ua1yk2zx626n","id":"k46ua1yk2zx626n"},"id":"nczwq7ra9z0rzw9","previousOperationId":"aat0x3d25ic92nc"}
{"type":"operationStart","subtype":"engine","name":"handlebars","timestamp":1705521978120,"id":"gyb52cipxorsir6","previousEventId":"ya6ndcypoq8rvkn","operationId":"38eyucw7wed0qfc","previousOperationId":"aat0x3d25ic92nc"}
{"type":"log","timestamp":1705521978120,"level":"debug","message":"Rendering engine handlebars","meta":{"rootId":"k46ua1yk2zx626n","id":"k46ua1yk2zx626n"},"id":"xahkp6mv273mj61","previousOperationId":"38eyucw7wed0qfc"}
{"type":"log","timestamp":1705521978132,"level":"debug","message":"(console:log) Pdf utils adding group field, value: \"applicationsview\"","meta":{"userLevel":true,"rootId":"k46ua1yk2zx626n","id":"k46ua1yk2zx626n"},"id":"ooi8p8fxh27ggta","previousOperationId":"38eyucw7wed0qfc"}
{"type":"log","timestamp":1705521978132,"level":"debug","message":"(console:log) Pdf utils adding group field, value: \"employeesview\"","meta":{"userLevel":true,"rootId":"k46ua1yk2zx626n","id":"k46ua1yk2zx626n"},"id":"afyedfmquw7o2y4","previousOperationId":"38eyucw7wed0qfc"}
{"type":"log","timestamp":1705521978132,"level":"debug","message":"(console:log) Pdf utils adding group field, value: \"rolesview\"","meta":{"userLevel":true,"rootId":"k46ua1yk2zx626n","id":"k46ua1yk2zx626n"},"id":"xs8cykxfybq8fom","previousOperationId":"38eyucw7wed0qfc"}
{"type":"log","timestamp":1705521978132,"level":"debug","message":"(console:log) Pdf utils adding group field, value: \"newsview\"","meta":{"userLevel":true,"rootId":"k46ua1yk2zx626n","id":"k46ua1yk2zx626n"},"id":"8wwkx9h0zy7fgzg","previousOperationId":"38eyucw7wed0qfc"}
{"type":"log","timestamp":1705521978132,"level":"debug","message":"(console:log) Pdf utils adding group field, value: \"http://google.com\"","meta":{"userLevel":true,"rootId":"k46ua1yk2zx626n","id":"k46ua1yk2zx626n"},"id":"wym9igyhixjc25l","previousOperationId":"38eyucw7wed0qfc"}
{"type":"operationEnd","operationId":"38eyucw7wed0qfc","timestamp":1705521978133,"id":"9t5kix50sf861if","previousEventId":"gyb52cipxorsir6","previousOperationId":"38eyucw7wed0qfc"}
{"type":"operationStart","subtype":"recipe","name":"chrome-pdf","timestamp":1705521978133,"id":"gjw3fiiozzeydtu","previousEventId":"9t5kix50sf861if","operationId":"dbec2tg9opsfyek","previousOperationId":"38eyucw7wed0qfc"}
{"type":"log","timestamp":1705521978133,"level":"debug","message":"Executing recipe chrome-pdf","meta":{"rootId":"k46ua1yk2zx626n","id":"k46ua1yk2zx626n"},"id":"j3oe70orn4yzz8x","previousOperationId":"dbec2tg9opsfyek"}
{"type":"log","timestamp":1705521978137,"level":"debug","message":"Converting with chrome HeadlessChrome/117.0.5938.149 using chrome-pool strategy","meta":{"rootId":"k46ua1yk2zx626n","id":"k46ua1yk2zx626n"},"id":"0svdype0pkmww3s","previousOperationId":"dbec2tg9opsfyek"}
{"type":"log","timestamp":1705521978248,"level":"debug","message":"Page request: GET (document) file:///C:/Users/juank/AppData/Local/Temp/jsreport/autocleanup/588dbfa6-85a6-481c-bad8-5de285db4aac-chrome-pdf.html","meta":{"rootId":"k46ua1yk2zx626n","id":"k46ua1yk2zx626n"},"id":"eqfr3nuwj7vzrd5","previousOperationId":"dbec2tg9opsfyek"}
{"type":"log","timestamp":1705521978258,"level":"debug","message":"Page request: GET (stylesheet) https://cdnjs.cloudflare.com/ajax/libs/metro/4.1.5/css/metro.min.css","meta":{"rootId":"k46ua1yk2zx626n","id":"k46ua1yk2zx626n"},"id":"456w3h6gf465tl8","previousOperationId":"dbec2tg9opsfyek"}
{"type":"log","timestamp":1705521978259,"level":"debug","message":"Page request: GET (script) https://cdnjs.cloudflare.com/ajax/libs/Chart.js/2.7.2/Chart.min.js","meta":{"rootId":"k46ua1yk2zx626n","id":"k46ua1yk2zx626n"},"id":"qt0cp2gy7zu2g56","previousOperationId":"dbec2tg9opsfyek"}
{"type":"log","timestamp":1705521978259,"level":"debug","message":"Page request finished: GET (document) 200 file:///C:/Users/juank/AppData/Local/Temp/jsreport/autocleanup/588dbfa6-85a6-481c-bad8-5de285db4aac-chrome-pdf.html","meta":{"rootId":"k46ua1yk2zx626n","id":"k46ua1yk2zx626n"},"id":"o6719nlguk260ac","previousOperationId":"dbec2tg9opsfyek"}
{"type":"log","timestamp":1705521978275,"level":"debug","message":"Page request finished: GET (stylesheet) 200 https://cdnjs.cloudflare.com/ajax/libs/metro/4.1.5/css/metro.min.css","meta":{"rootId":"k46ua1yk2zx626n","id":"k46ua1yk2zx626n"},"id":"zu6pmo0yzlkckaf","previousOperationId":"dbec2tg9opsfyek"}
{"type":"log","timestamp":1705521978275,"level":"debug","message":"Page request finished: GET (script) 200 https://cdnjs.cloudflare.com/ajax/libs/Chart.js/2.7.2/Chart.min.js","meta":{"rootId":"k46ua1yk2zx626n","id":"k46ua1yk2zx626n"},"id":"evz1rb5tfzmemtq","previousOperationId":"dbec2tg9opsfyek"}
{"type":"log","timestamp":1705521978279,"level":"warn","message":"Page error: Unexpected token '&' , stack: SyntaxError: Unexpected token '&'","meta":{"rootId":"k46ua1yk2zx626n","id":"k46ua1yk2zx626n"},"id":"m3xlydc0uz81dwh","previousOperationId":"dbec2tg9opsfyek"}
{"type":"log","timestamp":1705521978300,"level":"debug","message":"Running chrome with params {\"printBackground\":true,\"timeout\":599954,\"margin\":{}}","meta":{"rootId":"k46ua1yk2zx626n","id":"k46ua1yk2zx626n"},"id":"ikbs8bim7aqdmrh","previousOperationId":"dbec2tg9opsfyek"}
{"type":"operationEnd","operationId":"dbec2tg9opsfyek","timestamp":1705521978351,"id":"fk3y5yrun3gs537","previousEventId":"gjw3fiiozzeydtu","previousOperationId":"dbec2tg9opsfyek"}
{"type":"log","timestamp":1705521978351,"level":"debug","message":"Skipping storing report.","meta":{"rootId":"k46ua1yk2zx626n","id":"k46ua1yk2zx626n"},"id":"zu5vasveub3m3ld","previousOperationId":"dbec2tg9opsfyek"}
{"type":"log","timestamp":1705521978351,"level":"info","message":"Rendering request 42 finished in 262 ms","meta":{"rootId":"k46ua1yk2zx626n","id":"k46ua1yk2zx626n"},"id":"5lfcuwsq503yr0w","previousOperationId":"dbec2tg9opsfyek"}
{"type":"operationEnd","subtype":"render","operationId":"e7vl35pmyf1bwfp","timestamp":1705521978351,"id":"9klu0c29e63dfyp","previousEventId":"fk3y5yrun3gs537","previousOperationId":"dbec2tg9opsfyek"}
{"type":"operationEnd","doDiffs":false,"previousEventId":"c4ncve7tfjcwnzb","previousOperationId":"yhf3vqe1p9eeg4w","operationId":"yhf3vqe1p9eeg4w","timestamp":1705521978356,"id":"jks0g8yigdl4fiu"}
