{"type":"operationStart","subtype":"profile","data":{"_id":"Z5lbI9JznNDjtN9G","timestamp":"2024-01-18T16:50:44.448Z","state":"queued","mode":"standard","creationDate":"2024-01-18T16:50:44.452Z","modificationDate":"2024-01-18T16:50:44.452Z","shortid":"rreSf6j","$entitySet":"profiles"},"doDiffs":false,"timestamp":1705596644450,"id":"9mlfs5mt554fh5f","previousOperationId":null,"operationId":"gjftlszl9k89s7b"}
{"type":"log","level":"info","message":"Render request 2 queued for execution and waiting for available worker","previousOperationId":"gjftlszl9k89s7b","timestamp":1705596644450,"id":"hktemf8s48nxz83"}
{"type":"operationStart","subtype":"render","name":"apps-main","previousOperationId":"gjftlszl9k89s7b","timestamp":1705596644479,"id":"sp7pfnhczu7jall","previousEventId":"9mlfs5mt554fh5f","operationId":"crjv065fi5s0bkv"}
{"type":"log","timestamp":1705596644480,"level":"info","message":"Starting rendering request 2","meta":{"rootId":"k4asr4ob15z1zxw","id":"k4asr4ob15z1zxw"},"id":"51bze7oz03fe2s6","previousOperationId":"crjv065fi5s0bkv"}
{"type":"log","timestamp":1705596644482,"level":"info","message":"Rendering template { name: apps-main, recipe: chrome-pdf, engine: handlebars, preview: true }","meta":{"rootId":"k4asr4ob15z1zxw","id":"k4asr4ob15z1zxw"},"id":"os7m2ev0n7q6tzy","previousOperationId":"crjv065fi5s0bkv"}
{"type":"log","timestamp":1705596644488,"level":"debug","message":"Data item not defined for this template.","meta":{"rootId":"k4asr4ob15z1zxw","id":"k4asr4ob15z1zxw"},"id":"95q6c36qad0a7o1","previousOperationId":"crjv065fi5s0bkv"}
{"type":"log","timestamp":1705596644495,"level":"debug","message":"Executing script apps-script (beforeRender)","meta":{"rootId":"k4asr4ob15z1zxw","id":"k4asr4ob15z1zxw"},"id":"uo9awm44vjoz72w","previousOperationId":"crjv065fi5s0bkv"}
{"type":"log","timestamp":1705596645312,"level":"debug","message":"Base url not specified, skipping its injection.","meta":{"rootId":"k4asr4ob15z1zxw","id":"k4asr4ob15z1zxw"},"id":"vewsg53ybif4jr7","previousOperationId":"crjv065fi5s0bkv"}
{"type":"operationStart","subtype":"engine","name":"handlebars","timestamp":1705596645314,"id":"nn9f36wk5uomo40","previousEventId":"sp7pfnhczu7jall","operationId":"j3ffhhkco4w21hv","previousOperationId":"crjv065fi5s0bkv"}
{"type":"log","timestamp":1705596645314,"level":"debug","message":"Rendering engine handlebars","meta":{"rootId":"k4asr4ob15z1zxw","id":"k4asr4ob15z1zxw"},"id":"xj04jl3nzcnns91","previousOperationId":"j3ffhhkco4w21hv"}
{"type":"operationEnd","operationId":"j3ffhhkco4w21hv","timestamp":1705596646035,"id":"q11y400ll1857ia","previousEventId":"nn9f36wk5uomo40","previousOperationId":"j3ffhhkco4w21hv"}
{"type":"operationStart","subtype":"recipe","name":"chrome-pdf","timestamp":1705596646037,"id":"qn45ej9andy2oo9","previousEventId":"q11y400ll1857ia","operationId":"ith2ffem0ifn075","previousOperationId":"j3ffhhkco4w21hv"}
{"type":"log","timestamp":1705596646037,"level":"debug","message":"Executing recipe chrome-pdf","meta":{"rootId":"k4asr4ob15z1zxw","id":"k4asr4ob15z1zxw"},"id":"mslkj5nxm3yxf8n","previousOperationId":"ith2ffem0ifn075"}
{"type":"log","timestamp":1705596648221,"level":"debug","message":"Converting with chrome HeadlessChrome/117.0.5938.149 using chrome-pool strategy","meta":{"rootId":"k4asr4ob15z1zxw","id":"k4asr4ob15z1zxw"},"id":"39bupectt7qzj88","previousOperationId":"ith2ffem0ifn075"}
{"type":"log","timestamp":1705596648548,"level":"debug","message":"Page request: GET (document) file:///C:/Users/juank/AppData/Local/Temp/jsreport/autocleanup/7356baed-9357-4d7c-8632-0ebe365b1a32-chrome-pdf.html","meta":{"rootId":"k4asr4ob15z1zxw","id":"k4asr4ob15z1zxw"},"id":"rqf22g1bfbmo5i2","previousOperationId":"ith2ffem0ifn075"}
{"type":"log","timestamp":1705596648569,"level":"debug","message":"Page request finished: GET (document) 200 file:///C:/Users/juank/AppData/Local/Temp/jsreport/autocleanup/7356baed-9357-4d7c-8632-0ebe365b1a32-chrome-pdf.html","meta":{"rootId":"k4asr4ob15z1zxw","id":"k4asr4ob15z1zxw"},"id":"4sti8kisbj518f4","previousOperationId":"ith2ffem0ifn075"}
{"type":"log","timestamp":1705596648569,"level":"debug","message":"Page request: GET (script) https://cdn.jsdelivr.net/npm/chart.js","meta":{"rootId":"k4asr4ob15z1zxw","id":"k4asr4ob15z1zxw"},"id":"ttx1boa50qc1luo","previousOperationId":"ith2ffem0ifn075"}
{"type":"log","timestamp":1705596649195,"level":"debug","message":"Page request finished: GET (script) 200 https://cdn.jsdelivr.net/npm/chart.js","meta":{"rootId":"k4asr4ob15z1zxw","id":"k4asr4ob15z1zxw"},"id":"p8oqg97qyl45z8c","previousOperationId":"ith2ffem0ifn075"}
{"type":"log","timestamp":1705596649277,"level":"debug","message":"Running chrome with params {\"printBackground\":true,\"timeout\":596604,\"margin\":{}}","meta":{"rootId":"k4asr4ob15z1zxw","id":"k4asr4ob15z1zxw"},"id":"cstafn5wsfpgrc1","previousOperationId":"ith2ffem0ifn075"}
{"type":"operationEnd","operationId":"ith2ffem0ifn075","timestamp":1705596649342,"id":"76yxgrusktmfabx","previousEventId":"qn45ej9andy2oo9","previousOperationId":"ith2ffem0ifn075"}
{"type":"log","timestamp":1705596649343,"level":"debug","message":"Skipping storing report.","meta":{"rootId":"k4asr4ob15z1zxw","id":"k4asr4ob15z1zxw"},"id":"70431j7at1xw468","previousOperationId":"ith2ffem0ifn075"}
{"type":"log","timestamp":1705596649344,"level":"info","message":"Rendering request 2 finished in 4895 ms","meta":{"rootId":"k4asr4ob15z1zxw","id":"k4asr4ob15z1zxw"},"id":"ca5qlxdpa07wbgp","previousOperationId":"ith2ffem0ifn075"}
{"type":"operationEnd","subtype":"render","operationId":"crjv065fi5s0bkv","timestamp":1705596649344,"id":"yp6mkb8dt2nsomo","previousEventId":"76yxgrusktmfabx","previousOperationId":"ith2ffem0ifn075"}
{"type":"operationEnd","doDiffs":false,"previousEventId":"9mlfs5mt554fh5f","previousOperationId":"gjftlszl9k89s7b","operationId":"gjftlszl9k89s7b","timestamp":1705596649359,"id":"rzqdg8qcd3a5c1s"}
