{"type":"operationStart","subtype":"profile","data":{"_id":"0WhUkwfVZJaZr1B8","timestamp":"2024-01-17T20:03:18.121Z","state":"queued","mode":"standard","creationDate":"2024-01-17T20:03:18.123Z","modificationDate":"2024-01-17T20:03:18.123Z","shortid":"bLyiIdB","$entitySet":"profiles"},"doDiffs":false,"timestamp":1705521798122,"id":"yfc38yka0rp949y","previousOperationId":null,"operationId":"67dfhox6phso766"}
{"type":"log","level":"info","message":"Render request 40 queued for execution and waiting for available worker","previousOperationId":"67dfhox6phso766","timestamp":1705521798123,"id":"bixbx3o6p8hda6g"}
{"type":"operationStart","subtype":"render","name":"apps-main","previousOperationId":"67dfhox6phso766","timestamp":1705521798134,"id":"lgv01boi3t107x9","previousEventId":"yfc38yka0rp949y","operationId":"mxnqxzgpb2sj2bo"}
{"type":"log","timestamp":1705521798134,"level":"info","message":"Starting rendering request 40","meta":{"rootId":"kfwnmykv8zfojqu","id":"kfwnmykv8zfojqu"},"id":"w5r8rq02plgblpu","previousOperationId":"mxnqxzgpb2sj2bo"}
{"type":"log","timestamp":1705521798134,"level":"info","message":"Rendering template { name: apps-main, recipe: chrome-pdf, engine: handlebars, preview: true }","meta":{"rootId":"kfwnmykv8zfojqu","id":"kfwnmykv8zfojqu"},"id":"bt2l71ngnkpfrcz","previousOperationId":"mxnqxzgpb2sj2bo"}
{"type":"log","timestamp":1705521798135,"level":"debug","message":"Data item not defined for this template.","meta":{"rootId":"kfwnmykv8zfojqu","id":"kfwnmykv8zfojqu"},"id":"1dz55ue60b3h3mu","previousOperationId":"mxnqxzgpb2sj2bo"}
{"type":"log","timestamp":1705521798138,"level":"debug","message":"Executing script apps-script (beforeRender)","meta":{"rootId":"kfwnmykv8zfojqu","id":"kfwnmykv8zfojqu"},"id":"ufzhvn45u8wasj4","previousOperationId":"mxnqxzgpb2sj2bo"}
{"type":"operationStart","subtype":"scriptsBeforeRender","name":"scripts beforeRender","timestamp":1705521798148,"id":"ptmlw8pmxnse0ul","previousEventId":"lgv01boi3t107x9","operationId":"i13fhyhvt02vvs3","previousOperationId":"mxnqxzgpb2sj2bo"}
{"type":"operationStart","subtype":"script","name":"scripts apps-script","previousOperationId":"i13fhyhvt02vvs3","timestamp":1705521798148,"id":"yvs19vexfexeb26","previousEventId":"ptmlw8pmxnse0ul","operationId":"66n2g7vu20jvmfi"}
{"type":"operationEnd","operationId":"66n2g7vu20jvmfi","timestamp":1705521798149,"id":"ch6itmupoc1sna1","previousEventId":"lgv01boi3t107x9","previousOperationId":"mxnqxzgpb2sj2bo"}
{"type":"operationEnd","operationId":"i13fhyhvt02vvs3","timestamp":1705521798149,"id":"v5kzic6iuff0haj","previousEventId":"ch6itmupoc1sna1","previousOperationId":"mxnqxzgpb2sj2bo"}
{"type":"log","timestamp":1705521798149,"level":"debug","message":"Base url not specified, skipping its injection.","meta":{"rootId":"kfwnmykv8zfojqu","id":"kfwnmykv8zfojqu"},"id":"hznekdnsz6509hi","previousOperationId":"i13fhyhvt02vvs3"}
{"type":"operationStart","subtype":"engine","name":"handlebars","timestamp":1705521798149,"id":"92lxdyatdg4uzbm","previousEventId":"v5kzic6iuff0haj","operationId":"mlljadh893lcyda","previousOperationId":"i13fhyhvt02vvs3"}
{"type":"log","timestamp":1705521798149,"level":"debug","message":"Rendering engine handlebars","meta":{"rootId":"kfwnmykv8zfojqu","id":"kfwnmykv8zfojqu"},"id":"ef170268d1hz41t","previousOperationId":"mlljadh893lcyda"}
{"type":"operationEnd","operationId":"mlljadh893lcyda","timestamp":1705521798160,"id":"l5t3gkd9dp9fwhf","previousEventId":"92lxdyatdg4uzbm","previousOperationId":"mlljadh893lcyda"}
{"type":"operationStart","subtype":"recipe","name":"chrome-pdf","timestamp":1705521798160,"id":"zc36onbomlhfyg1","previousEventId":"l5t3gkd9dp9fwhf","operationId":"lh0yivckivtflm4","previousOperationId":"mlljadh893lcyda"}
{"type":"log","timestamp":1705521798160,"level":"debug","message":"Executing recipe chrome-pdf","meta":{"rootId":"kfwnmykv8zfojqu","id":"kfwnmykv8zfojqu"},"id":"8hjp9lfnktvp77v","previousOperationId":"lh0yivckivtflm4"}
{"type":"log","timestamp":1705521798163,"level":"debug","message":"Converting with chrome HeadlessChrome/117.0.5938.149 using chrome-pool strategy","meta":{"rootId":"kfwnmykv8zfojqu","id":"kfwnmykv8zfojqu"},"id":"84q3detn78ppg32","previousOperationId":"lh0yivckivtflm4"}
{"type":"log","timestamp":1705521798281,"level":"debug","message":"Page request: GET (document) file:///C:/Users/juank/AppData/Local/Temp/jsreport/autocleanup/d84c4b9e-d2de-4365-91f7-a85854e83c3f-chrome-pdf.html","meta":{"rootId":"kfwnmykv8zfojqu","id":"kfwnmykv8zfojqu"},"id":"vlhnedq5y6n0qtu","previousOperationId":"lh0yivckivtflm4"}
{"type":"log","timestamp":1705521798292,"level":"debug","message":"Page request: GET (stylesheet) https://cdnjs.cloudflare.com/ajax/libs/metro/4.1.5/css/metro.min.css","meta":{"rootId":"kfwnmykv8zfojqu","id":"kfwnmykv8zfojqu"},"id":"pnk4eswanlmn7j1","previousOperationId":"lh0yivckivtflm4"}
{"type":"log","timestamp":1705521798292,"level":"debug","message":"Page request: GET (script) https://cdnjs.cloudflare.com/ajax/libs/Chart.js/2.7.2/Chart.min.js","meta":{"rootId":"kfwnmykv8zfojqu","id":"kfwnmykv8zfojqu"},"id":"9313nn4ylgldcka","previousOperationId":"lh0yivckivtflm4"}
{"type":"log","timestamp":1705521798293,"level":"debug","message":"Page request finished: GET (document) 200 file:///C:/Users/juank/AppData/Local/Temp/jsreport/autocleanup/d84c4b9e-d2de-4365-91f7-a85854e83c3f-chrome-pdf.html","meta":{"rootId":"kfwnmykv8zfojqu","id":"kfwnmykv8zfojqu"},"id":"2aqbwxh6zuipo2k","previousOperationId":"lh0yivckivtflm4"}
{"type":"log","timestamp":1705521798308,"level":"debug","message":"Page request finished: GET (stylesheet) 200 https://cdnjs.cloudflare.com/ajax/libs/metro/4.1.5/css/metro.min.css","meta":{"rootId":"kfwnmykv8zfojqu","id":"kfwnmykv8zfojqu"},"id":"byzytuackgez582","previousOperationId":"lh0yivckivtflm4"}
{"type":"log","timestamp":1705521798308,"level":"debug","message":"Page request finished: GET (script) 200 https://cdnjs.cloudflare.com/ajax/libs/Chart.js/2.7.2/Chart.min.js","meta":{"rootId":"kfwnmykv8zfojqu","id":"kfwnmykv8zfojqu"},"id":"53nbcbokuj4nloc","previousOperationId":"lh0yivckivtflm4"}
{"type":"log","timestamp":1705521798312,"level":"warn","message":"Page error: Unexpected token '&' , stack: SyntaxError: Unexpected token '&'","meta":{"rootId":"kfwnmykv8zfojqu","id":"kfwnmykv8zfojqu"},"id":"f8abla8yfof1r38","previousOperationId":"lh0yivckivtflm4"}
{"type":"log","timestamp":1705521798328,"level":"debug","message":"Running chrome with params {\"printBackground\":true,\"timeout\":599959,\"margin\":{}}","meta":{"rootId":"kfwnmykv8zfojqu","id":"kfwnmykv8zfojqu"},"id":"uinob0ey9rcayic","previousOperationId":"lh0yivckivtflm4"}
{"type":"operationEnd","operationId":"lh0yivckivtflm4","timestamp":1705521798355,"id":"03s3jgnl2hgyze5","previousEventId":"zc36onbomlhfyg1","previousOperationId":"lh0yivckivtflm4"}
{"type":"log","timestamp":1705521798355,"level":"debug","message":"Skipping storing report.","meta":{"rootId":"kfwnmykv8zfojqu","id":"kfwnmykv8zfojqu"},"id":"31lwconbmlhdgmr","previousOperationId":"lh0yivckivtflm4"}
{"type":"log","timestamp":1705521798355,"level":"info","message":"Rendering request 40 finished in 234 ms","meta":{"rootId":"kfwnmykv8zfojqu","id":"kfwnmykv8zfojqu"},"id":"hyrqpioiv14gtz4","previousOperationId":"lh0yivckivtflm4"}
{"type":"operationEnd","subtype":"render","operationId":"mxnqxzgpb2sj2bo","timestamp":1705521798355,"id":"7sgkrbepk7sqems","previousEventId":"03s3jgnl2hgyze5","previousOperationId":"lh0yivckivtflm4"}
{"type":"operationEnd","doDiffs":false,"previousEventId":"yfc38yka0rp949y","previousOperationId":"67dfhox6phso766","operationId":"67dfhox6phso766","timestamp":1705521798365,"id":"rxv2glntwey6ukm"}
