{"type":"operationStart","subtype":"profile","data":{"_id":"TpXihuduVPuzsLFn","timestamp":"2024-01-18T17:13:10.894Z","state":"queued","mode":"standard","creationDate":"2024-01-18T17:13:10.899Z","modificationDate":"2024-01-18T17:13:10.899Z","shortid":"plVN3Bz","$entitySet":"profiles"},"doDiffs":false,"timestamp":1705597990897,"id":"lwkldhzmgzalylh","previousOperationId":null,"operationId":"y0cmdomx1aqt5s9"}
{"type":"log","level":"info","message":"Render request 18 queued for execution and waiting for available worker","previousOperationId":"y0cmdomx1aqt5s9","timestamp":1705597990897,"id":"1m4cubzhtgizh6q"}
{"type":"operationStart","subtype":"render","name":"apps-main","previousOperationId":"y0cmdomx1aqt5s9","timestamp":1705597990918,"id":"xes6duo61cm1ssg","previousEventId":"lwkldhzmgzalylh","operationId":"x92iei1zatmmh66"}
{"type":"log","timestamp":1705597990918,"level":"info","message":"Starting rendering request 18","meta":{"rootId":"knb2xeshwpz03ns","id":"knb2xeshwpz03ns"},"id":"awpu591hib70694","previousOperationId":"x92iei1zatmmh66"}
{"type":"log","timestamp":1705597990918,"level":"info","message":"Rendering template { name: apps-main, recipe: chrome-pdf, engine: handlebars, preview: true }","meta":{"rootId":"knb2xeshwpz03ns","id":"knb2xeshwpz03ns"},"id":"pjk7vs3d6j0k0gj","previousOperationId":"x92iei1zatmmh66"}
{"type":"log","timestamp":1705597990920,"level":"debug","message":"Data item not defined for this template.","meta":{"rootId":"knb2xeshwpz03ns","id":"knb2xeshwpz03ns"},"id":"p9tykft1jp6drxa","previousOperationId":"x92iei1zatmmh66"}
{"type":"log","timestamp":1705597990929,"level":"debug","message":"Executing script apps-script (beforeRender)","meta":{"rootId":"knb2xeshwpz03ns","id":"knb2xeshwpz03ns"},"id":"ny4q46ydxk5l5sp","previousOperationId":"x92iei1zatmmh66"}
{"type":"log","timestamp":1705597990940,"level":"debug","message":"Base url not specified, skipping its injection.","meta":{"rootId":"knb2xeshwpz03ns","id":"knb2xeshwpz03ns"},"id":"oa2eckygx17flsq","previousOperationId":"x92iei1zatmmh66"}
{"type":"operationStart","subtype":"engine","name":"handlebars","timestamp":1705597990940,"id":"o2y5p10gab8w4fp","previousEventId":"xes6duo61cm1ssg","operationId":"ux979czom1565ri","previousOperationId":"x92iei1zatmmh66"}
{"type":"log","timestamp":1705597990940,"level":"debug","message":"Rendering engine handlebars","meta":{"rootId":"knb2xeshwpz03ns","id":"knb2xeshwpz03ns"},"id":"b9t067cdjsvsm56","previousOperationId":"ux979czom1565ri"}
{"type":"operationEnd","operationId":"ux979czom1565ri","timestamp":1705597990956,"id":"bfx51n5e5t9lytp","previousEventId":"o2y5p10gab8w4fp","previousOperationId":"ux979czom1565ri"}
{"type":"operationStart","subtype":"recipe","name":"chrome-pdf","timestamp":1705597990956,"id":"e3bapr0im7md1sr","previousEventId":"bfx51n5e5t9lytp","operationId":"ahmtlo8jh558hbp","previousOperationId":"ux979czom1565ri"}
{"type":"log","timestamp":1705597990956,"level":"debug","message":"Executing recipe chrome-pdf","meta":{"rootId":"knb2xeshwpz03ns","id":"knb2xeshwpz03ns"},"id":"o7iaqhxk6emn31l","previousOperationId":"ahmtlo8jh558hbp"}
{"type":"log","timestamp":1705597990960,"level":"debug","message":"Converting with chrome HeadlessChrome/117.0.5938.149 using chrome-pool strategy","meta":{"rootId":"knb2xeshwpz03ns","id":"knb2xeshwpz03ns"},"id":"zfddmglygd0slmo","previousOperationId":"ahmtlo8jh558hbp"}
{"type":"log","timestamp":1705597991120,"level":"debug","message":"Page request: GET (document) file:///C:/Users/juank/AppData/Local/Temp/jsreport/autocleanup/5286df51-59bb-41e0-98aa-3c3ffb4d511a-chrome-pdf.html","meta":{"rootId":"knb2xeshwpz03ns","id":"knb2xeshwpz03ns"},"id":"sekx73myjghx4be","previousOperationId":"ahmtlo8jh558hbp"}
{"type":"log","timestamp":1705597991130,"level":"debug","message":"Page request: GET (script) https://cdn.jsdelivr.net/npm/chart.js","meta":{"rootId":"knb2xeshwpz03ns","id":"knb2xeshwpz03ns"},"id":"842i21pf94tihhs","previousOperationId":"ahmtlo8jh558hbp"}
{"type":"log","timestamp":1705597991131,"level":"debug","message":"Page request finished: GET (document) 200 file:///C:/Users/juank/AppData/Local/Temp/jsreport/autocleanup/5286df51-59bb-41e0-98aa-3c3ffb4d511a-chrome-pdf.html","meta":{"rootId":"knb2xeshwpz03ns","id":"knb2xeshwpz03ns"},"id":"pc3lfpsdcjowwrc","previousOperationId":"ahmtlo8jh558hbp"}
{"type":"log","timestamp":1705597991137,"level":"debug","message":"Page request finished: GET (script) 200 https://cdn.jsdelivr.net/npm/chart.js","meta":{"rootId":"knb2xeshwpz03ns","id":"knb2xeshwpz03ns"},"id":"c0s9cawsjel3mn1","previousOperationId":"ahmtlo8jh558hbp"}
{"type":"log","timestamp":1705597991206,"level":"debug","message":"Running chrome with params {\"printBackground\":true,\"timeout\":599935,\"margin\":{}}","meta":{"rootId":"knb2xeshwpz03ns","id":"knb2xeshwpz03ns"},"id":"5zteyxj9nf3rwoh","previousOperationId":"ahmtlo8jh558hbp"}
{"type":"operationEnd","operationId":"ahmtlo8jh558hbp","timestamp":1705597991234,"id":"qiyv1itfkvoefuc","previousEventId":"e3bapr0im7md1sr","previousOperationId":"ahmtlo8jh558hbp"}
{"type":"log","timestamp":1705597991234,"level":"debug","message":"Skipping storing report.","meta":{"rootId":"knb2xeshwpz03ns","id":"knb2xeshwpz03ns"},"id":"gydafqojxr3nfva","previousOperationId":"ahmtlo8jh558hbp"}
{"type":"log","timestamp":1705597991235,"level":"info","message":"Rendering request 18 finished in 341 ms","meta":{"rootId":"knb2xeshwpz03ns","id":"knb2xeshwpz03ns"},"id":"2594zu1juvdawml","previousOperationId":"ahmtlo8jh558hbp"}
{"type":"operationEnd","subtype":"render","operationId":"x92iei1zatmmh66","timestamp":1705597991235,"id":"mh4160w541ql7ly","previousEventId":"qiyv1itfkvoefuc","previousOperationId":"ahmtlo8jh558hbp"}
{"type":"operationEnd","doDiffs":false,"previousEventId":"lwkldhzmgzalylh","previousOperationId":"y0cmdomx1aqt5s9","operationId":"y0cmdomx1aqt5s9","timestamp":1705597991246,"id":"wjdlp822acdrnv2"}
