{"type":"operationStart","subtype":"profile","data":{"_id":"n92yD6ZeFPGXvnaT","timestamp":"2024-01-17T19:47:09.467Z","state":"queued","mode":"standard","creationDate":"2024-01-17T19:47:09.470Z","modificationDate":"2024-01-17T19:47:09.470Z","shortid":"6eNjl6w","$entitySet":"profiles"},"doDiffs":false,"timestamp":1705520829469,"id":"3h23itj2ackv3l4","previousOperationId":null,"operationId":"jsouxx3jclivv4k"}
{"type":"log","level":"info","message":"Render request 26 queued for execution and waiting for available worker","previousOperationId":"jsouxx3jclivv4k","timestamp":1705520829469,"id":"njvwf4bw0fjfn09"}
{"type":"operationStart","subtype":"render","name":"apps-main","previousOperationId":"jsouxx3jclivv4k","timestamp":1705520829482,"id":"nc59jbbv1q4jozl","previousEventId":"3h23itj2ackv3l4","operationId":"any0hx4mlfm1gg3"}
{"type":"log","timestamp":1705520829482,"level":"info","message":"Starting rendering request 26","meta":{"rootId":"kxw3oxo93uoydp4","id":"kxw3oxo93uoydp4"},"id":"dsklyp4fb9nhnfc","previousOperationId":"any0hx4mlfm1gg3"}
{"type":"log","timestamp":1705520829482,"level":"info","message":"Rendering template { name: apps-main, recipe: chrome-pdf, engine: handlebars, preview: true }","meta":{"rootId":"kxw3oxo93uoydp4","id":"kxw3oxo93uoydp4"},"id":"ebbnnhbvvf4myvt","previousOperationId":"any0hx4mlfm1gg3"}
{"type":"log","timestamp":1705520829483,"level":"debug","message":"Data item not defined for this template.","meta":{"rootId":"kxw3oxo93uoydp4","id":"kxw3oxo93uoydp4"},"id":"5usohdbz8p7cmjo","previousOperationId":"any0hx4mlfm1gg3"}
{"type":"log","timestamp":1705520829485,"level":"debug","message":"Executing script apps-script (beforeRender)","meta":{"rootId":"kxw3oxo93uoydp4","id":"kxw3oxo93uoydp4"},"id":"96hblft1io606yz","previousOperationId":"any0hx4mlfm1gg3"}
{"type":"operationStart","subtype":"scriptsBeforeRender","name":"scripts beforeRender","timestamp":1705520829498,"id":"eykio9qu0gqphvb","previousEventId":"nc59jbbv1q4jozl","operationId":"cgpag5wmrmrhp07","previousOperationId":"any0hx4mlfm1gg3"}
{"type":"operationStart","subtype":"script","name":"scripts apps-script","previousOperationId":"cgpag5wmrmrhp07","timestamp":1705520829498,"id":"w2d143if4s5nbx7","previousEventId":"eykio9qu0gqphvb","operationId":"kc4oykko01zgyb8"}
{"type":"log","timestamp":1705520829500,"level":"debug","message":"(console:error) Error al obtener datos: TypeError: orders.filter is not a function\n    at prepareDataSource (sandbox.js:19:34)\n    at async Object.beforeRender (sandbox.js:37:32)\n    at async executionFn (C:\\Users\\juank\\Proyectos\\Tecnologias\\JsReportApp\\node_modules\\@jsreport\\jsreport-scripts\\lib\\executeScript.js:67:11)\n    at async run (C:\\Users\\juank\\Proyectos\\Tecnologias\\JsReportApp\\node_modules\\@jsreport\\jsreport-core\\lib\\worker\\sandbox\\createSandbox.js:137:16)\n    at async WorkerReporter.runInSandbox [as _runInSandbox] (C:\\Users\\juank\\Proyectos\\Tecnologias\\JsReportApp\\node_modules\\@jsreport\\jsreport-core\\lib\\worker\\sandbox\\runInSandbox.js:195:14)\n    at async executeScript (C:\\Users\\juank\\Proyectos\\Tecnologias\\JsReportApp\\node_modules\\@jsreport\\jsreport-scripts\\lib\\executeScript.js:122:12)\n    at async Scripts._runScript (C:\\Users\\juank\\Proyectos\\Tecnologias\\JsReportApp\\node_modules\\@jsreport\\jsreport-scripts\\lib\\worker.js:140:30)\n    at async Scripts.handleBeforeRender (C:\\Users\\juank\\Proyectos\\Tecnologias\\JsReportApp\\node_modules\\@jsreport\\jsreport-scripts\\lib\\worker.js:64:7)\n    at async ListenerCollection.fire (C:\\Users\\juank\\Proyectos\\Tecnologias\\JsReportApp\\node_modules\\@jsreport\\jsreport-core\\lib\\shared\\listenerCollection.js:157:21)\n    at async beforeRender (C:\\Users\\juank\\Proyectos\\Tecnologias\\JsReportApp\\node_modules\\@jsreport\\jsreport-core\\lib\\worker\\render\\render.js:24:5)","meta":{"userLevel":true,"rootId":"kxw3oxo93uoydp4","id":"kxw3oxo93uoydp4"},"id":"y8jixa7qze424bi","previousOperationId":"kc4oykko01zgyb8"}
{"type":"operationEnd","operationId":"kc4oykko01zgyb8","timestamp":1705520829500,"id":"hsoq3nmad9oeyk3","previousEventId":"nc59jbbv1q4jozl","previousOperationId":"any0hx4mlfm1gg3"}
{"type":"operationEnd","operationId":"cgpag5wmrmrhp07","timestamp":1705520829500,"id":"vhh6lpn0g6p45bl","previousEventId":"hsoq3nmad9oeyk3","previousOperationId":"any0hx4mlfm1gg3"}
{"type":"log","timestamp":1705520829500,"level":"debug","message":"Base url not specified, skipping its injection.","meta":{"rootId":"kxw3oxo93uoydp4","id":"kxw3oxo93uoydp4"},"id":"h3teuu6qhtuu9pg","previousOperationId":"cgpag5wmrmrhp07"}
{"type":"operationStart","subtype":"engine","name":"handlebars","timestamp":1705520829500,"id":"cjaa3a6h08d40tr","previousEventId":"vhh6lpn0g6p45bl","operationId":"zldp8ogegvmnybx","previousOperationId":"cgpag5wmrmrhp07"}
{"type":"log","timestamp":1705520829500,"level":"debug","message":"Rendering engine handlebars","meta":{"rootId":"kxw3oxo93uoydp4","id":"kxw3oxo93uoydp4"},"id":"8ianxnv69mpk3zc","previousOperationId":"zldp8ogegvmnybx"}
{"type":"operationEnd","operationId":"zldp8ogegvmnybx","timestamp":1705520829517,"id":"md0o7u98441aqlp","previousEventId":"cjaa3a6h08d40tr","previousOperationId":"zldp8ogegvmnybx"}
{"type":"operationStart","subtype":"recipe","name":"chrome-pdf","timestamp":1705520829518,"id":"quwhb5nfkvocjdq","previousEventId":"md0o7u98441aqlp","operationId":"oiu432n4rffreai","previousOperationId":"zldp8ogegvmnybx"}
{"type":"log","timestamp":1705520829518,"level":"debug","message":"Executing recipe chrome-pdf","meta":{"rootId":"kxw3oxo93uoydp4","id":"kxw3oxo93uoydp4"},"id":"g7c2ze46oqd7fji","previousOperationId":"oiu432n4rffreai"}
{"type":"log","timestamp":1705520829521,"level":"debug","message":"Converting with chrome HeadlessChrome/117.0.5938.149 using chrome-pool strategy","meta":{"rootId":"kxw3oxo93uoydp4","id":"kxw3oxo93uoydp4"},"id":"el77f4ua0ihn31r","previousOperationId":"oiu432n4rffreai"}
{"type":"log","timestamp":1705520829637,"level":"debug","message":"Page request: GET (document) file:///C:/Users/juank/AppData/Local/Temp/jsreport/autocleanup/3c9b5695-dc77-4344-9a8e-34c0048e144b-chrome-pdf.html","meta":{"rootId":"kxw3oxo93uoydp4","id":"kxw3oxo93uoydp4"},"id":"64u1rh8lky4ew5t","previousOperationId":"oiu432n4rffreai"}
{"type":"log","timestamp":1705520829645,"level":"debug","message":"Page request: GET (stylesheet) https://cdnjs.cloudflare.com/ajax/libs/metro/4.1.5/css/metro.min.css","meta":{"rootId":"kxw3oxo93uoydp4","id":"kxw3oxo93uoydp4"},"id":"aq7ttz5rjc07l0r","previousOperationId":"oiu432n4rffreai"}
{"type":"log","timestamp":1705520829645,"level":"debug","message":"Page request: GET (script) https://cdnjs.cloudflare.com/ajax/libs/Chart.js/2.7.2/Chart.min.js","meta":{"rootId":"kxw3oxo93uoydp4","id":"kxw3oxo93uoydp4"},"id":"1b8n7o5ym0dxvk2","previousOperationId":"oiu432n4rffreai"}
{"type":"log","timestamp":1705520829646,"level":"debug","message":"Page request finished: GET (document) 200 file:///C:/Users/juank/AppData/Local/Temp/jsreport/autocleanup/3c9b5695-dc77-4344-9a8e-34c0048e144b-chrome-pdf.html","meta":{"rootId":"kxw3oxo93uoydp4","id":"kxw3oxo93uoydp4"},"id":"ea72uglf9izauzh","previousOperationId":"oiu432n4rffreai"}
{"type":"log","timestamp":1705520829651,"level":"debug","message":"Page request finished: GET (script) 200 https://cdnjs.cloudflare.com/ajax/libs/Chart.js/2.7.2/Chart.min.js","meta":{"rootId":"kxw3oxo93uoydp4","id":"kxw3oxo93uoydp4"},"id":"46ssbcfv94l762t","previousOperationId":"oiu432n4rffreai"}
{"type":"log","timestamp":1705520829662,"level":"debug","message":"Page request finished: GET (stylesheet) 200 https://cdnjs.cloudflare.com/ajax/libs/metro/4.1.5/css/metro.min.css","meta":{"rootId":"kxw3oxo93uoydp4","id":"kxw3oxo93uoydp4"},"id":"kq9l3a546ecq47k","previousOperationId":"oiu432n4rffreai"}
{"type":"log","timestamp":1705520829666,"level":"warn","message":"Page error: \"undefined\" is not valid JSON\nJSON.parse (<anonymous>) , stack: SyntaxError: \"undefined\" is not valid JSON\nJSON.parse (<anonymous>)\n    at <anonymous> (file:///C:/Users/juank/AppData/Local/Temp/jsreport/autocleanup/3c9b5695-dc77-4344-9a8e-34c0048e144b-chrome-pdf.html:21:25)","meta":{"rootId":"kxw3oxo93uoydp4","id":"kxw3oxo93uoydp4"},"id":"dbaz33xc8vcj00c","previousOperationId":"oiu432n4rffreai"}
{"type":"log","timestamp":1705520829682,"level":"debug","message":"Running chrome with params {\"printBackground\":true,\"timeout\":599948,\"margin\":{}}","meta":{"rootId":"kxw3oxo93uoydp4","id":"kxw3oxo93uoydp4"},"id":"cyn6lmbbtxb9o6t","previousOperationId":"oiu432n4rffreai"}
{"type":"operationEnd","operationId":"oiu432n4rffreai","timestamp":1705520829706,"id":"zt4j6fan7jov6gb","previousEventId":"quwhb5nfkvocjdq","previousOperationId":"oiu432n4rffreai"}
{"type":"log","timestamp":1705520829707,"level":"debug","message":"Skipping storing report.","meta":{"rootId":"kxw3oxo93uoydp4","id":"kxw3oxo93uoydp4"},"id":"t6voyb7le97xzv3","previousOperationId":"oiu432n4rffreai"}
{"type":"log","timestamp":1705520829707,"level":"info","message":"Rendering request 26 finished in 240 ms","meta":{"rootId":"kxw3oxo93uoydp4","id":"kxw3oxo93uoydp4"},"id":"sc2l8s0phubap2d","previousOperationId":"oiu432n4rffreai"}
{"type":"operationEnd","subtype":"render","operationId":"any0hx4mlfm1gg3","timestamp":1705520829707,"id":"s3rp47ijej5xy23","previousEventId":"zt4j6fan7jov6gb","previousOperationId":"oiu432n4rffreai"}
{"type":"operationEnd","doDiffs":false,"previousEventId":"3h23itj2ackv3l4","previousOperationId":"jsouxx3jclivv4k","operationId":"jsouxx3jclivv4k","timestamp":1705520829715,"id":"zz3xo8mn0ma42pr"}
