{"type":"operationStart","subtype":"profile","data":{"_id":"gkSNiiJbuZ1EF7Gs","timestamp":"2024-01-17T20:16:54.324Z","state":"queued","mode":"standard","creationDate":"2024-01-17T20:16:54.326Z","modificationDate":"2024-01-17T20:16:54.326Z","shortid":"PI4K5Sm","$entitySet":"profiles"},"doDiffs":false,"timestamp":1705522614325,"id":"lcc85riwlxs8xnb","previousOperationId":null,"operationId":"rrfqmmw1agxup2q"}
{"type":"log","level":"info","message":"Render request 54 queued for execution and waiting for available worker","previousOperationId":"rrfqmmw1agxup2q","timestamp":1705522614325,"id":"9cdin7hsuzfe0rj"}
{"type":"operationStart","subtype":"render","name":"apps-main","previousOperationId":"rrfqmmw1agxup2q","timestamp":1705522614337,"id":"2zfgs9r4m9n766x","previousEventId":"lcc85riwlxs8xnb","operationId":"7xhbw5gp20axqz1"}
{"type":"log","timestamp":1705522614337,"level":"info","message":"Starting rendering request 54","meta":{"rootId":"lkjfos0pp8ozbes","id":"lkjfos0pp8ozbes"},"id":"bhzjc7v1844xvv0","previousOperationId":"7xhbw5gp20axqz1"}
{"type":"log","timestamp":1705522614338,"level":"info","message":"Rendering template { name: apps-main, recipe: chrome-pdf, engine: handlebars, preview: true }","meta":{"rootId":"lkjfos0pp8ozbes","id":"lkjfos0pp8ozbes"},"id":"aq2w39dbze5o1um","previousOperationId":"7xhbw5gp20axqz1"}
{"type":"log","timestamp":1705522614338,"level":"debug","message":"Data item not defined for this template.","meta":{"rootId":"lkjfos0pp8ozbes","id":"lkjfos0pp8ozbes"},"id":"7ippdwhcleepup9","previousOperationId":"7xhbw5gp20axqz1"}
{"type":"log","timestamp":1705522614340,"level":"debug","message":"Executing script apps-script (beforeRender)","meta":{"rootId":"lkjfos0pp8ozbes","id":"lkjfos0pp8ozbes"},"id":"nb54vlwfaan5v4b","previousOperationId":"7xhbw5gp20axqz1"}
{"type":"operationStart","subtype":"scriptsBeforeRender","name":"scripts beforeRender","timestamp":1705522614350,"id":"sjku1exm4wt2hwu","previousEventId":"2zfgs9r4m9n766x","operationId":"6ppej5k97de9gpd","previousOperationId":"7xhbw5gp20axqz1"}
{"type":"operationStart","subtype":"script","name":"scripts apps-script","previousOperationId":"6ppej5k97de9gpd","timestamp":1705522614350,"id":"yvbn34f6zg5mxor","previousEventId":"sjku1exm4wt2hwu","operationId":"3jhvz188mgthttm"}
{"type":"log","timestamp":1705522614352,"level":"debug","message":"(console:log) {\n  labels: [ 'HTTP', 'No HTTP' ],\n  datasets: [\n    {\n      data: [Array],\n      backgroundColor: [Array],\n      borderColor: [Array],\n      borderWidth: 1\n    }\n  ]\n}","meta":{"userLevel":true,"rootId":"lkjfos0pp8ozbes","id":"lkjfos0pp8ozbes"},"id":"59zaxk0hu8xlw24","previousOperationId":"3jhvz188mgthttm"}
{"type":"log","timestamp":1705522614352,"level":"debug","message":"(console:log) {\n  apps: [\n    {\n      id: 1,\n      icon: '1702583747.png',\n      URL: 'applicationsview',\n      created_at: '2023-12-14T15:19:05.000000Z',\n      updated_at: '2023-12-14T19:55:47.000000Z'\n    },\n    {\n      id: 2,\n      icon: '1702581234.jpg',\n      URL: 'employeesview',\n      created_at: '2023-12-14T19:13:54.000000Z',\n      updated_at: '2023-12-14T19:13:54.000000Z'\n    },\n    {\n      id: 3,\n      icon: '1702583822.png',\n      URL: 'rolesview',\n      created_at: '2023-12-14T19:57:02.000000Z',\n      updated_at: '2023-12-14T19:57:02.000000Z'\n    },\n    {\n      id: 4,\n      icon: '1702584040.png',\n      URL: 'newsview',\n      created_at: '2023-12-14T20:00:40.000000Z',\n      updated_at: '2023-12-14T20:00:40.000000Z'\n    },\n    {\n      id: 5,\n      icon: '1702658124.png',\n      URL: 'http://google.com',\n      created_at: '2023-12-15T16:35:24.000000Z',\n      updated_at: '2023-12-17T05:09:34.000000Z'\n    }\n  ],\n  accumulated: { labels: [ 'HTTP', 'No HTTP' ], datasets: [ [Object] ] }\n}","meta":{"userLevel":true,"rootId":"lkjfos0pp8ozbes","id":"lkjfos0pp8ozbes"},"id":"uz514olsb7gpjwf","previousOperationId":"3jhvz188mgthttm"}
{"type":"operationEnd","operationId":"3jhvz188mgthttm","timestamp":1705522614352,"id":"wsh6a18kbx3ab96","previousEventId":"2zfgs9r4m9n766x","previousOperationId":"7xhbw5gp20axqz1"}
{"type":"operationEnd","operationId":"6ppej5k97de9gpd","timestamp":1705522614352,"id":"tz7jepwx4kppj0d","previousEventId":"wsh6a18kbx3ab96","previousOperationId":"7xhbw5gp20axqz1"}
{"type":"log","timestamp":1705522614352,"level":"debug","message":"Base url not specified, skipping its injection.","meta":{"rootId":"lkjfos0pp8ozbes","id":"lkjfos0pp8ozbes"},"id":"yffezhsowap0i7b","previousOperationId":"6ppej5k97de9gpd"}
{"type":"operationStart","subtype":"engine","name":"handlebars","timestamp":1705522614352,"id":"o7bb3zz7ywf14fr","previousEventId":"tz7jepwx4kppj0d","operationId":"1o651ksl5rapt4p","previousOperationId":"6ppej5k97de9gpd"}
{"type":"log","timestamp":1705522614352,"level":"debug","message":"Rendering engine handlebars","meta":{"rootId":"lkjfos0pp8ozbes","id":"lkjfos0pp8ozbes"},"id":"bb0hxxlqwr0cgtp","previousOperationId":"1o651ksl5rapt4p"}
{"type":"operationEnd","operationId":"1o651ksl5rapt4p","timestamp":1705522614368,"id":"7uyhi056sp22v1x","previousEventId":"o7bb3zz7ywf14fr","previousOperationId":"1o651ksl5rapt4p"}
{"type":"operationStart","subtype":"recipe","name":"chrome-pdf","timestamp":1705522614368,"id":"9qcjasvmmwfw1kk","previousEventId":"7uyhi056sp22v1x","operationId":"3nfsq57x179h99i","previousOperationId":"1o651ksl5rapt4p"}
{"type":"log","timestamp":1705522614368,"level":"debug","message":"Executing recipe chrome-pdf","meta":{"rootId":"lkjfos0pp8ozbes","id":"lkjfos0pp8ozbes"},"id":"8db478tqrr2jfa2","previousOperationId":"3nfsq57x179h99i"}
{"type":"log","timestamp":1705522614371,"level":"debug","message":"Converting with chrome HeadlessChrome/117.0.5938.149 using chrome-pool strategy","meta":{"rootId":"lkjfos0pp8ozbes","id":"lkjfos0pp8ozbes"},"id":"pe0fzh9sikkuyp0","previousOperationId":"3nfsq57x179h99i"}
{"type":"log","timestamp":1705522614482,"level":"debug","message":"Page request: GET (document) file:///C:/Users/juank/AppData/Local/Temp/jsreport/autocleanup/b194ef69-73b5-44f3-a40a-49410bdf1221-chrome-pdf.html","meta":{"rootId":"lkjfos0pp8ozbes","id":"lkjfos0pp8ozbes"},"id":"frhbs6e6elj2iie","previousOperationId":"3nfsq57x179h99i"}
{"type":"log","timestamp":1705522614492,"level":"debug","message":"Page request: GET (stylesheet) https://cdnjs.cloudflare.com/ajax/libs/metro/4.1.5/css/metro.min.css","meta":{"rootId":"lkjfos0pp8ozbes","id":"lkjfos0pp8ozbes"},"id":"l174v4rprg2z9u9","previousOperationId":"3nfsq57x179h99i"}
{"type":"log","timestamp":1705522614492,"level":"debug","message":"Page request: GET (script) https://cdnjs.cloudflare.com/ajax/libs/Chart.js/2.7.2/Chart.min.js","meta":{"rootId":"lkjfos0pp8ozbes","id":"lkjfos0pp8ozbes"},"id":"r5kcs3awlpsf3xg","previousOperationId":"3nfsq57x179h99i"}
{"type":"log","timestamp":1705522614493,"level":"debug","message":"Page request finished: GET (document) 200 file:///C:/Users/juank/AppData/Local/Temp/jsreport/autocleanup/b194ef69-73b5-44f3-a40a-49410bdf1221-chrome-pdf.html","meta":{"rootId":"lkjfos0pp8ozbes","id":"lkjfos0pp8ozbes"},"id":"vvi8vy33gdkxhgh","previousOperationId":"3nfsq57x179h99i"}
{"type":"log","timestamp":1705522614497,"level":"debug","message":"Page request finished: GET (script) 200 https://cdnjs.cloudflare.com/ajax/libs/Chart.js/2.7.2/Chart.min.js","meta":{"rootId":"lkjfos0pp8ozbes","id":"lkjfos0pp8ozbes"},"id":"e8ahbziu3jmkh3j","previousOperationId":"3nfsq57x179h99i"}
{"type":"log","timestamp":1705522614507,"level":"debug","message":"Page request finished: GET (stylesheet) 200 https://cdnjs.cloudflare.com/ajax/libs/metro/4.1.5/css/metro.min.css","meta":{"rootId":"lkjfos0pp8ozbes","id":"lkjfos0pp8ozbes"},"id":"dzr1s4vzislf1ho","previousOperationId":"3nfsq57x179h99i"}
{"type":"log","timestamp":1705522614511,"level":"warn","message":"Page error: Unexpected token '&' , stack: SyntaxError: Unexpected token '&'","meta":{"rootId":"lkjfos0pp8ozbes","id":"lkjfos0pp8ozbes"},"id":"xsr4n0rrab50dic","previousOperationId":"3nfsq57x179h99i"}
{"type":"log","timestamp":1705522614527,"level":"debug","message":"Running chrome with params {\"printBackground\":true,\"timeout\":599953,\"margin\":{}}","meta":{"rootId":"lkjfos0pp8ozbes","id":"lkjfos0pp8ozbes"},"id":"b02lz8sz4iqljlv","previousOperationId":"3nfsq57x179h99i"}
{"type":"operationEnd","operationId":"3nfsq57x179h99i","timestamp":1705522614555,"id":"qiblhre6b1gdspi","previousEventId":"9qcjasvmmwfw1kk","previousOperationId":"3nfsq57x179h99i"}
{"type":"log","timestamp":1705522614555,"level":"debug","message":"Skipping storing report.","meta":{"rootId":"lkjfos0pp8ozbes","id":"lkjfos0pp8ozbes"},"id":"fq08lq50hcjnf61","previousOperationId":"3nfsq57x179h99i"}
{"type":"log","timestamp":1705522614555,"level":"info","message":"Rendering request 54 finished in 232 ms","meta":{"rootId":"lkjfos0pp8ozbes","id":"lkjfos0pp8ozbes"},"id":"evnxy3x2swbdsqt","previousOperationId":"3nfsq57x179h99i"}
{"type":"operationEnd","subtype":"render","operationId":"7xhbw5gp20axqz1","timestamp":1705522614555,"id":"96p3o1h2u8padr3","previousEventId":"qiblhre6b1gdspi","previousOperationId":"3nfsq57x179h99i"}
{"type":"operationEnd","doDiffs":false,"previousEventId":"lcc85riwlxs8xnb","previousOperationId":"rrfqmmw1agxup2q","operationId":"rrfqmmw1agxup2q","timestamp":1705522614561,"id":"so8zykecinv3tfd"}
