{"type":"operationStart","subtype":"profile","data":{"_id":"PecCKZVsDiy8K8PD","timestamp":"2024-01-31T22:49:22.400Z","state":"queued","mode":"standard","creationDate":"2024-01-31T22:49:22.404Z","modificationDate":"2024-01-31T22:49:22.404Z","shortid":"wpGnc0d","$entitySet":"profiles"},"doDiffs":false,"timestamp":1706741362402,"id":"dgdvknl496ej1no","previousOperationId":null,"operationId":"uwhf4gwufj1unrf"}
{"type":"log","level":"info","message":"Render request 3 queued for execution and waiting for available worker","previousOperationId":"uwhf4gwufj1unrf","timestamp":1706741362402,"id":"p6u9lhxnrw9qh6e"}
{"type":"operationStart","subtype":"render","name":"apps-main","previousOperationId":"uwhf4gwufj1unrf","timestamp":1706741362425,"id":"kl2ov4qkew6y51f","previousEventId":"dgdvknl496ej1no","operationId":"zryul5syqkoi7i4"}
{"type":"log","timestamp":1706741362425,"level":"info","message":"Starting rendering request 3","meta":{"rootId":"m4yuzr2q5gds68q","id":"m4yuzr2q5gds68q"},"id":"co24rqj0d4x185n","previousOperationId":"zryul5syqkoi7i4"}
{"type":"log","timestamp":1706741362429,"level":"info","message":"Rendering template { name: apps-main, recipe: chrome-pdf, engine: handlebars, preview: true }","meta":{"rootId":"m4yuzr2q5gds68q","id":"m4yuzr2q5gds68q"},"id":"lx7tb0v4pe26nmu","previousOperationId":"zryul5syqkoi7i4"}
{"type":"log","timestamp":1706741362433,"level":"debug","message":"Adding sample data wJWqaG1DF","meta":{"rootId":"m4yuzr2q5gds68q","id":"m4yuzr2q5gds68q"},"id":"sdmh8j268ox6fnt","previousOperationId":"zryul5syqkoi7i4"}
{"type":"log","timestamp":1706741362439,"level":"debug","message":"Executing script apps-script (beforeRender)","meta":{"rootId":"m4yuzr2q5gds68q","id":"m4yuzr2q5gds68q"},"id":"aepdwn5funz53ff","previousOperationId":"zryul5syqkoi7i4"}
{"type":"log","timestamp":1706741362455,"level":"debug","message":"Base url not specified, skipping its injection.","meta":{"rootId":"m4yuzr2q5gds68q","id":"m4yuzr2q5gds68q"},"id":"g24cjeaonio2k19","previousOperationId":"zryul5syqkoi7i4"}
{"type":"operationStart","subtype":"engine","name":"handlebars","timestamp":1706741362456,"id":"o37zn4ev4papah6","previousEventId":"kl2ov4qkew6y51f","operationId":"xlnfwljma091i5c","previousOperationId":"zryul5syqkoi7i4"}
{"type":"log","timestamp":1706741362456,"level":"debug","message":"Rendering engine handlebars","meta":{"rootId":"m4yuzr2q5gds68q","id":"m4yuzr2q5gds68q"},"id":"lpxjs5xdqw1j8vi","previousOperationId":"xlnfwljma091i5c"}
{"type":"operationEnd","operationId":"xlnfwljma091i5c","timestamp":1706741362475,"id":"i304bducr7kqn8j","previousEventId":"o37zn4ev4papah6","previousOperationId":"xlnfwljma091i5c"}
{"type":"operationStart","subtype":"recipe","name":"chrome-pdf","timestamp":1706741362476,"id":"alyqnjsu7w19ix8","previousEventId":"i304bducr7kqn8j","operationId":"3ozznffogkrca08","previousOperationId":"xlnfwljma091i5c"}
{"type":"log","timestamp":1706741362476,"level":"debug","message":"Executing recipe chrome-pdf","meta":{"rootId":"m4yuzr2q5gds68q","id":"m4yuzr2q5gds68q"},"id":"h4hl916fi51fw9t","previousOperationId":"3ozznffogkrca08"}
{"type":"log","timestamp":1706741362482,"level":"debug","message":"Converting with chrome HeadlessChrome/117.0.5938.149 using chrome-pool strategy","meta":{"rootId":"m4yuzr2q5gds68q","id":"m4yuzr2q5gds68q"},"id":"wyvcww04kesdhua","previousOperationId":"3ozznffogkrca08"}
{"type":"log","timestamp":1706741362650,"level":"debug","message":"Page request: GET (document) file:///C:/Users/juank/AppData/Local/Temp/jsreport/autocleanup/88e0f768-fd34-4bd7-a1cc-5f7e5890ce86-chrome-pdf.html","meta":{"rootId":"m4yuzr2q5gds68q","id":"m4yuzr2q5gds68q"},"id":"czyoks8ce49ylgr","previousOperationId":"3ozznffogkrca08"}
{"type":"log","timestamp":1706741362669,"level":"debug","message":"Page request: GET (script) https://cdn.jsdelivr.net/npm/chart.js","meta":{"rootId":"m4yuzr2q5gds68q","id":"m4yuzr2q5gds68q"},"id":"5s4c5p132qrkjv9","previousOperationId":"3ozznffogkrca08"}
{"type":"log","timestamp":1706741362670,"level":"debug","message":"Page request finished: GET (document) 200 file:///C:/Users/juank/AppData/Local/Temp/jsreport/autocleanup/88e0f768-fd34-4bd7-a1cc-5f7e5890ce86-chrome-pdf.html","meta":{"rootId":"m4yuzr2q5gds68q","id":"m4yuzr2q5gds68q"},"id":"bdxzjpn19d16pos","previousOperationId":"3ozznffogkrca08"}
{"type":"log","timestamp":1706741362690,"level":"debug","message":"Page request finished: GET (script) 200 https://cdn.jsdelivr.net/npm/chart.js","meta":{"rootId":"m4yuzr2q5gds68q","id":"m4yuzr2q5gds68q"},"id":"1fjya3ok2dvupbb","previousOperationId":"3ozznffogkrca08"}
{"type":"log","timestamp":1706741362773,"level":"debug","message":"Page request: GET (image) file:///C:/Users/juank/AppData/Local/Temp/jsreport/autocleanup/1702583747.png","meta":{"rootId":"m4yuzr2q5gds68q","id":"m4yuzr2q5gds68q"},"id":"h8p88fpgro2qjfu","previousOperationId":"3ozznffogkrca08"}
{"type":"log","timestamp":1706741362773,"level":"debug","message":"Page request: GET (image) file:///C:/Users/juank/AppData/Local/Temp/jsreport/autocleanup/1702581234.jpg","meta":{"rootId":"m4yuzr2q5gds68q","id":"m4yuzr2q5gds68q"},"id":"h5cxcr8zoestrz3","previousOperationId":"3ozznffogkrca08"}
{"type":"log","timestamp":1706741362774,"level":"debug","message":"Page request: GET (image) file:///C:/Users/juank/AppData/Local/Temp/jsreport/autocleanup/1702583822.png","meta":{"rootId":"m4yuzr2q5gds68q","id":"m4yuzr2q5gds68q"},"id":"mu7cqfh84re9pf7","previousOperationId":"3ozznffogkrca08"}
{"type":"log","timestamp":1706741362774,"level":"debug","message":"Page request: GET (image) file:///C:/Users/juank/AppData/Local/Temp/jsreport/autocleanup/1702584040.png","meta":{"rootId":"m4yuzr2q5gds68q","id":"m4yuzr2q5gds68q"},"id":"qttkfi29r3fyesb","previousOperationId":"3ozznffogkrca08"}
{"type":"log","timestamp":1706741362775,"level":"debug","message":"Page request: GET (image) file:///C:/Users/juank/AppData/Local/Temp/jsreport/autocleanup/1702658124.png","meta":{"rootId":"m4yuzr2q5gds68q","id":"m4yuzr2q5gds68q"},"id":"p1cnnqikt85vmwl","previousOperationId":"3ozznffogkrca08"}
{"type":"log","timestamp":1706741362781,"level":"warn","message":"Page request failed: GET (image) file:///C:/Users/juank/AppData/Local/Temp/jsreport/autocleanup/1702583747.png, failure: net::ERR_FILE_NOT_FOUND","meta":{"rootId":"m4yuzr2q5gds68q","id":"m4yuzr2q5gds68q"},"id":"llmmfsq5fjz5zuy","previousOperationId":"3ozznffogkrca08"}
{"type":"log","timestamp":1706741362782,"level":"debug","message":"(console:error) Failed to load resource: net::ERR_FILE_NOT_FOUND","meta":{"userLevel":true,"rootId":"m4yuzr2q5gds68q","id":"m4yuzr2q5gds68q"},"id":"4fv8in7oj7oxlcy","previousOperationId":"3ozznffogkrca08"}
{"type":"log","timestamp":1706741362782,"level":"warn","message":"Page request failed: GET (image) file:///C:/Users/juank/AppData/Local/Temp/jsreport/autocleanup/1702581234.jpg, failure: net::ERR_FILE_NOT_FOUND","meta":{"rootId":"m4yuzr2q5gds68q","id":"m4yuzr2q5gds68q"},"id":"y2wy5k78exopqcs","previousOperationId":"3ozznffogkrca08"}
{"type":"log","timestamp":1706741362783,"level":"debug","message":"(console:error) Failed to load resource: net::ERR_FILE_NOT_FOUND","meta":{"userLevel":true,"rootId":"m4yuzr2q5gds68q","id":"m4yuzr2q5gds68q"},"id":"w842dktevnxji5x","previousOperationId":"3ozznffogkrca08"}
{"type":"log","timestamp":1706741362783,"level":"warn","message":"Page request failed: GET (image) file:///C:/Users/juank/AppData/Local/Temp/jsreport/autocleanup/1702583822.png, failure: net::ERR_FILE_NOT_FOUND","meta":{"rootId":"m4yuzr2q5gds68q","id":"m4yuzr2q5gds68q"},"id":"cna0q8n3tjqhvce","previousOperationId":"3ozznffogkrca08"}
{"type":"log","timestamp":1706741362783,"level":"debug","message":"(console:error) Failed to load resource: net::ERR_FILE_NOT_FOUND","meta":{"userLevel":true,"rootId":"m4yuzr2q5gds68q","id":"m4yuzr2q5gds68q"},"id":"wzcodg8lwnfxe1f","previousOperationId":"3ozznffogkrca08"}
{"type":"log","timestamp":1706741362783,"level":"warn","message":"Page request failed: GET (image) file:///C:/Users/juank/AppData/Local/Temp/jsreport/autocleanup/1702584040.png, failure: net::ERR_FILE_NOT_FOUND","meta":{"rootId":"m4yuzr2q5gds68q","id":"m4yuzr2q5gds68q"},"id":"mfm8cdezm6xfyur","previousOperationId":"3ozznffogkrca08"}
{"type":"log","timestamp":1706741362783,"level":"debug","message":"(console:error) Failed to load resource: net::ERR_FILE_NOT_FOUND","meta":{"userLevel":true,"rootId":"m4yuzr2q5gds68q","id":"m4yuzr2q5gds68q"},"id":"61b1txuieep7saw","previousOperationId":"3ozznffogkrca08"}
{"type":"log","timestamp":1706741362783,"level":"warn","message":"Page request failed: GET (image) file:///C:/Users/juank/AppData/Local/Temp/jsreport/autocleanup/1702658124.png, failure: net::ERR_FILE_NOT_FOUND","meta":{"rootId":"m4yuzr2q5gds68q","id":"m4yuzr2q5gds68q"},"id":"k0r377vuaf5mt8k","previousOperationId":"3ozznffogkrca08"}
{"type":"log","timestamp":1706741362784,"level":"debug","message":"(console:error) Failed to load resource: net::ERR_FILE_NOT_FOUND","meta":{"userLevel":true,"rootId":"m4yuzr2q5gds68q","id":"m4yuzr2q5gds68q"},"id":"r1i9ycv948oa5yg","previousOperationId":"3ozznffogkrca08"}
{"type":"log","timestamp":1706741362793,"level":"debug","message":"Running chrome with params {\"printBackground\":true,\"timeout\":599920,\"margin\":{}}","meta":{"rootId":"m4yuzr2q5gds68q","id":"m4yuzr2q5gds68q"},"id":"ho6kws4jnb3l8k1","previousOperationId":"3ozznffogkrca08"}
{"type":"operationEnd","operationId":"3ozznffogkrca08","timestamp":1706741362880,"id":"0m00lkam1b8p7no","previousEventId":"alyqnjsu7w19ix8","previousOperationId":"3ozznffogkrca08"}
{"type":"log","timestamp":1706741362880,"level":"debug","message":"Skipping storing report.","meta":{"rootId":"m4yuzr2q5gds68q","id":"m4yuzr2q5gds68q"},"id":"zjxxtj8wxh9jg67","previousOperationId":"3ozznffogkrca08"}
{"type":"log","timestamp":1706741362880,"level":"info","message":"Rendering request 3 finished in 480 ms","meta":{"rootId":"m4yuzr2q5gds68q","id":"m4yuzr2q5gds68q"},"id":"p6evfa3sc7768l8","previousOperationId":"3ozznffogkrca08"}
{"type":"operationEnd","subtype":"render","operationId":"zryul5syqkoi7i4","timestamp":1706741362880,"id":"bwerz8omi9lkqde","previousEventId":"0m00lkam1b8p7no","previousOperationId":"3ozznffogkrca08"}
{"type":"operationEnd","doDiffs":false,"previousEventId":"dgdvknl496ej1no","previousOperationId":"uwhf4gwufj1unrf","operationId":"uwhf4gwufj1unrf","timestamp":1706741362902,"id":"c9lpggwe0lxhxyg"}
