{"type":"operationStart","subtype":"profile","data":{"_id":"BcjiKW581Je7z3AJ","timestamp":"2024-01-18T16:54:49.032Z","state":"queued","mode":"standard","creationDate":"2024-01-18T16:54:49.038Z","modificationDate":"2024-01-18T16:54:49.038Z","shortid":"S_AsEvX","$entitySet":"profiles"},"doDiffs":false,"timestamp":1705596889035,"id":"75axmpgycj83hjf","previousOperationId":null,"operationId":"dsg3lcnext5r2hv"}
{"type":"log","level":"info","message":"Render request 6 queued for execution and waiting for available worker","previousOperationId":"dsg3lcnext5r2hv","timestamp":1705596889036,"id":"r9s1ugkfr5bhu6l"}
{"type":"operationStart","subtype":"render","name":"apps-main","previousOperationId":"dsg3lcnext5r2hv","timestamp":1705596889061,"id":"u7mlz4lahbfvkoj","previousEventId":"75axmpgycj83hjf","operationId":"8zzjclrop8hkivp"}
{"type":"log","timestamp":1705596889062,"level":"info","message":"Starting rendering request 6","meta":{"rootId":"mrsr7kml4ygativ","id":"mrsr7kml4ygativ"},"id":"q6kkt5cv1ky0rgi","previousOperationId":"8zzjclrop8hkivp"}
{"type":"log","timestamp":1705596889062,"level":"info","message":"Rendering template { name: apps-main, recipe: chrome-pdf, engine: handlebars, preview: true }","meta":{"rootId":"mrsr7kml4ygativ","id":"mrsr7kml4ygativ"},"id":"14k8lgi54eizv37","previousOperationId":"8zzjclrop8hkivp"}
{"type":"log","timestamp":1705596889065,"level":"debug","message":"Data item not defined for this template.","meta":{"rootId":"mrsr7kml4ygativ","id":"mrsr7kml4ygativ"},"id":"uvmttet6y95nzlj","previousOperationId":"8zzjclrop8hkivp"}
{"type":"log","timestamp":1705596889070,"level":"debug","message":"Executing script apps-script (beforeRender)","meta":{"rootId":"mrsr7kml4ygativ","id":"mrsr7kml4ygativ"},"id":"hlyusc5ozn8imie","previousOperationId":"8zzjclrop8hkivp"}
{"type":"log","timestamp":1705596889086,"level":"debug","message":"Base url not specified, skipping its injection.","meta":{"rootId":"mrsr7kml4ygativ","id":"mrsr7kml4ygativ"},"id":"zkif373mp312ttu","previousOperationId":"8zzjclrop8hkivp"}
{"type":"operationStart","subtype":"engine","name":"handlebars","timestamp":1705596889086,"id":"vahx9sjsdfxrbmi","previousEventId":"u7mlz4lahbfvkoj","operationId":"s287hzgrpymkvml","previousOperationId":"8zzjclrop8hkivp"}
{"type":"log","timestamp":1705596889086,"level":"debug","message":"Rendering engine handlebars","meta":{"rootId":"mrsr7kml4ygativ","id":"mrsr7kml4ygativ"},"id":"a4ktgk45jb5li7l","previousOperationId":"s287hzgrpymkvml"}
{"type":"operationEnd","operationId":"s287hzgrpymkvml","timestamp":1705596889107,"id":"0kniwhpvp622r92","previousEventId":"vahx9sjsdfxrbmi","previousOperationId":"s287hzgrpymkvml"}
{"type":"operationStart","subtype":"recipe","name":"chrome-pdf","timestamp":1705596889108,"id":"4z4316l0pcyp6i2","previousEventId":"0kniwhpvp622r92","operationId":"vzc9rygb9fbq5tp","previousOperationId":"s287hzgrpymkvml"}
{"type":"log","timestamp":1705596889108,"level":"debug","message":"Executing recipe chrome-pdf","meta":{"rootId":"mrsr7kml4ygativ","id":"mrsr7kml4ygativ"},"id":"e1ho3zahhupzy0n","previousOperationId":"vzc9rygb9fbq5tp"}
{"type":"log","timestamp":1705596889116,"level":"debug","message":"Converting with chrome HeadlessChrome/117.0.5938.149 using chrome-pool strategy","meta":{"rootId":"mrsr7kml4ygativ","id":"mrsr7kml4ygativ"},"id":"nshdkre995afimj","previousOperationId":"vzc9rygb9fbq5tp"}
{"type":"log","timestamp":1705596889315,"level":"debug","message":"Page request: GET (document) file:///C:/Users/juank/AppData/Local/Temp/jsreport/autocleanup/281f6455-3977-46cb-b6fb-3f23d5061134-chrome-pdf.html","meta":{"rootId":"mrsr7kml4ygativ","id":"mrsr7kml4ygativ"},"id":"jxyex48chbmcmqg","previousOperationId":"vzc9rygb9fbq5tp"}
{"type":"log","timestamp":1705596889332,"level":"debug","message":"Page request finished: GET (document) 200 file:///C:/Users/juank/AppData/Local/Temp/jsreport/autocleanup/281f6455-3977-46cb-b6fb-3f23d5061134-chrome-pdf.html","meta":{"rootId":"mrsr7kml4ygativ","id":"mrsr7kml4ygativ"},"id":"k1zljsy68jo27bv","previousOperationId":"vzc9rygb9fbq5tp"}
{"type":"log","timestamp":1705596889333,"level":"debug","message":"Page request: GET (script) https://cdn.jsdelivr.net/npm/chart.js","meta":{"rootId":"mrsr7kml4ygativ","id":"mrsr7kml4ygativ"},"id":"ev2kffi3cpkxp12","previousOperationId":"vzc9rygb9fbq5tp"}
{"type":"log","timestamp":1705596889343,"level":"debug","message":"Page request finished: GET (script) 200 https://cdn.jsdelivr.net/npm/chart.js","meta":{"rootId":"mrsr7kml4ygativ","id":"mrsr7kml4ygativ"},"id":"5vr2r0xpi7sruxg","previousOperationId":"vzc9rygb9fbq5tp"}
{"type":"log","timestamp":1705596889416,"level":"debug","message":"Running chrome with params {\"printBackground\":true,\"timeout\":599918,\"margin\":{}}","meta":{"rootId":"mrsr7kml4ygativ","id":"mrsr7kml4ygativ"},"id":"shf9e0shr2375hi","previousOperationId":"vzc9rygb9fbq5tp"}
{"type":"operationEnd","operationId":"vzc9rygb9fbq5tp","timestamp":1705596889455,"id":"qd79ve37eph9qx7","previousEventId":"4z4316l0pcyp6i2","previousOperationId":"vzc9rygb9fbq5tp"}
{"type":"log","timestamp":1705596889455,"level":"debug","message":"Skipping storing report.","meta":{"rootId":"mrsr7kml4ygativ","id":"mrsr7kml4ygativ"},"id":"6flqlw3bs4nnpk7","previousOperationId":"vzc9rygb9fbq5tp"}
{"type":"log","timestamp":1705596889455,"level":"info","message":"Rendering request 6 finished in 424 ms","meta":{"rootId":"mrsr7kml4ygativ","id":"mrsr7kml4ygativ"},"id":"x45af6vcacy6kaq","previousOperationId":"vzc9rygb9fbq5tp"}
{"type":"operationEnd","subtype":"render","operationId":"8zzjclrop8hkivp","timestamp":1705596889455,"id":"59j18xks5xbb5e3","previousEventId":"qd79ve37eph9qx7","previousOperationId":"vzc9rygb9fbq5tp"}
{"type":"operationEnd","doDiffs":false,"previousEventId":"75axmpgycj83hjf","previousOperationId":"dsg3lcnext5r2hv","operationId":"dsg3lcnext5r2hv","timestamp":1705596889477,"id":"t5kxoz7rrauqsj8"}
