{"type":"operationStart","subtype":"profile","data":{"_id":"vmHZMbk5jRC9EC9n","timestamp":"2024-01-17T20:17:51.957Z","state":"queued","mode":"standard","creationDate":"2024-01-17T20:17:51.960Z","modificationDate":"2024-01-17T20:17:51.960Z","shortid":"gcWi0j9","$entitySet":"profiles"},"doDiffs":false,"timestamp":1705522671959,"id":"wunrnjraoh9rqpm","previousOperationId":null,"operationId":"nol7jjv06bvz0or"}
{"type":"log","level":"info","message":"Render request 55 queued for execution and waiting for available worker","previousOperationId":"nol7jjv06bvz0or","timestamp":1705522671959,"id":"0kr4r1gnjqny8a9"}
{"type":"operationStart","subtype":"render","name":"apps-main","previousOperationId":"nol7jjv06bvz0or","timestamp":1705522671972,"id":"orbrwcaikuzhczm","previousEventId":"wunrnjraoh9rqpm","operationId":"r8j4nqdqsoka5pi"}
{"type":"log","timestamp":1705522671973,"level":"info","message":"Starting rendering request 55","meta":{"rootId":"mvnl1hoo4po2hxs","id":"mvnl1hoo4po2hxs"},"id":"2owbjp7pmclg3xn","previousOperationId":"r8j4nqdqsoka5pi"}
{"type":"log","timestamp":1705522671973,"level":"info","message":"Rendering template { name: apps-main, recipe: chrome-pdf, engine: handlebars, preview: true }","meta":{"rootId":"mvnl1hoo4po2hxs","id":"mvnl1hoo4po2hxs"},"id":"zki1e2d4777lun9","previousOperationId":"r8j4nqdqsoka5pi"}
{"type":"log","timestamp":1705522671974,"level":"debug","message":"Data item not defined for this template.","meta":{"rootId":"mvnl1hoo4po2hxs","id":"mvnl1hoo4po2hxs"},"id":"me50zjkvwmt5c3x","previousOperationId":"r8j4nqdqsoka5pi"}
{"type":"log","timestamp":1705522671976,"level":"debug","message":"Executing script apps-script (beforeRender)","meta":{"rootId":"mvnl1hoo4po2hxs","id":"mvnl1hoo4po2hxs"},"id":"zgy3s9yn7oh3xts","previousOperationId":"r8j4nqdqsoka5pi"}
{"type":"operationStart","subtype":"scriptsBeforeRender","name":"scripts beforeRender","timestamp":1705522671989,"id":"7gqj017vocwxbpj","previousEventId":"orbrwcaikuzhczm","operationId":"piqe2fi1x2hlo4o","previousOperationId":"r8j4nqdqsoka5pi"}
{"type":"operationStart","subtype":"script","name":"scripts apps-script","previousOperationId":"piqe2fi1x2hlo4o","timestamp":1705522671989,"id":"hkohu4ohuav997w","previousEventId":"7gqj017vocwxbpj","operationId":"hp1g9a0hm1nd9xp"}
{"type":"log","timestamp":1705522671991,"level":"debug","message":"(console:log) {\n  labels: [ 'HTTP', 'No HTTP' ],\n  datasets: [\n    {\n      data: [Array],\n      backgroundColor: [Array],\n      borderColor: [Array],\n      borderWidth: 1\n    }\n  ]\n}","meta":{"userLevel":true,"rootId":"mvnl1hoo4po2hxs","id":"mvnl1hoo4po2hxs"},"id":"qx9uvp1mf9qyhaq","previousOperationId":"hp1g9a0hm1nd9xp"}
{"type":"log","timestamp":1705522671991,"level":"debug","message":"(console:log) {\n  apps: [\n    {\n      id: 1,\n      icon: '1702583747.png',\n      URL: 'applicationsview',\n      created_at: '2023-12-14T15:19:05.000000Z',\n      updated_at: '2023-12-14T19:55:47.000000Z'\n    },\n    {\n      id: 2,\n      icon: '1702581234.jpg',\n      URL: 'employeesview',\n      created_at: '2023-12-14T19:13:54.000000Z',\n      updated_at: '2023-12-14T19:13:54.000000Z'\n    },\n    {\n      id: 3,\n      icon: '1702583822.png',\n      URL: 'rolesview',\n      created_at: '2023-12-14T19:57:02.000000Z',\n      updated_at: '2023-12-14T19:57:02.000000Z'\n    },\n    {\n      id: 4,\n      icon: '1702584040.png',\n      URL: 'newsview',\n      created_at: '2023-12-14T20:00:40.000000Z',\n      updated_at: '2023-12-14T20:00:40.000000Z'\n    },\n    {\n      id: 5,\n      icon: '1702658124.png',\n      URL: 'http://google.com',\n      created_at: '2023-12-15T16:35:24.000000Z',\n      updated_at: '2023-12-17T05:09:34.000000Z'\n    }\n  ],\n  accumulated: { labels: [ 'HTTP', 'No HTTP' ], datasets: [ [Object] ] }\n}","meta":{"userLevel":true,"rootId":"mvnl1hoo4po2hxs","id":"mvnl1hoo4po2hxs"},"id":"y6gvuu3k6nrhkel","previousOperationId":"hp1g9a0hm1nd9xp"}
{"type":"operationEnd","operationId":"hp1g9a0hm1nd9xp","timestamp":1705522671991,"id":"xv4weqpnlexva2n","previousEventId":"orbrwcaikuzhczm","previousOperationId":"r8j4nqdqsoka5pi"}
{"type":"operationEnd","operationId":"piqe2fi1x2hlo4o","timestamp":1705522671991,"id":"zh7dehdjipcxqbq","previousEventId":"xv4weqpnlexva2n","previousOperationId":"r8j4nqdqsoka5pi"}
{"type":"log","timestamp":1705522671991,"level":"debug","message":"Base url not specified, skipping its injection.","meta":{"rootId":"mvnl1hoo4po2hxs","id":"mvnl1hoo4po2hxs"},"id":"gzym939m5vmpnw5","previousOperationId":"piqe2fi1x2hlo4o"}
{"type":"operationStart","subtype":"engine","name":"handlebars","timestamp":1705522671991,"id":"k4qwmdoarqmomfr","previousEventId":"zh7dehdjipcxqbq","operationId":"94syj0hei938h28","previousOperationId":"piqe2fi1x2hlo4o"}
{"type":"log","timestamp":1705522671991,"level":"debug","message":"Rendering engine handlebars","meta":{"rootId":"mvnl1hoo4po2hxs","id":"mvnl1hoo4po2hxs"},"id":"nby9nb9kfd3jmgo","previousOperationId":"94syj0hei938h28"}
{"type":"operationEnd","operationId":"94syj0hei938h28","timestamp":1705522672012,"id":"2dhyfawcg4gnfs9","previousEventId":"k4qwmdoarqmomfr","previousOperationId":"94syj0hei938h28"}
{"type":"operationStart","subtype":"recipe","name":"chrome-pdf","timestamp":1705522672012,"id":"vi81d7jqcf0errs","previousEventId":"2dhyfawcg4gnfs9","operationId":"ne9dy1efmok6xwm","previousOperationId":"94syj0hei938h28"}
{"type":"log","timestamp":1705522672012,"level":"debug","message":"Executing recipe chrome-pdf","meta":{"rootId":"mvnl1hoo4po2hxs","id":"mvnl1hoo4po2hxs"},"id":"za1vutmtc1z389a","previousOperationId":"ne9dy1efmok6xwm"}
{"type":"log","timestamp":1705522672016,"level":"debug","message":"Converting with chrome HeadlessChrome/117.0.5938.149 using chrome-pool strategy","meta":{"rootId":"mvnl1hoo4po2hxs","id":"mvnl1hoo4po2hxs"},"id":"w841w8dwvkopdd7","previousOperationId":"ne9dy1efmok6xwm"}
{"type":"log","timestamp":1705522672165,"level":"debug","message":"Page request: GET (document) file:///C:/Users/juank/AppData/Local/Temp/jsreport/autocleanup/f2d159eb-c88d-493f-b8bc-690147e7abea-chrome-pdf.html","meta":{"rootId":"mvnl1hoo4po2hxs","id":"mvnl1hoo4po2hxs"},"id":"f3hh6rhs66g12r0","previousOperationId":"ne9dy1efmok6xwm"}
{"type":"log","timestamp":1705522672175,"level":"debug","message":"Page request: GET (stylesheet) https://cdnjs.cloudflare.com/ajax/libs/metro/4.1.5/css/metro.min.css","meta":{"rootId":"mvnl1hoo4po2hxs","id":"mvnl1hoo4po2hxs"},"id":"o5mpcszpuzkn1oe","previousOperationId":"ne9dy1efmok6xwm"}
{"type":"log","timestamp":1705522672176,"level":"debug","message":"Page request: GET (script) https://cdnjs.cloudflare.com/ajax/libs/Chart.js/2.7.2/Chart.min.js","meta":{"rootId":"mvnl1hoo4po2hxs","id":"mvnl1hoo4po2hxs"},"id":"gqrfksi6u0fk34w","previousOperationId":"ne9dy1efmok6xwm"}
{"type":"log","timestamp":1705522672176,"level":"debug","message":"Page request finished: GET (document) 200 file:///C:/Users/juank/AppData/Local/Temp/jsreport/autocleanup/f2d159eb-c88d-493f-b8bc-690147e7abea-chrome-pdf.html","meta":{"rootId":"mvnl1hoo4po2hxs","id":"mvnl1hoo4po2hxs"},"id":"it4y6jhjxix853b","previousOperationId":"ne9dy1efmok6xwm"}
{"type":"log","timestamp":1705522672181,"level":"debug","message":"Page request finished: GET (script) 200 https://cdnjs.cloudflare.com/ajax/libs/Chart.js/2.7.2/Chart.min.js","meta":{"rootId":"mvnl1hoo4po2hxs","id":"mvnl1hoo4po2hxs"},"id":"x5izsqb6kezieaq","previousOperationId":"ne9dy1efmok6xwm"}
{"type":"log","timestamp":1705522672191,"level":"debug","message":"Page request finished: GET (stylesheet) 200 https://cdnjs.cloudflare.com/ajax/libs/metro/4.1.5/css/metro.min.css","meta":{"rootId":"mvnl1hoo4po2hxs","id":"mvnl1hoo4po2hxs"},"id":"ctnx9mrud9ar0hb","previousOperationId":"ne9dy1efmok6xwm"}
{"type":"log","timestamp":1705522672195,"level":"warn","message":"Page error: Unexpected token '&' , stack: SyntaxError: Unexpected token '&'","meta":{"rootId":"mvnl1hoo4po2hxs","id":"mvnl1hoo4po2hxs"},"id":"sxc2vwfxcxu8dju","previousOperationId":"ne9dy1efmok6xwm"}
{"type":"log","timestamp":1705522672210,"level":"debug","message":"Running chrome with params {\"printBackground\":true,\"timeout\":599943,\"margin\":{}}","meta":{"rootId":"mvnl1hoo4po2hxs","id":"mvnl1hoo4po2hxs"},"id":"m9qsir8womta1f6","previousOperationId":"ne9dy1efmok6xwm"}
{"type":"operationEnd","operationId":"ne9dy1efmok6xwm","timestamp":1705522672236,"id":"6q7o9s3jsnxyxas","previousEventId":"vi81d7jqcf0errs","previousOperationId":"ne9dy1efmok6xwm"}
{"type":"log","timestamp":1705522672236,"level":"debug","message":"Skipping storing report.","meta":{"rootId":"mvnl1hoo4po2hxs","id":"mvnl1hoo4po2hxs"},"id":"ljuqy9kfe3hkfia","previousOperationId":"ne9dy1efmok6xwm"}
{"type":"log","timestamp":1705522672236,"level":"info","message":"Rendering request 55 finished in 279 ms","meta":{"rootId":"mvnl1hoo4po2hxs","id":"mvnl1hoo4po2hxs"},"id":"muqb7lxia4lxtpy","previousOperationId":"ne9dy1efmok6xwm"}
{"type":"operationEnd","subtype":"render","operationId":"r8j4nqdqsoka5pi","timestamp":1705522672236,"id":"ce2cnzi1wfsy5dq","previousEventId":"6q7o9s3jsnxyxas","previousOperationId":"ne9dy1efmok6xwm"}
{"type":"operationEnd","doDiffs":false,"previousEventId":"wunrnjraoh9rqpm","previousOperationId":"nol7jjv06bvz0or","operationId":"nol7jjv06bvz0or","timestamp":1705522672240,"id":"whw52p6gjidncf5"}
