{"type":"operationStart","subtype":"profile","data":{"_id":"Z6GyZteWFl4XywiP","timestamp":"2024-01-18T16:48:30.524Z","state":"queued","mode":"standard","creationDate":"2024-01-18T16:48:30.532Z","modificationDate":"2024-01-18T16:48:30.532Z","shortid":"8BZukAP","$entitySet":"profiles"},"doDiffs":false,"timestamp":1705596510527,"id":"g4pxs8srgj6kmy8","previousOperationId":null,"operationId":"9slzv85p6c8qc10"}
{"type":"log","level":"info","message":"Render request 1 queued for execution and waiting for available worker","previousOperationId":"9slzv85p6c8qc10","timestamp":1705596510529,"id":"r3v3ly02k6mhou7"}
{"type":"operationStart","subtype":"render","name":"apps-main","previousOperationId":"9slzv85p6c8qc10","timestamp":1705596510571,"id":"ykl70uu4ljtjci7","previousEventId":"g4pxs8srgj6kmy8","operationId":"tykq42duss7tskh"}
{"type":"log","timestamp":1705596510573,"level":"info","message":"Starting rendering request 1","meta":{"rootId":"n0ops3lodrdhqrd","id":"n0ops3lodrdhqrd"},"id":"p1cwxovy1sqjiu4","previousOperationId":"tykq42duss7tskh"}
{"type":"log","timestamp":1705596510575,"level":"info","message":"Rendering template { name: apps-main, recipe: chrome-pdf, engine: handlebars, preview: true }","meta":{"rootId":"n0ops3lodrdhqrd","id":"n0ops3lodrdhqrd"},"id":"6vaqemryxdf5xj1","previousOperationId":"tykq42duss7tskh"}
{"type":"log","timestamp":1705596510578,"level":"debug","message":"Data item not defined for this template.","meta":{"rootId":"n0ops3lodrdhqrd","id":"n0ops3lodrdhqrd"},"id":"liuesqz71zqk3cy","previousOperationId":"tykq42duss7tskh"}
{"type":"log","timestamp":1705596510586,"level":"debug","message":"Executing script apps-script (beforeRender)","meta":{"rootId":"n0ops3lodrdhqrd","id":"n0ops3lodrdhqrd"},"id":"b989zqx5qiox7pl","previousOperationId":"tykq42duss7tskh"}
{"type":"log","timestamp":1705596511324,"level":"debug","message":"Base url not specified, skipping its injection.","meta":{"rootId":"n0ops3lodrdhqrd","id":"n0ops3lodrdhqrd"},"id":"f9ntcus0x6hsbn0","previousOperationId":"tykq42duss7tskh"}
{"type":"operationStart","subtype":"engine","name":"handlebars","timestamp":1705596511325,"id":"aq9aoyu54xtxuuu","previousEventId":"ykl70uu4ljtjci7","operationId":"onn7cua61nl9dio","previousOperationId":"tykq42duss7tskh"}
{"type":"log","timestamp":1705596511325,"level":"debug","message":"Rendering engine handlebars","meta":{"rootId":"n0ops3lodrdhqrd","id":"n0ops3lodrdhqrd"},"id":"e2w77aem1wjpclm","previousOperationId":"onn7cua61nl9dio"}
{"type":"operationEnd","operationId":"onn7cua61nl9dio","timestamp":1705596512053,"id":"0s3irp7w73i6c73","previousEventId":"aq9aoyu54xtxuuu","previousOperationId":"onn7cua61nl9dio"}
{"type":"operationStart","subtype":"recipe","name":"chrome-pdf","timestamp":1705596512054,"id":"mp3smnxfpo1kf8b","previousEventId":"0s3irp7w73i6c73","operationId":"mwrhydwqtt34fy1","previousOperationId":"onn7cua61nl9dio"}
{"type":"log","timestamp":1705596512055,"level":"debug","message":"Executing recipe chrome-pdf","meta":{"rootId":"n0ops3lodrdhqrd","id":"n0ops3lodrdhqrd"},"id":"u46remqnvh38kkr","previousOperationId":"mwrhydwqtt34fy1"}
{"type":"log","timestamp":1705596514890,"level":"debug","message":"Converting with chrome HeadlessChrome/117.0.5938.149 using chrome-pool strategy","meta":{"rootId":"n0ops3lodrdhqrd","id":"n0ops3lodrdhqrd"},"id":"em7htu8fdkg30ci","previousOperationId":"mwrhydwqtt34fy1"}
{"type":"log","timestamp":1705596515329,"level":"debug","message":"Page request: GET (document) file:///C:/Users/juank/AppData/Local/Temp/jsreport/autocleanup/9e6b48bd-78a0-4087-8a2c-9ad189b441ef-chrome-pdf.html","meta":{"rootId":"n0ops3lodrdhqrd","id":"n0ops3lodrdhqrd"},"id":"bjkvdgjik9mzfk1","previousOperationId":"mwrhydwqtt34fy1"}
{"type":"log","timestamp":1705596515343,"level":"debug","message":"Page request: GET (script) https://cdn.jsdelivr.net/npm/chart.js","meta":{"rootId":"n0ops3lodrdhqrd","id":"n0ops3lodrdhqrd"},"id":"unt4f4w3xw8gv2y","previousOperationId":"mwrhydwqtt34fy1"}
{"type":"log","timestamp":1705596515344,"level":"debug","message":"Page request finished: GET (document) 200 file:///C:/Users/juank/AppData/Local/Temp/jsreport/autocleanup/9e6b48bd-78a0-4087-8a2c-9ad189b441ef-chrome-pdf.html","meta":{"rootId":"n0ops3lodrdhqrd","id":"n0ops3lodrdhqrd"},"id":"u11endvbrc1q99t","previousOperationId":"mwrhydwqtt34fy1"}
{"type":"log","timestamp":1705596519330,"level":"debug","message":"Page request finished: GET (script) 200 https://cdn.jsdelivr.net/npm/chart.js","meta":{"rootId":"n0ops3lodrdhqrd","id":"n0ops3lodrdhqrd"},"id":"4wzbce7jn4pfqaz","previousOperationId":"mwrhydwqtt34fy1"}
{"type":"log","timestamp":1705596519429,"level":"debug","message":"Running chrome with params {\"printBackground\":true,\"timeout\":596842,\"margin\":{}}","meta":{"rootId":"n0ops3lodrdhqrd","id":"n0ops3lodrdhqrd"},"id":"uombwl9xx1ic5mb","previousOperationId":"mwrhydwqtt34fy1"}
{"type":"operationEnd","operationId":"mwrhydwqtt34fy1","timestamp":1705596519474,"id":"yqzqp2ibgvj28h7","previousEventId":"mp3smnxfpo1kf8b","previousOperationId":"mwrhydwqtt34fy1"}
{"type":"log","timestamp":1705596519475,"level":"debug","message":"Skipping storing report.","meta":{"rootId":"n0ops3lodrdhqrd","id":"n0ops3lodrdhqrd"},"id":"5s3vepdrt71nik9","previousOperationId":"mwrhydwqtt34fy1"}
{"type":"log","timestamp":1705596519475,"level":"info","message":"Rendering request 1 finished in 8952 ms","meta":{"rootId":"n0ops3lodrdhqrd","id":"n0ops3lodrdhqrd"},"id":"q7j5t786w9luqx5","previousOperationId":"mwrhydwqtt34fy1"}
{"type":"operationEnd","subtype":"render","operationId":"tykq42duss7tskh","timestamp":1705596519475,"id":"xtcgl3osknuzlty","previousEventId":"yqzqp2ibgvj28h7","previousOperationId":"mwrhydwqtt34fy1"}
{"type":"operationEnd","doDiffs":false,"previousEventId":"g4pxs8srgj6kmy8","previousOperationId":"9slzv85p6c8qc10","operationId":"9slzv85p6c8qc10","timestamp":1705596519492,"id":"mghqx2pdao2yr7e"}
