{"type":"operationStart","subtype":"profile","data":{"_id":"1x6KOABVs06Vid7z","timestamp":"2024-01-17T19:54:21.666Z","state":"queued","mode":"standard","creationDate":"2024-01-17T19:54:21.669Z","modificationDate":"2024-01-17T19:54:21.669Z","shortid":"jyS0OrC","$entitySet":"profiles"},"doDiffs":false,"timestamp":1705521261667,"id":"omg6mm6f1sm6v5r","previousOperationId":null,"operationId":"yzzhh4lr2sedups"}
{"type":"log","level":"info","message":"Render request 32 queued for execution and waiting for available worker","previousOperationId":"yzzhh4lr2sedups","timestamp":1705521261668,"id":"3vhdi3clxe5jpuw"}
{"type":"operationStart","subtype":"render","name":"apps-main","previousOperationId":"yzzhh4lr2sedups","timestamp":1705521261680,"id":"5jwrnuw1t35o9gx","previousEventId":"omg6mm6f1sm6v5r","operationId":"7fbezy4ab7jyx54"}
{"type":"log","timestamp":1705521261680,"level":"info","message":"Starting rendering request 32","meta":{"rootId":"nbprivz2bc0xltg","id":"nbprivz2bc0xltg"},"id":"rmbxcj75zuwfarf","previousOperationId":"7fbezy4ab7jyx54"}
{"type":"log","timestamp":1705521261680,"level":"info","message":"Rendering template { name: apps-main, recipe: chrome-pdf, engine: handlebars, preview: true }","meta":{"rootId":"nbprivz2bc0xltg","id":"nbprivz2bc0xltg"},"id":"4tl2ierp5003flm","previousOperationId":"7fbezy4ab7jyx54"}
{"type":"log","timestamp":1705521261681,"level":"debug","message":"Data item not defined for this template.","meta":{"rootId":"nbprivz2bc0xltg","id":"nbprivz2bc0xltg"},"id":"luy55vyopdztazo","previousOperationId":"7fbezy4ab7jyx54"}
{"type":"log","timestamp":1705521261683,"level":"debug","message":"Executing script apps-script (beforeRender)","meta":{"rootId":"nbprivz2bc0xltg","id":"nbprivz2bc0xltg"},"id":"kypw37ypn0mjvqr","previousOperationId":"7fbezy4ab7jyx54"}
{"type":"operationStart","subtype":"scriptsBeforeRender","name":"scripts beforeRender","timestamp":1705521261695,"id":"5dkahhs4ejteijb","previousEventId":"5jwrnuw1t35o9gx","operationId":"8i4velii0m4bjr5","previousOperationId":"7fbezy4ab7jyx54"}
{"type":"operationStart","subtype":"script","name":"scripts apps-script","previousOperationId":"8i4velii0m4bjr5","timestamp":1705521261695,"id":"71qup7yvut4n9a8","previousEventId":"5dkahhs4ejteijb","operationId":"j53nru2xoejvkg2"}
{"type":"operationEnd","operationId":"j53nru2xoejvkg2","timestamp":1705521261696,"id":"gwhhjwu63tobfzx","previousEventId":"5jwrnuw1t35o9gx","previousOperationId":"7fbezy4ab7jyx54"}
{"type":"operationEnd","operationId":"8i4velii0m4bjr5","timestamp":1705521261696,"id":"9m20l4j3tudg95l","previousEventId":"gwhhjwu63tobfzx","previousOperationId":"7fbezy4ab7jyx54"}
{"type":"log","timestamp":1705521261696,"level":"debug","message":"Base url not specified, skipping its injection.","meta":{"rootId":"nbprivz2bc0xltg","id":"nbprivz2bc0xltg"},"id":"4x6gmgu11gpl7p0","previousOperationId":"8i4velii0m4bjr5"}
{"type":"operationStart","subtype":"engine","name":"handlebars","timestamp":1705521261697,"id":"w8utmcpqomsne0j","previousEventId":"9m20l4j3tudg95l","operationId":"rz3yj8scd5vgbos","previousOperationId":"8i4velii0m4bjr5"}
{"type":"log","timestamp":1705521261697,"level":"debug","message":"Rendering engine handlebars","meta":{"rootId":"nbprivz2bc0xltg","id":"nbprivz2bc0xltg"},"id":"g5e8ut51sg3vrpf","previousOperationId":"rz3yj8scd5vgbos"}
{"type":"operationEnd","operationId":"rz3yj8scd5vgbos","timestamp":1705521261713,"id":"dtmpzn548fivlxq","previousEventId":"w8utmcpqomsne0j","previousOperationId":"rz3yj8scd5vgbos"}
{"type":"operationStart","subtype":"recipe","name":"chrome-pdf","timestamp":1705521261713,"id":"pmi2s2a7023ar6w","previousEventId":"dtmpzn548fivlxq","operationId":"drv3olbpevqz593","previousOperationId":"rz3yj8scd5vgbos"}
{"type":"log","timestamp":1705521261713,"level":"debug","message":"Executing recipe chrome-pdf","meta":{"rootId":"nbprivz2bc0xltg","id":"nbprivz2bc0xltg"},"id":"p8i7amlj75z8oqu","previousOperationId":"drv3olbpevqz593"}
{"type":"log","timestamp":1705521261716,"level":"debug","message":"Converting with chrome HeadlessChrome/117.0.5938.149 using chrome-pool strategy","meta":{"rootId":"nbprivz2bc0xltg","id":"nbprivz2bc0xltg"},"id":"qwydglzz5nsljws","previousOperationId":"drv3olbpevqz593"}
{"type":"log","timestamp":1705521261845,"level":"debug","message":"Page request: GET (document) file:///C:/Users/juank/AppData/Local/Temp/jsreport/autocleanup/b5e2dead-fa68-4bad-b5c8-ff9cdc6a68f9-chrome-pdf.html","meta":{"rootId":"nbprivz2bc0xltg","id":"nbprivz2bc0xltg"},"id":"9ygbkq3ueq2lydk","previousOperationId":"drv3olbpevqz593"}
{"type":"log","timestamp":1705521261857,"level":"debug","message":"Page request: GET (stylesheet) https://cdnjs.cloudflare.com/ajax/libs/metro/4.1.5/css/metro.min.css","meta":{"rootId":"nbprivz2bc0xltg","id":"nbprivz2bc0xltg"},"id":"wgpvnw0vwmlc7l7","previousOperationId":"drv3olbpevqz593"}
{"type":"log","timestamp":1705521261858,"level":"debug","message":"Page request: GET (script) https://cdnjs.cloudflare.com/ajax/libs/Chart.js/2.7.2/Chart.min.js","meta":{"rootId":"nbprivz2bc0xltg","id":"nbprivz2bc0xltg"},"id":"9svkadgqcp09p8e","previousOperationId":"drv3olbpevqz593"}
{"type":"log","timestamp":1705521261859,"level":"debug","message":"Page request finished: GET (document) 200 file:///C:/Users/juank/AppData/Local/Temp/jsreport/autocleanup/b5e2dead-fa68-4bad-b5c8-ff9cdc6a68f9-chrome-pdf.html","meta":{"rootId":"nbprivz2bc0xltg","id":"nbprivz2bc0xltg"},"id":"8f943wvmcao4xkc","previousOperationId":"drv3olbpevqz593"}
{"type":"log","timestamp":1705521261876,"level":"debug","message":"Page request finished: GET (stylesheet) 200 https://cdnjs.cloudflare.com/ajax/libs/metro/4.1.5/css/metro.min.css","meta":{"rootId":"nbprivz2bc0xltg","id":"nbprivz2bc0xltg"},"id":"6ekzyaqfy2qrcqg","previousOperationId":"drv3olbpevqz593"}
{"type":"log","timestamp":1705521261877,"level":"debug","message":"Page request finished: GET (script) 200 https://cdnjs.cloudflare.com/ajax/libs/Chart.js/2.7.2/Chart.min.js","meta":{"rootId":"nbprivz2bc0xltg","id":"nbprivz2bc0xltg"},"id":"dlhf8wgihs7ncxp","previousOperationId":"drv3olbpevqz593"}
{"type":"log","timestamp":1705521261881,"level":"warn","message":"Page error: Cannot read properties of null (reading 'getContext') , stack: TypeError: Cannot read properties of null (reading 'getContext')\n    at <anonymous> (file:///C:/Users/juank/AppData/Local/Temp/jsreport/autocleanup/b5e2dead-fa68-4bad-b5c8-ff9cdc6a68f9-chrome-pdf.html:25:54)","meta":{"rootId":"nbprivz2bc0xltg","id":"nbprivz2bc0xltg"},"id":"36fcr2ddp495y94","previousOperationId":"drv3olbpevqz593"}
{"type":"log","timestamp":1705521261896,"level":"debug","message":"Running chrome with params {\"printBackground\":true,\"timeout\":599951,\"margin\":{}}","meta":{"rootId":"nbprivz2bc0xltg","id":"nbprivz2bc0xltg"},"id":"i1uy8rs9u5tezlk","previousOperationId":"drv3olbpevqz593"}
{"type":"operationEnd","operationId":"drv3olbpevqz593","timestamp":1705521261924,"id":"0vwod573wp0blsh","previousEventId":"pmi2s2a7023ar6w","previousOperationId":"drv3olbpevqz593"}
{"type":"log","timestamp":1705521261924,"level":"debug","message":"Skipping storing report.","meta":{"rootId":"nbprivz2bc0xltg","id":"nbprivz2bc0xltg"},"id":"snwqw6489na7dr0","previousOperationId":"drv3olbpevqz593"}
{"type":"log","timestamp":1705521261924,"level":"info","message":"Rendering request 32 finished in 258 ms","meta":{"rootId":"nbprivz2bc0xltg","id":"nbprivz2bc0xltg"},"id":"2g894gzp0gt1uly","previousOperationId":"drv3olbpevqz593"}
{"type":"operationEnd","subtype":"render","operationId":"7fbezy4ab7jyx54","timestamp":1705521261924,"id":"vvuxm7guv0rsbkb","previousEventId":"0vwod573wp0blsh","previousOperationId":"drv3olbpevqz593"}
{"type":"operationEnd","doDiffs":false,"previousEventId":"omg6mm6f1sm6v5r","previousOperationId":"yzzhh4lr2sedups","operationId":"yzzhh4lr2sedups","timestamp":1705521261936,"id":"j8clf8gpykmof11"}
