{"type":"operationStart","subtype":"profile","data":{"_id":"mwwha6rIMnkXuF4t","timestamp":"2024-01-31T22:17:44.038Z","state":"queued","mode":"standard","creationDate":"2024-01-31T22:17:44.042Z","modificationDate":"2024-01-31T22:17:44.042Z","shortid":"oUHisgV","$entitySet":"profiles"},"doDiffs":false,"timestamp":1706739464040,"id":"ixw09byu5kn0k5x","previousOperationId":null,"operationId":"h2uv7ayvryoswzo"}
{"type":"log","level":"info","message":"Render request 6 queued for execution and waiting for available worker","previousOperationId":"h2uv7ayvryoswzo","timestamp":1706739464041,"id":"fwzmj6pk5psb76r"}
{"type":"operationStart","subtype":"render","name":"apps-main","previousOperationId":"h2uv7ayvryoswzo","timestamp":1706739464058,"id":"0uhenaqjva8uqix","previousEventId":"ixw09byu5kn0k5x","operationId":"ezg3kaeivaihdr9"}
{"type":"log","timestamp":1706739464058,"level":"info","message":"Starting rendering request 6","meta":{"rootId":"o6x4dr2guqyjb32","id":"o6x4dr2guqyjb32"},"id":"pklrd8rhen84jiu","previousOperationId":"ezg3kaeivaihdr9"}
{"type":"log","timestamp":1706739464058,"level":"info","message":"Rendering template { name: apps-main, recipe: chrome-pdf, engine: handlebars, preview: true }","meta":{"rootId":"o6x4dr2guqyjb32","id":"o6x4dr2guqyjb32"},"id":"blj3fzumqctezkp","previousOperationId":"ezg3kaeivaihdr9"}
{"type":"log","timestamp":1706739464059,"level":"debug","message":"Data item not defined for this template.","meta":{"rootId":"o6x4dr2guqyjb32","id":"o6x4dr2guqyjb32"},"id":"c0xq1qex0k0ifd8","previousOperationId":"ezg3kaeivaihdr9"}
{"type":"log","timestamp":1706739464062,"level":"debug","message":"Executing script apps-script (beforeRender)","meta":{"rootId":"o6x4dr2guqyjb32","id":"o6x4dr2guqyjb32"},"id":"5j9jyx6nbnpn7pi","previousOperationId":"ezg3kaeivaihdr9"}
{"type":"log","timestamp":1706739464074,"level":"debug","message":"Base url not specified, skipping its injection.","meta":{"rootId":"o6x4dr2guqyjb32","id":"o6x4dr2guqyjb32"},"id":"4xfwj5l4h9zs33q","previousOperationId":"ezg3kaeivaihdr9"}
{"type":"operationStart","subtype":"engine","name":"handlebars","timestamp":1706739464075,"id":"rflsgjgusfgumew","previousEventId":"0uhenaqjva8uqix","operationId":"9pgy4jtexu2sxun","previousOperationId":"ezg3kaeivaihdr9"}
{"type":"log","timestamp":1706739464075,"level":"debug","message":"Rendering engine handlebars","meta":{"rootId":"o6x4dr2guqyjb32","id":"o6x4dr2guqyjb32"},"id":"cfjc9xiuz1v2toz","previousOperationId":"9pgy4jtexu2sxun"}
{"type":"operationEnd","operationId":"9pgy4jtexu2sxun","timestamp":1706739464096,"id":"n156lzrnwahi0l9","previousEventId":"rflsgjgusfgumew","previousOperationId":"9pgy4jtexu2sxun"}
{"type":"operationStart","subtype":"recipe","name":"chrome-pdf","timestamp":1706739464097,"id":"ki7fgrvclhb8s5y","previousEventId":"n156lzrnwahi0l9","operationId":"oxzo1i6mssyz2qs","previousOperationId":"9pgy4jtexu2sxun"}
{"type":"log","timestamp":1706739464097,"level":"debug","message":"Executing recipe chrome-pdf","meta":{"rootId":"o6x4dr2guqyjb32","id":"o6x4dr2guqyjb32"},"id":"1yrcp012vmzjdoc","previousOperationId":"oxzo1i6mssyz2qs"}
{"type":"log","timestamp":1706739464101,"level":"debug","message":"Converting with chrome HeadlessChrome/117.0.5938.149 using chrome-pool strategy","meta":{"rootId":"o6x4dr2guqyjb32","id":"o6x4dr2guqyjb32"},"id":"nrr3jbjtxhgp01w","previousOperationId":"oxzo1i6mssyz2qs"}
{"type":"log","timestamp":1706739464258,"level":"debug","message":"Page request: GET (document) file:///C:/Users/juank/AppData/Local/Temp/jsreport/autocleanup/5041cbc7-4ea0-4cde-b777-3fd58e51436d-chrome-pdf.html","meta":{"rootId":"o6x4dr2guqyjb32","id":"o6x4dr2guqyjb32"},"id":"f1gqxuq26lh3zmc","previousOperationId":"oxzo1i6mssyz2qs"}
{"type":"log","timestamp":1706739464272,"level":"debug","message":"Page request: GET (script) https://cdn.jsdelivr.net/npm/chart.js","meta":{"rootId":"o6x4dr2guqyjb32","id":"o6x4dr2guqyjb32"},"id":"zufjzppklvkf3e3","previousOperationId":"oxzo1i6mssyz2qs"}
{"type":"log","timestamp":1706739464273,"level":"debug","message":"Page request finished: GET (document) 200 file:///C:/Users/juank/AppData/Local/Temp/jsreport/autocleanup/5041cbc7-4ea0-4cde-b777-3fd58e51436d-chrome-pdf.html","meta":{"rootId":"o6x4dr2guqyjb32","id":"o6x4dr2guqyjb32"},"id":"qduxcvg6bo5lqg2","previousOperationId":"oxzo1i6mssyz2qs"}
{"type":"log","timestamp":1706739464279,"level":"debug","message":"Page request finished: GET (script) 200 https://cdn.jsdelivr.net/npm/chart.js","meta":{"rootId":"o6x4dr2guqyjb32","id":"o6x4dr2guqyjb32"},"id":"0n8ks9ek2r16yf2","previousOperationId":"oxzo1i6mssyz2qs"}
{"type":"log","timestamp":1706739464358,"level":"debug","message":"Running chrome with params {\"printBackground\":true,\"timeout\":599938,\"margin\":{}}","meta":{"rootId":"o6x4dr2guqyjb32","id":"o6x4dr2guqyjb32"},"id":"v4oa7xh29zoqnvx","previousOperationId":"oxzo1i6mssyz2qs"}
{"type":"operationEnd","operationId":"oxzo1i6mssyz2qs","timestamp":1706739464420,"id":"zsgu300nbuw9v34","previousEventId":"ki7fgrvclhb8s5y","previousOperationId":"oxzo1i6mssyz2qs"}
{"type":"log","timestamp":1706739464420,"level":"debug","message":"Skipping storing report.","meta":{"rootId":"o6x4dr2guqyjb32","id":"o6x4dr2guqyjb32"},"id":"6wqhxhsp4nj5az1","previousOperationId":"oxzo1i6mssyz2qs"}
{"type":"log","timestamp":1706739464420,"level":"info","message":"Rendering request 6 finished in 382 ms","meta":{"rootId":"o6x4dr2guqyjb32","id":"o6x4dr2guqyjb32"},"id":"cyo5w0m1eyrral0","previousOperationId":"oxzo1i6mssyz2qs"}
{"type":"operationEnd","subtype":"render","operationId":"ezg3kaeivaihdr9","timestamp":1706739464420,"id":"cxttcb404sxt8wh","previousEventId":"zsgu300nbuw9v34","previousOperationId":"oxzo1i6mssyz2qs"}
{"type":"operationEnd","doDiffs":false,"previousEventId":"ixw09byu5kn0k5x","previousOperationId":"h2uv7ayvryoswzo","operationId":"h2uv7ayvryoswzo","timestamp":1706739464432,"id":"n77zmhw970kxr1i"}
