{"type":"operationStart","subtype":"profile","data":{"_id":"qk2i3PFBMh7R8mdy","timestamp":"2024-01-17T19:21:31.114Z","state":"queued","mode":"standard","creationDate":"2024-01-17T19:21:31.117Z","modificationDate":"2024-01-17T19:21:31.117Z","shortid":"1rg0kIO","$entitySet":"profiles"},"doDiffs":false,"timestamp":1705519291115,"id":"hh9iqllmimy0ght","previousOperationId":null,"operationId":"ka02x5dmkr66ef2"}
{"type":"log","level":"info","message":"Render request 18 queued for execution and waiting for available worker","previousOperationId":"ka02x5dmkr66ef2","timestamp":1705519291115,"id":"hg9i5ea31k0yffg"}
{"type":"operationStart","subtype":"render","name":"apps-main","previousOperationId":"ka02x5dmkr66ef2","timestamp":1705519291128,"id":"dockee6ngl0u2e7","previousEventId":"hh9iqllmimy0ght","operationId":"fx6xp9ovezidpur"}
{"type":"log","timestamp":1705519291128,"level":"info","message":"Starting rendering request 18","meta":{"rootId":"ooanqhb2ttwpskz","id":"ooanqhb2ttwpskz"},"id":"muj2op6l2w6o35x","previousOperationId":"fx6xp9ovezidpur"}
{"type":"log","timestamp":1705519291128,"level":"info","message":"Rendering template { name: apps-main, recipe: chrome-pdf, engine: handlebars, preview: true }","meta":{"rootId":"ooanqhb2ttwpskz","id":"ooanqhb2ttwpskz"},"id":"ntwkuny1prn39qd","previousOperationId":"fx6xp9ovezidpur"}
{"type":"log","timestamp":1705519291129,"level":"debug","message":"Data item not defined for this template.","meta":{"rootId":"ooanqhb2ttwpskz","id":"ooanqhb2ttwpskz"},"id":"94e8khq94zx6zmg","previousOperationId":"fx6xp9ovezidpur"}
{"type":"log","timestamp":1705519291135,"level":"debug","message":"Executing script apps-script (beforeRender)","meta":{"rootId":"ooanqhb2ttwpskz","id":"ooanqhb2ttwpskz"},"id":"1n7j1rlapkq38jr","previousOperationId":"fx6xp9ovezidpur"}
{"type":"operationStart","subtype":"scriptsBeforeRender","name":"scripts beforeRender","timestamp":1705519291145,"id":"mmil0czueao0ogv","previousEventId":"dockee6ngl0u2e7","operationId":"wjdt0t3vjgjjwbl","previousOperationId":"fx6xp9ovezidpur"}
{"type":"operationStart","subtype":"script","name":"scripts apps-script","previousOperationId":"wjdt0t3vjgjjwbl","timestamp":1705519291145,"id":"frqmoxhbjd4pxw0","previousEventId":"mmil0czueao0ogv","operationId":"qe6h2dftqhuy7bx"}
{"type":"log","timestamp":1705519291146,"level":"debug","message":"(console:log) [\n  {\n    id: 1,\n    icon: '1702583747.png',\n    URL: 'applicationsview',\n    created_at: '2023-12-14T15:19:05.000000Z',\n    updated_at: '2023-12-14T19:55:47.000000Z'\n  },\n  {\n    id: 2,\n    icon: '1702581234.jpg',\n    URL: 'employeesview',\n    created_at: '2023-12-14T19:13:54.000000Z',\n    updated_at: '2023-12-14T19:13:54.000000Z'\n  },\n  {\n    id: 3,\n    icon: '1702583822.png',\n    URL: 'rolesview',\n    created_at: '2023-12-14T19:57:02.000000Z',\n    updated_at: '2023-12-14T19:57:02.000000Z'\n  },\n  {\n    id: 4,\n    icon: '1702584040.png',\n    URL: 'newsview',\n    created_at: '2023-12-14T20:00:40.000000Z',\n    updated_at: '2023-12-14T20:00:40.000000Z'\n  },\n  {\n    id: 5,\n    icon: '1702658124.png',\n    URL: 'http://google.com',\n    created_at: '2023-12-15T16:35:24.000000Z',\n    updated_at: '2023-12-17T05:09:34.000000Z'\n  }\n]","meta":{"userLevel":true,"rootId":"ooanqhb2ttwpskz","id":"ooanqhb2ttwpskz"},"id":"0glbelj8vawb0jk","previousOperationId":"qe6h2dftqhuy7bx"}
{"type":"operationEnd","operationId":"qe6h2dftqhuy7bx","timestamp":1705519291147,"id":"pk2fxyhzzbfzift","previousEventId":"dockee6ngl0u2e7","previousOperationId":"fx6xp9ovezidpur"}
{"type":"operationEnd","operationId":"wjdt0t3vjgjjwbl","timestamp":1705519291147,"id":"870qrenc4lgxfrd","previousEventId":"pk2fxyhzzbfzift","previousOperationId":"fx6xp9ovezidpur"}
{"type":"log","timestamp":1705519291147,"level":"debug","message":"Base url not specified, skipping its injection.","meta":{"rootId":"ooanqhb2ttwpskz","id":"ooanqhb2ttwpskz"},"id":"76l6yuok6urgavg","previousOperationId":"wjdt0t3vjgjjwbl"}
{"type":"operationStart","subtype":"engine","name":"handlebars","timestamp":1705519291147,"id":"cg19kbg9ijahcox","previousEventId":"870qrenc4lgxfrd","operationId":"r5bfeg5o2uoiks2","previousOperationId":"wjdt0t3vjgjjwbl"}
{"type":"log","timestamp":1705519291147,"level":"debug","message":"Rendering engine handlebars","meta":{"rootId":"ooanqhb2ttwpskz","id":"ooanqhb2ttwpskz"},"id":"scuztp6ochz54r5","previousOperationId":"r5bfeg5o2uoiks2"}
{"type":"log","timestamp":1705519291163,"level":"debug","message":"(console:log) Pdf utils adding group field, value: \"applicationsview\"","meta":{"userLevel":true,"rootId":"ooanqhb2ttwpskz","id":"ooanqhb2ttwpskz"},"id":"ur2lceakqn8h9k1","previousOperationId":"r5bfeg5o2uoiks2"}
{"type":"log","timestamp":1705519291164,"level":"debug","message":"(console:log) Pdf utils adding group field, value: \"employeesview\"","meta":{"userLevel":true,"rootId":"ooanqhb2ttwpskz","id":"ooanqhb2ttwpskz"},"id":"wyh9o2q5axv8h4n","previousOperationId":"r5bfeg5o2uoiks2"}
{"type":"log","timestamp":1705519291164,"level":"debug","message":"(console:log) Pdf utils adding group field, value: \"rolesview\"","meta":{"userLevel":true,"rootId":"ooanqhb2ttwpskz","id":"ooanqhb2ttwpskz"},"id":"3df7qw9cduckyv8","previousOperationId":"r5bfeg5o2uoiks2"}
{"type":"log","timestamp":1705519291164,"level":"debug","message":"(console:log) Pdf utils adding group field, value: \"newsview\"","meta":{"userLevel":true,"rootId":"ooanqhb2ttwpskz","id":"ooanqhb2ttwpskz"},"id":"lna8s5iplrhc6yu","previousOperationId":"r5bfeg5o2uoiks2"}
{"type":"log","timestamp":1705519291164,"level":"debug","message":"(console:log) Pdf utils adding group field, value: \"http://google.com\"","meta":{"userLevel":true,"rootId":"ooanqhb2ttwpskz","id":"ooanqhb2ttwpskz"},"id":"f4hs1621rbkuh4o","previousOperationId":"r5bfeg5o2uoiks2"}
{"type":"operationEnd","operationId":"r5bfeg5o2uoiks2","timestamp":1705519291164,"id":"eh3740c3xipsb5z","previousEventId":"cg19kbg9ijahcox","previousOperationId":"r5bfeg5o2uoiks2"}
{"type":"operationStart","subtype":"recipe","name":"chrome-pdf","timestamp":1705519291165,"id":"coth4oxyzwk32rc","previousEventId":"eh3740c3xipsb5z","operationId":"g5m9s2zrodl30bc","previousOperationId":"r5bfeg5o2uoiks2"}
{"type":"log","timestamp":1705519291165,"level":"debug","message":"Executing recipe chrome-pdf","meta":{"rootId":"ooanqhb2ttwpskz","id":"ooanqhb2ttwpskz"},"id":"r7l9ebhlwxc02gl","previousOperationId":"g5m9s2zrodl30bc"}
{"type":"log","timestamp":1705519291168,"level":"debug","message":"Converting with chrome HeadlessChrome/117.0.5938.149 using chrome-pool strategy","meta":{"rootId":"ooanqhb2ttwpskz","id":"ooanqhb2ttwpskz"},"id":"kx3ir1bjakt20e1","previousOperationId":"g5m9s2zrodl30bc"}
{"type":"log","timestamp":1705519291285,"level":"debug","message":"Page request: GET (document) file:///C:/Users/juank/AppData/Local/Temp/jsreport/autocleanup/44890ae9-7342-410c-9a26-c63c2dd300da-chrome-pdf.html","meta":{"rootId":"ooanqhb2ttwpskz","id":"ooanqhb2ttwpskz"},"id":"l67cbnl2o3g86wo","previousOperationId":"g5m9s2zrodl30bc"}
{"type":"log","timestamp":1705519291297,"level":"debug","message":"Page request finished: GET (document) 200 file:///C:/Users/juank/AppData/Local/Temp/jsreport/autocleanup/44890ae9-7342-410c-9a26-c63c2dd300da-chrome-pdf.html","meta":{"rootId":"ooanqhb2ttwpskz","id":"ooanqhb2ttwpskz"},"id":"ny1i6dmylr0aznz","previousOperationId":"g5m9s2zrodl30bc"}
{"type":"log","timestamp":1705519291298,"level":"debug","message":"Page request: GET (stylesheet) https://cdnjs.cloudflare.com/ajax/libs/metro/4.1.5/css/metro.min.css","meta":{"rootId":"ooanqhb2ttwpskz","id":"ooanqhb2ttwpskz"},"id":"6tq8vymzanobhau","previousOperationId":"g5m9s2zrodl30bc"}
{"type":"log","timestamp":1705519291298,"level":"debug","message":"Page request: GET (script) https://cdnjs.cloudflare.com/ajax/libs/Chart.js/2.7.2/Chart.min.js","meta":{"rootId":"ooanqhb2ttwpskz","id":"ooanqhb2ttwpskz"},"id":"7jbcz9x4mpvvv7c","previousOperationId":"g5m9s2zrodl30bc"}
{"type":"log","timestamp":1705519291303,"level":"debug","message":"Page request finished: GET (script) 200 https://cdnjs.cloudflare.com/ajax/libs/Chart.js/2.7.2/Chart.min.js","meta":{"rootId":"ooanqhb2ttwpskz","id":"ooanqhb2ttwpskz"},"id":"kp9uwbqjp5i7v56","previousOperationId":"g5m9s2zrodl30bc"}
{"type":"log","timestamp":1705519291315,"level":"debug","message":"Page request finished: GET (stylesheet) 200 https://cdnjs.cloudflare.com/ajax/libs/metro/4.1.5/css/metro.min.css","meta":{"rootId":"ooanqhb2ttwpskz","id":"ooanqhb2ttwpskz"},"id":"8qhvuqbu974mk5p","previousOperationId":"g5m9s2zrodl30bc"}
{"type":"log","timestamp":1705519291322,"level":"warn","message":"Page error: \"undefined\" is not valid JSON\nJSON.parse (<anonymous>) , stack: SyntaxError: \"undefined\" is not valid JSON\nJSON.parse (<anonymous>)\n    at <anonymous> (file:///C:/Users/juank/AppData/Local/Temp/jsreport/autocleanup/44890ae9-7342-410c-9a26-c63c2dd300da-chrome-pdf.html:28:29)","meta":{"rootId":"ooanqhb2ttwpskz","id":"ooanqhb2ttwpskz"},"id":"zxvuuv735lygsk6","previousOperationId":"g5m9s2zrodl30bc"}
{"type":"log","timestamp":1705519291323,"level":"warn","message":"Page error: \"undefined\" is not valid JSON\nJSON.parse (<anonymous>) , stack: SyntaxError: \"undefined\" is not valid JSON\nJSON.parse (<anonymous>)\n    at <anonymous> (file:///C:/Users/juank/AppData/Local/Temp/jsreport/autocleanup/44890ae9-7342-410c-9a26-c63c2dd300da-chrome-pdf.html:78:29)","meta":{"rootId":"ooanqhb2ttwpskz","id":"ooanqhb2ttwpskz"},"id":"y1nhvsoz3pyzbmf","previousOperationId":"g5m9s2zrodl30bc"}
{"type":"log","timestamp":1705519291323,"level":"warn","message":"Page error: \"undefined\" is not valid JSON\nJSON.parse (<anonymous>) , stack: SyntaxError: \"undefined\" is not valid JSON\nJSON.parse (<anonymous>)\n    at <anonymous> (file:///C:/Users/juank/AppData/Local/Temp/jsreport/autocleanup/44890ae9-7342-410c-9a26-c63c2dd300da-chrome-pdf.html:128:29)","meta":{"rootId":"ooanqhb2ttwpskz","id":"ooanqhb2ttwpskz"},"id":"h4g62vl4khllhfh","previousOperationId":"g5m9s2zrodl30bc"}
{"type":"log","timestamp":1705519291324,"level":"warn","message":"Page error: \"undefined\" is not valid JSON\nJSON.parse (<anonymous>) , stack: SyntaxError: \"undefined\" is not valid JSON\nJSON.parse (<anonymous>)\n    at <anonymous> (file:///C:/Users/juank/AppData/Local/Temp/jsreport/autocleanup/44890ae9-7342-410c-9a26-c63c2dd300da-chrome-pdf.html:178:29)","meta":{"rootId":"ooanqhb2ttwpskz","id":"ooanqhb2ttwpskz"},"id":"zdtq3x3m5t1qa3e","previousOperationId":"g5m9s2zrodl30bc"}
{"type":"log","timestamp":1705519291324,"level":"warn","message":"Page error: missing ) after argument list , stack: SyntaxError: missing ) after argument list","meta":{"rootId":"ooanqhb2ttwpskz","id":"ooanqhb2ttwpskz"},"id":"8d1jk6d9p4jsyu9","previousOperationId":"g5m9s2zrodl30bc"}
{"type":"log","timestamp":1705519291343,"level":"debug","message":"Running chrome with params {\"printBackground\":true,\"timeout\":599946,\"margin\":{}}","meta":{"rootId":"ooanqhb2ttwpskz","id":"ooanqhb2ttwpskz"},"id":"m89fl26f81txy4u","previousOperationId":"g5m9s2zrodl30bc"}
{"type":"operationEnd","operationId":"g5m9s2zrodl30bc","timestamp":1705519291398,"id":"w56gey4506hwjfj","previousEventId":"coth4oxyzwk32rc","previousOperationId":"g5m9s2zrodl30bc"}
{"type":"log","timestamp":1705519291398,"level":"debug","message":"Skipping storing report.","meta":{"rootId":"ooanqhb2ttwpskz","id":"ooanqhb2ttwpskz"},"id":"dmbku7lymqgxiym","previousOperationId":"g5m9s2zrodl30bc"}
{"type":"log","timestamp":1705519291398,"level":"info","message":"Rendering request 18 finished in 285 ms","meta":{"rootId":"ooanqhb2ttwpskz","id":"ooanqhb2ttwpskz"},"id":"y077g5jb599bxg7","previousOperationId":"g5m9s2zrodl30bc"}
{"type":"operationEnd","subtype":"render","operationId":"fx6xp9ovezidpur","timestamp":1705519291398,"id":"f4juv7w220nyrze","previousEventId":"w56gey4506hwjfj","previousOperationId":"g5m9s2zrodl30bc"}
{"type":"operationEnd","doDiffs":false,"previousEventId":"hh9iqllmimy0ght","previousOperationId":"ka02x5dmkr66ef2","operationId":"ka02x5dmkr66ef2","timestamp":1705519291403,"id":"wsd9rt8wnfdwuf7"}
