{"type":"operationStart","subtype":"profile","data":{"_id":"hCBdNTSMF9j8lpcW","timestamp":"2024-01-17T20:03:47.952Z","state":"queued","mode":"standard","creationDate":"2024-01-17T20:03:47.955Z","modificationDate":"2024-01-17T20:03:47.955Z","shortid":"uABy9qH","$entitySet":"profiles"},"doDiffs":false,"timestamp":1705521827953,"id":"hxwgjzieoiz363b","previousOperationId":null,"operationId":"11kwjnbr1iwqd3f"}
{"type":"log","level":"info","message":"Render request 41 queued for execution and waiting for available worker","previousOperationId":"11kwjnbr1iwqd3f","timestamp":1705521827954,"id":"87o8qtizta34g34"}
{"type":"operationStart","subtype":"render","name":"apps-main","previousOperationId":"11kwjnbr1iwqd3f","timestamp":1705521827966,"id":"jgnk4dvbxa0c41k","previousEventId":"hxwgjzieoiz363b","operationId":"0v0y7qzojz6snhi"}
{"type":"log","timestamp":1705521827966,"level":"info","message":"Starting rendering request 41","meta":{"rootId":"oqsadxtpavie3w2","id":"oqsadxtpavie3w2"},"id":"ohxq29hmi5m8jw0","previousOperationId":"0v0y7qzojz6snhi"}
{"type":"log","timestamp":1705521827966,"level":"info","message":"Rendering template { name: apps-main, recipe: chrome-pdf, engine: handlebars, preview: true }","meta":{"rootId":"oqsadxtpavie3w2","id":"oqsadxtpavie3w2"},"id":"o2b87frd5rxdqkz","previousOperationId":"0v0y7qzojz6snhi"}
{"type":"log","timestamp":1705521827966,"level":"debug","message":"Data item not defined for this template.","meta":{"rootId":"oqsadxtpavie3w2","id":"oqsadxtpavie3w2"},"id":"wi71hd0impxehbu","previousOperationId":"0v0y7qzojz6snhi"}
{"type":"log","timestamp":1705521827968,"level":"debug","message":"Executing script apps-script (beforeRender)","meta":{"rootId":"oqsadxtpavie3w2","id":"oqsadxtpavie3w2"},"id":"2u94t0s40w4av9c","previousOperationId":"0v0y7qzojz6snhi"}
{"type":"operationStart","subtype":"scriptsBeforeRender","name":"scripts beforeRender","timestamp":1705521827980,"id":"u5gkwb9gloew2lb","previousEventId":"jgnk4dvbxa0c41k","operationId":"fzhzfcaphmrezxo","previousOperationId":"0v0y7qzojz6snhi"}
{"type":"operationStart","subtype":"script","name":"scripts apps-script","previousOperationId":"fzhzfcaphmrezxo","timestamp":1705521827980,"id":"5gz3yqtas08zte7","previousEventId":"u5gkwb9gloew2lb","operationId":"5blwdg8o4tdf5h7"}
{"type":"log","timestamp":1705521827981,"level":"debug","message":"(console:log) {\n  labels: [ 'HTTP', 'No HTTP' ],\n  datasets: [\n    {\n      data: [Array],\n      backgroundColor: [Array],\n      borderColor: [Array],\n      borderWidth: 1\n    }\n  ]\n}","meta":{"userLevel":true,"rootId":"oqsadxtpavie3w2","id":"oqsadxtpavie3w2"},"id":"fa79njhfuu6zjhx","previousOperationId":"5blwdg8o4tdf5h7"}
{"type":"operationEnd","operationId":"5blwdg8o4tdf5h7","timestamp":1705521827982,"id":"vt7srrtkqax6c3p","previousEventId":"jgnk4dvbxa0c41k","previousOperationId":"0v0y7qzojz6snhi"}
{"type":"operationEnd","operationId":"fzhzfcaphmrezxo","timestamp":1705521827982,"id":"eulnkvhiv5uqii1","previousEventId":"vt7srrtkqax6c3p","previousOperationId":"0v0y7qzojz6snhi"}
{"type":"log","timestamp":1705521827982,"level":"debug","message":"Base url not specified, skipping its injection.","meta":{"rootId":"oqsadxtpavie3w2","id":"oqsadxtpavie3w2"},"id":"wp3yseam3sowfb4","previousOperationId":"fzhzfcaphmrezxo"}
{"type":"operationStart","subtype":"engine","name":"handlebars","timestamp":1705521827982,"id":"0dx9p9rwedgv22o","previousEventId":"eulnkvhiv5uqii1","operationId":"u3iawmaswipilk1","previousOperationId":"fzhzfcaphmrezxo"}
{"type":"log","timestamp":1705521827982,"level":"debug","message":"Rendering engine handlebars","meta":{"rootId":"oqsadxtpavie3w2","id":"oqsadxtpavie3w2"},"id":"vqbm58rvlluzal2","previousOperationId":"u3iawmaswipilk1"}
{"type":"operationEnd","operationId":"u3iawmaswipilk1","timestamp":1705521827994,"id":"8nctoco13v1z97h","previousEventId":"0dx9p9rwedgv22o","previousOperationId":"u3iawmaswipilk1"}
{"type":"operationStart","subtype":"recipe","name":"chrome-pdf","timestamp":1705521827994,"id":"kkabwnrmeyc3w83","previousEventId":"8nctoco13v1z97h","operationId":"fzgzmt0llzpqxu6","previousOperationId":"u3iawmaswipilk1"}
{"type":"log","timestamp":1705521827994,"level":"debug","message":"Executing recipe chrome-pdf","meta":{"rootId":"oqsadxtpavie3w2","id":"oqsadxtpavie3w2"},"id":"3fsegbk8x13959m","previousOperationId":"fzgzmt0llzpqxu6"}
{"type":"log","timestamp":1705521827997,"level":"debug","message":"Converting with chrome HeadlessChrome/117.0.5938.149 using chrome-pool strategy","meta":{"rootId":"oqsadxtpavie3w2","id":"oqsadxtpavie3w2"},"id":"a73geka0ihnsqtw","previousOperationId":"fzgzmt0llzpqxu6"}
{"type":"log","timestamp":1705521828110,"level":"debug","message":"Page request: GET (document) file:///C:/Users/juank/AppData/Local/Temp/jsreport/autocleanup/4f915031-6078-4b11-b461-29a15222b330-chrome-pdf.html","meta":{"rootId":"oqsadxtpavie3w2","id":"oqsadxtpavie3w2"},"id":"kpu7i61chejrsj8","previousOperationId":"fzgzmt0llzpqxu6"}
{"type":"log","timestamp":1705521828120,"level":"debug","message":"Page request: GET (stylesheet) https://cdnjs.cloudflare.com/ajax/libs/metro/4.1.5/css/metro.min.css","meta":{"rootId":"oqsadxtpavie3w2","id":"oqsadxtpavie3w2"},"id":"9dpht08ycycyv46","previousOperationId":"fzgzmt0llzpqxu6"}
{"type":"log","timestamp":1705521828121,"level":"debug","message":"Page request: GET (script) https://cdnjs.cloudflare.com/ajax/libs/Chart.js/2.7.2/Chart.min.js","meta":{"rootId":"oqsadxtpavie3w2","id":"oqsadxtpavie3w2"},"id":"axrpodklc8p0yk0","previousOperationId":"fzgzmt0llzpqxu6"}
{"type":"log","timestamp":1705521828121,"level":"debug","message":"Page request finished: GET (document) 200 file:///C:/Users/juank/AppData/Local/Temp/jsreport/autocleanup/4f915031-6078-4b11-b461-29a15222b330-chrome-pdf.html","meta":{"rootId":"oqsadxtpavie3w2","id":"oqsadxtpavie3w2"},"id":"l2p51xlaa8vil23","previousOperationId":"fzgzmt0llzpqxu6"}
{"type":"log","timestamp":1705521828126,"level":"debug","message":"Page request finished: GET (script) 200 https://cdnjs.cloudflare.com/ajax/libs/Chart.js/2.7.2/Chart.min.js","meta":{"rootId":"oqsadxtpavie3w2","id":"oqsadxtpavie3w2"},"id":"85cyws1hybddp7c","previousOperationId":"fzgzmt0llzpqxu6"}
{"type":"log","timestamp":1705521828138,"level":"debug","message":"Page request finished: GET (stylesheet) 200 https://cdnjs.cloudflare.com/ajax/libs/metro/4.1.5/css/metro.min.css","meta":{"rootId":"oqsadxtpavie3w2","id":"oqsadxtpavie3w2"},"id":"bas94yv3pblrutm","previousOperationId":"fzgzmt0llzpqxu6"}
{"type":"log","timestamp":1705521828140,"level":"warn","message":"Page error: Unexpected token '&' , stack: SyntaxError: Unexpected token '&'","meta":{"rootId":"oqsadxtpavie3w2","id":"oqsadxtpavie3w2"},"id":"62szy9eicr8ycds","previousOperationId":"fzgzmt0llzpqxu6"}
{"type":"log","timestamp":1705521828154,"level":"debug","message":"Running chrome with params {\"printBackground\":true,\"timeout\":599957,\"margin\":{}}","meta":{"rootId":"oqsadxtpavie3w2","id":"oqsadxtpavie3w2"},"id":"spwxdpibnpnc6cq","previousOperationId":"fzgzmt0llzpqxu6"}
{"type":"operationEnd","operationId":"fzgzmt0llzpqxu6","timestamp":1705521828179,"id":"i8romo9izuspa35","previousEventId":"kkabwnrmeyc3w83","previousOperationId":"fzgzmt0llzpqxu6"}
{"type":"log","timestamp":1705521828179,"level":"debug","message":"Skipping storing report.","meta":{"rootId":"oqsadxtpavie3w2","id":"oqsadxtpavie3w2"},"id":"pn1x9faaxn5cffa","previousOperationId":"fzgzmt0llzpqxu6"}
{"type":"log","timestamp":1705521828179,"level":"info","message":"Rendering request 41 finished in 227 ms","meta":{"rootId":"oqsadxtpavie3w2","id":"oqsadxtpavie3w2"},"id":"ubqkwr2r690ejs9","previousOperationId":"fzgzmt0llzpqxu6"}
{"type":"operationEnd","subtype":"render","operationId":"0v0y7qzojz6snhi","timestamp":1705521828179,"id":"3x1nnjxeo7l4aux","previousEventId":"i8romo9izuspa35","previousOperationId":"fzgzmt0llzpqxu6"}
{"type":"operationEnd","doDiffs":false,"previousEventId":"hxwgjzieoiz363b","previousOperationId":"11kwjnbr1iwqd3f","operationId":"11kwjnbr1iwqd3f","timestamp":1705521828186,"id":"0fk92ckzld4wfds"}
