{"type":"operationStart","subtype":"profile","data":{"_id":"d7yQ2JvA2fY2645O","timestamp":"2024-01-31T22:21:21.194Z","state":"queued","mode":"standard","creationDate":"2024-01-31T22:21:21.197Z","modificationDate":"2024-01-31T22:21:21.197Z","shortid":"P5NxvvG","$entitySet":"profiles"},"doDiffs":false,"timestamp":1706739681196,"id":"8jj37gw12hkt8un","previousOperationId":null,"operationId":"jf1nl77cczf9jc7"}
{"type":"log","level":"info","message":"Render request 8 queued for execution and waiting for available worker","previousOperationId":"jf1nl77cczf9jc7","timestamp":1706739681196,"id":"my42w6krzf1mukl"}
{"type":"operationStart","subtype":"render","name":"apps-main","previousOperationId":"jf1nl77cczf9jc7","timestamp":1706739681211,"id":"wph1o3hv28vynhd","previousEventId":"8jj37gw12hkt8un","operationId":"vjbk0r7tvrjyumx"}
{"type":"log","timestamp":1706739681211,"level":"info","message":"Starting rendering request 8","meta":{"rootId":"p4ooktxnxwo43nv","id":"p4ooktxnxwo43nv"},"id":"gnlygzviyce1i40","previousOperationId":"vjbk0r7tvrjyumx"}
{"type":"log","timestamp":1706739681211,"level":"info","message":"Rendering template { name: apps-main, recipe: chrome-pdf, engine: handlebars, preview: true }","meta":{"rootId":"p4ooktxnxwo43nv","id":"p4ooktxnxwo43nv"},"id":"0i0ah5zyjg0i597","previousOperationId":"vjbk0r7tvrjyumx"}
{"type":"log","timestamp":1706739681212,"level":"debug","message":"Data item not defined for this template.","meta":{"rootId":"p4ooktxnxwo43nv","id":"p4ooktxnxwo43nv"},"id":"zhk8ybxososobu4","previousOperationId":"vjbk0r7tvrjyumx"}
{"type":"log","timestamp":1706739681215,"level":"debug","message":"Executing script apps-script (beforeRender)","meta":{"rootId":"p4ooktxnxwo43nv","id":"p4ooktxnxwo43nv"},"id":"ppuaf1yxrootijh","previousOperationId":"vjbk0r7tvrjyumx"}
{"type":"log","timestamp":1706739681226,"level":"debug","message":"Base url not specified, skipping its injection.","meta":{"rootId":"p4ooktxnxwo43nv","id":"p4ooktxnxwo43nv"},"id":"y8y9j6z51d91jjf","previousOperationId":"vjbk0r7tvrjyumx"}
{"type":"operationStart","subtype":"engine","name":"handlebars","timestamp":1706739681226,"id":"ld8tch312ykqrw4","previousEventId":"wph1o3hv28vynhd","operationId":"g3278g99h45iw5e","previousOperationId":"vjbk0r7tvrjyumx"}
{"type":"log","timestamp":1706739681226,"level":"debug","message":"Rendering engine handlebars","meta":{"rootId":"p4ooktxnxwo43nv","id":"p4ooktxnxwo43nv"},"id":"wjiwseu11rys9ey","previousOperationId":"g3278g99h45iw5e"}
{"type":"operationEnd","operationId":"g3278g99h45iw5e","timestamp":1706739681238,"id":"4p6jckp19smo3d6","previousEventId":"ld8tch312ykqrw4","previousOperationId":"g3278g99h45iw5e"}
{"type":"operationStart","subtype":"recipe","name":"chrome-pdf","timestamp":1706739681239,"id":"uxvyoqlr5uzpred","previousEventId":"4p6jckp19smo3d6","operationId":"yddcwit6ukwtcd2","previousOperationId":"g3278g99h45iw5e"}
{"type":"log","timestamp":1706739681239,"level":"debug","message":"Executing recipe chrome-pdf","meta":{"rootId":"p4ooktxnxwo43nv","id":"p4ooktxnxwo43nv"},"id":"4zxilf2msajl4az","previousOperationId":"yddcwit6ukwtcd2"}
{"type":"log","timestamp":1706739681243,"level":"debug","message":"Converting with chrome HeadlessChrome/117.0.5938.149 using chrome-pool strategy","meta":{"rootId":"p4ooktxnxwo43nv","id":"p4ooktxnxwo43nv"},"id":"dif8otlqbmoan43","previousOperationId":"yddcwit6ukwtcd2"}
{"type":"log","timestamp":1706739681403,"level":"debug","message":"Page request: GET (document) file:///C:/Users/juank/AppData/Local/Temp/jsreport/autocleanup/58b26c08-98a6-4bb1-8a87-28ba15fd3434-chrome-pdf.html","meta":{"rootId":"p4ooktxnxwo43nv","id":"p4ooktxnxwo43nv"},"id":"v16hejkxabqe4bc","previousOperationId":"yddcwit6ukwtcd2"}
{"type":"log","timestamp":1706739681419,"level":"debug","message":"Page request: GET (script) https://cdn.jsdelivr.net/npm/chart.js","meta":{"rootId":"p4ooktxnxwo43nv","id":"p4ooktxnxwo43nv"},"id":"cvt6ye05p7fpr59","previousOperationId":"yddcwit6ukwtcd2"}
{"type":"log","timestamp":1706739681420,"level":"debug","message":"Page request finished: GET (document) 200 file:///C:/Users/juank/AppData/Local/Temp/jsreport/autocleanup/58b26c08-98a6-4bb1-8a87-28ba15fd3434-chrome-pdf.html","meta":{"rootId":"p4ooktxnxwo43nv","id":"p4ooktxnxwo43nv"},"id":"7hemnyz3tzprnwk","previousOperationId":"yddcwit6ukwtcd2"}
{"type":"log","timestamp":1706739681425,"level":"debug","message":"Page request finished: GET (script) 200 https://cdn.jsdelivr.net/npm/chart.js","meta":{"rootId":"p4ooktxnxwo43nv","id":"p4ooktxnxwo43nv"},"id":"qfnwaq2n4fuw0uf","previousOperationId":"yddcwit6ukwtcd2"}
{"type":"log","timestamp":1706739681504,"level":"debug","message":"Running chrome with params {\"printBackground\":true,\"timeout\":599952,\"margin\":{}}","meta":{"rootId":"p4ooktxnxwo43nv","id":"p4ooktxnxwo43nv"},"id":"28dbgwogzskzksm","previousOperationId":"yddcwit6ukwtcd2"}
{"type":"operationEnd","operationId":"yddcwit6ukwtcd2","timestamp":1706739681562,"id":"czditmqgev3x8ns","previousEventId":"uxvyoqlr5uzpred","previousOperationId":"yddcwit6ukwtcd2"}
{"type":"log","timestamp":1706739681562,"level":"debug","message":"Skipping storing report.","meta":{"rootId":"p4ooktxnxwo43nv","id":"p4ooktxnxwo43nv"},"id":"36313eia0ppgre1","previousOperationId":"yddcwit6ukwtcd2"}
{"type":"log","timestamp":1706739681562,"level":"info","message":"Rendering request 8 finished in 368 ms","meta":{"rootId":"p4ooktxnxwo43nv","id":"p4ooktxnxwo43nv"},"id":"y8qfrb2h755h7rs","previousOperationId":"yddcwit6ukwtcd2"}
{"type":"operationEnd","subtype":"render","operationId":"vjbk0r7tvrjyumx","timestamp":1706739681562,"id":"kxwiof0o0r8mbia","previousEventId":"czditmqgev3x8ns","previousOperationId":"yddcwit6ukwtcd2"}
{"type":"operationEnd","doDiffs":false,"previousEventId":"8jj37gw12hkt8un","previousOperationId":"jf1nl77cczf9jc7","operationId":"jf1nl77cczf9jc7","timestamp":1706739681572,"id":"iqrmstt3vtcd8e4"}
