{"type":"operationStart","subtype":"profile","data":{"_id":"KHJkr8eOzpV9sZgQ","timestamp":"2024-01-12T15:59:30.173Z","state":"queued","mode":"standard","creationDate":"2024-01-12T15:59:30.177Z","modificationDate":"2024-01-12T15:59:30.177Z","shortid":"f1aCO69","$entitySet":"profiles"},"doDiffs":false,"timestamp":1705075170176,"id":"gxkzp5lr2t3uid8","previousOperationId":null,"operationId":"s0s9drtk7505fi8"}
{"type":"log","level":"info","message":"Render request 5 queued for execution and waiting for available worker","previousOperationId":"s0s9drtk7505fi8","timestamp":1705075170176,"id":"hasmpqlvr4r2vc1"}
{"type":"operationStart","subtype":"render","name":"apps-main","previousOperationId":"s0s9drtk7505fi8","timestamp":1705075170197,"id":"kwq41oadq7p9vnv","previousEventId":"gxkzp5lr2t3uid8","operationId":"yxed958hdqxb1ya"}
{"type":"log","timestamp":1705075170197,"level":"info","message":"Starting rendering request 5","meta":{"rootId":"pa6r9yyzcxuz13p","id":"pa6r9yyzcxuz13p"},"id":"r5n2k9zofczdyjn","previousOperationId":"yxed958hdqxb1ya"}
{"type":"log","timestamp":1705075170198,"level":"info","message":"Rendering template { name: apps-main, recipe: chrome-pdf, engine: handlebars, preview: true }","meta":{"rootId":"pa6r9yyzcxuz13p","id":"pa6r9yyzcxuz13p"},"id":"r2gbh5uphmjtlzr","previousOperationId":"yxed958hdqxb1ya"}
{"type":"log","timestamp":1705075170199,"level":"debug","message":"Data item not defined for this template.","meta":{"rootId":"pa6r9yyzcxuz13p","id":"pa6r9yyzcxuz13p"},"id":"zibyet78ghlrumv","previousOperationId":"yxed958hdqxb1ya"}
{"type":"log","timestamp":1705075170212,"level":"debug","message":"Base url not specified, skipping its injection.","meta":{"rootId":"pa6r9yyzcxuz13p","id":"pa6r9yyzcxuz13p"},"id":"d8t1k2l1jtu89dj","previousOperationId":"yxed958hdqxb1ya"}
{"type":"operationStart","subtype":"engine","name":"handlebars","timestamp":1705075170212,"id":"6n1jrv577syjozs","previousEventId":"kwq41oadq7p9vnv","operationId":"w81akhx6hhjf203","previousOperationId":"yxed958hdqxb1ya"}
{"type":"log","timestamp":1705075170212,"level":"debug","message":"Rendering engine handlebars","meta":{"rootId":"pa6r9yyzcxuz13p","id":"pa6r9yyzcxuz13p"},"id":"m3bn54ebck3gzfa","previousOperationId":"w81akhx6hhjf203"}
{"type":"operationEnd","operationId":"w81akhx6hhjf203","timestamp":1705075170253,"id":"bv0rk7ln693f75m","previousEventId":"6n1jrv577syjozs","previousOperationId":"w81akhx6hhjf203"}
{"type":"operationStart","subtype":"recipe","name":"chrome-pdf","timestamp":1705075170253,"id":"dpfjnk8llybp0ra","previousEventId":"bv0rk7ln693f75m","operationId":"gw2bs1ms1mxy6bm","previousOperationId":"w81akhx6hhjf203"}
{"type":"log","timestamp":1705075170253,"level":"debug","message":"Executing recipe chrome-pdf","meta":{"rootId":"pa6r9yyzcxuz13p","id":"pa6r9yyzcxuz13p"},"id":"ip03gza53vufd71","previousOperationId":"gw2bs1ms1mxy6bm"}
{"type":"log","timestamp":1705075170259,"level":"debug","message":"Converting with chrome HeadlessChrome/117.0.5938.149 using chrome-pool strategy","meta":{"rootId":"pa6r9yyzcxuz13p","id":"pa6r9yyzcxuz13p"},"id":"s6u5upak1i6v38r","previousOperationId":"gw2bs1ms1mxy6bm"}
{"type":"log","timestamp":1705075170476,"level":"debug","message":"Page request: GET (document) file:///C:/Users/juank/AppData/Local/Temp/jsreport/autocleanup/d88db99c-4bf8-40f3-8395-de286c45f674-chrome-pdf.html","meta":{"rootId":"pa6r9yyzcxuz13p","id":"pa6r9yyzcxuz13p"},"id":"ldyi784oc0kr8rc","previousOperationId":"gw2bs1ms1mxy6bm"}
{"type":"log","timestamp":1705075170494,"level":"debug","message":"Page request finished: GET (document) 200 file:///C:/Users/juank/AppData/Local/Temp/jsreport/autocleanup/d88db99c-4bf8-40f3-8395-de286c45f674-chrome-pdf.html","meta":{"rootId":"pa6r9yyzcxuz13p","id":"pa6r9yyzcxuz13p"},"id":"anx30iwxaiel9tu","previousOperationId":"gw2bs1ms1mxy6bm"}
{"type":"log","timestamp":1705075170500,"level":"warn","message":"Page error: Unexpected token ';' , stack: SyntaxError: Unexpected token ';'","meta":{"rootId":"pa6r9yyzcxuz13p","id":"pa6r9yyzcxuz13p"},"id":"ma5ydf0xc47pg9l","previousOperationId":"gw2bs1ms1mxy6bm"}
{"type":"log","timestamp":1705075170504,"level":"debug","message":"Running chrome with params {\"printBackground\":true,\"timeout\":59916,\"margin\":{}}","meta":{"rootId":"pa6r9yyzcxuz13p","id":"pa6r9yyzcxuz13p"},"id":"cgumsr5rv0entkp","previousOperationId":"gw2bs1ms1mxy6bm"}
{"type":"operationEnd","operationId":"gw2bs1ms1mxy6bm","timestamp":1705075170537,"id":"ou7icpqtw7jhba0","previousEventId":"dpfjnk8llybp0ra","previousOperationId":"gw2bs1ms1mxy6bm"}
{"type":"log","timestamp":1705075170537,"level":"debug","message":"Skipping storing report.","meta":{"rootId":"pa6r9yyzcxuz13p","id":"pa6r9yyzcxuz13p"},"id":"09n7uqdxwq89fa9","previousOperationId":"gw2bs1ms1mxy6bm"}
{"type":"log","timestamp":1705075170537,"level":"info","message":"Rendering request 5 finished in 364 ms","meta":{"rootId":"pa6r9yyzcxuz13p","id":"pa6r9yyzcxuz13p"},"id":"1kvvzbgi60oubvw","previousOperationId":"gw2bs1ms1mxy6bm"}
{"type":"operationEnd","subtype":"render","operationId":"yxed958hdqxb1ya","timestamp":1705075170537,"id":"ixo64h66ih0wp70","previousEventId":"ou7icpqtw7jhba0","previousOperationId":"gw2bs1ms1mxy6bm"}
{"type":"operationEnd","doDiffs":false,"previousEventId":"gxkzp5lr2t3uid8","previousOperationId":"s0s9drtk7505fi8","operationId":"s0s9drtk7505fi8","timestamp":1705075170546,"id":"3du0rzsh0e3xvkh"}
