{"type":"operationStart","subtype":"profile","data":{"_id":"Xyeauf62eoNfB2U6","timestamp":"2024-01-31T22:26:59.050Z","state":"queued","mode":"standard","creationDate":"2024-01-31T22:26:59.053Z","modificationDate":"2024-01-31T22:26:59.053Z","shortid":"Ecc7UPO","$entitySet":"profiles"},"doDiffs":false,"timestamp":1706740019052,"id":"r0as90f317burag","previousOperationId":null,"operationId":"om15idmdexbly9y"}
{"type":"log","level":"info","message":"Render request 13 queued for execution and waiting for available worker","previousOperationId":"om15idmdexbly9y","timestamp":1706740019052,"id":"zizt6mziq4uajxu"}
{"type":"operationStart","subtype":"render","name":"apps-main","previousOperationId":"om15idmdexbly9y","timestamp":1706740019070,"id":"tu8pxih33mrifs5","previousEventId":"r0as90f317burag","operationId":"pk6sc60is0xrab9"}
{"type":"log","timestamp":1706740019071,"level":"info","message":"Starting rendering request 13","meta":{"rootId":"pklj3m247f0e74w","id":"pklj3m247f0e74w"},"id":"z3z6ucddeqkehq8","previousOperationId":"pk6sc60is0xrab9"}
{"type":"log","timestamp":1706740019071,"level":"info","message":"Rendering template { name: apps-main, recipe: chrome-pdf, engine: handlebars, preview: true }","meta":{"rootId":"pklj3m247f0e74w","id":"pklj3m247f0e74w"},"id":"okaj55sr8hnc7w4","previousOperationId":"pk6sc60is0xrab9"}
{"type":"log","timestamp":1706740019072,"level":"debug","message":"Inline data specified.","meta":{"rootId":"pklj3m247f0e74w","id":"pklj3m247f0e74w"},"id":"4srzk9voi4t3k79","previousOperationId":"pk6sc60is0xrab9"}
{"type":"log","timestamp":1706740019084,"level":"debug","message":"Executing script apps-script (beforeRender)","meta":{"rootId":"pklj3m247f0e74w","id":"pklj3m247f0e74w"},"id":"criyyinlgstx1ye","previousOperationId":"pk6sc60is0xrab9"}
{"type":"log","timestamp":1706740019112,"level":"debug","message":"Base url not specified, skipping its injection.","meta":{"rootId":"pklj3m247f0e74w","id":"pklj3m247f0e74w"},"id":"4konwlyrzykl0l6","previousOperationId":"pk6sc60is0xrab9"}
{"type":"operationStart","subtype":"engine","name":"handlebars","timestamp":1706740019113,"id":"ke0b8sg6eh79zo5","previousEventId":"tu8pxih33mrifs5","operationId":"fzwb0s0d8ryfagv","previousOperationId":"pk6sc60is0xrab9"}
{"type":"log","timestamp":1706740019113,"level":"debug","message":"Rendering engine handlebars","meta":{"rootId":"pklj3m247f0e74w","id":"pklj3m247f0e74w"},"id":"2zp0zsskse0sdp3","previousOperationId":"fzwb0s0d8ryfagv"}
{"type":"operationEnd","operationId":"fzwb0s0d8ryfagv","timestamp":1706740019132,"id":"io48nkw27d5rbtm","previousEventId":"ke0b8sg6eh79zo5","previousOperationId":"fzwb0s0d8ryfagv"}
{"type":"operationStart","subtype":"recipe","name":"chrome-pdf","timestamp":1706740019132,"id":"02g1yw7chc2mrn0","previousEventId":"io48nkw27d5rbtm","operationId":"okzjq1y1kzgw83m","previousOperationId":"fzwb0s0d8ryfagv"}
{"type":"log","timestamp":1706740019132,"level":"debug","message":"Executing recipe chrome-pdf","meta":{"rootId":"pklj3m247f0e74w","id":"pklj3m247f0e74w"},"id":"jf85pl5btjbd3c2","previousOperationId":"okzjq1y1kzgw83m"}
{"type":"log","timestamp":1706740019135,"level":"debug","message":"Converting with chrome HeadlessChrome/117.0.5938.149 using chrome-pool strategy","meta":{"rootId":"pklj3m247f0e74w","id":"pklj3m247f0e74w"},"id":"o3xp3ftjzc2o52l","previousOperationId":"okzjq1y1kzgw83m"}
{"type":"log","timestamp":1706740019288,"level":"debug","message":"Page request: GET (document) file:///C:/Users/juank/AppData/Local/Temp/jsreport/autocleanup/9334d31f-ad8b-412f-9698-837e8b6098b9-chrome-pdf.html","meta":{"rootId":"pklj3m247f0e74w","id":"pklj3m247f0e74w"},"id":"gxgs7u59h3i5ewr","previousOperationId":"okzjq1y1kzgw83m"}
{"type":"log","timestamp":1706740019302,"level":"debug","message":"Page request: GET (script) https://cdn.jsdelivr.net/npm/chart.js","meta":{"rootId":"pklj3m247f0e74w","id":"pklj3m247f0e74w"},"id":"2unriumksxiabar","previousOperationId":"okzjq1y1kzgw83m"}
{"type":"log","timestamp":1706740019302,"level":"debug","message":"Page request finished: GET (document) 200 file:///C:/Users/juank/AppData/Local/Temp/jsreport/autocleanup/9334d31f-ad8b-412f-9698-837e8b6098b9-chrome-pdf.html","meta":{"rootId":"pklj3m247f0e74w","id":"pklj3m247f0e74w"},"id":"lt6xwx2tpip6dyw","previousOperationId":"okzjq1y1kzgw83m"}
{"type":"log","timestamp":1706740019308,"level":"debug","message":"Page request finished: GET (script) 200 https://cdn.jsdelivr.net/npm/chart.js","meta":{"rootId":"pklj3m247f0e74w","id":"pklj3m247f0e74w"},"id":"cte5o4nxxqctz1f","previousOperationId":"okzjq1y1kzgw83m"}
{"type":"log","timestamp":1706740019383,"level":"debug","message":"Running chrome with params {\"printBackground\":true,\"timeout\":599916,\"margin\":{}}","meta":{"rootId":"pklj3m247f0e74w","id":"pklj3m247f0e74w"},"id":"diwmr294dpntabu","previousOperationId":"okzjq1y1kzgw83m"}
{"type":"operationEnd","operationId":"okzjq1y1kzgw83m","timestamp":1706740019439,"id":"vgioinqbhavyyql","previousEventId":"02g1yw7chc2mrn0","previousOperationId":"okzjq1y1kzgw83m"}
{"type":"log","timestamp":1706740019439,"level":"debug","message":"Skipping storing report.","meta":{"rootId":"pklj3m247f0e74w","id":"pklj3m247f0e74w"},"id":"azx631li687pys6","previousOperationId":"okzjq1y1kzgw83m"}
{"type":"log","timestamp":1706740019439,"level":"info","message":"Rendering request 13 finished in 389 ms","meta":{"rootId":"pklj3m247f0e74w","id":"pklj3m247f0e74w"},"id":"008pn355zh26ll6","previousOperationId":"okzjq1y1kzgw83m"}
{"type":"operationEnd","subtype":"render","operationId":"pk6sc60is0xrab9","timestamp":1706740019439,"id":"hj2pclmskgn2kpl","previousEventId":"vgioinqbhavyyql","previousOperationId":"okzjq1y1kzgw83m"}
{"type":"operationEnd","doDiffs":false,"previousEventId":"r0as90f317burag","previousOperationId":"om15idmdexbly9y","operationId":"om15idmdexbly9y","timestamp":1706740019447,"id":"p7vr1lriad0gpa8"}
