{"type":"operationStart","subtype":"profile","data":{"_id":"C3c2TjpGekmMQyWK","timestamp":"2024-01-17T19:07:10.905Z","state":"queued","mode":"standard","creationDate":"2024-01-17T19:07:10.910Z","modificationDate":"2024-01-17T19:07:10.910Z","shortid":"uNT_Kda","$entitySet":"profiles"},"doDiffs":false,"timestamp":1705518430907,"id":"1iydqwez9qngv7g","previousOperationId":null,"operationId":"xtfryrkz3bj3gdu"}
{"type":"log","level":"info","message":"Render request 11 queued for execution and waiting for available worker","previousOperationId":"xtfryrkz3bj3gdu","timestamp":1705518430907,"id":"l3j7ujnyui8isnn"}
{"type":"operationStart","subtype":"render","name":"apps-main","previousOperationId":"xtfryrkz3bj3gdu","timestamp":1705518430924,"id":"7882tx0l9ycjfmk","previousEventId":"1iydqwez9qngv7g","operationId":"8hgglkumk11nhi4"}
{"type":"log","timestamp":1705518430924,"level":"info","message":"Starting rendering request 11","meta":{"rootId":"qunu2ljtpfvfcak","id":"qunu2ljtpfvfcak"},"id":"sjdel5e4ud7i7ha","previousOperationId":"8hgglkumk11nhi4"}
{"type":"log","timestamp":1705518430925,"level":"info","message":"Rendering template { name: apps-main, recipe: chrome-pdf, engine: handlebars, preview: true }","meta":{"rootId":"qunu2ljtpfvfcak","id":"qunu2ljtpfvfcak"},"id":"noyzxqf09dqprme","previousOperationId":"8hgglkumk11nhi4"}
{"type":"log","timestamp":1705518430925,"level":"debug","message":"Data item not defined for this template.","meta":{"rootId":"qunu2ljtpfvfcak","id":"qunu2ljtpfvfcak"},"id":"ulaaucytj88yasb","previousOperationId":"8hgglkumk11nhi4"}
{"type":"log","timestamp":1705518430928,"level":"debug","message":"Executing script apps-script (beforeRender)","meta":{"rootId":"qunu2ljtpfvfcak","id":"qunu2ljtpfvfcak"},"id":"innzn1x61mypgpm","previousOperationId":"8hgglkumk11nhi4"}
{"type":"operationStart","subtype":"scriptsBeforeRender","name":"scripts beforeRender","timestamp":1705518430942,"id":"6i46ftkntme9737","previousEventId":"7882tx0l9ycjfmk","operationId":"99lu9tj63ife64u","previousOperationId":"8hgglkumk11nhi4"}
{"type":"operationStart","subtype":"script","name":"scripts apps-script","previousOperationId":"99lu9tj63ife64u","timestamp":1705518430942,"id":"77ibaue5bzm8px0","previousEventId":"6i46ftkntme9737","operationId":"alz6s58r8z28uk9"}
{"type":"log","timestamp":1705518430949,"level":"debug","message":"(console:error) Error al analizar el archivo JSON: [Error: ENOENT: no such file or directory, open 'C:\\Users\\juank\\Proyectos\\Tecnologias\\JsReportApp\\data\\Apps\\apps-data.txt'] {\n  errno: -4058,\n  code: 'ENOENT',\n  syscall: 'open',\n  path: 'C:\\\\Users\\\\juank\\\\Proyectos\\\\Tecnologias\\\\JsReportApp\\\\data\\\\Apps\\\\apps-data.txt'\n}","meta":{"userLevel":true,"rootId":"qunu2ljtpfvfcak","id":"qunu2ljtpfvfcak"},"id":"xjszpy66v9rqh6t","previousOperationId":"alz6s58r8z28uk9"}
{"type":"log","timestamp":1705518430950,"level":"debug","message":"(console:error) Error al obtener datos: [Error: ENOENT: no such file or directory, open 'C:\\Users\\juank\\Proyectos\\Tecnologias\\JsReportApp\\data\\Apps\\apps-data.txt'] {\n  errno: -4058,\n  code: 'ENOENT',\n  syscall: 'open',\n  path: 'C:\\\\Users\\\\juank\\\\Proyectos\\\\Tecnologias\\\\JsReportApp\\\\data\\\\Apps\\\\apps-data.txt'\n}","meta":{"userLevel":true,"rootId":"qunu2ljtpfvfcak","id":"qunu2ljtpfvfcak"},"id":"3t26vo78ke36kl6","previousOperationId":"alz6s58r8z28uk9"}
{"type":"operationEnd","operationId":"alz6s58r8z28uk9","timestamp":1705518430952,"id":"nhc4vyq0cl8rm2t","previousEventId":"7882tx0l9ycjfmk","previousOperationId":"8hgglkumk11nhi4"}
{"type":"operationEnd","operationId":"99lu9tj63ife64u","timestamp":1705518430952,"id":"m04fmru6djs41xz","previousEventId":"nhc4vyq0cl8rm2t","previousOperationId":"8hgglkumk11nhi4"}
{"type":"log","timestamp":1705518430952,"level":"debug","message":"Base url not specified, skipping its injection.","meta":{"rootId":"qunu2ljtpfvfcak","id":"qunu2ljtpfvfcak"},"id":"fugfp1gs7o5u6fw","previousOperationId":"99lu9tj63ife64u"}
{"type":"operationStart","subtype":"engine","name":"handlebars","timestamp":1705518430953,"id":"1k8f211oohdb4vm","previousEventId":"m04fmru6djs41xz","operationId":"jkqvy2gv2t7esbf","previousOperationId":"99lu9tj63ife64u"}
{"type":"log","timestamp":1705518430953,"level":"debug","message":"Rendering engine handlebars","meta":{"rootId":"qunu2ljtpfvfcak","id":"qunu2ljtpfvfcak"},"id":"f6xlda7aqce6y4s","previousOperationId":"jkqvy2gv2t7esbf"}
{"type":"operationEnd","operationId":"jkqvy2gv2t7esbf","timestamp":1705518430979,"id":"64ior7xv3pqf27l","previousEventId":"1k8f211oohdb4vm","previousOperationId":"jkqvy2gv2t7esbf"}
{"type":"operationStart","subtype":"recipe","name":"chrome-pdf","timestamp":1705518430980,"id":"z4fvc1o9ku0zzbv","previousEventId":"64ior7xv3pqf27l","operationId":"81ot8kdfw1oxkfz","previousOperationId":"jkqvy2gv2t7esbf"}
{"type":"log","timestamp":1705518430980,"level":"debug","message":"Executing recipe chrome-pdf","meta":{"rootId":"qunu2ljtpfvfcak","id":"qunu2ljtpfvfcak"},"id":"5d8exgu3deh5d0n","previousOperationId":"81ot8kdfw1oxkfz"}
{"type":"log","timestamp":1705518431230,"level":"debug","message":"Converting with chrome HeadlessChrome/117.0.5938.149 using chrome-pool strategy","meta":{"rootId":"qunu2ljtpfvfcak","id":"qunu2ljtpfvfcak"},"id":"p7s9a7luozx97nu","previousOperationId":"81ot8kdfw1oxkfz"}
{"type":"log","timestamp":1705518431442,"level":"debug","message":"Page request: GET (document) file:///C:/Users/juank/AppData/Local/Temp/jsreport/autocleanup/027a498b-3d8c-432b-8bfc-1faf20d12ac0-chrome-pdf.html","meta":{"rootId":"qunu2ljtpfvfcak","id":"qunu2ljtpfvfcak"},"id":"l2hach6c3u6mbsh","previousOperationId":"81ot8kdfw1oxkfz"}
{"type":"log","timestamp":1705518431457,"level":"debug","message":"Page request: GET (stylesheet) https://cdnjs.cloudflare.com/ajax/libs/metro/4.1.5/css/metro.min.css","meta":{"rootId":"qunu2ljtpfvfcak","id":"qunu2ljtpfvfcak"},"id":"iuzl6aaxoywwb9p","previousOperationId":"81ot8kdfw1oxkfz"}
{"type":"log","timestamp":1705518431458,"level":"debug","message":"Page request: GET (script) https://cdnjs.cloudflare.com/ajax/libs/Chart.js/2.7.2/Chart.min.js","meta":{"rootId":"qunu2ljtpfvfcak","id":"qunu2ljtpfvfcak"},"id":"r4l4zjfownf9qa3","previousOperationId":"81ot8kdfw1oxkfz"}
{"type":"log","timestamp":1705518431459,"level":"debug","message":"Page request finished: GET (document) 200 file:///C:/Users/juank/AppData/Local/Temp/jsreport/autocleanup/027a498b-3d8c-432b-8bfc-1faf20d12ac0-chrome-pdf.html","meta":{"rootId":"qunu2ljtpfvfcak","id":"qunu2ljtpfvfcak"},"id":"xph4eaxnihu6b5h","previousOperationId":"81ot8kdfw1oxkfz"}
{"type":"log","timestamp":1705518434991,"level":"debug","message":"Page request finished: GET (stylesheet) 200 https://cdnjs.cloudflare.com/ajax/libs/metro/4.1.5/css/metro.min.css","meta":{"rootId":"qunu2ljtpfvfcak","id":"qunu2ljtpfvfcak"},"id":"2nlt3q9l0v33eqr","previousOperationId":"81ot8kdfw1oxkfz"}
{"type":"log","timestamp":1705518435171,"level":"debug","message":"Page request finished: GET (script) 200 https://cdnjs.cloudflare.com/ajax/libs/Chart.js/2.7.2/Chart.min.js","meta":{"rootId":"qunu2ljtpfvfcak","id":"qunu2ljtpfvfcak"},"id":"j0yg2clpapc20v4","previousOperationId":"81ot8kdfw1oxkfz"}
{"type":"log","timestamp":1705518435184,"level":"debug","message":"Running chrome with params {\"printBackground\":true,\"timeout\":599922,\"margin\":{}}","meta":{"rootId":"qunu2ljtpfvfcak","id":"qunu2ljtpfvfcak"},"id":"5hqtlen4lt4slfw","previousOperationId":"81ot8kdfw1oxkfz"}
{"type":"operationEnd","operationId":"81ot8kdfw1oxkfz","timestamp":1705518435204,"id":"yvoa7isc6d93cjg","previousEventId":"z4fvc1o9ku0zzbv","previousOperationId":"81ot8kdfw1oxkfz"}
{"type":"log","timestamp":1705518435205,"level":"debug","message":"Skipping storing report.","meta":{"rootId":"qunu2ljtpfvfcak","id":"qunu2ljtpfvfcak"},"id":"iydxakn939kusul","previousOperationId":"81ot8kdfw1oxkfz"}
{"type":"log","timestamp":1705518435205,"level":"info","message":"Rendering request 11 finished in 4300 ms","meta":{"rootId":"qunu2ljtpfvfcak","id":"qunu2ljtpfvfcak"},"id":"u0ruro5u8w57krl","previousOperationId":"81ot8kdfw1oxkfz"}
{"type":"operationEnd","subtype":"render","operationId":"8hgglkumk11nhi4","timestamp":1705518435205,"id":"rvx7tw0w5bsrr7y","previousEventId":"yvoa7isc6d93cjg","previousOperationId":"81ot8kdfw1oxkfz"}
{"type":"operationEnd","doDiffs":false,"previousEventId":"1iydqwez9qngv7g","previousOperationId":"xtfryrkz3bj3gdu","operationId":"xtfryrkz3bj3gdu","timestamp":1705518435213,"id":"8b8pir8a0r2ivqc"}
