{"type":"operationStart","subtype":"profile","data":{"_id":"FQRuRJf5uOA7IQLv","timestamp":"2024-01-18T17:05:07.335Z","state":"queued","mode":"standard","creationDate":"2024-01-18T17:05:07.341Z","modificationDate":"2024-01-18T17:05:07.341Z","shortid":"oVfD-s0","$entitySet":"profiles"},"doDiffs":false,"timestamp":1705597507339,"id":"uvv57nwaawptp44","previousOperationId":null,"operationId":"762vmskl76aa8jd"}
{"type":"log","level":"info","message":"Render request 11 queued for execution and waiting for available worker","previousOperationId":"762vmskl76aa8jd","timestamp":1705597507339,"id":"36eypbsj9xky6sw"}
{"type":"operationStart","subtype":"render","name":"apps-main","previousOperationId":"762vmskl76aa8jd","timestamp":1705597507382,"id":"7q04q1emtp9mnw1","previousEventId":"uvv57nwaawptp44","operationId":"6y5om76dpg8638g"}
{"type":"log","timestamp":1705597507382,"level":"info","message":"Starting rendering request 11","meta":{"rootId":"rdd3vjmw749i4iq","id":"rdd3vjmw749i4iq"},"id":"nlhcjdsaeux9ofe","previousOperationId":"6y5om76dpg8638g"}
{"type":"log","timestamp":1705597507383,"level":"info","message":"Rendering template { name: apps-main, recipe: chrome-pdf, engine: handlebars, preview: true }","meta":{"rootId":"rdd3vjmw749i4iq","id":"rdd3vjmw749i4iq"},"id":"72l22q00rc3t6ga","previousOperationId":"6y5om76dpg8638g"}
{"type":"log","timestamp":1705597507384,"level":"debug","message":"Data item not defined for this template.","meta":{"rootId":"rdd3vjmw749i4iq","id":"rdd3vjmw749i4iq"},"id":"wwmrhfrrd05crhr","previousOperationId":"6y5om76dpg8638g"}
{"type":"log","timestamp":1705597507392,"level":"debug","message":"Executing script apps-script (beforeRender)","meta":{"rootId":"rdd3vjmw749i4iq","id":"rdd3vjmw749i4iq"},"id":"fbmcsrvpysjvk3h","previousOperationId":"6y5om76dpg8638g"}
{"type":"log","timestamp":1705597507414,"level":"debug","message":"Base url not specified, skipping its injection.","meta":{"rootId":"rdd3vjmw749i4iq","id":"rdd3vjmw749i4iq"},"id":"y3bd5q3ewm90pbn","previousOperationId":"6y5om76dpg8638g"}
{"type":"operationStart","subtype":"engine","name":"handlebars","timestamp":1705597507415,"id":"7xurrswccjtfm4j","previousEventId":"7q04q1emtp9mnw1","operationId":"agtxep24danto6a","previousOperationId":"6y5om76dpg8638g"}
{"type":"log","timestamp":1705597507415,"level":"debug","message":"Rendering engine handlebars","meta":{"rootId":"rdd3vjmw749i4iq","id":"rdd3vjmw749i4iq"},"id":"4nd8ua1x0zfm6t5","previousOperationId":"agtxep24danto6a"}
{"type":"operationEnd","operationId":"agtxep24danto6a","timestamp":1705597507441,"id":"fjdde0atjx4bcjw","previousEventId":"7xurrswccjtfm4j","previousOperationId":"agtxep24danto6a"}
{"type":"operationStart","subtype":"recipe","name":"chrome-pdf","timestamp":1705597507443,"id":"j790tbf2ymr0nx1","previousEventId":"fjdde0atjx4bcjw","operationId":"xiapzxnuv7qwdzh","previousOperationId":"agtxep24danto6a"}
{"type":"log","timestamp":1705597507443,"level":"debug","message":"Executing recipe chrome-pdf","meta":{"rootId":"rdd3vjmw749i4iq","id":"rdd3vjmw749i4iq"},"id":"mz2tszxcwx0viu8","previousOperationId":"xiapzxnuv7qwdzh"}
{"type":"log","timestamp":1705597507456,"level":"debug","message":"Converting with chrome HeadlessChrome/117.0.5938.149 using chrome-pool strategy","meta":{"rootId":"rdd3vjmw749i4iq","id":"rdd3vjmw749i4iq"},"id":"i5uo7dk89cp39df","previousOperationId":"xiapzxnuv7qwdzh"}
{"type":"log","timestamp":1705597507653,"level":"debug","message":"Page request: GET (document) file:///C:/Users/juank/AppData/Local/Temp/jsreport/autocleanup/ab8c9783-a480-427b-81b2-1f0cd815aea3-chrome-pdf.html","meta":{"rootId":"rdd3vjmw749i4iq","id":"rdd3vjmw749i4iq"},"id":"ssddmvetphyuzsi","previousOperationId":"xiapzxnuv7qwdzh"}
{"type":"log","timestamp":1705597507671,"level":"debug","message":"Page request finished: GET (document) 200 file:///C:/Users/juank/AppData/Local/Temp/jsreport/autocleanup/ab8c9783-a480-427b-81b2-1f0cd815aea3-chrome-pdf.html","meta":{"rootId":"rdd3vjmw749i4iq","id":"rdd3vjmw749i4iq"},"id":"6zd64o7bkyz1tx0","previousOperationId":"xiapzxnuv7qwdzh"}
{"type":"log","timestamp":1705597507671,"level":"debug","message":"Page request: GET (script) https://cdn.jsdelivr.net/npm/chart.js","meta":{"rootId":"rdd3vjmw749i4iq","id":"rdd3vjmw749i4iq"},"id":"yftppfk4q8dcykx","previousOperationId":"xiapzxnuv7qwdzh"}
{"type":"log","timestamp":1705597507680,"level":"debug","message":"Page request finished: GET (script) 200 https://cdn.jsdelivr.net/npm/chart.js","meta":{"rootId":"rdd3vjmw749i4iq","id":"rdd3vjmw749i4iq"},"id":"s2g8i87x4bef7kv","previousOperationId":"xiapzxnuv7qwdzh"}
{"type":"log","timestamp":1705597507760,"level":"debug","message":"Running chrome with params {\"printBackground\":true,\"timeout\":599882,\"margin\":{}}","meta":{"rootId":"rdd3vjmw749i4iq","id":"rdd3vjmw749i4iq"},"id":"6oer8kucl01693h","previousOperationId":"xiapzxnuv7qwdzh"}
{"type":"operationEnd","operationId":"xiapzxnuv7qwdzh","timestamp":1705597507810,"id":"8gl2s6lo9wih9nl","previousEventId":"j790tbf2ymr0nx1","previousOperationId":"xiapzxnuv7qwdzh"}
{"type":"log","timestamp":1705597507810,"level":"debug","message":"Skipping storing report.","meta":{"rootId":"rdd3vjmw749i4iq","id":"rdd3vjmw749i4iq"},"id":"yol2mbnkvz20jbf","previousOperationId":"xiapzxnuv7qwdzh"}
{"type":"log","timestamp":1705597507810,"level":"info","message":"Rendering request 11 finished in 475 ms","meta":{"rootId":"rdd3vjmw749i4iq","id":"rdd3vjmw749i4iq"},"id":"wsasyh2qyyd9tpn","previousOperationId":"xiapzxnuv7qwdzh"}
{"type":"operationEnd","subtype":"render","operationId":"6y5om76dpg8638g","timestamp":1705597507810,"id":"z9s0mh25v9os3q6","previousEventId":"8gl2s6lo9wih9nl","previousOperationId":"xiapzxnuv7qwdzh"}
{"type":"operationEnd","doDiffs":false,"previousEventId":"uvv57nwaawptp44","previousOperationId":"762vmskl76aa8jd","operationId":"762vmskl76aa8jd","timestamp":1705597507824,"id":"r1i1qo4xpew2uvb"}
