{"type":"operationStart","subtype":"profile","data":{"_id":"ZZTQTpBCkAOaMQG8","timestamp":"2024-01-17T19:07:34.686Z","state":"queued","mode":"standard","creationDate":"2024-01-17T19:07:34.690Z","modificationDate":"2024-01-17T19:07:34.690Z","shortid":"r8vbliq","$entitySet":"profiles"},"doDiffs":false,"timestamp":1705518454688,"id":"hx471gupbor0bf6","previousOperationId":null,"operationId":"r7f0qwo3pok85h3"}
{"type":"log","level":"info","message":"Render request 12 queued for execution and waiting for available worker","previousOperationId":"r7f0qwo3pok85h3","timestamp":1705518454689,"id":"58wr2ep004h0tgh"}
{"type":"operationStart","subtype":"render","name":"apps-main","previousOperationId":"r7f0qwo3pok85h3","timestamp":1705518454703,"id":"0fb9w4x28tcm957","previousEventId":"hx471gupbor0bf6","operationId":"yw21v96cgtxxicq"}
{"type":"log","timestamp":1705518454703,"level":"info","message":"Starting rendering request 12","meta":{"rootId":"rulkpppeopitbnt","id":"rulkpppeopitbnt"},"id":"ns8csh3u3gi53ii","previousOperationId":"yw21v96cgtxxicq"}
{"type":"log","timestamp":1705518454703,"level":"info","message":"Rendering template { name: apps-main, recipe: chrome-pdf, engine: handlebars, preview: true }","meta":{"rootId":"rulkpppeopitbnt","id":"rulkpppeopitbnt"},"id":"4ikox98ux8ba193","previousOperationId":"yw21v96cgtxxicq"}
{"type":"log","timestamp":1705518454704,"level":"debug","message":"Data item not defined for this template.","meta":{"rootId":"rulkpppeopitbnt","id":"rulkpppeopitbnt"},"id":"8a2ajzga9bgo2ij","previousOperationId":"yw21v96cgtxxicq"}
{"type":"log","timestamp":1705518454706,"level":"debug","message":"Executing script apps-script (beforeRender)","meta":{"rootId":"rulkpppeopitbnt","id":"rulkpppeopitbnt"},"id":"8idw98w8mzp02h4","previousOperationId":"yw21v96cgtxxicq"}
{"type":"operationStart","subtype":"scriptsBeforeRender","name":"scripts beforeRender","timestamp":1705518454723,"id":"h7kh6632oc95mg4","previousEventId":"0fb9w4x28tcm957","operationId":"30yzl79cjmc6ekl","previousOperationId":"yw21v96cgtxxicq"}
{"type":"operationStart","subtype":"script","name":"scripts apps-script","previousOperationId":"30yzl79cjmc6ekl","timestamp":1705518454724,"id":"awt7yztut8tdptb","previousEventId":"h7kh6632oc95mg4","operationId":"egfa3f87x8abty6"}
{"type":"log","timestamp":1705518454728,"level":"debug","message":"(console:error) Error al analizar el archivo JSON: [Error: EISDIR: illegal operation on a directory, read] {\n  errno: -4068,\n  code: 'EISDIR',\n  syscall: 'read'\n}","meta":{"userLevel":true,"rootId":"rulkpppeopitbnt","id":"rulkpppeopitbnt"},"id":"ex82cvnp8ovvhpe","previousOperationId":"egfa3f87x8abty6"}
{"type":"log","timestamp":1705518454728,"level":"debug","message":"(console:error) Error al obtener datos: [Error: EISDIR: illegal operation on a directory, read] {\n  errno: -4068,\n  code: 'EISDIR',\n  syscall: 'read'\n}","meta":{"userLevel":true,"rootId":"rulkpppeopitbnt","id":"rulkpppeopitbnt"},"id":"1zkyu6g2pgwej1c","previousOperationId":"egfa3f87x8abty6"}
{"type":"operationEnd","operationId":"egfa3f87x8abty6","timestamp":1705518454729,"id":"wu0xg43rezv1en5","previousEventId":"0fb9w4x28tcm957","previousOperationId":"yw21v96cgtxxicq"}
{"type":"operationEnd","operationId":"30yzl79cjmc6ekl","timestamp":1705518454729,"id":"dxiu9iilv8tkvwx","previousEventId":"wu0xg43rezv1en5","previousOperationId":"yw21v96cgtxxicq"}
{"type":"log","timestamp":1705518454730,"level":"debug","message":"Base url not specified, skipping its injection.","meta":{"rootId":"rulkpppeopitbnt","id":"rulkpppeopitbnt"},"id":"p0xicuf2kavrhw5","previousOperationId":"30yzl79cjmc6ekl"}
{"type":"operationStart","subtype":"engine","name":"handlebars","timestamp":1705518454730,"id":"x49yr5jl8zsdsgq","previousEventId":"dxiu9iilv8tkvwx","operationId":"csqjyb3v30pbxym","previousOperationId":"30yzl79cjmc6ekl"}
{"type":"log","timestamp":1705518454730,"level":"debug","message":"Rendering engine handlebars","meta":{"rootId":"rulkpppeopitbnt","id":"rulkpppeopitbnt"},"id":"2dn4mf5pwaga5d3","previousOperationId":"csqjyb3v30pbxym"}
{"type":"operationEnd","operationId":"csqjyb3v30pbxym","timestamp":1705518454752,"id":"qxu81e6e3dygx7h","previousEventId":"x49yr5jl8zsdsgq","previousOperationId":"csqjyb3v30pbxym"}
{"type":"operationStart","subtype":"recipe","name":"chrome-pdf","timestamp":1705518454752,"id":"vuhbcu5e33q9brn","previousEventId":"qxu81e6e3dygx7h","operationId":"88mf9rcph6tcr3g","previousOperationId":"csqjyb3v30pbxym"}
{"type":"log","timestamp":1705518454752,"level":"debug","message":"Executing recipe chrome-pdf","meta":{"rootId":"rulkpppeopitbnt","id":"rulkpppeopitbnt"},"id":"yvkbcj60dcyrt81","previousOperationId":"88mf9rcph6tcr3g"}
{"type":"log","timestamp":1705518454967,"level":"debug","message":"Converting with chrome HeadlessChrome/117.0.5938.149 using chrome-pool strategy","meta":{"rootId":"rulkpppeopitbnt","id":"rulkpppeopitbnt"},"id":"9aw0725iepum072","previousOperationId":"88mf9rcph6tcr3g"}
{"type":"log","timestamp":1705518455191,"level":"debug","message":"Page request: GET (document) file:///C:/Users/juank/AppData/Local/Temp/jsreport/autocleanup/7cfd9722-cc0f-454b-b525-dadbc6fe66fd-chrome-pdf.html","meta":{"rootId":"rulkpppeopitbnt","id":"rulkpppeopitbnt"},"id":"w6d035wvahfrd3o","previousOperationId":"88mf9rcph6tcr3g"}
{"type":"log","timestamp":1705518455203,"level":"debug","message":"Page request: GET (stylesheet) https://cdnjs.cloudflare.com/ajax/libs/metro/4.1.5/css/metro.min.css","meta":{"rootId":"rulkpppeopitbnt","id":"rulkpppeopitbnt"},"id":"gpfa5e0bndjjw77","previousOperationId":"88mf9rcph6tcr3g"}
{"type":"log","timestamp":1705518455204,"level":"debug","message":"Page request: GET (script) https://cdnjs.cloudflare.com/ajax/libs/Chart.js/2.7.2/Chart.min.js","meta":{"rootId":"rulkpppeopitbnt","id":"rulkpppeopitbnt"},"id":"rjzbt2s7cg5sdqy","previousOperationId":"88mf9rcph6tcr3g"}
{"type":"log","timestamp":1705518455204,"level":"debug","message":"Page request finished: GET (document) 200 file:///C:/Users/juank/AppData/Local/Temp/jsreport/autocleanup/7cfd9722-cc0f-454b-b525-dadbc6fe66fd-chrome-pdf.html","meta":{"rootId":"rulkpppeopitbnt","id":"rulkpppeopitbnt"},"id":"8cio86w9upkugua","previousOperationId":"88mf9rcph6tcr3g"}
{"type":"log","timestamp":1705518455420,"level":"debug","message":"Page request finished: GET (stylesheet) 200 https://cdnjs.cloudflare.com/ajax/libs/metro/4.1.5/css/metro.min.css","meta":{"rootId":"rulkpppeopitbnt","id":"rulkpppeopitbnt"},"id":"4qaom05r33f0a0l","previousOperationId":"88mf9rcph6tcr3g"}
{"type":"log","timestamp":1705518455427,"level":"debug","message":"Page request finished: GET (script) 200 https://cdnjs.cloudflare.com/ajax/libs/Chart.js/2.7.2/Chart.min.js","meta":{"rootId":"rulkpppeopitbnt","id":"rulkpppeopitbnt"},"id":"3ed3jm802065m4j","previousOperationId":"88mf9rcph6tcr3g"}
{"type":"log","timestamp":1705518455442,"level":"debug","message":"Running chrome with params {\"printBackground\":true,\"timeout\":599931,\"margin\":{}}","meta":{"rootId":"rulkpppeopitbnt","id":"rulkpppeopitbnt"},"id":"srsknanlzmwk2yc","previousOperationId":"88mf9rcph6tcr3g"}
{"type":"operationEnd","operationId":"88mf9rcph6tcr3g","timestamp":1705518455465,"id":"72ybruhbd998r6y","previousEventId":"vuhbcu5e33q9brn","previousOperationId":"88mf9rcph6tcr3g"}
{"type":"log","timestamp":1705518455465,"level":"debug","message":"Skipping storing report.","meta":{"rootId":"rulkpppeopitbnt","id":"rulkpppeopitbnt"},"id":"uyxvdogbxg6msah","previousOperationId":"88mf9rcph6tcr3g"}
{"type":"log","timestamp":1705518455466,"level":"info","message":"Rendering request 12 finished in 780 ms","meta":{"rootId":"rulkpppeopitbnt","id":"rulkpppeopitbnt"},"id":"vuxc2q7yb4gude8","previousOperationId":"88mf9rcph6tcr3g"}
{"type":"operationEnd","subtype":"render","operationId":"yw21v96cgtxxicq","timestamp":1705518455466,"id":"ubz57tjonwoezub","previousEventId":"72ybruhbd998r6y","previousOperationId":"88mf9rcph6tcr3g"}
{"type":"operationEnd","doDiffs":false,"previousEventId":"hx471gupbor0bf6","previousOperationId":"r7f0qwo3pok85h3","operationId":"r7f0qwo3pok85h3","timestamp":1705518455473,"id":"a4jynx0p6amqnjm"}
