{"type":"operationStart","subtype":"profile","data":{"_id":"41s7S6bFzlpA5kZH","timestamp":"2024-01-18T17:10:50.194Z","state":"queued","mode":"standard","creationDate":"2024-01-18T17:10:50.200Z","modificationDate":"2024-01-18T17:10:50.200Z","shortid":"BQi_2Zk","$entitySet":"profiles"},"doDiffs":false,"timestamp":1705597850196,"id":"2v5qyxir181371o","previousOperationId":null,"operationId":"oq09jiykbgbsc5i"}
{"type":"log","level":"info","message":"Render request 15 queued for execution and waiting for available worker","previousOperationId":"oq09jiykbgbsc5i","timestamp":1705597850196,"id":"8lalqlkjsitaiuz"}
{"type":"operationStart","subtype":"render","name":"apps-main","previousOperationId":"oq09jiykbgbsc5i","timestamp":1705597850221,"id":"by2baieinu8vcjn","previousEventId":"2v5qyxir181371o","operationId":"pltycr3pnqjpeum"}
{"type":"log","timestamp":1705597850221,"level":"info","message":"Starting rendering request 15","meta":{"rootId":"scl6ve8yng4gbwq","id":"scl6ve8yng4gbwq"},"id":"tifiw8c3id5mczk","previousOperationId":"pltycr3pnqjpeum"}
{"type":"log","timestamp":1705597850221,"level":"info","message":"Rendering template { name: apps-main, recipe: chrome-pdf, engine: handlebars, preview: true }","meta":{"rootId":"scl6ve8yng4gbwq","id":"scl6ve8yng4gbwq"},"id":"85ky9dmaitp2dqh","previousOperationId":"pltycr3pnqjpeum"}
{"type":"log","timestamp":1705597850222,"level":"debug","message":"Data item not defined for this template.","meta":{"rootId":"scl6ve8yng4gbwq","id":"scl6ve8yng4gbwq"},"id":"za41t350wezi1f5","previousOperationId":"pltycr3pnqjpeum"}
{"type":"log","timestamp":1705597850228,"level":"debug","message":"Executing script apps-script (beforeRender)","meta":{"rootId":"scl6ve8yng4gbwq","id":"scl6ve8yng4gbwq"},"id":"0x1nmyjzg30rwgg","previousOperationId":"pltycr3pnqjpeum"}
{"type":"log","timestamp":1705597850237,"level":"debug","message":"Base url not specified, skipping its injection.","meta":{"rootId":"scl6ve8yng4gbwq","id":"scl6ve8yng4gbwq"},"id":"f4586n25kvrarpi","previousOperationId":"pltycr3pnqjpeum"}
{"type":"operationStart","subtype":"engine","name":"handlebars","timestamp":1705597850237,"id":"usbooaxdqx1nb7o","previousEventId":"by2baieinu8vcjn","operationId":"ytd5jsy8fah888x","previousOperationId":"pltycr3pnqjpeum"}
{"type":"log","timestamp":1705597850237,"level":"debug","message":"Rendering engine handlebars","meta":{"rootId":"scl6ve8yng4gbwq","id":"scl6ve8yng4gbwq"},"id":"szseolkrr72fnlq","previousOperationId":"ytd5jsy8fah888x"}
{"type":"operationEnd","operationId":"ytd5jsy8fah888x","timestamp":1705597850250,"id":"wvja6fenbi0hm0x","previousEventId":"usbooaxdqx1nb7o","previousOperationId":"ytd5jsy8fah888x"}
{"type":"operationStart","subtype":"recipe","name":"chrome-pdf","timestamp":1705597850250,"id":"h1na1a6h7c2swk7","previousEventId":"wvja6fenbi0hm0x","operationId":"ic42ll1xryak7pq","previousOperationId":"ytd5jsy8fah888x"}
{"type":"log","timestamp":1705597850250,"level":"debug","message":"Executing recipe chrome-pdf","meta":{"rootId":"scl6ve8yng4gbwq","id":"scl6ve8yng4gbwq"},"id":"p84rvyhzbpqem47","previousOperationId":"ic42ll1xryak7pq"}
{"type":"log","timestamp":1705597850254,"level":"debug","message":"Converting with chrome HeadlessChrome/117.0.5938.149 using chrome-pool strategy","meta":{"rootId":"scl6ve8yng4gbwq","id":"scl6ve8yng4gbwq"},"id":"octv3bb62g2upfn","previousOperationId":"ic42ll1xryak7pq"}
{"type":"log","timestamp":1705597850415,"level":"debug","message":"Page request: GET (document) file:///C:/Users/juank/AppData/Local/Temp/jsreport/autocleanup/4ad0e08a-c188-492d-8557-9d575d801dac-chrome-pdf.html","meta":{"rootId":"scl6ve8yng4gbwq","id":"scl6ve8yng4gbwq"},"id":"4aezu31xgf11yt3","previousOperationId":"ic42ll1xryak7pq"}
{"type":"log","timestamp":1705597850424,"level":"debug","message":"Page request: GET (script) https://cdn.jsdelivr.net/npm/chart.js","meta":{"rootId":"scl6ve8yng4gbwq","id":"scl6ve8yng4gbwq"},"id":"w436dw8u6o9ngyb","previousOperationId":"ic42ll1xryak7pq"}
{"type":"log","timestamp":1705597850424,"level":"debug","message":"Page request finished: GET (document) 200 file:///C:/Users/juank/AppData/Local/Temp/jsreport/autocleanup/4ad0e08a-c188-492d-8557-9d575d801dac-chrome-pdf.html","meta":{"rootId":"scl6ve8yng4gbwq","id":"scl6ve8yng4gbwq"},"id":"1ykhisxe2we1co7","previousOperationId":"ic42ll1xryak7pq"}
{"type":"log","timestamp":1705597850431,"level":"debug","message":"Page request finished: GET (script) 200 https://cdn.jsdelivr.net/npm/chart.js","meta":{"rootId":"scl6ve8yng4gbwq","id":"scl6ve8yng4gbwq"},"id":"h3r8wol1550j15h","previousOperationId":"ic42ll1xryak7pq"}
{"type":"log","timestamp":1705597850491,"level":"debug","message":"Running chrome with params {\"printBackground\":true,\"timeout\":599941,\"margin\":{}}","meta":{"rootId":"scl6ve8yng4gbwq","id":"scl6ve8yng4gbwq"},"id":"4j0fxxz1ujwcw4g","previousOperationId":"ic42ll1xryak7pq"}
{"type":"operationEnd","operationId":"ic42ll1xryak7pq","timestamp":1705597850519,"id":"o6qp282zdn59xea","previousEventId":"h1na1a6h7c2swk7","previousOperationId":"ic42ll1xryak7pq"}
{"type":"log","timestamp":1705597850519,"level":"debug","message":"Skipping storing report.","meta":{"rootId":"scl6ve8yng4gbwq","id":"scl6ve8yng4gbwq"},"id":"mwrckzddf7w78bi","previousOperationId":"ic42ll1xryak7pq"}
{"type":"log","timestamp":1705597850519,"level":"info","message":"Rendering request 15 finished in 325 ms","meta":{"rootId":"scl6ve8yng4gbwq","id":"scl6ve8yng4gbwq"},"id":"incu6pny04rgh8s","previousOperationId":"ic42ll1xryak7pq"}
{"type":"operationEnd","subtype":"render","operationId":"pltycr3pnqjpeum","timestamp":1705597850519,"id":"x7hxv3pmanicuww","previousEventId":"o6qp282zdn59xea","previousOperationId":"ic42ll1xryak7pq"}
{"type":"operationEnd","doDiffs":false,"previousEventId":"2v5qyxir181371o","previousOperationId":"oq09jiykbgbsc5i","operationId":"oq09jiykbgbsc5i","timestamp":1705597850528,"id":"yjeekva24rt79sg"}
