{"type":"operationStart","subtype":"profile","data":{"_id":"I6s8la7ChVZPH6bb","timestamp":"2024-01-18T17:05:19.380Z","state":"queued","mode":"standard","creationDate":"2024-01-18T17:05:19.386Z","modificationDate":"2024-01-18T17:05:19.386Z","shortid":"EqLA-Rw","$entitySet":"profiles"},"doDiffs":false,"timestamp":1705597519384,"id":"asikxxjrz9wnura","previousOperationId":null,"operationId":"90bp4osghzjn849"}
{"type":"log","level":"info","message":"Render request 12 queued for execution and waiting for available worker","previousOperationId":"90bp4osghzjn849","timestamp":1705597519384,"id":"bv4lssmdpswz58n"}
{"type":"operationStart","subtype":"render","name":"apps-main","previousOperationId":"90bp4osghzjn849","timestamp":1705597519410,"id":"v4xajgz9scubljk","previousEventId":"asikxxjrz9wnura","operationId":"dzdwzxnirxlz61n"}
{"type":"log","timestamp":1705597519410,"level":"info","message":"Starting rendering request 12","meta":{"rootId":"scpn9c74yt67tov","id":"scpn9c74yt67tov"},"id":"mey7g7ndk5cwjew","previousOperationId":"dzdwzxnirxlz61n"}
{"type":"log","timestamp":1705597519410,"level":"info","message":"Rendering template { name: apps-main, recipe: chrome-pdf, engine: handlebars, preview: true }","meta":{"rootId":"scpn9c74yt67tov","id":"scpn9c74yt67tov"},"id":"jfkgg1m0ui876lu","previousOperationId":"dzdwzxnirxlz61n"}
{"type":"log","timestamp":1705597519411,"level":"debug","message":"Data item not defined for this template.","meta":{"rootId":"scpn9c74yt67tov","id":"scpn9c74yt67tov"},"id":"77vakol331catel","previousOperationId":"dzdwzxnirxlz61n"}
{"type":"log","timestamp":1705597519421,"level":"debug","message":"Executing script apps-script (beforeRender)","meta":{"rootId":"scpn9c74yt67tov","id":"scpn9c74yt67tov"},"id":"l1rozk0v16tbqb9","previousOperationId":"dzdwzxnirxlz61n"}
{"type":"log","timestamp":1705597519442,"level":"debug","message":"Base url not specified, skipping its injection.","meta":{"rootId":"scpn9c74yt67tov","id":"scpn9c74yt67tov"},"id":"0877ehr750gyhkw","previousOperationId":"dzdwzxnirxlz61n"}
{"type":"operationStart","subtype":"engine","name":"handlebars","timestamp":1705597519443,"id":"c3d3j125ctcpd9i","previousEventId":"v4xajgz9scubljk","operationId":"zoyrh8l1t5fcvgr","previousOperationId":"dzdwzxnirxlz61n"}
{"type":"log","timestamp":1705597519443,"level":"debug","message":"Rendering engine handlebars","meta":{"rootId":"scpn9c74yt67tov","id":"scpn9c74yt67tov"},"id":"9dy2qsw3fp80zjd","previousOperationId":"zoyrh8l1t5fcvgr"}
{"type":"operationEnd","operationId":"zoyrh8l1t5fcvgr","timestamp":1705597519462,"id":"g796qgz37octvep","previousEventId":"c3d3j125ctcpd9i","previousOperationId":"zoyrh8l1t5fcvgr"}
{"type":"operationStart","subtype":"recipe","name":"chrome-pdf","timestamp":1705597519462,"id":"rrk2rabc5xjtcsk","previousEventId":"g796qgz37octvep","operationId":"6vaunk696ihwh8m","previousOperationId":"zoyrh8l1t5fcvgr"}
{"type":"log","timestamp":1705597519462,"level":"debug","message":"Executing recipe chrome-pdf","meta":{"rootId":"scpn9c74yt67tov","id":"scpn9c74yt67tov"},"id":"ex3zrh16c4llmxl","previousOperationId":"6vaunk696ihwh8m"}
{"type":"log","timestamp":1705597519467,"level":"debug","message":"Converting with chrome HeadlessChrome/117.0.5938.149 using chrome-pool strategy","meta":{"rootId":"scpn9c74yt67tov","id":"scpn9c74yt67tov"},"id":"doerzfoe5dwlb4e","previousOperationId":"6vaunk696ihwh8m"}
{"type":"log","timestamp":1705597519678,"level":"debug","message":"Page request: GET (document) file:///C:/Users/juank/AppData/Local/Temp/jsreport/autocleanup/5c4b2e00-50d1-488d-b7e2-6ff8f395475f-chrome-pdf.html","meta":{"rootId":"scpn9c74yt67tov","id":"scpn9c74yt67tov"},"id":"tt4xy1m36jtaxia","previousOperationId":"6vaunk696ihwh8m"}
{"type":"log","timestamp":1705597519696,"level":"debug","message":"Page request: GET (script) https://cdn.jsdelivr.net/npm/chart.js","meta":{"rootId":"scpn9c74yt67tov","id":"scpn9c74yt67tov"},"id":"soczja6665z03h1","previousOperationId":"6vaunk696ihwh8m"}
{"type":"log","timestamp":1705597519697,"level":"debug","message":"Page request finished: GET (document) 200 file:///C:/Users/juank/AppData/Local/Temp/jsreport/autocleanup/5c4b2e00-50d1-488d-b7e2-6ff8f395475f-chrome-pdf.html","meta":{"rootId":"scpn9c74yt67tov","id":"scpn9c74yt67tov"},"id":"j3kevimmlbn7kg4","previousOperationId":"6vaunk696ihwh8m"}
{"type":"log","timestamp":1705597519708,"level":"debug","message":"Page request finished: GET (script) 200 https://cdn.jsdelivr.net/npm/chart.js","meta":{"rootId":"scpn9c74yt67tov","id":"scpn9c74yt67tov"},"id":"qtzamp63mmh5gve","previousOperationId":"6vaunk696ihwh8m"}
{"type":"log","timestamp":1705597519784,"level":"debug","message":"Running chrome with params {\"printBackground\":true,\"timeout\":599913,\"margin\":{}}","meta":{"rootId":"scpn9c74yt67tov","id":"scpn9c74yt67tov"},"id":"m1jxq7nnu0pm5sv","previousOperationId":"6vaunk696ihwh8m"}
{"type":"operationEnd","operationId":"6vaunk696ihwh8m","timestamp":1705597519820,"id":"2k75d3eky65wwlb","previousEventId":"rrk2rabc5xjtcsk","previousOperationId":"6vaunk696ihwh8m"}
{"type":"log","timestamp":1705597519820,"level":"debug","message":"Skipping storing report.","meta":{"rootId":"scpn9c74yt67tov","id":"scpn9c74yt67tov"},"id":"lipxf640eaykt0x","previousOperationId":"6vaunk696ihwh8m"}
{"type":"log","timestamp":1705597519820,"level":"info","message":"Rendering request 12 finished in 441 ms","meta":{"rootId":"scpn9c74yt67tov","id":"scpn9c74yt67tov"},"id":"oqa9yef3nt28xhm","previousOperationId":"6vaunk696ihwh8m"}
{"type":"operationEnd","subtype":"render","operationId":"dzdwzxnirxlz61n","timestamp":1705597519820,"id":"gz147b9u74rbqjl","previousEventId":"2k75d3eky65wwlb","previousOperationId":"6vaunk696ihwh8m"}
{"type":"operationEnd","doDiffs":false,"previousEventId":"asikxxjrz9wnura","previousOperationId":"90bp4osghzjn849","operationId":"90bp4osghzjn849","timestamp":1705597519843,"id":"9lvciaxzsisad0a"}
