{"type":"operationStart","subtype":"profile","data":{"_id":"k1nch9xzryEvL1kl","timestamp":"2024-01-31T23:00:19.794Z","state":"queued","mode":"standard","creationDate":"2024-01-31T23:00:19.796Z","modificationDate":"2024-01-31T23:00:19.796Z","shortid":"icCGIAI","$entitySet":"profiles"},"doDiffs":false,"timestamp":1706742019795,"id":"mf795zx2nawwbh1","previousOperationId":null,"operationId":"snxjadtpugkgpav"}
{"type":"log","level":"info","message":"Render request 6 queued for execution and waiting for available worker","previousOperationId":"snxjadtpugkgpav","timestamp":1706742019795,"id":"naw5gvm40vcbaz9"}
{"type":"operationStart","subtype":"render","name":"apps-main","previousOperationId":"snxjadtpugkgpav","timestamp":1706742019811,"id":"o40xd3l56f6j8a1","previousEventId":"mf795zx2nawwbh1","operationId":"et4rvwvrqe98n65"}
{"type":"log","timestamp":1706742019812,"level":"info","message":"Starting rendering request 6","meta":{"rootId":"t496aoo0mlp2t2f","id":"t496aoo0mlp2t2f"},"id":"ikwsldrjc0uqdcf","previousOperationId":"et4rvwvrqe98n65"}
{"type":"log","timestamp":1706742019812,"level":"info","message":"Rendering template { name: apps-main, recipe: chrome-pdf, engine: handlebars, preview: false }","meta":{"rootId":"t496aoo0mlp2t2f","id":"t496aoo0mlp2t2f"},"id":"p0r0e9opugnu21g","previousOperationId":"et4rvwvrqe98n65"}
{"type":"log","timestamp":1706742019813,"level":"debug","message":"Inline data specified.","meta":{"rootId":"t496aoo0mlp2t2f","id":"t496aoo0mlp2t2f"},"id":"w03fp4ital47h44","previousOperationId":"et4rvwvrqe98n65"}
{"type":"log","timestamp":1706742019819,"level":"debug","message":"Executing script apps-script (beforeRender)","meta":{"rootId":"t496aoo0mlp2t2f","id":"t496aoo0mlp2t2f"},"id":"82k9ztrd0kii0x2","previousOperationId":"et4rvwvrqe98n65"}
{"type":"log","timestamp":1706742019829,"level":"debug","message":"Base url not specified, skipping its injection.","meta":{"rootId":"t496aoo0mlp2t2f","id":"t496aoo0mlp2t2f"},"id":"o3kudaghz76mg0c","previousOperationId":"et4rvwvrqe98n65"}
{"type":"operationStart","subtype":"engine","name":"handlebars","timestamp":1706742019829,"id":"cu5mohjbnyrpa6a","previousEventId":"o40xd3l56f6j8a1","operationId":"s5p00zixgpe90b6","previousOperationId":"et4rvwvrqe98n65"}
{"type":"log","timestamp":1706742019829,"level":"debug","message":"Rendering engine handlebars","meta":{"rootId":"t496aoo0mlp2t2f","id":"t496aoo0mlp2t2f"},"id":"0ino3pllbvftse5","previousOperationId":"s5p00zixgpe90b6"}
{"type":"operationEnd","operationId":"s5p00zixgpe90b6","timestamp":1706742019839,"id":"cr1oa5qqg98k696","previousEventId":"cu5mohjbnyrpa6a","previousOperationId":"s5p00zixgpe90b6"}
{"type":"operationStart","subtype":"recipe","name":"chrome-pdf","timestamp":1706742019839,"id":"ngngsdolaukxd8y","previousEventId":"cr1oa5qqg98k696","operationId":"x2dwbb79vceiq67","previousOperationId":"s5p00zixgpe90b6"}
{"type":"log","timestamp":1706742019839,"level":"debug","message":"Executing recipe chrome-pdf","meta":{"rootId":"t496aoo0mlp2t2f","id":"t496aoo0mlp2t2f"},"id":"3yezlra1fg1y3z3","previousOperationId":"x2dwbb79vceiq67"}
{"type":"log","timestamp":1706742019843,"level":"debug","message":"Converting with chrome HeadlessChrome/117.0.5938.149 using chrome-pool strategy","meta":{"rootId":"t496aoo0mlp2t2f","id":"t496aoo0mlp2t2f"},"id":"pyp4p9xzxcc3vmi","previousOperationId":"x2dwbb79vceiq67"}
{"type":"log","timestamp":1706742019995,"level":"debug","message":"Page request: GET (document) file:///C:/Users/juank/AppData/Local/Temp/jsreport/autocleanup/938aae15-195f-47f6-ad17-b8db9db08a25-chrome-pdf.html","meta":{"rootId":"t496aoo0mlp2t2f","id":"t496aoo0mlp2t2f"},"id":"8bygvbdif5f14s4","previousOperationId":"x2dwbb79vceiq67"}
{"type":"log","timestamp":1706742020011,"level":"debug","message":"Page request finished: GET (document) 200 file:///C:/Users/juank/AppData/Local/Temp/jsreport/autocleanup/938aae15-195f-47f6-ad17-b8db9db08a25-chrome-pdf.html","meta":{"rootId":"t496aoo0mlp2t2f","id":"t496aoo0mlp2t2f"},"id":"6ctg0a0cpf0wxgq","previousOperationId":"x2dwbb79vceiq67"}
{"type":"log","timestamp":1706742020012,"level":"debug","message":"Page request: GET (script) https://cdn.jsdelivr.net/npm/chart.js","meta":{"rootId":"t496aoo0mlp2t2f","id":"t496aoo0mlp2t2f"},"id":"l8i86v3gtfhx51g","previousOperationId":"x2dwbb79vceiq67"}
{"type":"log","timestamp":1706742020018,"level":"debug","message":"Page request finished: GET (script) 200 https://cdn.jsdelivr.net/npm/chart.js","meta":{"rootId":"t496aoo0mlp2t2f","id":"t496aoo0mlp2t2f"},"id":"rcbe7n7ravku673","previousOperationId":"x2dwbb79vceiq67"}
{"type":"log","timestamp":1706742020094,"level":"debug","message":"Page request: GET (image) file:///C:/Users/juank/AppData/Local/Temp/jsreport/autocleanup/1702583747.png","meta":{"rootId":"t496aoo0mlp2t2f","id":"t496aoo0mlp2t2f"},"id":"9mqt6xp0i8vf6nh","previousOperationId":"x2dwbb79vceiq67"}
{"type":"log","timestamp":1706742020095,"level":"debug","message":"Page request: GET (image) file:///C:/Users/juank/AppData/Local/Temp/jsreport/autocleanup/1702581234.jpg","meta":{"rootId":"t496aoo0mlp2t2f","id":"t496aoo0mlp2t2f"},"id":"882zc0xbvehesgx","previousOperationId":"x2dwbb79vceiq67"}
{"type":"log","timestamp":1706742020095,"level":"debug","message":"Page request: GET (image) file:///C:/Users/juank/AppData/Local/Temp/jsreport/autocleanup/1702583822.png","meta":{"rootId":"t496aoo0mlp2t2f","id":"t496aoo0mlp2t2f"},"id":"9yu3t0qg5wnrfmo","previousOperationId":"x2dwbb79vceiq67"}
{"type":"log","timestamp":1706742020096,"level":"debug","message":"Page request: GET (image) file:///C:/Users/juank/AppData/Local/Temp/jsreport/autocleanup/1702584040.png","meta":{"rootId":"t496aoo0mlp2t2f","id":"t496aoo0mlp2t2f"},"id":"ncv3etxiywgbs06","previousOperationId":"x2dwbb79vceiq67"}
{"type":"log","timestamp":1706742020097,"level":"debug","message":"Page request: GET (image) file:///C:/Users/juank/AppData/Local/Temp/jsreport/autocleanup/1702658124.png","meta":{"rootId":"t496aoo0mlp2t2f","id":"t496aoo0mlp2t2f"},"id":"up0rwg0jhys5iza","previousOperationId":"x2dwbb79vceiq67"}
{"type":"log","timestamp":1706742020104,"level":"warn","message":"Page request failed: GET (image) file:///C:/Users/juank/AppData/Local/Temp/jsreport/autocleanup/1702583747.png, failure: net::ERR_FILE_NOT_FOUND","meta":{"rootId":"t496aoo0mlp2t2f","id":"t496aoo0mlp2t2f"},"id":"0cg4gjygb35q0bb","previousOperationId":"x2dwbb79vceiq67"}
{"type":"log","timestamp":1706742020104,"level":"debug","message":"(console:error) Failed to load resource: net::ERR_FILE_NOT_FOUND","meta":{"userLevel":true,"rootId":"t496aoo0mlp2t2f","id":"t496aoo0mlp2t2f"},"id":"8yk79u982cnsao3","previousOperationId":"x2dwbb79vceiq67"}
{"type":"log","timestamp":1706742020104,"level":"warn","message":"Page request failed: GET (image) file:///C:/Users/juank/AppData/Local/Temp/jsreport/autocleanup/1702581234.jpg, failure: net::ERR_FILE_NOT_FOUND","meta":{"rootId":"t496aoo0mlp2t2f","id":"t496aoo0mlp2t2f"},"id":"6juqp15klj910ph","previousOperationId":"x2dwbb79vceiq67"}
{"type":"log","timestamp":1706742020104,"level":"debug","message":"(console:error) Failed to load resource: net::ERR_FILE_NOT_FOUND","meta":{"userLevel":true,"rootId":"t496aoo0mlp2t2f","id":"t496aoo0mlp2t2f"},"id":"cou5msygrs90a1t","previousOperationId":"x2dwbb79vceiq67"}
{"type":"log","timestamp":1706742020104,"level":"warn","message":"Page request failed: GET (image) file:///C:/Users/juank/AppData/Local/Temp/jsreport/autocleanup/1702583822.png, failure: net::ERR_FILE_NOT_FOUND","meta":{"rootId":"t496aoo0mlp2t2f","id":"t496aoo0mlp2t2f"},"id":"e03x2xxufwruu9a","previousOperationId":"x2dwbb79vceiq67"}
{"type":"log","timestamp":1706742020105,"level":"debug","message":"(console:error) Failed to load resource: net::ERR_FILE_NOT_FOUND","meta":{"userLevel":true,"rootId":"t496aoo0mlp2t2f","id":"t496aoo0mlp2t2f"},"id":"8qhe0xtsurc5umn","previousOperationId":"x2dwbb79vceiq67"}
{"type":"log","timestamp":1706742020106,"level":"warn","message":"Page request failed: GET (image) file:///C:/Users/juank/AppData/Local/Temp/jsreport/autocleanup/1702584040.png, failure: net::ERR_FILE_NOT_FOUND","meta":{"rootId":"t496aoo0mlp2t2f","id":"t496aoo0mlp2t2f"},"id":"2qjhfvsloo49al6","previousOperationId":"x2dwbb79vceiq67"}
{"type":"log","timestamp":1706742020106,"level":"debug","message":"(console:error) Failed to load resource: net::ERR_FILE_NOT_FOUND","meta":{"userLevel":true,"rootId":"t496aoo0mlp2t2f","id":"t496aoo0mlp2t2f"},"id":"aqipwokdumotl3x","previousOperationId":"x2dwbb79vceiq67"}
{"type":"log","timestamp":1706742020107,"level":"warn","message":"Page request failed: GET (image) file:///C:/Users/juank/AppData/Local/Temp/jsreport/autocleanup/1702658124.png, failure: net::ERR_FILE_NOT_FOUND","meta":{"rootId":"t496aoo0mlp2t2f","id":"t496aoo0mlp2t2f"},"id":"d5l65pbpzwa03k3","previousOperationId":"x2dwbb79vceiq67"}
{"type":"log","timestamp":1706742020107,"level":"debug","message":"(console:error) Failed to load resource: net::ERR_FILE_NOT_FOUND","meta":{"userLevel":true,"rootId":"t496aoo0mlp2t2f","id":"t496aoo0mlp2t2f"},"id":"t17lbr5sar1j27v","previousOperationId":"x2dwbb79vceiq67"}
{"type":"log","timestamp":1706742020115,"level":"debug","message":"Running chrome with params {\"printBackground\":true,\"timeout\":599952,\"margin\":{}}","meta":{"rootId":"t496aoo0mlp2t2f","id":"t496aoo0mlp2t2f"},"id":"0wb1h82s0lab0m1","previousOperationId":"x2dwbb79vceiq67"}
{"type":"operationEnd","operationId":"x2dwbb79vceiq67","timestamp":1706742020203,"id":"yauby20nkib2hzo","previousEventId":"ngngsdolaukxd8y","previousOperationId":"x2dwbb79vceiq67"}
{"type":"log","timestamp":1706742020203,"level":"debug","message":"Skipping storing report.","meta":{"rootId":"t496aoo0mlp2t2f","id":"t496aoo0mlp2t2f"},"id":"uncvlfx4a3u4swc","previousOperationId":"x2dwbb79vceiq67"}
{"type":"log","timestamp":1706742020204,"level":"info","message":"Rendering request 6 finished in 411 ms","meta":{"rootId":"t496aoo0mlp2t2f","id":"t496aoo0mlp2t2f"},"id":"f5vphi4rf13mxs2","previousOperationId":"x2dwbb79vceiq67"}
{"type":"operationEnd","subtype":"render","operationId":"et4rvwvrqe98n65","timestamp":1706742020204,"id":"jcyxliizlqj8v12","previousEventId":"yauby20nkib2hzo","previousOperationId":"x2dwbb79vceiq67"}
{"type":"operationEnd","doDiffs":false,"previousEventId":"mf795zx2nawwbh1","previousOperationId":"snxjadtpugkgpav","operationId":"snxjadtpugkgpav","timestamp":1706742020208,"id":"0c6xb92rwuqsqo4"}
