{"type":"operationStart","subtype":"profile","data":{"_id":"Y25D6cTueH0yxLu8","timestamp":"2024-01-31T22:11:30.782Z","state":"queued","mode":"standard","creationDate":"2024-01-31T22:11:30.788Z","modificationDate":"2024-01-31T22:11:30.788Z","shortid":"KfoX3PM","$entitySet":"profiles"},"doDiffs":false,"timestamp":1706739090786,"id":"p5rhsl14e700nd5","previousOperationId":null,"operationId":"g3ildfwnenbk4g3"}
{"type":"log","level":"info","message":"Render request 1 queued for execution and waiting for available worker","previousOperationId":"g3ildfwnenbk4g3","timestamp":1706739090786,"id":"tm5c9n6xw3d4y6l"}
{"type":"operationStart","subtype":"render","name":"apps-main","previousOperationId":"g3ildfwnenbk4g3","timestamp":1706739090832,"id":"1rmsoia295i2oqc","previousEventId":"p5rhsl14e700nd5","operationId":"zt6812gfrm71hw7"}
{"type":"log","timestamp":1706739090834,"level":"info","message":"Starting rendering request 1","meta":{"rootId":"t9ndfos26o2chf3","id":"t9ndfos26o2chf3"},"id":"wg7tnv826av1d3c","previousOperationId":"zt6812gfrm71hw7"}
{"type":"log","timestamp":1706739090836,"level":"info","message":"Rendering template { name: apps-main, recipe: chrome-pdf, engine: handlebars, preview: false }","meta":{"rootId":"t9ndfos26o2chf3","id":"t9ndfos26o2chf3"},"id":"kuc6cj9sbfanzbo","previousOperationId":"zt6812gfrm71hw7"}
{"type":"log","timestamp":1706739090839,"level":"debug","message":"Inline data specified.","meta":{"rootId":"t9ndfos26o2chf3","id":"t9ndfos26o2chf3"},"id":"07qw0p2oa717dvo","previousOperationId":"zt6812gfrm71hw7"}
{"type":"log","timestamp":1706739090843,"level":"debug","message":"Executing script apps-script (beforeRender)","meta":{"rootId":"t9ndfos26o2chf3","id":"t9ndfos26o2chf3"},"id":"duth6emqk2bez4d","previousOperationId":"zt6812gfrm71hw7"}
{"type":"log","timestamp":1706739091412,"level":"debug","message":"Base url not specified, skipping its injection.","meta":{"rootId":"t9ndfos26o2chf3","id":"t9ndfos26o2chf3"},"id":"awriny65w9o5jwq","previousOperationId":"zt6812gfrm71hw7"}
{"type":"operationStart","subtype":"engine","name":"handlebars","timestamp":1706739091413,"id":"o74s5owe45chbrz","previousEventId":"1rmsoia295i2oqc","operationId":"xn39e67zw3axmzk","previousOperationId":"zt6812gfrm71hw7"}
{"type":"log","timestamp":1706739091413,"level":"debug","message":"Rendering engine handlebars","meta":{"rootId":"t9ndfos26o2chf3","id":"t9ndfos26o2chf3"},"id":"h1n4xjc4u7jgc7q","previousOperationId":"xn39e67zw3axmzk"}
{"type":"operationEnd","operationId":"xn39e67zw3axmzk","timestamp":1706739092012,"id":"wsrqsjuq04f7vq1","previousEventId":"o74s5owe45chbrz","previousOperationId":"xn39e67zw3axmzk"}
{"type":"operationStart","subtype":"recipe","name":"chrome-pdf","timestamp":1706739092013,"id":"u74hmiqfk44pb8r","previousEventId":"wsrqsjuq04f7vq1","operationId":"hxrm8mv51v9ixhz","previousOperationId":"xn39e67zw3axmzk"}
{"type":"log","timestamp":1706739092013,"level":"debug","message":"Executing recipe chrome-pdf","meta":{"rootId":"t9ndfos26o2chf3","id":"t9ndfos26o2chf3"},"id":"9az50e68m72d1nx","previousOperationId":"hxrm8mv51v9ixhz"}
{"type":"log","timestamp":1706739093768,"level":"debug","message":"Converting with chrome HeadlessChrome/117.0.5938.149 using chrome-pool strategy","meta":{"rootId":"t9ndfos26o2chf3","id":"t9ndfos26o2chf3"},"id":"4thlbviglrpvooj","previousOperationId":"hxrm8mv51v9ixhz"}
{"type":"log","timestamp":1706739094214,"level":"debug","message":"Page request: GET (document) file:///C:/Users/juank/AppData/Local/Temp/jsreport/autocleanup/299ba3b3-1e17-460a-bfed-633103e66ca8-chrome-pdf.html","meta":{"rootId":"t9ndfos26o2chf3","id":"t9ndfos26o2chf3"},"id":"ys041xdpkgxtcb6","previousOperationId":"hxrm8mv51v9ixhz"}
{"type":"log","timestamp":1706739094227,"level":"debug","message":"Page request finished: GET (document) 200 file:///C:/Users/juank/AppData/Local/Temp/jsreport/autocleanup/299ba3b3-1e17-460a-bfed-633103e66ca8-chrome-pdf.html","meta":{"rootId":"t9ndfos26o2chf3","id":"t9ndfos26o2chf3"},"id":"gho981thg6k43au","previousOperationId":"hxrm8mv51v9ixhz"}
{"type":"log","timestamp":1706739094227,"level":"debug","message":"Page request: GET (script) https://cdn.jsdelivr.net/npm/chart.js","meta":{"rootId":"t9ndfos26o2chf3","id":"t9ndfos26o2chf3"},"id":"ezbcaqee290exy1","previousOperationId":"hxrm8mv51v9ixhz"}
{"type":"log","timestamp":1706739097224,"level":"debug","message":"Page request finished: GET (script) 200 https://cdn.jsdelivr.net/npm/chart.js","meta":{"rootId":"t9ndfos26o2chf3","id":"t9ndfos26o2chf3"},"id":"ivbqmsyhcesdi83","previousOperationId":"hxrm8mv51v9ixhz"}
{"type":"log","timestamp":1706739097319,"level":"debug","message":"Running chrome with params {\"printBackground\":true,\"timeout\":597762,\"margin\":{}}","meta":{"rootId":"t9ndfos26o2chf3","id":"t9ndfos26o2chf3"},"id":"o9zxibo6947r6z7","previousOperationId":"hxrm8mv51v9ixhz"}
{"type":"operationEnd","operationId":"hxrm8mv51v9ixhz","timestamp":1706739097359,"id":"p5t3wnupv7a78v6","previousEventId":"u74hmiqfk44pb8r","previousOperationId":"hxrm8mv51v9ixhz"}
{"type":"log","timestamp":1706739097361,"level":"debug","message":"Skipping storing report.","meta":{"rootId":"t9ndfos26o2chf3","id":"t9ndfos26o2chf3"},"id":"obee83hez2zxa0n","previousOperationId":"hxrm8mv51v9ixhz"}
{"type":"log","timestamp":1706739097361,"level":"info","message":"Rendering request 1 finished in 6580 ms","meta":{"rootId":"t9ndfos26o2chf3","id":"t9ndfos26o2chf3"},"id":"4oj78mtough8ho0","previousOperationId":"hxrm8mv51v9ixhz"}
{"type":"operationEnd","subtype":"render","operationId":"zt6812gfrm71hw7","timestamp":1706739097362,"id":"zarrzy4deknyt3g","previousEventId":"p5t3wnupv7a78v6","previousOperationId":"hxrm8mv51v9ixhz"}
{"type":"operationEnd","doDiffs":false,"previousEventId":"p5rhsl14e700nd5","previousOperationId":"g3ildfwnenbk4g3","operationId":"g3ildfwnenbk4g3","timestamp":1706739097367,"id":"dluxn61ox5fth8m"}
