{"type":"operationStart","subtype":"profile","data":{"_id":"JDuqtCRzaohiUnep","timestamp":"2024-01-12T15:51:36.174Z","state":"queued","mode":"standard","creationDate":"2024-01-12T15:51:36.178Z","modificationDate":"2024-01-12T15:51:36.178Z","shortid":"0vPOzoo","$entitySet":"profiles"},"doDiffs":false,"timestamp":1705074696176,"id":"5v86vs9quvn0681","previousOperationId":null,"operationId":"h2zh4i8m5b8fz2j"}
{"type":"log","level":"info","message":"Render request 2 queued for execution and waiting for available worker","previousOperationId":"h2zh4i8m5b8fz2j","timestamp":1705074696177,"id":"08w2gzzymcof0aa"}
{"type":"operationStart","subtype":"render","name":"apps-main","previousOperationId":"h2zh4i8m5b8fz2j","timestamp":1705074696201,"id":"j9accpd5qd32o9u","previousEventId":"5v86vs9quvn0681","operationId":"zejkxrbp0vftzz1"}
{"type":"log","timestamp":1705074696203,"level":"info","message":"Starting rendering request 2","meta":{"rootId":"tfsxvvg3pfvmmjr","id":"tfsxvvg3pfvmmjr"},"id":"2khd2i28ys8qoi5","previousOperationId":"zejkxrbp0vftzz1"}
{"type":"log","timestamp":1705074696204,"level":"info","message":"Rendering template { name: apps-main, recipe: chrome-pdf, engine: handlebars, preview: true }","meta":{"rootId":"tfsxvvg3pfvmmjr","id":"tfsxvvg3pfvmmjr"},"id":"snqamy7hx0ru7xy","previousOperationId":"zejkxrbp0vftzz1"}
{"type":"log","timestamp":1705074696207,"level":"debug","message":"Data item not defined for this template.","meta":{"rootId":"tfsxvvg3pfvmmjr","id":"tfsxvvg3pfvmmjr"},"id":"w965th6tl2ys70k","previousOperationId":"zejkxrbp0vftzz1"}
{"type":"log","timestamp":1705074696215,"level":"debug","message":"Base url not specified, skipping its injection.","meta":{"rootId":"tfsxvvg3pfvmmjr","id":"tfsxvvg3pfvmmjr"},"id":"6b9q1w09r9gwjmu","previousOperationId":"zejkxrbp0vftzz1"}
{"type":"operationStart","subtype":"engine","name":"handlebars","timestamp":1705074696219,"id":"t4eks1arz715s88","previousEventId":"j9accpd5qd32o9u","operationId":"3jbh4n8ffdw4au2","previousOperationId":"zejkxrbp0vftzz1"}
{"type":"log","timestamp":1705074696219,"level":"debug","message":"Rendering engine handlebars","meta":{"rootId":"tfsxvvg3pfvmmjr","id":"tfsxvvg3pfvmmjr"},"id":"cqga7y203or2tr5","previousOperationId":"3jbh4n8ffdw4au2"}
{"type":"operationEnd","operationId":"3jbh4n8ffdw4au2","timestamp":1705074697345,"id":"j5rv4x2x135awjd","previousEventId":"t4eks1arz715s88","previousOperationId":"3jbh4n8ffdw4au2"}
{"type":"operationStart","subtype":"recipe","name":"chrome-pdf","timestamp":1705074697347,"id":"79r9y6pxow9o2xv","previousEventId":"j5rv4x2x135awjd","operationId":"4k6w9sq000dbmyo","previousOperationId":"3jbh4n8ffdw4au2"}
{"type":"log","timestamp":1705074697347,"level":"debug","message":"Executing recipe chrome-pdf","meta":{"rootId":"tfsxvvg3pfvmmjr","id":"tfsxvvg3pfvmmjr"},"id":"1i99an9kwuevcgr","previousOperationId":"4k6w9sq000dbmyo"}
{"type":"log","timestamp":1705074698689,"level":"debug","message":"Converting with chrome HeadlessChrome/117.0.5938.149 using chrome-pool strategy","meta":{"rootId":"tfsxvvg3pfvmmjr","id":"tfsxvvg3pfvmmjr"},"id":"zqj7gxi0kytc4z0","previousOperationId":"4k6w9sq000dbmyo"}
{"type":"log","timestamp":1705074698913,"level":"debug","message":"Page request: GET (document) file:///C:/Users/juank/AppData/Local/Temp/jsreport/autocleanup/0cfcbbb8-b2d3-4e9d-8878-166f558c9234-chrome-pdf.html","meta":{"rootId":"tfsxvvg3pfvmmjr","id":"tfsxvvg3pfvmmjr"},"id":"k18uq1fcw9vbotq","previousOperationId":"4k6w9sq000dbmyo"}
{"type":"log","timestamp":1705074698931,"level":"debug","message":"Page request finished: GET (document) 200 file:///C:/Users/juank/AppData/Local/Temp/jsreport/autocleanup/0cfcbbb8-b2d3-4e9d-8878-166f558c9234-chrome-pdf.html","meta":{"rootId":"tfsxvvg3pfvmmjr","id":"tfsxvvg3pfvmmjr"},"id":"ff566u87dzu1o7h","previousOperationId":"4k6w9sq000dbmyo"}
{"type":"log","timestamp":1705074698932,"level":"warn","message":"Page error: Unexpected token ';' , stack: SyntaxError: Unexpected token ';'","meta":{"rootId":"tfsxvvg3pfvmmjr","id":"tfsxvvg3pfvmmjr"},"id":"205nhuoo6ri0tf2","previousOperationId":"4k6w9sq000dbmyo"}
{"type":"log","timestamp":1705074698939,"level":"debug","message":"Running chrome with params {\"printBackground\":true,\"timeout\":57848,\"margin\":{}}","meta":{"rootId":"tfsxvvg3pfvmmjr","id":"tfsxvvg3pfvmmjr"},"id":"hysxo8pudaa05fc","previousOperationId":"4k6w9sq000dbmyo"}
{"type":"operationEnd","operationId":"4k6w9sq000dbmyo","timestamp":1705074698971,"id":"4zo1ucxilabkvgk","previousEventId":"79r9y6pxow9o2xv","previousOperationId":"4k6w9sq000dbmyo"}
{"type":"log","timestamp":1705074698973,"level":"debug","message":"Skipping storing report.","meta":{"rootId":"tfsxvvg3pfvmmjr","id":"tfsxvvg3pfvmmjr"},"id":"t98h55iwbhrqsag","previousOperationId":"4k6w9sq000dbmyo"}
{"type":"log","timestamp":1705074698974,"level":"info","message":"Rendering request 2 finished in 2801 ms","meta":{"rootId":"tfsxvvg3pfvmmjr","id":"tfsxvvg3pfvmmjr"},"id":"89uaqq1q905mekz","previousOperationId":"4k6w9sq000dbmyo"}
{"type":"operationEnd","subtype":"render","operationId":"zejkxrbp0vftzz1","timestamp":1705074698974,"id":"yshggaaxhh3kstk","previousEventId":"4zo1ucxilabkvgk","previousOperationId":"4k6w9sq000dbmyo"}
{"type":"operationEnd","doDiffs":false,"previousEventId":"5v86vs9quvn0681","previousOperationId":"h2zh4i8m5b8fz2j","operationId":"h2zh4i8m5b8fz2j","timestamp":1705074698981,"id":"207iextn83pmosn"}
