{"type":"operationStart","subtype":"profile","data":{"_id":"wf6TEj2E4txY4IDf","timestamp":"2024-01-17T19:48:22.028Z","state":"queued","mode":"standard","creationDate":"2024-01-17T19:48:22.030Z","modificationDate":"2024-01-17T19:48:22.030Z","shortid":"hSrs5Yh","$entitySet":"profiles"},"doDiffs":false,"timestamp":1705520902029,"id":"zpik4qn3t1czwaq","previousOperationId":null,"operationId":"x9dkuwxakvwn966"}
{"type":"log","level":"info","message":"Render request 29 queued for execution and waiting for available worker","previousOperationId":"x9dkuwxakvwn966","timestamp":1705520902029,"id":"k1ex83fzktsrsh2"}
{"type":"operationStart","subtype":"render","name":"apps-main","previousOperationId":"x9dkuwxakvwn966","timestamp":1705520902042,"id":"lxwy863ach7qiwz","previousEventId":"zpik4qn3t1czwaq","operationId":"o34d9mfselu3sqs"}
{"type":"log","timestamp":1705520902042,"level":"info","message":"Starting rendering request 29","meta":{"rootId":"tnu7c05vzn07pxy","id":"tnu7c05vzn07pxy"},"id":"ovpmwjdqeh48856","previousOperationId":"o34d9mfselu3sqs"}
{"type":"log","timestamp":1705520902042,"level":"info","message":"Rendering template { name: apps-main, recipe: chrome-pdf, engine: handlebars, preview: true }","meta":{"rootId":"tnu7c05vzn07pxy","id":"tnu7c05vzn07pxy"},"id":"do06cbgtmnivt9v","previousOperationId":"o34d9mfselu3sqs"}
{"type":"log","timestamp":1705520902043,"level":"debug","message":"Data item not defined for this template.","meta":{"rootId":"tnu7c05vzn07pxy","id":"tnu7c05vzn07pxy"},"id":"viu6t1xibq50mt7","previousOperationId":"o34d9mfselu3sqs"}
{"type":"log","timestamp":1705520902044,"level":"debug","message":"Executing script apps-script (beforeRender)","meta":{"rootId":"tnu7c05vzn07pxy","id":"tnu7c05vzn07pxy"},"id":"qhewc1uz9clyanl","previousOperationId":"o34d9mfselu3sqs"}
{"type":"operationStart","subtype":"scriptsBeforeRender","name":"scripts beforeRender","timestamp":1705520902051,"id":"nwsxreqn7wehtah","previousEventId":"lxwy863ach7qiwz","operationId":"z3myelr0e5xlkbp","previousOperationId":"o34d9mfselu3sqs"}
{"type":"operationStart","subtype":"script","name":"scripts apps-script","previousOperationId":"z3myelr0e5xlkbp","timestamp":1705520902051,"id":"abdylg81o50yxoa","previousEventId":"nwsxreqn7wehtah","operationId":"x3rcxf4d60j9an6"}
{"type":"log","timestamp":1705520902052,"level":"debug","message":"(console:error) Error al obtener datos: TypeError: orders.filter is not a function\n    at prepareDataSource (sandbox.js:19:34)\n    at async Object.beforeRender (sandbox.js:37:32)\n    at async executionFn (C:\\Users\\juank\\Proyectos\\Tecnologias\\JsReportApp\\node_modules\\@jsreport\\jsreport-scripts\\lib\\executeScript.js:67:11)\n    at async run (C:\\Users\\juank\\Proyectos\\Tecnologias\\JsReportApp\\node_modules\\@jsreport\\jsreport-core\\lib\\worker\\sandbox\\createSandbox.js:137:16)\n    at async WorkerReporter.runInSandbox [as _runInSandbox] (C:\\Users\\juank\\Proyectos\\Tecnologias\\JsReportApp\\node_modules\\@jsreport\\jsreport-core\\lib\\worker\\sandbox\\runInSandbox.js:195:14)\n    at async executeScript (C:\\Users\\juank\\Proyectos\\Tecnologias\\JsReportApp\\node_modules\\@jsreport\\jsreport-scripts\\lib\\executeScript.js:122:12)\n    at async Scripts._runScript (C:\\Users\\juank\\Proyectos\\Tecnologias\\JsReportApp\\node_modules\\@jsreport\\jsreport-scripts\\lib\\worker.js:140:30)\n    at async Scripts.handleBeforeRender (C:\\Users\\juank\\Proyectos\\Tecnologias\\JsReportApp\\node_modules\\@jsreport\\jsreport-scripts\\lib\\worker.js:64:7)\n    at async ListenerCollection.fire (C:\\Users\\juank\\Proyectos\\Tecnologias\\JsReportApp\\node_modules\\@jsreport\\jsreport-core\\lib\\shared\\listenerCollection.js:157:21)\n    at async beforeRender (C:\\Users\\juank\\Proyectos\\Tecnologias\\JsReportApp\\node_modules\\@jsreport\\jsreport-core\\lib\\worker\\render\\render.js:24:5)","meta":{"userLevel":true,"rootId":"tnu7c05vzn07pxy","id":"tnu7c05vzn07pxy"},"id":"lz1upogaysh6p4u","previousOperationId":"x3rcxf4d60j9an6"}
{"type":"operationEnd","operationId":"x3rcxf4d60j9an6","timestamp":1705520902053,"id":"m2430fcbb88f9s1","previousEventId":"lxwy863ach7qiwz","previousOperationId":"o34d9mfselu3sqs"}
{"type":"operationEnd","operationId":"z3myelr0e5xlkbp","timestamp":1705520902053,"id":"n3vv0twp4ox57ws","previousEventId":"m2430fcbb88f9s1","previousOperationId":"o34d9mfselu3sqs"}
{"type":"log","timestamp":1705520902053,"level":"debug","message":"Base url not specified, skipping its injection.","meta":{"rootId":"tnu7c05vzn07pxy","id":"tnu7c05vzn07pxy"},"id":"v51krz4ool09va6","previousOperationId":"z3myelr0e5xlkbp"}
{"type":"operationStart","subtype":"engine","name":"handlebars","timestamp":1705520902053,"id":"pxd0l9unxly69lr","previousEventId":"n3vv0twp4ox57ws","operationId":"ycc4z16q1k2ed5d","previousOperationId":"z3myelr0e5xlkbp"}
{"type":"log","timestamp":1705520902053,"level":"debug","message":"Rendering engine handlebars","meta":{"rootId":"tnu7c05vzn07pxy","id":"tnu7c05vzn07pxy"},"id":"9ks2ah6ye66f1p6","previousOperationId":"ycc4z16q1k2ed5d"}
{"type":"operationEnd","operationId":"ycc4z16q1k2ed5d","timestamp":1705520902065,"id":"8rr97vrcda1tmzq","previousEventId":"pxd0l9unxly69lr","previousOperationId":"ycc4z16q1k2ed5d"}
{"type":"operationStart","subtype":"recipe","name":"chrome-pdf","timestamp":1705520902065,"id":"m8no3km56w2pw8u","previousEventId":"8rr97vrcda1tmzq","operationId":"psgb5g2u7gn5jvu","previousOperationId":"ycc4z16q1k2ed5d"}
{"type":"log","timestamp":1705520902065,"level":"debug","message":"Executing recipe chrome-pdf","meta":{"rootId":"tnu7c05vzn07pxy","id":"tnu7c05vzn07pxy"},"id":"15eibfcr6jwysq9","previousOperationId":"psgb5g2u7gn5jvu"}
{"type":"log","timestamp":1705520902068,"level":"debug","message":"Converting with chrome HeadlessChrome/117.0.5938.149 using chrome-pool strategy","meta":{"rootId":"tnu7c05vzn07pxy","id":"tnu7c05vzn07pxy"},"id":"ts3o9u870av8a0n","previousOperationId":"psgb5g2u7gn5jvu"}
{"type":"log","timestamp":1705520902181,"level":"debug","message":"Page request: GET (document) file:///C:/Users/juank/AppData/Local/Temp/jsreport/autocleanup/9c8e91dc-8090-428e-9ea8-14d87f41cf36-chrome-pdf.html","meta":{"rootId":"tnu7c05vzn07pxy","id":"tnu7c05vzn07pxy"},"id":"zm4wx7lzcz6w83w","previousOperationId":"psgb5g2u7gn5jvu"}
{"type":"log","timestamp":1705520902197,"level":"debug","message":"Page request: GET (stylesheet) https://cdnjs.cloudflare.com/ajax/libs/metro/4.1.5/css/metro.min.css","meta":{"rootId":"tnu7c05vzn07pxy","id":"tnu7c05vzn07pxy"},"id":"jnu8ulp25cuud3p","previousOperationId":"psgb5g2u7gn5jvu"}
{"type":"log","timestamp":1705520902198,"level":"debug","message":"Page request: GET (script) https://cdnjs.cloudflare.com/ajax/libs/Chart.js/2.7.2/Chart.min.js","meta":{"rootId":"tnu7c05vzn07pxy","id":"tnu7c05vzn07pxy"},"id":"mgdups638iv352a","previousOperationId":"psgb5g2u7gn5jvu"}
{"type":"log","timestamp":1705520902199,"level":"debug","message":"Page request finished: GET (document) 200 file:///C:/Users/juank/AppData/Local/Temp/jsreport/autocleanup/9c8e91dc-8090-428e-9ea8-14d87f41cf36-chrome-pdf.html","meta":{"rootId":"tnu7c05vzn07pxy","id":"tnu7c05vzn07pxy"},"id":"bnroxpgo08djczj","previousOperationId":"psgb5g2u7gn5jvu"}
{"type":"log","timestamp":1705520902205,"level":"debug","message":"Page request finished: GET (script) 200 https://cdnjs.cloudflare.com/ajax/libs/Chart.js/2.7.2/Chart.min.js","meta":{"rootId":"tnu7c05vzn07pxy","id":"tnu7c05vzn07pxy"},"id":"nvx5e0lmggp6ove","previousOperationId":"psgb5g2u7gn5jvu"}
{"type":"log","timestamp":1705520902217,"level":"debug","message":"Page request finished: GET (stylesheet) 200 https://cdnjs.cloudflare.com/ajax/libs/metro/4.1.5/css/metro.min.css","meta":{"rootId":"tnu7c05vzn07pxy","id":"tnu7c05vzn07pxy"},"id":"2pqrxwxmkuy3kqm","previousOperationId":"psgb5g2u7gn5jvu"}
{"type":"log","timestamp":1705520902221,"level":"warn","message":"Page error: \"undefined\" is not valid JSON\nJSON.parse (<anonymous>) , stack: SyntaxError: \"undefined\" is not valid JSON\nJSON.parse (<anonymous>)\n    at <anonymous> (file:///C:/Users/juank/AppData/Local/Temp/jsreport/autocleanup/9c8e91dc-8090-428e-9ea8-14d87f41cf36-chrome-pdf.html:21:29)","meta":{"rootId":"tnu7c05vzn07pxy","id":"tnu7c05vzn07pxy"},"id":"e2im8cl0m8kekzd","previousOperationId":"psgb5g2u7gn5jvu"}
{"type":"log","timestamp":1705520902238,"level":"debug","message":"Running chrome with params {\"printBackground\":true,\"timeout\":599960,\"margin\":{}}","meta":{"rootId":"tnu7c05vzn07pxy","id":"tnu7c05vzn07pxy"},"id":"kzm6tkevimqvqil","previousOperationId":"psgb5g2u7gn5jvu"}
{"type":"operationEnd","operationId":"psgb5g2u7gn5jvu","timestamp":1705520902262,"id":"5zlxqh322uc6mdr","previousEventId":"m8no3km56w2pw8u","previousOperationId":"psgb5g2u7gn5jvu"}
{"type":"log","timestamp":1705520902262,"level":"debug","message":"Skipping storing report.","meta":{"rootId":"tnu7c05vzn07pxy","id":"tnu7c05vzn07pxy"},"id":"0r7abwn4z4q1hbh","previousOperationId":"psgb5g2u7gn5jvu"}
{"type":"log","timestamp":1705520902262,"level":"info","message":"Rendering request 29 finished in 234 ms","meta":{"rootId":"tnu7c05vzn07pxy","id":"tnu7c05vzn07pxy"},"id":"ou7f6ynza8jmg0j","previousOperationId":"psgb5g2u7gn5jvu"}
{"type":"operationEnd","subtype":"render","operationId":"o34d9mfselu3sqs","timestamp":1705520902262,"id":"untgkldm9flbhrl","previousEventId":"5zlxqh322uc6mdr","previousOperationId":"psgb5g2u7gn5jvu"}
{"type":"operationEnd","doDiffs":false,"previousEventId":"zpik4qn3t1czwaq","previousOperationId":"x9dkuwxakvwn966","operationId":"x9dkuwxakvwn966","timestamp":1705520902272,"id":"t96a00j91jo9n7x"}
