{"type":"operationStart","subtype":"profile","data":{"_id":"X0x3ZDeGBpPDyenC","timestamp":"2024-01-17T20:00:38.540Z","state":"queued","mode":"standard","creationDate":"2024-01-17T20:00:38.542Z","modificationDate":"2024-01-17T20:00:38.542Z","shortid":"kEWKvT9","$entitySet":"profiles"},"doDiffs":false,"timestamp":1705521638541,"id":"fhpiqct5fy9bb5d","previousOperationId":null,"operationId":"u7qjunmfu8e0nh3"}
{"type":"log","level":"info","message":"Render request 37 queued for execution and waiting for available worker","previousOperationId":"u7qjunmfu8e0nh3","timestamp":1705521638541,"id":"mggc3xqnr90yicx"}
{"type":"operationStart","subtype":"render","name":"apps-main","previousOperationId":"u7qjunmfu8e0nh3","timestamp":1705521638553,"id":"ykabrcx8txlmomq","previousEventId":"fhpiqct5fy9bb5d","operationId":"stne9b1fvbx3k4k"}
{"type":"log","timestamp":1705521638553,"level":"info","message":"Starting rendering request 37","meta":{"rootId":"tzglyssul5822y3","id":"tzglyssul5822y3"},"id":"e1x9rgm9taer10m","previousOperationId":"stne9b1fvbx3k4k"}
{"type":"log","timestamp":1705521638553,"level":"info","message":"Rendering template { name: apps-main, recipe: chrome-pdf, engine: handlebars, preview: true }","meta":{"rootId":"tzglyssul5822y3","id":"tzglyssul5822y3"},"id":"7ifeuk5km145fw6","previousOperationId":"stne9b1fvbx3k4k"}
{"type":"log","timestamp":1705521638554,"level":"debug","message":"Data item not defined for this template.","meta":{"rootId":"tzglyssul5822y3","id":"tzglyssul5822y3"},"id":"ve5nxm4b4frvy48","previousOperationId":"stne9b1fvbx3k4k"}
{"type":"log","timestamp":1705521638556,"level":"debug","message":"Executing script apps-script (beforeRender)","meta":{"rootId":"tzglyssul5822y3","id":"tzglyssul5822y3"},"id":"z0yvczj3lacj9hv","previousOperationId":"stne9b1fvbx3k4k"}
{"type":"operationStart","subtype":"scriptsBeforeRender","name":"scripts beforeRender","timestamp":1705521638564,"id":"vw9qh8cboqp1kid","previousEventId":"ykabrcx8txlmomq","operationId":"6zgeuhwgowt2q1r","previousOperationId":"stne9b1fvbx3k4k"}
{"type":"operationStart","subtype":"script","name":"scripts apps-script","previousOperationId":"6zgeuhwgowt2q1r","timestamp":1705521638564,"id":"xapu75usq4od3ey","previousEventId":"vw9qh8cboqp1kid","operationId":"see1d88m9cnzrq2"}
{"type":"operationEnd","operationId":"see1d88m9cnzrq2","timestamp":1705521638566,"id":"d0s0ml1ctyzsy76","previousEventId":"ykabrcx8txlmomq","previousOperationId":"stne9b1fvbx3k4k"}
{"type":"operationEnd","operationId":"6zgeuhwgowt2q1r","timestamp":1705521638566,"id":"22azz4ehqe64z7q","previousEventId":"d0s0ml1ctyzsy76","previousOperationId":"stne9b1fvbx3k4k"}
{"type":"log","timestamp":1705521638566,"level":"debug","message":"Base url not specified, skipping its injection.","meta":{"rootId":"tzglyssul5822y3","id":"tzglyssul5822y3"},"id":"wigqxtrgi2ty730","previousOperationId":"6zgeuhwgowt2q1r"}
{"type":"operationStart","subtype":"engine","name":"handlebars","timestamp":1705521638566,"id":"wmt8t92fgs1iek4","previousEventId":"22azz4ehqe64z7q","operationId":"qdkhbj3mpcm2oc1","previousOperationId":"6zgeuhwgowt2q1r"}
{"type":"log","timestamp":1705521638566,"level":"debug","message":"Rendering engine handlebars","meta":{"rootId":"tzglyssul5822y3","id":"tzglyssul5822y3"},"id":"v6af3bpv8b0x22m","previousOperationId":"qdkhbj3mpcm2oc1"}
{"type":"operationEnd","operationId":"qdkhbj3mpcm2oc1","timestamp":1705521638577,"id":"yx86g42mc5yjlmj","previousEventId":"wmt8t92fgs1iek4","previousOperationId":"qdkhbj3mpcm2oc1"}
{"type":"operationStart","subtype":"recipe","name":"chrome-pdf","timestamp":1705521638577,"id":"qr9cqf0jorhnlp0","previousEventId":"yx86g42mc5yjlmj","operationId":"8pe2arl2fza5dh9","previousOperationId":"qdkhbj3mpcm2oc1"}
{"type":"log","timestamp":1705521638577,"level":"debug","message":"Executing recipe chrome-pdf","meta":{"rootId":"tzglyssul5822y3","id":"tzglyssul5822y3"},"id":"h7frn4sq7noi9tx","previousOperationId":"8pe2arl2fza5dh9"}
{"type":"log","timestamp":1705521638581,"level":"debug","message":"Converting with chrome HeadlessChrome/117.0.5938.149 using chrome-pool strategy","meta":{"rootId":"tzglyssul5822y3","id":"tzglyssul5822y3"},"id":"y95cicf2miq71lk","previousOperationId":"8pe2arl2fza5dh9"}
{"type":"log","timestamp":1705521638692,"level":"debug","message":"Page request: GET (document) file:///C:/Users/juank/AppData/Local/Temp/jsreport/autocleanup/a15f4202-19e6-45ed-aeda-38704c2a59a3-chrome-pdf.html","meta":{"rootId":"tzglyssul5822y3","id":"tzglyssul5822y3"},"id":"fnm922y1x2bm4qm","previousOperationId":"8pe2arl2fza5dh9"}
{"type":"log","timestamp":1705521638704,"level":"debug","message":"Page request: GET (stylesheet) https://cdnjs.cloudflare.com/ajax/libs/metro/4.1.5/css/metro.min.css","meta":{"rootId":"tzglyssul5822y3","id":"tzglyssul5822y3"},"id":"lhm4yzibas36k2x","previousOperationId":"8pe2arl2fza5dh9"}
{"type":"log","timestamp":1705521638704,"level":"debug","message":"Page request: GET (script) https://cdnjs.cloudflare.com/ajax/libs/Chart.js/2.7.2/Chart.min.js","meta":{"rootId":"tzglyssul5822y3","id":"tzglyssul5822y3"},"id":"8z8wb4qeqe5pnck","previousOperationId":"8pe2arl2fza5dh9"}
{"type":"log","timestamp":1705521638705,"level":"debug","message":"Page request finished: GET (document) 200 file:///C:/Users/juank/AppData/Local/Temp/jsreport/autocleanup/a15f4202-19e6-45ed-aeda-38704c2a59a3-chrome-pdf.html","meta":{"rootId":"tzglyssul5822y3","id":"tzglyssul5822y3"},"id":"fsr9ec9zzhnotkl","previousOperationId":"8pe2arl2fza5dh9"}
{"type":"log","timestamp":1705521638710,"level":"debug","message":"Page request finished: GET (script) 200 https://cdnjs.cloudflare.com/ajax/libs/Chart.js/2.7.2/Chart.min.js","meta":{"rootId":"tzglyssul5822y3","id":"tzglyssul5822y3"},"id":"w32eird6mmqwulp","previousOperationId":"8pe2arl2fza5dh9"}
{"type":"log","timestamp":1705521638721,"level":"debug","message":"Page request finished: GET (stylesheet) 200 https://cdnjs.cloudflare.com/ajax/libs/metro/4.1.5/css/metro.min.css","meta":{"rootId":"tzglyssul5822y3","id":"tzglyssul5822y3"},"id":"u95bby7as7gomhx","previousOperationId":"8pe2arl2fza5dh9"}
{"type":"log","timestamp":1705521638725,"level":"warn","message":"Page error: Unexpected token '&' , stack: SyntaxError: Unexpected token '&'","meta":{"rootId":"tzglyssul5822y3","id":"tzglyssul5822y3"},"id":"za6upow3iln0zbd","previousOperationId":"8pe2arl2fza5dh9"}
{"type":"log","timestamp":1705521638741,"level":"debug","message":"Running chrome with params {\"printBackground\":true,\"timeout\":599960,\"margin\":{}}","meta":{"rootId":"tzglyssul5822y3","id":"tzglyssul5822y3"},"id":"o7z9r0xeiexc8ke","previousOperationId":"8pe2arl2fza5dh9"}
{"type":"operationEnd","operationId":"8pe2arl2fza5dh9","timestamp":1705521638766,"id":"w8nqp8m0vcjr1bq","previousEventId":"qr9cqf0jorhnlp0","previousOperationId":"8pe2arl2fza5dh9"}
{"type":"log","timestamp":1705521638766,"level":"debug","message":"Skipping storing report.","meta":{"rootId":"tzglyssul5822y3","id":"tzglyssul5822y3"},"id":"w25xx4sl8p6liks","previousOperationId":"8pe2arl2fza5dh9"}
{"type":"log","timestamp":1705521638766,"level":"info","message":"Rendering request 37 finished in 226 ms","meta":{"rootId":"tzglyssul5822y3","id":"tzglyssul5822y3"},"id":"ygplmkwrz7lgrcm","previousOperationId":"8pe2arl2fza5dh9"}
{"type":"operationEnd","subtype":"render","operationId":"stne9b1fvbx3k4k","timestamp":1705521638766,"id":"5feuqk4g0n2351y","previousEventId":"w8nqp8m0vcjr1bq","previousOperationId":"8pe2arl2fza5dh9"}
{"type":"operationEnd","doDiffs":false,"previousEventId":"fhpiqct5fy9bb5d","previousOperationId":"u7qjunmfu8e0nh3","operationId":"u7qjunmfu8e0nh3","timestamp":1705521638777,"id":"jxh0in3jz4wrsw3"}
