{"type":"operationStart","subtype":"profile","data":{"_id":"dMZWrBlooKiRbtVa","timestamp":"2024-01-18T17:14:14.015Z","state":"queued","mode":"standard","creationDate":"2024-01-18T17:14:14.020Z","modificationDate":"2024-01-18T17:14:14.020Z","shortid":"Y-3L7f-","$entitySet":"profiles"},"doDiffs":false,"timestamp":1705598054017,"id":"ldawh0jikz3pu9c","previousOperationId":null,"operationId":"8e9193g8dxzzqe2"}
{"type":"log","level":"info","message":"Render request 20 queued for execution and waiting for available worker","previousOperationId":"8e9193g8dxzzqe2","timestamp":1705598054017,"id":"niwkdt4awlzuvlj"}
{"type":"operationStart","subtype":"render","name":"apps-main","previousOperationId":"8e9193g8dxzzqe2","timestamp":1705598054035,"id":"uhqhqajnayabqhl","previousEventId":"ldawh0jikz3pu9c","operationId":"b02rtyu2f85l6ny"}
{"type":"log","timestamp":1705598054035,"level":"info","message":"Starting rendering request 20","meta":{"rootId":"vm7imgbfi5v1i9u","id":"vm7imgbfi5v1i9u"},"id":"971b4db8gh4bo1u","previousOperationId":"b02rtyu2f85l6ny"}
{"type":"log","timestamp":1705598054035,"level":"info","message":"Rendering template { name: apps-main, recipe: chrome-pdf, engine: handlebars, preview: true }","meta":{"rootId":"vm7imgbfi5v1i9u","id":"vm7imgbfi5v1i9u"},"id":"2lgzv4q8xsjoqlr","previousOperationId":"b02rtyu2f85l6ny"}
{"type":"log","timestamp":1705598054036,"level":"debug","message":"Data item not defined for this template.","meta":{"rootId":"vm7imgbfi5v1i9u","id":"vm7imgbfi5v1i9u"},"id":"xv8vk4tppndr8j5","previousOperationId":"b02rtyu2f85l6ny"}
{"type":"log","timestamp":1705598054043,"level":"debug","message":"Executing script apps-script (beforeRender)","meta":{"rootId":"vm7imgbfi5v1i9u","id":"vm7imgbfi5v1i9u"},"id":"ye2ifi1snjf8sd4","previousOperationId":"b02rtyu2f85l6ny"}
{"type":"log","timestamp":1705598054054,"level":"debug","message":"Base url not specified, skipping its injection.","meta":{"rootId":"vm7imgbfi5v1i9u","id":"vm7imgbfi5v1i9u"},"id":"8rseo0lh0c5n3tm","previousOperationId":"b02rtyu2f85l6ny"}
{"type":"operationStart","subtype":"engine","name":"handlebars","timestamp":1705598054054,"id":"xn8fi18w4ipcnab","previousEventId":"uhqhqajnayabqhl","operationId":"am5t7nb1ncht181","previousOperationId":"b02rtyu2f85l6ny"}
{"type":"log","timestamp":1705598054054,"level":"debug","message":"Rendering engine handlebars","meta":{"rootId":"vm7imgbfi5v1i9u","id":"vm7imgbfi5v1i9u"},"id":"r6nammgy353rhrq","previousOperationId":"am5t7nb1ncht181"}
{"type":"operationEnd","operationId":"am5t7nb1ncht181","timestamp":1705598054071,"id":"urbs5u7xkn1htn2","previousEventId":"xn8fi18w4ipcnab","previousOperationId":"am5t7nb1ncht181"}
{"type":"operationStart","subtype":"recipe","name":"chrome-pdf","timestamp":1705598054071,"id":"tj226afcgz2fktw","previousEventId":"urbs5u7xkn1htn2","operationId":"bgp1yld27v1zh0a","previousOperationId":"am5t7nb1ncht181"}
{"type":"log","timestamp":1705598054071,"level":"debug","message":"Executing recipe chrome-pdf","meta":{"rootId":"vm7imgbfi5v1i9u","id":"vm7imgbfi5v1i9u"},"id":"81n9k71ivzwie77","previousOperationId":"bgp1yld27v1zh0a"}
{"type":"log","timestamp":1705598054076,"level":"debug","message":"Converting with chrome HeadlessChrome/117.0.5938.149 using chrome-pool strategy","meta":{"rootId":"vm7imgbfi5v1i9u","id":"vm7imgbfi5v1i9u"},"id":"5ix6cre6zt5pbg1","previousOperationId":"bgp1yld27v1zh0a"}
{"type":"log","timestamp":1705598054242,"level":"debug","message":"Page request: GET (document) file:///C:/Users/juank/AppData/Local/Temp/jsreport/autocleanup/a0b03f48-266f-4600-a4c7-d8e33e36cf24-chrome-pdf.html","meta":{"rootId":"vm7imgbfi5v1i9u","id":"vm7imgbfi5v1i9u"},"id":"it59as8ryqusfjo","previousOperationId":"bgp1yld27v1zh0a"}
{"type":"log","timestamp":1705598054255,"level":"debug","message":"Page request: GET (script) https://cdn.jsdelivr.net/npm/chart.js","meta":{"rootId":"vm7imgbfi5v1i9u","id":"vm7imgbfi5v1i9u"},"id":"pu7tuw6j3sfwfst","previousOperationId":"bgp1yld27v1zh0a"}
{"type":"log","timestamp":1705598054257,"level":"debug","message":"Page request finished: GET (document) 200 file:///C:/Users/juank/AppData/Local/Temp/jsreport/autocleanup/a0b03f48-266f-4600-a4c7-d8e33e36cf24-chrome-pdf.html","meta":{"rootId":"vm7imgbfi5v1i9u","id":"vm7imgbfi5v1i9u"},"id":"0cxcwj4lt3qim7i","previousOperationId":"bgp1yld27v1zh0a"}
{"type":"log","timestamp":1705598054266,"level":"debug","message":"Page request finished: GET (script) 200 https://cdn.jsdelivr.net/npm/chart.js","meta":{"rootId":"vm7imgbfi5v1i9u","id":"vm7imgbfi5v1i9u"},"id":"bnb9uifgw1xhjuh","previousOperationId":"bgp1yld27v1zh0a"}
{"type":"log","timestamp":1705598054333,"level":"debug","message":"Running chrome with params {\"printBackground\":true,\"timeout\":599942,\"margin\":{}}","meta":{"rootId":"vm7imgbfi5v1i9u","id":"vm7imgbfi5v1i9u"},"id":"b9yp9jheawlmq1z","previousOperationId":"bgp1yld27v1zh0a"}
{"type":"operationEnd","operationId":"bgp1yld27v1zh0a","timestamp":1705598054360,"id":"y3931tyo0hj1lsq","previousEventId":"tj226afcgz2fktw","previousOperationId":"bgp1yld27v1zh0a"}
{"type":"log","timestamp":1705598054360,"level":"debug","message":"Skipping storing report.","meta":{"rootId":"vm7imgbfi5v1i9u","id":"vm7imgbfi5v1i9u"},"id":"jt8a6pcl1fzpbwj","previousOperationId":"bgp1yld27v1zh0a"}
{"type":"log","timestamp":1705598054360,"level":"info","message":"Rendering request 20 finished in 345 ms","meta":{"rootId":"vm7imgbfi5v1i9u","id":"vm7imgbfi5v1i9u"},"id":"d0fzd1vrjeyum1d","previousOperationId":"bgp1yld27v1zh0a"}
{"type":"operationEnd","subtype":"render","operationId":"b02rtyu2f85l6ny","timestamp":1705598054360,"id":"6n4w3ebig3ww9q0","previousEventId":"y3931tyo0hj1lsq","previousOperationId":"bgp1yld27v1zh0a"}
{"type":"operationEnd","doDiffs":false,"previousEventId":"ldawh0jikz3pu9c","previousOperationId":"8e9193g8dxzzqe2","operationId":"8e9193g8dxzzqe2","timestamp":1705598054370,"id":"fpk59lewilavou8"}
