{"type":"operationStart","subtype":"profile","data":{"_id":"lSt3S2IXJvKW0OvP","timestamp":"2024-01-17T19:33:36.704Z","state":"queued","mode":"standard","creationDate":"2024-01-17T19:33:36.707Z","modificationDate":"2024-01-17T19:33:36.707Z","shortid":"GSI0EJA","$entitySet":"profiles"},"doDiffs":false,"timestamp":1705520016706,"id":"1986l057k7qp8u2","previousOperationId":null,"operationId":"a3sbwt8t7y4vzes"}
{"type":"log","level":"info","message":"Render request 20 queued for execution and waiting for available worker","previousOperationId":"a3sbwt8t7y4vzes","timestamp":1705520016706,"id":"0g4pxqllqkopmii"}
{"type":"operationStart","subtype":"render","name":"apps-main","previousOperationId":"a3sbwt8t7y4vzes","timestamp":1705520016720,"id":"8a3kbommb3bt5pj","previousEventId":"1986l057k7qp8u2","operationId":"gyxntjgbk1o7yt4"}
{"type":"log","timestamp":1705520016720,"level":"info","message":"Starting rendering request 20","meta":{"rootId":"vroffiw078ob93j","id":"vroffiw078ob93j"},"id":"si0nhpaypu7w4zw","previousOperationId":"gyxntjgbk1o7yt4"}
{"type":"log","timestamp":1705520016720,"level":"info","message":"Rendering template { name: apps-main, recipe: chrome-pdf, engine: handlebars, preview: true }","meta":{"rootId":"vroffiw078ob93j","id":"vroffiw078ob93j"},"id":"a0lue9zxyahmw26","previousOperationId":"gyxntjgbk1o7yt4"}
{"type":"log","timestamp":1705520016721,"level":"debug","message":"Data item not defined for this template.","meta":{"rootId":"vroffiw078ob93j","id":"vroffiw078ob93j"},"id":"70hei07tm0krcl0","previousOperationId":"gyxntjgbk1o7yt4"}
{"type":"log","timestamp":1705520016723,"level":"debug","message":"Executing script apps-script (beforeRender)","meta":{"rootId":"vroffiw078ob93j","id":"vroffiw078ob93j"},"id":"geessm6lq5k1azc","previousOperationId":"gyxntjgbk1o7yt4"}
{"type":"operationStart","subtype":"scriptsBeforeRender","name":"scripts beforeRender","timestamp":1705520016729,"id":"4r80q0aa48n2fnq","previousEventId":"8a3kbommb3bt5pj","operationId":"suhfnm7ygtya4j6","previousOperationId":"gyxntjgbk1o7yt4"}
{"type":"operationStart","subtype":"script","name":"scripts apps-script","previousOperationId":"suhfnm7ygtya4j6","timestamp":1705520016729,"id":"z7jbv42widogen0","previousEventId":"4r80q0aa48n2fnq","operationId":"s95fiwqplv3ygz6"}
{"type":"log","timestamp":1705520016731,"level":"debug","message":"(console:log) [\n  {\n    id: 1,\n    icon: '1702583747.png',\n    URL: 'applicationsview',\n    created_at: '2023-12-14T15:19:05.000000Z',\n    updated_at: '2023-12-14T19:55:47.000000Z'\n  },\n  {\n    id: 2,\n    icon: '1702581234.jpg',\n    URL: 'employeesview',\n    created_at: '2023-12-14T19:13:54.000000Z',\n    updated_at: '2023-12-14T19:13:54.000000Z'\n  },\n  {\n    id: 3,\n    icon: '1702583822.png',\n    URL: 'rolesview',\n    created_at: '2023-12-14T19:57:02.000000Z',\n    updated_at: '2023-12-14T19:57:02.000000Z'\n  },\n  {\n    id: 4,\n    icon: '1702584040.png',\n    URL: 'newsview',\n    created_at: '2023-12-14T20:00:40.000000Z',\n    updated_at: '2023-12-14T20:00:40.000000Z'\n  },\n  {\n    id: 5,\n    icon: '1702658124.png',\n    URL: 'http://google.com',\n    created_at: '2023-12-15T16:35:24.000000Z',\n    updated_at: '2023-12-17T05:09:34.000000Z'\n  }\n]","meta":{"userLevel":true,"rootId":"vroffiw078ob93j","id":"vroffiw078ob93j"},"id":"rhtqp7wdyy9sxn9","previousOperationId":"s95fiwqplv3ygz6"}
{"type":"operationEnd","operationId":"s95fiwqplv3ygz6","timestamp":1705520016732,"id":"6lbuc7j32bq099y","previousEventId":"8a3kbommb3bt5pj","previousOperationId":"gyxntjgbk1o7yt4"}
{"type":"operationEnd","operationId":"suhfnm7ygtya4j6","timestamp":1705520016732,"id":"c24uq1tkjf6zu64","previousEventId":"6lbuc7j32bq099y","previousOperationId":"gyxntjgbk1o7yt4"}
{"type":"log","timestamp":1705520016732,"level":"debug","message":"Base url not specified, skipping its injection.","meta":{"rootId":"vroffiw078ob93j","id":"vroffiw078ob93j"},"id":"hdyy1u4ukw41r7g","previousOperationId":"suhfnm7ygtya4j6"}
{"type":"operationStart","subtype":"engine","name":"handlebars","timestamp":1705520016732,"id":"a2zyhhkduj1qeho","previousEventId":"c24uq1tkjf6zu64","operationId":"49nxyv4r7ccm2d7","previousOperationId":"suhfnm7ygtya4j6"}
{"type":"log","timestamp":1705520016732,"level":"debug","message":"Rendering engine handlebars","meta":{"rootId":"vroffiw078ob93j","id":"vroffiw078ob93j"},"id":"ob66c73z6ic9bbw","previousOperationId":"49nxyv4r7ccm2d7"}
{"type":"log","timestamp":1705520016754,"level":"debug","message":"(console:log) Pdf utils adding group field, value: \"applicationsview\"","meta":{"userLevel":true,"rootId":"vroffiw078ob93j","id":"vroffiw078ob93j"},"id":"lpgfhpcqcl2z2ir","previousOperationId":"49nxyv4r7ccm2d7"}
{"type":"log","timestamp":1705520016756,"level":"debug","message":"(console:log) Pdf utils adding group field, value: \"employeesview\"","meta":{"userLevel":true,"rootId":"vroffiw078ob93j","id":"vroffiw078ob93j"},"id":"ci22rpxwurxp4c4","previousOperationId":"49nxyv4r7ccm2d7"}
{"type":"log","timestamp":1705520016756,"level":"debug","message":"(console:log) Pdf utils adding group field, value: \"rolesview\"","meta":{"userLevel":true,"rootId":"vroffiw078ob93j","id":"vroffiw078ob93j"},"id":"wmtx5ifm17czluj","previousOperationId":"49nxyv4r7ccm2d7"}
{"type":"log","timestamp":1705520016756,"level":"debug","message":"(console:log) Pdf utils adding group field, value: \"newsview\"","meta":{"userLevel":true,"rootId":"vroffiw078ob93j","id":"vroffiw078ob93j"},"id":"ylaoewqn32a3k0w","previousOperationId":"49nxyv4r7ccm2d7"}
{"type":"log","timestamp":1705520016756,"level":"debug","message":"(console:log) Pdf utils adding group field, value: \"http://google.com\"","meta":{"userLevel":true,"rootId":"vroffiw078ob93j","id":"vroffiw078ob93j"},"id":"w6ct0627ze8cnn0","previousOperationId":"49nxyv4r7ccm2d7"}
{"type":"operationEnd","operationId":"49nxyv4r7ccm2d7","timestamp":1705520016756,"id":"p3oa7wcpuzu91it","previousEventId":"a2zyhhkduj1qeho","previousOperationId":"49nxyv4r7ccm2d7"}
{"type":"operationStart","subtype":"recipe","name":"chrome-pdf","timestamp":1705520016756,"id":"1x3kzy9edamjhep","previousEventId":"p3oa7wcpuzu91it","operationId":"ja4tz1hkhpuy4dg","previousOperationId":"49nxyv4r7ccm2d7"}
{"type":"log","timestamp":1705520016756,"level":"debug","message":"Executing recipe chrome-pdf","meta":{"rootId":"vroffiw078ob93j","id":"vroffiw078ob93j"},"id":"6xpf4d1y9e8rm4x","previousOperationId":"ja4tz1hkhpuy4dg"}
{"type":"log","timestamp":1705520016759,"level":"debug","message":"Converting with chrome HeadlessChrome/117.0.5938.149 using chrome-pool strategy","meta":{"rootId":"vroffiw078ob93j","id":"vroffiw078ob93j"},"id":"7ca4yzmxvx1lwl6","previousOperationId":"ja4tz1hkhpuy4dg"}
{"type":"log","timestamp":1705520016876,"level":"debug","message":"Page request: GET (document) file:///C:/Users/juank/AppData/Local/Temp/jsreport/autocleanup/e5947984-065e-4c70-855e-2fe941bfd3e7-chrome-pdf.html","meta":{"rootId":"vroffiw078ob93j","id":"vroffiw078ob93j"},"id":"bresjqkfxk5yjxr","previousOperationId":"ja4tz1hkhpuy4dg"}
{"type":"log","timestamp":1705520016888,"level":"debug","message":"Page request: GET (stylesheet) https://cdnjs.cloudflare.com/ajax/libs/metro/4.1.5/css/metro.min.css","meta":{"rootId":"vroffiw078ob93j","id":"vroffiw078ob93j"},"id":"3k8vsbmid1694k8","previousOperationId":"ja4tz1hkhpuy4dg"}
{"type":"log","timestamp":1705520016888,"level":"debug","message":"Page request: GET (script) https://cdnjs.cloudflare.com/ajax/libs/Chart.js/2.7.2/Chart.min.js","meta":{"rootId":"vroffiw078ob93j","id":"vroffiw078ob93j"},"id":"r3kunp71ho0ue7q","previousOperationId":"ja4tz1hkhpuy4dg"}
{"type":"log","timestamp":1705520016889,"level":"debug","message":"Page request finished: GET (document) 200 file:///C:/Users/juank/AppData/Local/Temp/jsreport/autocleanup/e5947984-065e-4c70-855e-2fe941bfd3e7-chrome-pdf.html","meta":{"rootId":"vroffiw078ob93j","id":"vroffiw078ob93j"},"id":"j8oznsp12fjfq6j","previousOperationId":"ja4tz1hkhpuy4dg"}
{"type":"log","timestamp":1705520016895,"level":"debug","message":"Page request finished: GET (script) 200 https://cdnjs.cloudflare.com/ajax/libs/Chart.js/2.7.2/Chart.min.js","meta":{"rootId":"vroffiw078ob93j","id":"vroffiw078ob93j"},"id":"hicl4xz151qki6b","previousOperationId":"ja4tz1hkhpuy4dg"}
{"type":"log","timestamp":1705520016905,"level":"debug","message":"Page request finished: GET (stylesheet) 200 https://cdnjs.cloudflare.com/ajax/libs/metro/4.1.5/css/metro.min.css","meta":{"rootId":"vroffiw078ob93j","id":"vroffiw078ob93j"},"id":"foxr1z9nlgz649c","previousOperationId":"ja4tz1hkhpuy4dg"}
{"type":"log","timestamp":1705520016909,"level":"warn","message":"Page error: \"undefined\" is not valid JSON\nJSON.parse (<anonymous>) , stack: SyntaxError: \"undefined\" is not valid JSON\nJSON.parse (<anonymous>)\n    at <anonymous> (file:///C:/Users/juank/AppData/Local/Temp/jsreport/autocleanup/e5947984-065e-4c70-855e-2fe941bfd3e7-chrome-pdf.html:28:29)","meta":{"rootId":"vroffiw078ob93j","id":"vroffiw078ob93j"},"id":"0nz789dzps7nkgc","previousOperationId":"ja4tz1hkhpuy4dg"}
{"type":"log","timestamp":1705520016910,"level":"warn","message":"Page error: \"undefined\" is not valid JSON\nJSON.parse (<anonymous>) , stack: SyntaxError: \"undefined\" is not valid JSON\nJSON.parse (<anonymous>)\n    at <anonymous> (file:///C:/Users/juank/AppData/Local/Temp/jsreport/autocleanup/e5947984-065e-4c70-855e-2fe941bfd3e7-chrome-pdf.html:78:29)","meta":{"rootId":"vroffiw078ob93j","id":"vroffiw078ob93j"},"id":"csk3ja6y7mn6omv","previousOperationId":"ja4tz1hkhpuy4dg"}
{"type":"log","timestamp":1705520016910,"level":"warn","message":"Page error: \"undefined\" is not valid JSON\nJSON.parse (<anonymous>) , stack: SyntaxError: \"undefined\" is not valid JSON\nJSON.parse (<anonymous>)\n    at <anonymous> (file:///C:/Users/juank/AppData/Local/Temp/jsreport/autocleanup/e5947984-065e-4c70-855e-2fe941bfd3e7-chrome-pdf.html:128:29)","meta":{"rootId":"vroffiw078ob93j","id":"vroffiw078ob93j"},"id":"7nw8hqe23i70w1u","previousOperationId":"ja4tz1hkhpuy4dg"}
{"type":"log","timestamp":1705520016910,"level":"warn","message":"Page error: \"undefined\" is not valid JSON\nJSON.parse (<anonymous>) , stack: SyntaxError: \"undefined\" is not valid JSON\nJSON.parse (<anonymous>)\n    at <anonymous> (file:///C:/Users/juank/AppData/Local/Temp/jsreport/autocleanup/e5947984-065e-4c70-855e-2fe941bfd3e7-chrome-pdf.html:178:29)","meta":{"rootId":"vroffiw078ob93j","id":"vroffiw078ob93j"},"id":"huy33pywanjh0j1","previousOperationId":"ja4tz1hkhpuy4dg"}
{"type":"log","timestamp":1705520016910,"level":"warn","message":"Page error: missing ) after argument list , stack: SyntaxError: missing ) after argument list","meta":{"rootId":"vroffiw078ob93j","id":"vroffiw078ob93j"},"id":"a21hdzbqhq0iv45","previousOperationId":"ja4tz1hkhpuy4dg"}
{"type":"log","timestamp":1705520016930,"level":"debug","message":"Running chrome with params {\"printBackground\":true,\"timeout\":599946,\"margin\":{}}","meta":{"rootId":"vroffiw078ob93j","id":"vroffiw078ob93j"},"id":"yvp546oaudkeoiy","previousOperationId":"ja4tz1hkhpuy4dg"}
{"type":"operationEnd","operationId":"ja4tz1hkhpuy4dg","timestamp":1705520016980,"id":"jomngwpo9inq64v","previousEventId":"1x3kzy9edamjhep","previousOperationId":"ja4tz1hkhpuy4dg"}
{"type":"log","timestamp":1705520016980,"level":"debug","message":"Skipping storing report.","meta":{"rootId":"vroffiw078ob93j","id":"vroffiw078ob93j"},"id":"ojxy0tas2j1qw3r","previousOperationId":"ja4tz1hkhpuy4dg"}
{"type":"log","timestamp":1705520016980,"level":"info","message":"Rendering request 20 finished in 276 ms","meta":{"rootId":"vroffiw078ob93j","id":"vroffiw078ob93j"},"id":"4h4bmig7fe2okfz","previousOperationId":"ja4tz1hkhpuy4dg"}
{"type":"operationEnd","subtype":"render","operationId":"gyxntjgbk1o7yt4","timestamp":1705520016980,"id":"f8ifclmcctjc1zc","previousEventId":"jomngwpo9inq64v","previousOperationId":"ja4tz1hkhpuy4dg"}
{"type":"operationEnd","doDiffs":false,"previousEventId":"1986l057k7qp8u2","previousOperationId":"a3sbwt8t7y4vzes","operationId":"a3sbwt8t7y4vzes","timestamp":1705520016985,"id":"p7f6wvi0b4dsrl9"}
