{"type":"operationStart","subtype":"profile","data":{"_id":"I8xXnksJn9ahY9DB","timestamp":"2024-01-17T20:13:19.861Z","state":"queued","mode":"standard","creationDate":"2024-01-17T20:13:19.864Z","modificationDate":"2024-01-17T20:13:19.864Z","shortid":"voV1rmY","$entitySet":"profiles"},"doDiffs":false,"timestamp":1705522399863,"id":"i5onbbddlp76cj6","previousOperationId":null,"operationId":"i6njofw6793xg4j"}
{"type":"log","level":"info","message":"Render request 47 queued for execution and waiting for available worker","previousOperationId":"i6njofw6793xg4j","timestamp":1705522399863,"id":"2c7nvdyjrjczbc1"}
{"type":"operationStart","subtype":"render","name":"apps-main","previousOperationId":"i6njofw6793xg4j","timestamp":1705522399874,"id":"csldw2t9w9atqy4","previousEventId":"i5onbbddlp76cj6","operationId":"8c028a2bm54h15u"}
{"type":"log","timestamp":1705522399874,"level":"info","message":"Starting rendering request 47","meta":{"rootId":"w0i7itr9q41wiqj","id":"w0i7itr9q41wiqj"},"id":"1ohh61v3341rqu7","previousOperationId":"8c028a2bm54h15u"}
{"type":"log","timestamp":1705522399875,"level":"info","message":"Rendering template { name: apps-main, recipe: chrome-pdf, engine: handlebars, preview: true }","meta":{"rootId":"w0i7itr9q41wiqj","id":"w0i7itr9q41wiqj"},"id":"v3pqqbjazf9k913","previousOperationId":"8c028a2bm54h15u"}
{"type":"log","timestamp":1705522399875,"level":"debug","message":"Data item not defined for this template.","meta":{"rootId":"w0i7itr9q41wiqj","id":"w0i7itr9q41wiqj"},"id":"n86sq18oxqej4n1","previousOperationId":"8c028a2bm54h15u"}
{"type":"log","timestamp":1705522399877,"level":"debug","message":"Executing script apps-script (beforeRender)","meta":{"rootId":"w0i7itr9q41wiqj","id":"w0i7itr9q41wiqj"},"id":"tu91jhpc2t75a74","previousOperationId":"8c028a2bm54h15u"}
{"type":"operationStart","subtype":"scriptsBeforeRender","name":"scripts beforeRender","timestamp":1705522399884,"id":"sm816ctt2bhorqb","previousEventId":"csldw2t9w9atqy4","operationId":"e1ejzod97i9xhi3","previousOperationId":"8c028a2bm54h15u"}
{"type":"operationStart","subtype":"script","name":"scripts apps-script","previousOperationId":"e1ejzod97i9xhi3","timestamp":1705522399884,"id":"uj7bche5r4bwju1","previousEventId":"sm816ctt2bhorqb","operationId":"pby2jof4p2792pr"}
{"type":"log","timestamp":1705522399887,"level":"debug","message":"(console:log) {\n  apps: [\n    {\n      id: 1,\n      icon: '1702583747.png',\n      URL: 'applicationsview',\n      created_at: '2023-12-14T15:19:05.000000Z',\n      updated_at: '2023-12-14T19:55:47.000000Z'\n    },\n    {\n      id: 2,\n      icon: '1702581234.jpg',\n      URL: 'employeesview',\n      created_at: '2023-12-14T19:13:54.000000Z',\n      updated_at: '2023-12-14T19:13:54.000000Z'\n    },\n    {\n      id: 3,\n      icon: '1702583822.png',\n      URL: 'rolesview',\n      created_at: '2023-12-14T19:57:02.000000Z',\n      updated_at: '2023-12-14T19:57:02.000000Z'\n    },\n    {\n      id: 4,\n      icon: '1702584040.png',\n      URL: 'newsview',\n      created_at: '2023-12-14T20:00:40.000000Z',\n      updated_at: '2023-12-14T20:00:40.000000Z'\n    },\n    {\n      id: 5,\n      icon: '1702658124.png',\n      URL: 'http://google.com',\n      created_at: '2023-12-15T16:35:24.000000Z',\n      updated_at: '2023-12-17T05:09:34.000000Z'\n    }\n  ],\n  accumulated: { labels: [ 'HTTP', 'No HTTP' ], datasets: [ [Object] ] }\n}","meta":{"userLevel":true,"rootId":"w0i7itr9q41wiqj","id":"w0i7itr9q41wiqj"},"id":"reydubvqyogujis","previousOperationId":"pby2jof4p2792pr"}
{"type":"operationEnd","operationId":"pby2jof4p2792pr","timestamp":1705522399887,"id":"6pgb58b2hrh6rwu","previousEventId":"csldw2t9w9atqy4","previousOperationId":"8c028a2bm54h15u"}
{"type":"operationEnd","operationId":"e1ejzod97i9xhi3","timestamp":1705522399887,"id":"9p4iim6xy5p4105","previousEventId":"6pgb58b2hrh6rwu","previousOperationId":"8c028a2bm54h15u"}
{"type":"log","timestamp":1705522399887,"level":"debug","message":"Base url not specified, skipping its injection.","meta":{"rootId":"w0i7itr9q41wiqj","id":"w0i7itr9q41wiqj"},"id":"h446wbrlt3co6e9","previousOperationId":"e1ejzod97i9xhi3"}
{"type":"operationStart","subtype":"engine","name":"handlebars","timestamp":1705522399888,"id":"sg1br6c25x0exlm","previousEventId":"9p4iim6xy5p4105","operationId":"7ja80lwco1zzjk7","previousOperationId":"e1ejzod97i9xhi3"}
{"type":"log","timestamp":1705522399888,"level":"debug","message":"Rendering engine handlebars","meta":{"rootId":"w0i7itr9q41wiqj","id":"w0i7itr9q41wiqj"},"id":"3zo0hyzlwhzg5zr","previousOperationId":"7ja80lwco1zzjk7"}
{"type":"operationEnd","operationId":"7ja80lwco1zzjk7","timestamp":1705522399907,"id":"oskawcep9t6wl4q","previousEventId":"sg1br6c25x0exlm","previousOperationId":"7ja80lwco1zzjk7"}
{"type":"operationStart","subtype":"recipe","name":"chrome-pdf","timestamp":1705522399907,"id":"ro68mkyf103ckjf","previousEventId":"oskawcep9t6wl4q","operationId":"qqkc4a6im6lhubp","previousOperationId":"7ja80lwco1zzjk7"}
{"type":"log","timestamp":1705522399907,"level":"debug","message":"Executing recipe chrome-pdf","meta":{"rootId":"w0i7itr9q41wiqj","id":"w0i7itr9q41wiqj"},"id":"1xdzxt9ti6rt9vo","previousOperationId":"qqkc4a6im6lhubp"}
{"type":"log","timestamp":1705522399911,"level":"debug","message":"Converting with chrome HeadlessChrome/117.0.5938.149 using chrome-pool strategy","meta":{"rootId":"w0i7itr9q41wiqj","id":"w0i7itr9q41wiqj"},"id":"p120y6ajr96e4xh","previousOperationId":"qqkc4a6im6lhubp"}
{"type":"log","timestamp":1705522400022,"level":"debug","message":"Page request: GET (document) file:///C:/Users/juank/AppData/Local/Temp/jsreport/autocleanup/a25751f7-f9e2-46f8-826f-904209c99a77-chrome-pdf.html","meta":{"rootId":"w0i7itr9q41wiqj","id":"w0i7itr9q41wiqj"},"id":"wncxymozm8qxjab","previousOperationId":"qqkc4a6im6lhubp"}
{"type":"log","timestamp":1705522400033,"level":"debug","message":"Page request: GET (stylesheet) https://cdnjs.cloudflare.com/ajax/libs/metro/4.1.5/css/metro.min.css","meta":{"rootId":"w0i7itr9q41wiqj","id":"w0i7itr9q41wiqj"},"id":"ban8icflfam8cfv","previousOperationId":"qqkc4a6im6lhubp"}
{"type":"log","timestamp":1705522400033,"level":"debug","message":"Page request: GET (script) https://cdnjs.cloudflare.com/ajax/libs/Chart.js/2.7.2/Chart.min.js","meta":{"rootId":"w0i7itr9q41wiqj","id":"w0i7itr9q41wiqj"},"id":"gdx09ch5xoxpipz","previousOperationId":"qqkc4a6im6lhubp"}
{"type":"log","timestamp":1705522400034,"level":"debug","message":"Page request finished: GET (document) 200 file:///C:/Users/juank/AppData/Local/Temp/jsreport/autocleanup/a25751f7-f9e2-46f8-826f-904209c99a77-chrome-pdf.html","meta":{"rootId":"w0i7itr9q41wiqj","id":"w0i7itr9q41wiqj"},"id":"5efhlbyceqfkt53","previousOperationId":"qqkc4a6im6lhubp"}
{"type":"log","timestamp":1705522400039,"level":"debug","message":"Page request finished: GET (script) 200 https://cdnjs.cloudflare.com/ajax/libs/Chart.js/2.7.2/Chart.min.js","meta":{"rootId":"w0i7itr9q41wiqj","id":"w0i7itr9q41wiqj"},"id":"fchrp7p5npbs3p7","previousOperationId":"qqkc4a6im6lhubp"}
{"type":"log","timestamp":1705522400049,"level":"debug","message":"Page request finished: GET (stylesheet) 200 https://cdnjs.cloudflare.com/ajax/libs/metro/4.1.5/css/metro.min.css","meta":{"rootId":"w0i7itr9q41wiqj","id":"w0i7itr9q41wiqj"},"id":"2w9f2xloxgewel1","previousOperationId":"qqkc4a6im6lhubp"}
{"type":"log","timestamp":1705522400053,"level":"warn","message":"Page error: Unexpected token '&' , stack: SyntaxError: Unexpected token '&'","meta":{"rootId":"w0i7itr9q41wiqj","id":"w0i7itr9q41wiqj"},"id":"4fh1852opfgv18g","previousOperationId":"qqkc4a6im6lhubp"}
{"type":"log","timestamp":1705522400073,"level":"debug","message":"Running chrome with params {\"printBackground\":true,\"timeout\":599951,\"margin\":{}}","meta":{"rootId":"w0i7itr9q41wiqj","id":"w0i7itr9q41wiqj"},"id":"lyv42fo58a3iszi","previousOperationId":"qqkc4a6im6lhubp"}
{"type":"operationEnd","operationId":"qqkc4a6im6lhubp","timestamp":1705522400102,"id":"3vuc4tyx3i19y08","previousEventId":"ro68mkyf103ckjf","previousOperationId":"qqkc4a6im6lhubp"}
{"type":"log","timestamp":1705522400102,"level":"debug","message":"Skipping storing report.","meta":{"rootId":"w0i7itr9q41wiqj","id":"w0i7itr9q41wiqj"},"id":"d4f8svabuco2t3t","previousOperationId":"qqkc4a6im6lhubp"}
{"type":"log","timestamp":1705522400102,"level":"info","message":"Rendering request 47 finished in 241 ms","meta":{"rootId":"w0i7itr9q41wiqj","id":"w0i7itr9q41wiqj"},"id":"lz4v8lkwfr61tj8","previousOperationId":"qqkc4a6im6lhubp"}
{"type":"operationEnd","subtype":"render","operationId":"8c028a2bm54h15u","timestamp":1705522400102,"id":"dows5v4cxhut21g","previousEventId":"3vuc4tyx3i19y08","previousOperationId":"qqkc4a6im6lhubp"}
{"type":"operationEnd","doDiffs":false,"previousEventId":"i5onbbddlp76cj6","previousOperationId":"i6njofw6793xg4j","operationId":"i6njofw6793xg4j","timestamp":1705522400106,"id":"exr98xhpv1nwqrz"}
