{"type":"operationStart","subtype":"profile","data":{"_id":"e1ivli77WUYdkIjs","timestamp":"2024-01-18T17:12:08.336Z","state":"queued","mode":"standard","creationDate":"2024-01-18T17:12:08.339Z","modificationDate":"2024-01-18T17:12:08.339Z","shortid":"phcXTw3","$entitySet":"profiles"},"doDiffs":false,"timestamp":1705597928337,"id":"fwjtzaesedc23uw","previousOperationId":null,"operationId":"fgcqqp2nwfp8h2f"}
{"type":"log","level":"info","message":"Render request 16 queued for execution and waiting for available worker","previousOperationId":"fgcqqp2nwfp8h2f","timestamp":1705597928338,"id":"3tyfj2i9ix1bt8b"}
{"type":"operationStart","subtype":"render","name":"apps-main","previousOperationId":"fgcqqp2nwfp8h2f","timestamp":1705597928352,"id":"i82o2iawl3jyr6j","previousEventId":"fwjtzaesedc23uw","operationId":"xw5eaz4ydbaqluq"}
{"type":"log","timestamp":1705597928352,"level":"info","message":"Starting rendering request 16","meta":{"rootId":"w1wzy2o280t6vr4","id":"w1wzy2o280t6vr4"},"id":"exr11g18btp8iyx","previousOperationId":"xw5eaz4ydbaqluq"}
{"type":"log","timestamp":1705597928352,"level":"info","message":"Rendering template { name: apps-main, recipe: chrome-pdf, engine: handlebars, preview: true }","meta":{"rootId":"w1wzy2o280t6vr4","id":"w1wzy2o280t6vr4"},"id":"5y8zbclsza2ocpr","previousOperationId":"xw5eaz4ydbaqluq"}
{"type":"log","timestamp":1705597928353,"level":"debug","message":"Data item not defined for this template.","meta":{"rootId":"w1wzy2o280t6vr4","id":"w1wzy2o280t6vr4"},"id":"67f2trfcim51s1d","previousOperationId":"xw5eaz4ydbaqluq"}
{"type":"log","timestamp":1705597928361,"level":"debug","message":"Executing script apps-script (beforeRender)","meta":{"rootId":"w1wzy2o280t6vr4","id":"w1wzy2o280t6vr4"},"id":"f4dlgbuy900gdo7","previousOperationId":"xw5eaz4ydbaqluq"}
{"type":"log","timestamp":1705597928370,"level":"debug","message":"Base url not specified, skipping its injection.","meta":{"rootId":"w1wzy2o280t6vr4","id":"w1wzy2o280t6vr4"},"id":"dt8g4fm5o9ctefb","previousOperationId":"xw5eaz4ydbaqluq"}
{"type":"operationStart","subtype":"engine","name":"handlebars","timestamp":1705597928370,"id":"3mnyn8limnwu1uf","previousEventId":"i82o2iawl3jyr6j","operationId":"bbbh7uxsy7u2819","previousOperationId":"xw5eaz4ydbaqluq"}
{"type":"log","timestamp":1705597928370,"level":"debug","message":"Rendering engine handlebars","meta":{"rootId":"w1wzy2o280t6vr4","id":"w1wzy2o280t6vr4"},"id":"lcuiu2sroep36w4","previousOperationId":"bbbh7uxsy7u2819"}
{"type":"operationEnd","operationId":"bbbh7uxsy7u2819","timestamp":1705597928386,"id":"rxerj9b4shshee4","previousEventId":"3mnyn8limnwu1uf","previousOperationId":"bbbh7uxsy7u2819"}
{"type":"operationStart","subtype":"recipe","name":"chrome-pdf","timestamp":1705597928387,"id":"p280f3mt8kww0sd","previousEventId":"rxerj9b4shshee4","operationId":"mnjmuaoo899194r","previousOperationId":"bbbh7uxsy7u2819"}
{"type":"log","timestamp":1705597928387,"level":"debug","message":"Executing recipe chrome-pdf","meta":{"rootId":"w1wzy2o280t6vr4","id":"w1wzy2o280t6vr4"},"id":"3wo4nl2jap8nsii","previousOperationId":"mnjmuaoo899194r"}
{"type":"log","timestamp":1705597928391,"level":"debug","message":"Converting with chrome HeadlessChrome/117.0.5938.149 using chrome-pool strategy","meta":{"rootId":"w1wzy2o280t6vr4","id":"w1wzy2o280t6vr4"},"id":"9s6xmoh9jcfndsz","previousOperationId":"mnjmuaoo899194r"}
{"type":"log","timestamp":1705597928558,"level":"debug","message":"Page request: GET (document) file:///C:/Users/juank/AppData/Local/Temp/jsreport/autocleanup/62016872-c90b-4eba-933d-156fb295d561-chrome-pdf.html","meta":{"rootId":"w1wzy2o280t6vr4","id":"w1wzy2o280t6vr4"},"id":"f32j5omuq95elhl","previousOperationId":"mnjmuaoo899194r"}
{"type":"log","timestamp":1705597928574,"level":"debug","message":"Page request: GET (script) https://cdn.jsdelivr.net/npm/chart.js","meta":{"rootId":"w1wzy2o280t6vr4","id":"w1wzy2o280t6vr4"},"id":"34zm6p2qw2qeegd","previousOperationId":"mnjmuaoo899194r"}
{"type":"log","timestamp":1705597928575,"level":"debug","message":"Page request finished: GET (document) 200 file:///C:/Users/juank/AppData/Local/Temp/jsreport/autocleanup/62016872-c90b-4eba-933d-156fb295d561-chrome-pdf.html","meta":{"rootId":"w1wzy2o280t6vr4","id":"w1wzy2o280t6vr4"},"id":"8a3exbf06kl0le6","previousOperationId":"mnjmuaoo899194r"}
{"type":"log","timestamp":1705597928581,"level":"debug","message":"Page request finished: GET (script) 200 https://cdn.jsdelivr.net/npm/chart.js","meta":{"rootId":"w1wzy2o280t6vr4","id":"w1wzy2o280t6vr4"},"id":"5gshyjvpz5h4nph","previousOperationId":"mnjmuaoo899194r"}
{"type":"log","timestamp":1705597928649,"level":"debug","message":"Running chrome with params {\"printBackground\":true,\"timeout\":599946,\"margin\":{}}","meta":{"rootId":"w1wzy2o280t6vr4","id":"w1wzy2o280t6vr4"},"id":"xrupb9vg6mp4qt5","previousOperationId":"mnjmuaoo899194r"}
{"type":"operationEnd","operationId":"mnjmuaoo899194r","timestamp":1705597928679,"id":"ub5enmom1s58qk2","previousEventId":"p280f3mt8kww0sd","previousOperationId":"mnjmuaoo899194r"}
{"type":"log","timestamp":1705597928680,"level":"debug","message":"Skipping storing report.","meta":{"rootId":"w1wzy2o280t6vr4","id":"w1wzy2o280t6vr4"},"id":"ovhrd1w0cszolbh","previousOperationId":"mnjmuaoo899194r"}
{"type":"log","timestamp":1705597928680,"level":"info","message":"Rendering request 16 finished in 344 ms","meta":{"rootId":"w1wzy2o280t6vr4","id":"w1wzy2o280t6vr4"},"id":"v1vv2oh90it81oj","previousOperationId":"mnjmuaoo899194r"}
{"type":"operationEnd","subtype":"render","operationId":"xw5eaz4ydbaqluq","timestamp":1705597928680,"id":"xjaqn65cn060z1m","previousEventId":"ub5enmom1s58qk2","previousOperationId":"mnjmuaoo899194r"}
{"type":"operationEnd","doDiffs":false,"previousEventId":"fwjtzaesedc23uw","previousOperationId":"fgcqqp2nwfp8h2f","operationId":"fgcqqp2nwfp8h2f","timestamp":1705597928692,"id":"fni5n2zv9qhkgmk"}
