{"type":"operationStart","subtype":"profile","data":{"_id":"HsfPPzejibCFPY5K","timestamp":"2024-01-18T17:12:29.974Z","state":"queued","mode":"standard","creationDate":"2024-01-18T17:12:29.977Z","modificationDate":"2024-01-18T17:12:29.977Z","shortid":"RtyzCBO","$entitySet":"profiles"},"doDiffs":false,"timestamp":1705597949976,"id":"ew581srykojnpae","previousOperationId":null,"operationId":"gv1trfuk2vegafz"}
{"type":"log","level":"info","message":"Render request 17 queued for execution and waiting for available worker","previousOperationId":"gv1trfuk2vegafz","timestamp":1705597949976,"id":"l6cltwi2wdh6pms"}
{"type":"operationStart","subtype":"render","name":"apps-main","previousOperationId":"gv1trfuk2vegafz","timestamp":1705597949992,"id":"4zbxnx5bdxshpi8","previousEventId":"ew581srykojnpae","operationId":"ao19h2mtr6awje5"}
{"type":"log","timestamp":1705597949992,"level":"info","message":"Starting rendering request 17","meta":{"rootId":"wwewb1lfbpwp2vl","id":"wwewb1lfbpwp2vl"},"id":"r602boip9zeecc1","previousOperationId":"ao19h2mtr6awje5"}
{"type":"log","timestamp":1705597949992,"level":"info","message":"Rendering template { name: apps-main, recipe: chrome-pdf, engine: handlebars, preview: true }","meta":{"rootId":"wwewb1lfbpwp2vl","id":"wwewb1lfbpwp2vl"},"id":"fdo1hf3vcmgw64a","previousOperationId":"ao19h2mtr6awje5"}
{"type":"log","timestamp":1705597949993,"level":"debug","message":"Data item not defined for this template.","meta":{"rootId":"wwewb1lfbpwp2vl","id":"wwewb1lfbpwp2vl"},"id":"6rp8yvc3tfp3y6t","previousOperationId":"ao19h2mtr6awje5"}
{"type":"log","timestamp":1705597949996,"level":"debug","message":"Executing script apps-script (beforeRender)","meta":{"rootId":"wwewb1lfbpwp2vl","id":"wwewb1lfbpwp2vl"},"id":"45syrltci4o8h86","previousOperationId":"ao19h2mtr6awje5"}
{"type":"log","timestamp":1705597950010,"level":"debug","message":"Base url not specified, skipping its injection.","meta":{"rootId":"wwewb1lfbpwp2vl","id":"wwewb1lfbpwp2vl"},"id":"bdec3tfdxm0vikr","previousOperationId":"ao19h2mtr6awje5"}
{"type":"operationStart","subtype":"engine","name":"handlebars","timestamp":1705597950011,"id":"zapdv2z5no2hujr","previousEventId":"4zbxnx5bdxshpi8","operationId":"wj7whwi1tk8kiz4","previousOperationId":"ao19h2mtr6awje5"}
{"type":"log","timestamp":1705597950011,"level":"debug","message":"Rendering engine handlebars","meta":{"rootId":"wwewb1lfbpwp2vl","id":"wwewb1lfbpwp2vl"},"id":"scelojsihzvspsb","previousOperationId":"wj7whwi1tk8kiz4"}
{"type":"operationEnd","operationId":"wj7whwi1tk8kiz4","timestamp":1705597950026,"id":"sm8jscl20m1go04","previousEventId":"zapdv2z5no2hujr","previousOperationId":"wj7whwi1tk8kiz4"}
{"type":"operationStart","subtype":"recipe","name":"chrome-pdf","timestamp":1705597950027,"id":"a1kr9if9wdbmz50","previousEventId":"sm8jscl20m1go04","operationId":"fj3imcc0mblgxe3","previousOperationId":"wj7whwi1tk8kiz4"}
{"type":"log","timestamp":1705597950027,"level":"debug","message":"Executing recipe chrome-pdf","meta":{"rootId":"wwewb1lfbpwp2vl","id":"wwewb1lfbpwp2vl"},"id":"xmzd0x67jkuahkr","previousOperationId":"fj3imcc0mblgxe3"}
{"type":"log","timestamp":1705597950030,"level":"debug","message":"Converting with chrome HeadlessChrome/117.0.5938.149 using chrome-pool strategy","meta":{"rootId":"wwewb1lfbpwp2vl","id":"wwewb1lfbpwp2vl"},"id":"64id2z30j6thgbl","previousOperationId":"fj3imcc0mblgxe3"}
{"type":"log","timestamp":1705597950192,"level":"debug","message":"Page request: GET (document) file:///C:/Users/juank/AppData/Local/Temp/jsreport/autocleanup/dc732576-4d86-4335-b434-d04cc719f18e-chrome-pdf.html","meta":{"rootId":"wwewb1lfbpwp2vl","id":"wwewb1lfbpwp2vl"},"id":"467c9ukx3e5afqb","previousOperationId":"fj3imcc0mblgxe3"}
{"type":"log","timestamp":1705597950207,"level":"debug","message":"Page request: GET (script) https://cdn.jsdelivr.net/npm/chart.js","meta":{"rootId":"wwewb1lfbpwp2vl","id":"wwewb1lfbpwp2vl"},"id":"nukhh7unbqvpvzw","previousOperationId":"fj3imcc0mblgxe3"}
{"type":"log","timestamp":1705597950207,"level":"debug","message":"Page request finished: GET (document) 200 file:///C:/Users/juank/AppData/Local/Temp/jsreport/autocleanup/dc732576-4d86-4335-b434-d04cc719f18e-chrome-pdf.html","meta":{"rootId":"wwewb1lfbpwp2vl","id":"wwewb1lfbpwp2vl"},"id":"5z7q0uae8kdj23c","previousOperationId":"fj3imcc0mblgxe3"}
{"type":"log","timestamp":1705597950213,"level":"debug","message":"Page request finished: GET (script) 200 https://cdn.jsdelivr.net/npm/chart.js","meta":{"rootId":"wwewb1lfbpwp2vl","id":"wwewb1lfbpwp2vl"},"id":"8s7iccsace1ziq1","previousOperationId":"fj3imcc0mblgxe3"}
{"type":"log","timestamp":1705597950274,"level":"debug","message":"Running chrome with params {\"printBackground\":true,\"timeout\":599945,\"margin\":{}}","meta":{"rootId":"wwewb1lfbpwp2vl","id":"wwewb1lfbpwp2vl"},"id":"puwd1n43hmc7htj","previousOperationId":"fj3imcc0mblgxe3"}
{"type":"operationEnd","operationId":"fj3imcc0mblgxe3","timestamp":1705597950305,"id":"xcn3au7isppgbzr","previousEventId":"a1kr9if9wdbmz50","previousOperationId":"fj3imcc0mblgxe3"}
{"type":"log","timestamp":1705597950306,"level":"debug","message":"Skipping storing report.","meta":{"rootId":"wwewb1lfbpwp2vl","id":"wwewb1lfbpwp2vl"},"id":"tfovaagmpvnnih2","previousOperationId":"fj3imcc0mblgxe3"}
{"type":"log","timestamp":1705597950306,"level":"info","message":"Rendering request 17 finished in 332 ms","meta":{"rootId":"wwewb1lfbpwp2vl","id":"wwewb1lfbpwp2vl"},"id":"jq76kqnle5ag32d","previousOperationId":"fj3imcc0mblgxe3"}
{"type":"operationEnd","subtype":"render","operationId":"ao19h2mtr6awje5","timestamp":1705597950306,"id":"3lyf1lvjg1s9f7i","previousEventId":"xcn3au7isppgbzr","previousOperationId":"fj3imcc0mblgxe3"}
{"type":"operationEnd","doDiffs":false,"previousEventId":"ew581srykojnpae","previousOperationId":"gv1trfuk2vegafz","operationId":"gv1trfuk2vegafz","timestamp":1705597950317,"id":"b1jsc0btnx7j374"}
