{"type":"operationStart","subtype":"profile","data":{"_id":"uvtJuxYe0ipy0TWl","timestamp":"2024-01-17T20:02:59.986Z","state":"queued","mode":"standard","creationDate":"2024-01-17T20:02:59.989Z","modificationDate":"2024-01-17T20:02:59.989Z","shortid":"eLdsj5W","$entitySet":"profiles"},"doDiffs":false,"timestamp":1705521779988,"id":"jyexxkdknlduzo9","previousOperationId":null,"operationId":"39d60n8wvgkq2j4"}
{"type":"log","level":"info","message":"Render request 39 queued for execution and waiting for available worker","previousOperationId":"39d60n8wvgkq2j4","timestamp":1705521779988,"id":"2qhi453sy927ehi"}
{"type":"operationStart","subtype":"render","name":"apps-main","previousOperationId":"39d60n8wvgkq2j4","timestamp":1705521780008,"id":"ivnhvzt11e9wso5","previousEventId":"jyexxkdknlduzo9","operationId":"ugvthqqaej5s48z"}
{"type":"log","timestamp":1705521780008,"level":"info","message":"Starting rendering request 39","meta":{"rootId":"xkkw3l7u0xfkn4p","id":"xkkw3l7u0xfkn4p"},"id":"9kqbgzkghw70568","previousOperationId":"ugvthqqaej5s48z"}
{"type":"log","timestamp":1705521780008,"level":"info","message":"Rendering template { name: apps-main, recipe: chrome-pdf, engine: handlebars, preview: true }","meta":{"rootId":"xkkw3l7u0xfkn4p","id":"xkkw3l7u0xfkn4p"},"id":"oax50l1dxjvm09u","previousOperationId":"ugvthqqaej5s48z"}
{"type":"log","timestamp":1705521780009,"level":"debug","message":"Data item not defined for this template.","meta":{"rootId":"xkkw3l7u0xfkn4p","id":"xkkw3l7u0xfkn4p"},"id":"hc6i38x2fgu3sst","previousOperationId":"ugvthqqaej5s48z"}
{"type":"log","timestamp":1705521780012,"level":"debug","message":"Executing script apps-script (beforeRender)","meta":{"rootId":"xkkw3l7u0xfkn4p","id":"xkkw3l7u0xfkn4p"},"id":"wkxj65j5niroolr","previousOperationId":"ugvthqqaej5s48z"}
{"type":"operationStart","subtype":"scriptsBeforeRender","name":"scripts beforeRender","timestamp":1705521780026,"id":"fs8qqcuj8w2efey","previousEventId":"ivnhvzt11e9wso5","operationId":"l63qv40rfso1w2l","previousOperationId":"ugvthqqaej5s48z"}
{"type":"operationStart","subtype":"script","name":"scripts apps-script","previousOperationId":"l63qv40rfso1w2l","timestamp":1705521780026,"id":"sdgqp7hx3noj5hc","previousEventId":"fs8qqcuj8w2efey","operationId":"uzfkemtmmclwcb6"}
{"type":"log","timestamp":1705521780027,"level":"debug","message":"(console:error) Error al obtener datos: ReferenceError: req is not defined\n    at prepareDataSource (sandbox.js:40:5)\n    at async Object.beforeRender (sandbox.js:8:29)\n    at async executionFn (C:\\Users\\juank\\Proyectos\\Tecnologias\\JsReportApp\\node_modules\\@jsreport\\jsreport-scripts\\lib\\executeScript.js:67:11)\n    at async run (C:\\Users\\juank\\Proyectos\\Tecnologias\\JsReportApp\\node_modules\\@jsreport\\jsreport-core\\lib\\worker\\sandbox\\createSandbox.js:137:16)\n    at async WorkerReporter.runInSandbox [as _runInSandbox] (C:\\Users\\juank\\Proyectos\\Tecnologias\\JsReportApp\\node_modules\\@jsreport\\jsreport-core\\lib\\worker\\sandbox\\runInSandbox.js:195:14)\n    at async executeScript (C:\\Users\\juank\\Proyectos\\Tecnologias\\JsReportApp\\node_modules\\@jsreport\\jsreport-scripts\\lib\\executeScript.js:122:12)\n    at async Scripts._runScript (C:\\Users\\juank\\Proyectos\\Tecnologias\\JsReportApp\\node_modules\\@jsreport\\jsreport-scripts\\lib\\worker.js:140:30)\n    at async Scripts.handleBeforeRender (C:\\Users\\juank\\Proyectos\\Tecnologias\\JsReportApp\\node_modules\\@jsreport\\jsreport-scripts\\lib\\worker.js:64:7)\n    at async ListenerCollection.fire (C:\\Users\\juank\\Proyectos\\Tecnologias\\JsReportApp\\node_modules\\@jsreport\\jsreport-core\\lib\\shared\\listenerCollection.js:157:21)\n    at async beforeRender (C:\\Users\\juank\\Proyectos\\Tecnologias\\JsReportApp\\node_modules\\@jsreport\\jsreport-core\\lib\\worker\\render\\render.js:24:5)","meta":{"userLevel":true,"rootId":"xkkw3l7u0xfkn4p","id":"xkkw3l7u0xfkn4p"},"id":"6ozze6l3huu46nz","previousOperationId":"uzfkemtmmclwcb6"}
{"type":"operationEnd","operationId":"uzfkemtmmclwcb6","timestamp":1705521780027,"id":"zjp24rwo87ms9tp","previousEventId":"ivnhvzt11e9wso5","previousOperationId":"ugvthqqaej5s48z"}
{"type":"operationEnd","operationId":"l63qv40rfso1w2l","timestamp":1705521780027,"id":"m8100lz7rooa2y4","previousEventId":"zjp24rwo87ms9tp","previousOperationId":"ugvthqqaej5s48z"}
{"type":"log","timestamp":1705521780027,"level":"debug","message":"Base url not specified, skipping its injection.","meta":{"rootId":"xkkw3l7u0xfkn4p","id":"xkkw3l7u0xfkn4p"},"id":"so8vantrp52um8e","previousOperationId":"l63qv40rfso1w2l"}
{"type":"operationStart","subtype":"engine","name":"handlebars","timestamp":1705521780027,"id":"izavbeom5jepq0k","previousEventId":"m8100lz7rooa2y4","operationId":"33t2w385wj5sz5v","previousOperationId":"l63qv40rfso1w2l"}
{"type":"log","timestamp":1705521780027,"level":"debug","message":"Rendering engine handlebars","meta":{"rootId":"xkkw3l7u0xfkn4p","id":"xkkw3l7u0xfkn4p"},"id":"noo76a376ig33dh","previousOperationId":"33t2w385wj5sz5v"}
{"type":"operationEnd","operationId":"33t2w385wj5sz5v","timestamp":1705521780039,"id":"utoyvcrs015gvyh","previousEventId":"izavbeom5jepq0k","previousOperationId":"33t2w385wj5sz5v"}
{"type":"operationStart","subtype":"recipe","name":"chrome-pdf","timestamp":1705521780039,"id":"osh3ahjl7902ix8","previousEventId":"utoyvcrs015gvyh","operationId":"p9ro4qjoh77alzl","previousOperationId":"33t2w385wj5sz5v"}
{"type":"log","timestamp":1705521780039,"level":"debug","message":"Executing recipe chrome-pdf","meta":{"rootId":"xkkw3l7u0xfkn4p","id":"xkkw3l7u0xfkn4p"},"id":"91f5mtrvnt1p8hn","previousOperationId":"p9ro4qjoh77alzl"}
{"type":"log","timestamp":1705521780042,"level":"debug","message":"Converting with chrome HeadlessChrome/117.0.5938.149 using chrome-pool strategy","meta":{"rootId":"xkkw3l7u0xfkn4p","id":"xkkw3l7u0xfkn4p"},"id":"0s7cpbrhjhak7of","previousOperationId":"p9ro4qjoh77alzl"}
{"type":"log","timestamp":1705521780167,"level":"debug","message":"Page request: GET (document) file:///C:/Users/juank/AppData/Local/Temp/jsreport/autocleanup/3a2f5a51-740c-4046-9fe1-5b77b84bca39-chrome-pdf.html","meta":{"rootId":"xkkw3l7u0xfkn4p","id":"xkkw3l7u0xfkn4p"},"id":"iuyocrm6l5n03j5","previousOperationId":"p9ro4qjoh77alzl"}
{"type":"log","timestamp":1705521780178,"level":"debug","message":"Page request: GET (stylesheet) https://cdnjs.cloudflare.com/ajax/libs/metro/4.1.5/css/metro.min.css","meta":{"rootId":"xkkw3l7u0xfkn4p","id":"xkkw3l7u0xfkn4p"},"id":"3jk3t13wm5lxx3n","previousOperationId":"p9ro4qjoh77alzl"}
{"type":"log","timestamp":1705521780178,"level":"debug","message":"Page request: GET (script) https://cdnjs.cloudflare.com/ajax/libs/Chart.js/2.7.2/Chart.min.js","meta":{"rootId":"xkkw3l7u0xfkn4p","id":"xkkw3l7u0xfkn4p"},"id":"eq73t21nhpva706","previousOperationId":"p9ro4qjoh77alzl"}
{"type":"log","timestamp":1705521780178,"level":"debug","message":"Page request finished: GET (document) 200 file:///C:/Users/juank/AppData/Local/Temp/jsreport/autocleanup/3a2f5a51-740c-4046-9fe1-5b77b84bca39-chrome-pdf.html","meta":{"rootId":"xkkw3l7u0xfkn4p","id":"xkkw3l7u0xfkn4p"},"id":"98qva0s7uv0r8by","previousOperationId":"p9ro4qjoh77alzl"}
{"type":"log","timestamp":1705521780189,"level":"debug","message":"Page request finished: GET (script) 200 https://cdnjs.cloudflare.com/ajax/libs/Chart.js/2.7.2/Chart.min.js","meta":{"rootId":"xkkw3l7u0xfkn4p","id":"xkkw3l7u0xfkn4p"},"id":"2ek3fi12ndsdwt4","previousOperationId":"p9ro4qjoh77alzl"}
{"type":"log","timestamp":1705521780201,"level":"debug","message":"Page request finished: GET (stylesheet) 200 https://cdnjs.cloudflare.com/ajax/libs/metro/4.1.5/css/metro.min.css","meta":{"rootId":"xkkw3l7u0xfkn4p","id":"xkkw3l7u0xfkn4p"},"id":"ptoeztcv9hkkmcm","previousOperationId":"p9ro4qjoh77alzl"}
{"type":"log","timestamp":1705521780205,"level":"warn","message":"Page error: Unexpected token '&' , stack: SyntaxError: Unexpected token '&'","meta":{"rootId":"xkkw3l7u0xfkn4p","id":"xkkw3l7u0xfkn4p"},"id":"2kwjvcu8en9own5","previousOperationId":"p9ro4qjoh77alzl"}
{"type":"log","timestamp":1705521780222,"level":"debug","message":"Running chrome with params {\"printBackground\":true,\"timeout\":599945,\"margin\":{}}","meta":{"rootId":"xkkw3l7u0xfkn4p","id":"xkkw3l7u0xfkn4p"},"id":"4l6qqfulpxu0ota","previousOperationId":"p9ro4qjoh77alzl"}
{"type":"operationEnd","operationId":"p9ro4qjoh77alzl","timestamp":1705521780255,"id":"d40yhzwd7x1zrqk","previousEventId":"osh3ahjl7902ix8","previousOperationId":"p9ro4qjoh77alzl"}
{"type":"log","timestamp":1705521780255,"level":"debug","message":"Skipping storing report.","meta":{"rootId":"xkkw3l7u0xfkn4p","id":"xkkw3l7u0xfkn4p"},"id":"gj0zrzayhjf22ez","previousOperationId":"p9ro4qjoh77alzl"}
{"type":"log","timestamp":1705521780256,"level":"info","message":"Rendering request 39 finished in 270 ms","meta":{"rootId":"xkkw3l7u0xfkn4p","id":"xkkw3l7u0xfkn4p"},"id":"fyu2pbp73kj3crj","previousOperationId":"p9ro4qjoh77alzl"}
{"type":"operationEnd","subtype":"render","operationId":"ugvthqqaej5s48z","timestamp":1705521780256,"id":"9jc67u32zr7jj1o","previousEventId":"d40yhzwd7x1zrqk","previousOperationId":"p9ro4qjoh77alzl"}
{"type":"operationEnd","doDiffs":false,"previousEventId":"jyexxkdknlduzo9","previousOperationId":"39d60n8wvgkq2j4","operationId":"39d60n8wvgkq2j4","timestamp":1705521780261,"id":"6jkrocyvid6v2d0"}
