{"type":"operationStart","subtype":"profile","data":{"_id":"aClelylMUCFSdYTo","timestamp":"2024-01-18T16:59:17.882Z","state":"queued","mode":"standard","creationDate":"2024-01-18T16:59:17.886Z","modificationDate":"2024-01-18T16:59:17.886Z","shortid":"-VAngAU","$entitySet":"profiles"},"doDiffs":false,"timestamp":1705597157884,"id":"6wimmtiezryiujo","previousOperationId":null,"operationId":"8bro3v85xy19pk6"}
{"type":"log","level":"info","message":"Render request 8 queued for execution and waiting for available worker","previousOperationId":"8bro3v85xy19pk6","timestamp":1705597157885,"id":"21dgdlnzlibzhww"}
{"type":"operationStart","subtype":"render","name":"apps-main","previousOperationId":"8bro3v85xy19pk6","timestamp":1705597157907,"id":"ffzrtv6usbpjlqv","previousEventId":"6wimmtiezryiujo","operationId":"fctfricysiq88eb"}
{"type":"log","timestamp":1705597157907,"level":"info","message":"Starting rendering request 8","meta":{"rootId":"xszl316wh47sa3r","id":"xszl316wh47sa3r"},"id":"utzepsuc9r5w0ps","previousOperationId":"fctfricysiq88eb"}
{"type":"log","timestamp":1705597157907,"level":"info","message":"Rendering template { name: apps-main, recipe: chrome-pdf, engine: handlebars, preview: true }","meta":{"rootId":"xszl316wh47sa3r","id":"xszl316wh47sa3r"},"id":"90c7vns2uaorqjy","previousOperationId":"fctfricysiq88eb"}
{"type":"log","timestamp":1705597157908,"level":"debug","message":"Data item not defined for this template.","meta":{"rootId":"xszl316wh47sa3r","id":"xszl316wh47sa3r"},"id":"4qw2vnttn8ef7m7","previousOperationId":"fctfricysiq88eb"}
{"type":"log","timestamp":1705597157914,"level":"debug","message":"Executing script apps-script (beforeRender)","meta":{"rootId":"xszl316wh47sa3r","id":"xszl316wh47sa3r"},"id":"ety59tzyn68ea7i","previousOperationId":"fctfricysiq88eb"}
{"type":"log","timestamp":1705597157939,"level":"debug","message":"Base url not specified, skipping its injection.","meta":{"rootId":"xszl316wh47sa3r","id":"xszl316wh47sa3r"},"id":"2yv8wyr03xqemg0","previousOperationId":"fctfricysiq88eb"}
{"type":"operationStart","subtype":"engine","name":"handlebars","timestamp":1705597157939,"id":"sgoej12xb9ydmlu","previousEventId":"ffzrtv6usbpjlqv","operationId":"74u7e6hgx7svmvl","previousOperationId":"fctfricysiq88eb"}
{"type":"log","timestamp":1705597157939,"level":"debug","message":"Rendering engine handlebars","meta":{"rootId":"xszl316wh47sa3r","id":"xszl316wh47sa3r"},"id":"6znz3fpbs43bync","previousOperationId":"74u7e6hgx7svmvl"}
{"type":"operationEnd","operationId":"74u7e6hgx7svmvl","timestamp":1705597157961,"id":"2qe54c4vx68zg8s","previousEventId":"sgoej12xb9ydmlu","previousOperationId":"74u7e6hgx7svmvl"}
{"type":"operationStart","subtype":"recipe","name":"chrome-pdf","timestamp":1705597157962,"id":"np9jyqc9bacjw45","previousEventId":"2qe54c4vx68zg8s","operationId":"1un87xepc7jr8ar","previousOperationId":"74u7e6hgx7svmvl"}
{"type":"log","timestamp":1705597157962,"level":"debug","message":"Executing recipe chrome-pdf","meta":{"rootId":"xszl316wh47sa3r","id":"xszl316wh47sa3r"},"id":"fzifpj4kpsl9tjw","previousOperationId":"1un87xepc7jr8ar"}
{"type":"log","timestamp":1705597157968,"level":"debug","message":"Converting with chrome HeadlessChrome/117.0.5938.149 using chrome-pool strategy","meta":{"rootId":"xszl316wh47sa3r","id":"xszl316wh47sa3r"},"id":"2powg1w8lzy7dct","previousOperationId":"1un87xepc7jr8ar"}
{"type":"log","timestamp":1705597158147,"level":"debug","message":"Page request: GET (document) file:///C:/Users/juank/AppData/Local/Temp/jsreport/autocleanup/8ed6d826-d899-4bf4-92f5-9698ec7a757d-chrome-pdf.html","meta":{"rootId":"xszl316wh47sa3r","id":"xszl316wh47sa3r"},"id":"4jyuuarntrz8hvd","previousOperationId":"1un87xepc7jr8ar"}
{"type":"log","timestamp":1705597158163,"level":"debug","message":"Page request: GET (script) https://cdn.jsdelivr.net/npm/chart.js","meta":{"rootId":"xszl316wh47sa3r","id":"xszl316wh47sa3r"},"id":"rsmdkovwrhsqtrt","previousOperationId":"1un87xepc7jr8ar"}
{"type":"log","timestamp":1705597158163,"level":"debug","message":"Page request finished: GET (document) 200 file:///C:/Users/juank/AppData/Local/Temp/jsreport/autocleanup/8ed6d826-d899-4bf4-92f5-9698ec7a757d-chrome-pdf.html","meta":{"rootId":"xszl316wh47sa3r","id":"xszl316wh47sa3r"},"id":"vs6nhs7tm7a64r5","previousOperationId":"1un87xepc7jr8ar"}
{"type":"log","timestamp":1705597158171,"level":"debug","message":"Page request finished: GET (script) 200 https://cdn.jsdelivr.net/npm/chart.js","meta":{"rootId":"xszl316wh47sa3r","id":"xszl316wh47sa3r"},"id":"rb1cb2sj0bh0z4v","previousOperationId":"1un87xepc7jr8ar"}
{"type":"log","timestamp":1705597158240,"level":"debug","message":"Running chrome with params {\"printBackground\":true,\"timeout\":599915,\"margin\":{}}","meta":{"rootId":"xszl316wh47sa3r","id":"xszl316wh47sa3r"},"id":"6h3p87knfwd83ls","previousOperationId":"1un87xepc7jr8ar"}
{"type":"operationEnd","operationId":"1un87xepc7jr8ar","timestamp":1705597158271,"id":"11msa5htxbp4wnd","previousEventId":"np9jyqc9bacjw45","previousOperationId":"1un87xepc7jr8ar"}
{"type":"log","timestamp":1705597158271,"level":"debug","message":"Skipping storing report.","meta":{"rootId":"xszl316wh47sa3r","id":"xszl316wh47sa3r"},"id":"tqz50ym40d3u66w","previousOperationId":"1un87xepc7jr8ar"}
{"type":"log","timestamp":1705597158271,"level":"info","message":"Rendering request 8 finished in 390 ms","meta":{"rootId":"xszl316wh47sa3r","id":"xszl316wh47sa3r"},"id":"7jxeskza9mj0bqd","previousOperationId":"1un87xepc7jr8ar"}
{"type":"operationEnd","subtype":"render","operationId":"fctfricysiq88eb","timestamp":1705597158271,"id":"erirx8wtcc4rxzd","previousEventId":"11msa5htxbp4wnd","previousOperationId":"1un87xepc7jr8ar"}
{"type":"operationEnd","doDiffs":false,"previousEventId":"6wimmtiezryiujo","previousOperationId":"8bro3v85xy19pk6","operationId":"8bro3v85xy19pk6","timestamp":1705597158285,"id":"tsazp7woojpn1gs"}
