{"type":"operationStart","subtype":"profile","data":{"_id":"T1fhTGn3qHL9FewW","timestamp":"2024-01-17T19:48:09.049Z","state":"queued","mode":"standard","creationDate":"2024-01-17T19:48:09.051Z","modificationDate":"2024-01-17T19:48:09.051Z","shortid":"XoMfyvT","$entitySet":"profiles"},"doDiffs":false,"timestamp":1705520889050,"id":"jkdidym7rp1q343","previousOperationId":null,"operationId":"zc7f6y2nwfc17wx"}
{"type":"log","level":"info","message":"Render request 28 queued for execution and waiting for available worker","previousOperationId":"zc7f6y2nwfc17wx","timestamp":1705520889050,"id":"gntsd93eqduen4v"}
{"type":"operationStart","subtype":"render","name":"apps-main","previousOperationId":"zc7f6y2nwfc17wx","timestamp":1705520889062,"id":"hp2ezjhgmkiuyxd","previousEventId":"jkdidym7rp1q343","operationId":"egq5mzr4pjoluay"}
{"type":"log","timestamp":1705520889062,"level":"info","message":"Starting rendering request 28","meta":{"rootId":"yte03xa3mh0axan","id":"yte03xa3mh0axan"},"id":"vtxj2mb5m1mfzki","previousOperationId":"egq5mzr4pjoluay"}
{"type":"log","timestamp":1705520889062,"level":"info","message":"Rendering template { name: apps-main, recipe: chrome-pdf, engine: handlebars, preview: true }","meta":{"rootId":"yte03xa3mh0axan","id":"yte03xa3mh0axan"},"id":"s2jvbgrqrjcpn1z","previousOperationId":"egq5mzr4pjoluay"}
{"type":"log","timestamp":1705520889063,"level":"debug","message":"Data item not defined for this template.","meta":{"rootId":"yte03xa3mh0axan","id":"yte03xa3mh0axan"},"id":"o8g3y01wd87mk6j","previousOperationId":"egq5mzr4pjoluay"}
{"type":"log","timestamp":1705520889065,"level":"debug","message":"Executing script apps-script (beforeRender)","meta":{"rootId":"yte03xa3mh0axan","id":"yte03xa3mh0axan"},"id":"w3ylz51jjitz52f","previousOperationId":"egq5mzr4pjoluay"}
{"type":"operationStart","subtype":"scriptsBeforeRender","name":"scripts beforeRender","timestamp":1705520889071,"id":"k9r590uic1zaxt9","previousEventId":"hp2ezjhgmkiuyxd","operationId":"xb1fwrlvvbofu5x","previousOperationId":"egq5mzr4pjoluay"}
{"type":"operationStart","subtype":"script","name":"scripts apps-script","previousOperationId":"xb1fwrlvvbofu5x","timestamp":1705520889071,"id":"fpoac39034y7j3m","previousEventId":"k9r590uic1zaxt9","operationId":"4xge1mrjgs3g3ne"}
{"type":"log","timestamp":1705520889073,"level":"debug","message":"(console:error) Error al obtener datos: TypeError: orders.filter is not a function\n    at prepareDataSource (sandbox.js:19:34)\n    at async Object.beforeRender (sandbox.js:37:32)\n    at async executionFn (C:\\Users\\juank\\Proyectos\\Tecnologias\\JsReportApp\\node_modules\\@jsreport\\jsreport-scripts\\lib\\executeScript.js:67:11)\n    at async run (C:\\Users\\juank\\Proyectos\\Tecnologias\\JsReportApp\\node_modules\\@jsreport\\jsreport-core\\lib\\worker\\sandbox\\createSandbox.js:137:16)\n    at async WorkerReporter.runInSandbox [as _runInSandbox] (C:\\Users\\juank\\Proyectos\\Tecnologias\\JsReportApp\\node_modules\\@jsreport\\jsreport-core\\lib\\worker\\sandbox\\runInSandbox.js:195:14)\n    at async executeScript (C:\\Users\\juank\\Proyectos\\Tecnologias\\JsReportApp\\node_modules\\@jsreport\\jsreport-scripts\\lib\\executeScript.js:122:12)\n    at async Scripts._runScript (C:\\Users\\juank\\Proyectos\\Tecnologias\\JsReportApp\\node_modules\\@jsreport\\jsreport-scripts\\lib\\worker.js:140:30)\n    at async Scripts.handleBeforeRender (C:\\Users\\juank\\Proyectos\\Tecnologias\\JsReportApp\\node_modules\\@jsreport\\jsreport-scripts\\lib\\worker.js:64:7)\n    at async ListenerCollection.fire (C:\\Users\\juank\\Proyectos\\Tecnologias\\JsReportApp\\node_modules\\@jsreport\\jsreport-core\\lib\\shared\\listenerCollection.js:157:21)\n    at async beforeRender (C:\\Users\\juank\\Proyectos\\Tecnologias\\JsReportApp\\node_modules\\@jsreport\\jsreport-core\\lib\\worker\\render\\render.js:24:5)","meta":{"userLevel":true,"rootId":"yte03xa3mh0axan","id":"yte03xa3mh0axan"},"id":"rwe6o5bkyq9h8pg","previousOperationId":"4xge1mrjgs3g3ne"}
{"type":"operationEnd","operationId":"4xge1mrjgs3g3ne","timestamp":1705520889073,"id":"mdh4y0tam68ew2f","previousEventId":"hp2ezjhgmkiuyxd","previousOperationId":"egq5mzr4pjoluay"}
{"type":"operationEnd","operationId":"xb1fwrlvvbofu5x","timestamp":1705520889073,"id":"d5h48o7irm8o0dh","previousEventId":"mdh4y0tam68ew2f","previousOperationId":"egq5mzr4pjoluay"}
{"type":"log","timestamp":1705520889073,"level":"debug","message":"Base url not specified, skipping its injection.","meta":{"rootId":"yte03xa3mh0axan","id":"yte03xa3mh0axan"},"id":"en4d8r74h8wwazv","previousOperationId":"xb1fwrlvvbofu5x"}
{"type":"operationStart","subtype":"engine","name":"handlebars","timestamp":1705520889073,"id":"n9toxr0xa88u8d2","previousEventId":"d5h48o7irm8o0dh","operationId":"wei06vo3srmtlgm","previousOperationId":"xb1fwrlvvbofu5x"}
{"type":"log","timestamp":1705520889073,"level":"debug","message":"Rendering engine handlebars","meta":{"rootId":"yte03xa3mh0axan","id":"yte03xa3mh0axan"},"id":"jgs9zweano4za5x","previousOperationId":"wei06vo3srmtlgm"}
{"type":"operationEnd","operationId":"wei06vo3srmtlgm","timestamp":1705520889088,"id":"oqjndqmypdxtq34","previousEventId":"n9toxr0xa88u8d2","previousOperationId":"wei06vo3srmtlgm"}
{"type":"operationStart","subtype":"recipe","name":"chrome-pdf","timestamp":1705520889088,"id":"a2ybcm1eodt3ub7","previousEventId":"oqjndqmypdxtq34","operationId":"vz71tt3jcjav5v3","previousOperationId":"wei06vo3srmtlgm"}
{"type":"log","timestamp":1705520889088,"level":"debug","message":"Executing recipe chrome-pdf","meta":{"rootId":"yte03xa3mh0axan","id":"yte03xa3mh0axan"},"id":"k5sgk23urcv9h7b","previousOperationId":"vz71tt3jcjav5v3"}
{"type":"log","timestamp":1705520889091,"level":"debug","message":"Converting with chrome HeadlessChrome/117.0.5938.149 using chrome-pool strategy","meta":{"rootId":"yte03xa3mh0axan","id":"yte03xa3mh0axan"},"id":"3utw6nng6wwmckr","previousOperationId":"vz71tt3jcjav5v3"}
{"type":"log","timestamp":1705520889201,"level":"debug","message":"Page request: GET (document) file:///C:/Users/juank/AppData/Local/Temp/jsreport/autocleanup/ed0d1938-3691-4a5a-831c-aaf1ebb34788-chrome-pdf.html","meta":{"rootId":"yte03xa3mh0axan","id":"yte03xa3mh0axan"},"id":"rr57ccocqgk4y15","previousOperationId":"vz71tt3jcjav5v3"}
{"type":"log","timestamp":1705520889210,"level":"debug","message":"Page request: GET (stylesheet) https://cdnjs.cloudflare.com/ajax/libs/metro/4.1.5/css/metro.min.css","meta":{"rootId":"yte03xa3mh0axan","id":"yte03xa3mh0axan"},"id":"gf6vfhhugcdk29m","previousOperationId":"vz71tt3jcjav5v3"}
{"type":"log","timestamp":1705520889210,"level":"debug","message":"Page request: GET (script) https://cdnjs.cloudflare.com/ajax/libs/Chart.js/2.7.2/Chart.min.js","meta":{"rootId":"yte03xa3mh0axan","id":"yte03xa3mh0axan"},"id":"44thnoee1jlip36","previousOperationId":"vz71tt3jcjav5v3"}
{"type":"log","timestamp":1705520889211,"level":"debug","message":"Page request finished: GET (document) 200 file:///C:/Users/juank/AppData/Local/Temp/jsreport/autocleanup/ed0d1938-3691-4a5a-831c-aaf1ebb34788-chrome-pdf.html","meta":{"rootId":"yte03xa3mh0axan","id":"yte03xa3mh0axan"},"id":"0al6ku0tnozvqw7","previousOperationId":"vz71tt3jcjav5v3"}
{"type":"log","timestamp":1705520889216,"level":"debug","message":"Page request finished: GET (script) 200 https://cdnjs.cloudflare.com/ajax/libs/Chart.js/2.7.2/Chart.min.js","meta":{"rootId":"yte03xa3mh0axan","id":"yte03xa3mh0axan"},"id":"x409uqki9cepxw0","previousOperationId":"vz71tt3jcjav5v3"}
{"type":"log","timestamp":1705520889226,"level":"debug","message":"Page request finished: GET (stylesheet) 200 https://cdnjs.cloudflare.com/ajax/libs/metro/4.1.5/css/metro.min.css","meta":{"rootId":"yte03xa3mh0axan","id":"yte03xa3mh0axan"},"id":"feep630zdkberag","previousOperationId":"vz71tt3jcjav5v3"}
{"type":"log","timestamp":1705520889244,"level":"debug","message":"Running chrome with params {\"printBackground\":true,\"timeout\":599958,\"margin\":{}}","meta":{"rootId":"yte03xa3mh0axan","id":"yte03xa3mh0axan"},"id":"i3u6ydaz0tfzhcw","previousOperationId":"vz71tt3jcjav5v3"}
{"type":"operationEnd","operationId":"vz71tt3jcjav5v3","timestamp":1705520889268,"id":"aifjhcj9gdzyebx","previousEventId":"a2ybcm1eodt3ub7","previousOperationId":"vz71tt3jcjav5v3"}
{"type":"log","timestamp":1705520889269,"level":"debug","message":"Skipping storing report.","meta":{"rootId":"yte03xa3mh0axan","id":"yte03xa3mh0axan"},"id":"h13mce0tdsg9amq","previousOperationId":"vz71tt3jcjav5v3"}
{"type":"log","timestamp":1705520889269,"level":"info","message":"Rendering request 28 finished in 221 ms","meta":{"rootId":"yte03xa3mh0axan","id":"yte03xa3mh0axan"},"id":"hi66b4sfht2nk9e","previousOperationId":"vz71tt3jcjav5v3"}
{"type":"operationEnd","subtype":"render","operationId":"egq5mzr4pjoluay","timestamp":1705520889269,"id":"u035is99fouivjn","previousEventId":"aifjhcj9gdzyebx","previousOperationId":"vz71tt3jcjav5v3"}
{"type":"operationEnd","doDiffs":false,"previousEventId":"jkdidym7rp1q343","previousOperationId":"zc7f6y2nwfc17wx","operationId":"zc7f6y2nwfc17wx","timestamp":1705520889278,"id":"tyanunpv3b41ad3"}
