{"type":"operationStart","subtype":"profile","data":{"_id":"cqp4eKHW8IqHgJjA","timestamp":"2024-01-17T20:19:53.754Z","state":"queued","mode":"standard","creationDate":"2024-01-17T20:19:53.757Z","modificationDate":"2024-01-17T20:19:53.757Z","shortid":"J-yzthp","$entitySet":"profiles"},"doDiffs":false,"timestamp":1705522793755,"id":"looruhoeskjw5fn","previousOperationId":null,"operationId":"dzy6xtcixp5tbn5"}
{"type":"log","level":"info","message":"Render request 56 queued for execution and waiting for available worker","previousOperationId":"dzy6xtcixp5tbn5","timestamp":1705522793756,"id":"sn1hpt3scc9c5xy"}
{"type":"operationStart","subtype":"render","name":"apps-main","previousOperationId":"dzy6xtcixp5tbn5","timestamp":1705522793767,"id":"i18wkv0xdcwewh9","previousEventId":"looruhoeskjw5fn","operationId":"3rvhplfvadz77z2"}
{"type":"log","timestamp":1705522793767,"level":"info","message":"Starting rendering request 56","meta":{"rootId":"zfec8isk2ol0o58","id":"zfec8isk2ol0o58"},"id":"r7j1t8madzmkvkk","previousOperationId":"3rvhplfvadz77z2"}
{"type":"log","timestamp":1705522793767,"level":"info","message":"Rendering template { name: apps-main, recipe: chrome-pdf, engine: handlebars, preview: true }","meta":{"rootId":"zfec8isk2ol0o58","id":"zfec8isk2ol0o58"},"id":"prehyumqttnzfoo","previousOperationId":"3rvhplfvadz77z2"}
{"type":"log","timestamp":1705522793768,"level":"debug","message":"Data item not defined for this template.","meta":{"rootId":"zfec8isk2ol0o58","id":"zfec8isk2ol0o58"},"id":"vxz4mrle8sntkgy","previousOperationId":"3rvhplfvadz77z2"}
{"type":"log","timestamp":1705522793770,"level":"debug","message":"Executing script apps-script (beforeRender)","meta":{"rootId":"zfec8isk2ol0o58","id":"zfec8isk2ol0o58"},"id":"19zwy13dc1y3ry7","previousOperationId":"3rvhplfvadz77z2"}
{"type":"operationStart","subtype":"scriptsBeforeRender","name":"scripts beforeRender","timestamp":1705522793775,"id":"5eb2ayoopjanv6l","previousEventId":"i18wkv0xdcwewh9","operationId":"3kvccqzwv8wq9lh","previousOperationId":"3rvhplfvadz77z2"}
{"type":"operationStart","subtype":"script","name":"scripts apps-script","previousOperationId":"3kvccqzwv8wq9lh","timestamp":1705522793775,"id":"2omfkjnz05f3n5y","previousEventId":"5eb2ayoopjanv6l","operationId":"oxel94c7la52kux"}
{"type":"log","timestamp":1705522793777,"level":"debug","message":"(console:log) {\n  labels: [ 'HTTP', 'No HTTP' ],\n  datasets: [\n    {\n      data: [Array],\n      backgroundColor: [Array],\n      borderColor: [Array],\n      borderWidth: 1\n    }\n  ]\n}","meta":{"userLevel":true,"rootId":"zfec8isk2ol0o58","id":"zfec8isk2ol0o58"},"id":"6ck95eirxj6j988","previousOperationId":"oxel94c7la52kux"}
{"type":"log","timestamp":1705522793778,"level":"debug","message":"(console:log) {\n  apps: [\n    {\n      id: 1,\n      icon: '1702583747.png',\n      URL: 'applicationsview',\n      created_at: '2023-12-14T15:19:05.000000Z',\n      updated_at: '2023-12-14T19:55:47.000000Z'\n    },\n    {\n      id: 2,\n      icon: '1702581234.jpg',\n      URL: 'employeesview',\n      created_at: '2023-12-14T19:13:54.000000Z',\n      updated_at: '2023-12-14T19:13:54.000000Z'\n    },\n    {\n      id: 3,\n      icon: '1702583822.png',\n      URL: 'rolesview',\n      created_at: '2023-12-14T19:57:02.000000Z',\n      updated_at: '2023-12-14T19:57:02.000000Z'\n    },\n    {\n      id: 4,\n      icon: '1702584040.png',\n      URL: 'newsview',\n      created_at: '2023-12-14T20:00:40.000000Z',\n      updated_at: '2023-12-14T20:00:40.000000Z'\n    },\n    {\n      id: 5,\n      icon: '1702658124.png',\n      URL: 'http://google.com',\n      created_at: '2023-12-15T16:35:24.000000Z',\n      updated_at: '2023-12-17T05:09:34.000000Z'\n    }\n  ],\n  accumulated: { labels: [ 'HTTP', 'No HTTP' ], datasets: [ [Object] ] }\n}","meta":{"userLevel":true,"rootId":"zfec8isk2ol0o58","id":"zfec8isk2ol0o58"},"id":"4igaripfui9iucn","previousOperationId":"oxel94c7la52kux"}
{"type":"operationEnd","operationId":"oxel94c7la52kux","timestamp":1705522793778,"id":"tb6xnnpcixyzg7z","previousEventId":"i18wkv0xdcwewh9","previousOperationId":"3rvhplfvadz77z2"}
{"type":"operationEnd","operationId":"3kvccqzwv8wq9lh","timestamp":1705522793778,"id":"fpwl7423ny0sdz8","previousEventId":"tb6xnnpcixyzg7z","previousOperationId":"3rvhplfvadz77z2"}
{"type":"log","timestamp":1705522793778,"level":"debug","message":"Base url not specified, skipping its injection.","meta":{"rootId":"zfec8isk2ol0o58","id":"zfec8isk2ol0o58"},"id":"3fag3kd2llmhnnc","previousOperationId":"3kvccqzwv8wq9lh"}
{"type":"operationStart","subtype":"engine","name":"handlebars","timestamp":1705522793778,"id":"zdhcqb5bakzvy52","previousEventId":"fpwl7423ny0sdz8","operationId":"0q9zf14crlrnr3m","previousOperationId":"3kvccqzwv8wq9lh"}
{"type":"log","timestamp":1705522793778,"level":"debug","message":"Rendering engine handlebars","meta":{"rootId":"zfec8isk2ol0o58","id":"zfec8isk2ol0o58"},"id":"ri3ni0840i1sjrc","previousOperationId":"0q9zf14crlrnr3m"}
{"type":"operationEnd","operationId":"0q9zf14crlrnr3m","timestamp":1705522793795,"id":"i4iw6jc6kby64x4","previousEventId":"zdhcqb5bakzvy52","previousOperationId":"0q9zf14crlrnr3m"}
{"type":"operationStart","subtype":"recipe","name":"chrome-pdf","timestamp":1705522793796,"id":"xrilvvai9vnfshl","previousEventId":"i4iw6jc6kby64x4","operationId":"g8kda5epnzzy1d4","previousOperationId":"0q9zf14crlrnr3m"}
{"type":"log","timestamp":1705522793796,"level":"debug","message":"Executing recipe chrome-pdf","meta":{"rootId":"zfec8isk2ol0o58","id":"zfec8isk2ol0o58"},"id":"k14fsmbvd2mr2lq","previousOperationId":"g8kda5epnzzy1d4"}
{"type":"log","timestamp":1705522793798,"level":"debug","message":"Converting with chrome HeadlessChrome/117.0.5938.149 using chrome-pool strategy","meta":{"rootId":"zfec8isk2ol0o58","id":"zfec8isk2ol0o58"},"id":"0b0oc9y03f4wp74","previousOperationId":"g8kda5epnzzy1d4"}
{"type":"log","timestamp":1705522793949,"level":"debug","message":"Page request: GET (document) file:///C:/Users/juank/AppData/Local/Temp/jsreport/autocleanup/0e3c6c5d-69b1-40b3-b299-1410bca2658f-chrome-pdf.html","meta":{"rootId":"zfec8isk2ol0o58","id":"zfec8isk2ol0o58"},"id":"z90a1iow6e3c411","previousOperationId":"g8kda5epnzzy1d4"}
{"type":"log","timestamp":1705522793957,"level":"debug","message":"Page request: GET (stylesheet) https://cdnjs.cloudflare.com/ajax/libs/metro/4.1.5/css/metro.min.css","meta":{"rootId":"zfec8isk2ol0o58","id":"zfec8isk2ol0o58"},"id":"pad5av1x8n643w7","previousOperationId":"g8kda5epnzzy1d4"}
{"type":"log","timestamp":1705522793957,"level":"debug","message":"Page request: GET (script) https://cdnjs.cloudflare.com/ajax/libs/Chart.js/2.7.2/Chart.min.js","meta":{"rootId":"zfec8isk2ol0o58","id":"zfec8isk2ol0o58"},"id":"uahiubu4id9zdh9","previousOperationId":"g8kda5epnzzy1d4"}
{"type":"log","timestamp":1705522793957,"level":"debug","message":"Page request finished: GET (document) 200 file:///C:/Users/juank/AppData/Local/Temp/jsreport/autocleanup/0e3c6c5d-69b1-40b3-b299-1410bca2658f-chrome-pdf.html","meta":{"rootId":"zfec8isk2ol0o58","id":"zfec8isk2ol0o58"},"id":"hn6o1yqbe75vbcb","previousOperationId":"g8kda5epnzzy1d4"}
{"type":"log","timestamp":1705522793962,"level":"debug","message":"Page request finished: GET (script) 200 https://cdnjs.cloudflare.com/ajax/libs/Chart.js/2.7.2/Chart.min.js","meta":{"rootId":"zfec8isk2ol0o58","id":"zfec8isk2ol0o58"},"id":"1k7mupvnd1f6tml","previousOperationId":"g8kda5epnzzy1d4"}
{"type":"log","timestamp":1705522793972,"level":"debug","message":"Page request finished: GET (stylesheet) 200 https://cdnjs.cloudflare.com/ajax/libs/metro/4.1.5/css/metro.min.css","meta":{"rootId":"zfec8isk2ol0o58","id":"zfec8isk2ol0o58"},"id":"bydh6oc467kyyx9","previousOperationId":"g8kda5epnzzy1d4"}
{"type":"log","timestamp":1705522793976,"level":"warn","message":"Page error: Unexpected token '&' , stack: SyntaxError: Unexpected token '&'","meta":{"rootId":"zfec8isk2ol0o58","id":"zfec8isk2ol0o58"},"id":"bq2oe2kulekmgsf","previousOperationId":"g8kda5epnzzy1d4"}
{"type":"log","timestamp":1705522793994,"level":"debug","message":"Running chrome with params {\"printBackground\":true,\"timeout\":599957,\"margin\":{}}","meta":{"rootId":"zfec8isk2ol0o58","id":"zfec8isk2ol0o58"},"id":"161i3zw1kr1rwgv","previousOperationId":"g8kda5epnzzy1d4"}
{"type":"operationEnd","operationId":"g8kda5epnzzy1d4","timestamp":1705522794021,"id":"rb8jdh6fufb3lh6","previousEventId":"xrilvvai9vnfshl","previousOperationId":"g8kda5epnzzy1d4"}
{"type":"log","timestamp":1705522794021,"level":"debug","message":"Skipping storing report.","meta":{"rootId":"zfec8isk2ol0o58","id":"zfec8isk2ol0o58"},"id":"41tg7d4wm4xnwsl","previousOperationId":"g8kda5epnzzy1d4"}
{"type":"log","timestamp":1705522794021,"level":"info","message":"Rendering request 56 finished in 267 ms","meta":{"rootId":"zfec8isk2ol0o58","id":"zfec8isk2ol0o58"},"id":"bpyox96gh11gf56","previousOperationId":"g8kda5epnzzy1d4"}
{"type":"operationEnd","subtype":"render","operationId":"3rvhplfvadz77z2","timestamp":1705522794021,"id":"hoct3i224vtjndl","previousEventId":"rb8jdh6fufb3lh6","previousOperationId":"g8kda5epnzzy1d4"}
{"type":"operationEnd","doDiffs":false,"previousEventId":"looruhoeskjw5fn","previousOperationId":"dzy6xtcixp5tbn5","operationId":"dzy6xtcixp5tbn5","timestamp":1705522794031,"id":"hulqjmk67zb6ynh"}
