{"type":"operationStart","subtype":"profile","data":{"_id":"9m7pMVQBZ3LAdYBB","timestamp":"2024-01-18T16:50:58.359Z","state":"queued","mode":"standard","creationDate":"2024-01-18T16:50:58.365Z","modificationDate":"2024-01-18T16:50:58.365Z","shortid":"PqKkZDW","$entitySet":"profiles"},"doDiffs":false,"timestamp":1705596658363,"id":"ypmhxgezjl6pqhu","previousOperationId":null,"operationId":"qckfcrink5urexp"}
{"type":"log","level":"info","message":"Render request 3 queued for execution and waiting for available worker","previousOperationId":"qckfcrink5urexp","timestamp":1705596658363,"id":"e39fgb3aq34w5lw"}
{"type":"operationStart","subtype":"render","name":"apps-main","previousOperationId":"qckfcrink5urexp","timestamp":1705596658410,"id":"o0t6j58uy5umpyx","previousEventId":"ypmhxgezjl6pqhu","operationId":"bs6dlryd8j5acjf"}
{"type":"log","timestamp":1705596658410,"level":"info","message":"Starting rendering request 3","meta":{"rootId":"zfpxtm8znobghds","id":"zfpxtm8znobghds"},"id":"rpw83qeo4sdxiw3","previousOperationId":"bs6dlryd8j5acjf"}
{"type":"log","timestamp":1705596658411,"level":"info","message":"Rendering template { name: apps-main, recipe: chrome-pdf, engine: handlebars, preview: true }","meta":{"rootId":"zfpxtm8znobghds","id":"zfpxtm8znobghds"},"id":"8qqk0h49ljr0vct","previousOperationId":"bs6dlryd8j5acjf"}
{"type":"log","timestamp":1705596658423,"level":"debug","message":"Data item not defined for this template.","meta":{"rootId":"zfpxtm8znobghds","id":"zfpxtm8znobghds"},"id":"apbj1tde1piiawk","previousOperationId":"bs6dlryd8j5acjf"}
{"type":"log","timestamp":1705596658442,"level":"debug","message":"Executing script apps-script (beforeRender)","meta":{"rootId":"zfpxtm8znobghds","id":"zfpxtm8znobghds"},"id":"4j215v9nyixdnwf","previousOperationId":"bs6dlryd8j5acjf"}
{"type":"log","timestamp":1705596658471,"level":"debug","message":"Base url not specified, skipping its injection.","meta":{"rootId":"zfpxtm8znobghds","id":"zfpxtm8znobghds"},"id":"wz4yls6kvrztjry","previousOperationId":"bs6dlryd8j5acjf"}
{"type":"operationStart","subtype":"engine","name":"handlebars","timestamp":1705596658472,"id":"804nsvdxzkq6le1","previousEventId":"o0t6j58uy5umpyx","operationId":"b6xj9o6w3mgs9dk","previousOperationId":"bs6dlryd8j5acjf"}
{"type":"log","timestamp":1705596658472,"level":"debug","message":"Rendering engine handlebars","meta":{"rootId":"zfpxtm8znobghds","id":"zfpxtm8znobghds"},"id":"u0cbtav4jnu9773","previousOperationId":"b6xj9o6w3mgs9dk"}
{"type":"operationEnd","operationId":"b6xj9o6w3mgs9dk","timestamp":1705596658580,"id":"s0age2l6t967l88","previousEventId":"804nsvdxzkq6le1","previousOperationId":"b6xj9o6w3mgs9dk"}
{"type":"operationStart","subtype":"recipe","name":"chrome-pdf","timestamp":1705596658600,"id":"uolpq6zzptl94nl","previousEventId":"s0age2l6t967l88","operationId":"a9rox33tvxwlrk6","previousOperationId":"b6xj9o6w3mgs9dk"}
{"type":"log","timestamp":1705596658600,"level":"debug","message":"Executing recipe chrome-pdf","meta":{"rootId":"zfpxtm8znobghds","id":"zfpxtm8znobghds"},"id":"kdkdxvnohfy0kdd","previousOperationId":"a9rox33tvxwlrk6"}
{"type":"log","timestamp":1705596658646,"level":"debug","message":"Converting with chrome HeadlessChrome/117.0.5938.149 using chrome-pool strategy","meta":{"rootId":"zfpxtm8znobghds","id":"zfpxtm8znobghds"},"id":"lyq6w0kq5ifveiq","previousOperationId":"a9rox33tvxwlrk6"}
{"type":"log","timestamp":1705596658943,"level":"debug","message":"Page request: GET (document) file:///C:/Users/juank/AppData/Local/Temp/jsreport/autocleanup/a38cc99d-adeb-4952-83a8-d90333666cd7-chrome-pdf.html","meta":{"rootId":"zfpxtm8znobghds","id":"zfpxtm8znobghds"},"id":"3rpcm6rb8x2fie8","previousOperationId":"a9rox33tvxwlrk6"}
{"type":"log","timestamp":1705596658960,"level":"debug","message":"Page request finished: GET (document) 200 file:///C:/Users/juank/AppData/Local/Temp/jsreport/autocleanup/a38cc99d-adeb-4952-83a8-d90333666cd7-chrome-pdf.html","meta":{"rootId":"zfpxtm8znobghds","id":"zfpxtm8znobghds"},"id":"xo20b1zc2x0azs1","previousOperationId":"a9rox33tvxwlrk6"}
{"type":"log","timestamp":1705596658960,"level":"debug","message":"Page request: GET (script) https://cdn.jsdelivr.net/npm/chart.js","meta":{"rootId":"zfpxtm8znobghds","id":"zfpxtm8znobghds"},"id":"p20llftmqhw5nih","previousOperationId":"a9rox33tvxwlrk6"}
{"type":"log","timestamp":1705596658992,"level":"debug","message":"Page request finished: GET (script) 200 https://cdn.jsdelivr.net/npm/chart.js","meta":{"rootId":"zfpxtm8znobghds","id":"zfpxtm8znobghds"},"id":"j0vt8pdzxqjxggn","previousOperationId":"a9rox33tvxwlrk6"}
{"type":"log","timestamp":1705596659090,"level":"debug","message":"Running chrome with params {\"printBackground\":true,\"timeout\":599721,\"margin\":{}}","meta":{"rootId":"zfpxtm8znobghds","id":"zfpxtm8znobghds"},"id":"alkjfvxeh2424z6","previousOperationId":"a9rox33tvxwlrk6"}
{"type":"operationEnd","operationId":"a9rox33tvxwlrk6","timestamp":1705596659155,"id":"5ai5k44590q2660","previousEventId":"uolpq6zzptl94nl","previousOperationId":"a9rox33tvxwlrk6"}
{"type":"log","timestamp":1705596659155,"level":"debug","message":"Skipping storing report.","meta":{"rootId":"zfpxtm8znobghds","id":"zfpxtm8znobghds"},"id":"vvz1w027cslzp35","previousOperationId":"a9rox33tvxwlrk6"}
{"type":"log","timestamp":1705596659155,"level":"info","message":"Rendering request 3 finished in 796 ms","meta":{"rootId":"zfpxtm8znobghds","id":"zfpxtm8znobghds"},"id":"7bcoze5lok7zqi9","previousOperationId":"a9rox33tvxwlrk6"}
{"type":"operationEnd","subtype":"render","operationId":"bs6dlryd8j5acjf","timestamp":1705596659155,"id":"9qm8t5uzh4da6sh","previousEventId":"5ai5k44590q2660","previousOperationId":"a9rox33tvxwlrk6"}
{"type":"operationEnd","doDiffs":false,"previousEventId":"ypmhxgezjl6pqhu","previousOperationId":"qckfcrink5urexp","operationId":"qckfcrink5urexp","timestamp":1705596659167,"id":"6e7g1vv4k42wxx0"}
