{"type":"operationStart","subtype":"profile","data":{"_id":"2c1U8ogwMNdBzcnU","timestamp":"2024-01-17T19:10:45.470Z","state":"queued","mode":"standard","creationDate":"2024-01-17T19:10:45.473Z","modificationDate":"2024-01-17T19:10:45.473Z","shortid":"bW6KZDm","$entitySet":"profiles"},"doDiffs":false,"timestamp":1705518645472,"id":"b2fgtfn0g1o1044","previousOperationId":null,"operationId":"1xf7tghnp3eltr0"}
{"type":"log","level":"info","message":"Render request 14 queued for execution and waiting for available worker","previousOperationId":"1xf7tghnp3eltr0","timestamp":1705518645472,"id":"gnw1p8yexzir18j"}
{"type":"operationStart","subtype":"render","name":"apps-main","previousOperationId":"1xf7tghnp3eltr0","timestamp":1705518645489,"id":"7b647dlfuorf0py","previousEventId":"b2fgtfn0g1o1044","operationId":"1ilw10t6sdhr7to"}
{"type":"log","timestamp":1705518645489,"level":"info","message":"Starting rendering request 14","meta":{"rootId":"zs3nigru2wh75jk","id":"zs3nigru2wh75jk"},"id":"6h9d6v7qrz89smx","previousOperationId":"1ilw10t6sdhr7to"}
{"type":"log","timestamp":1705518645489,"level":"info","message":"Rendering template { name: apps-main, recipe: chrome-pdf, engine: handlebars, preview: true }","meta":{"rootId":"zs3nigru2wh75jk","id":"zs3nigru2wh75jk"},"id":"0i9b5yr2eifn3qg","previousOperationId":"1ilw10t6sdhr7to"}
{"type":"log","timestamp":1705518645491,"level":"debug","message":"Data item not defined for this template.","meta":{"rootId":"zs3nigru2wh75jk","id":"zs3nigru2wh75jk"},"id":"quwhc3zu8qn09lj","previousOperationId":"1ilw10t6sdhr7to"}
{"type":"log","timestamp":1705518645495,"level":"debug","message":"Executing script apps-script (beforeRender)","meta":{"rootId":"zs3nigru2wh75jk","id":"zs3nigru2wh75jk"},"id":"ibikwzfw5m344ae","previousOperationId":"1ilw10t6sdhr7to"}
{"type":"operationStart","subtype":"scriptsBeforeRender","name":"scripts beforeRender","timestamp":1705518645512,"id":"oiec79bi9kxofh8","previousEventId":"7b647dlfuorf0py","operationId":"a1ehey88p0zy1qi","previousOperationId":"1ilw10t6sdhr7to"}
{"type":"operationStart","subtype":"script","name":"scripts apps-script","previousOperationId":"a1ehey88p0zy1qi","timestamp":1705518645512,"id":"dkx8i0p2j6rnx88","previousEventId":"oiec79bi9kxofh8","operationId":"jzw4ny3w5l0je95"}
{"type":"log","timestamp":1705518645516,"level":"debug","message":"(console:log) [\n  {\n    id: 1,\n    icon: '1702583747.png',\n    URL: 'applicationsview',\n    created_at: '2023-12-14T15:19:05.000000Z',\n    updated_at: '2023-12-14T19:55:47.000000Z'\n  },\n  {\n    id: 2,\n    icon: '1702581234.jpg',\n    URL: 'employeesview',\n    created_at: '2023-12-14T19:13:54.000000Z',\n    updated_at: '2023-12-14T19:13:54.000000Z'\n  },\n  {\n    id: 3,\n    icon: '1702583822.png',\n    URL: 'rolesview',\n    created_at: '2023-12-14T19:57:02.000000Z',\n    updated_at: '2023-12-14T19:57:02.000000Z'\n  },\n  {\n    id: 4,\n    icon: '1702584040.png',\n    URL: 'newsview',\n    created_at: '2023-12-14T20:00:40.000000Z',\n    updated_at: '2023-12-14T20:00:40.000000Z'\n  },\n  {\n    id: 5,\n    icon: '1702658124.png',\n    URL: 'http://google.com',\n    created_at: '2023-12-15T16:35:24.000000Z',\n    updated_at: '2023-12-17T05:09:34.000000Z'\n  }\n]","meta":{"userLevel":true,"rootId":"zs3nigru2wh75jk","id":"zs3nigru2wh75jk"},"id":"tugbak9u1kerxs5","previousOperationId":"jzw4ny3w5l0je95"}
{"type":"operationEnd","operationId":"jzw4ny3w5l0je95","timestamp":1705518645516,"id":"k52eni6g93ej9lu","previousEventId":"7b647dlfuorf0py","previousOperationId":"1ilw10t6sdhr7to"}
{"type":"operationEnd","operationId":"a1ehey88p0zy1qi","timestamp":1705518645516,"id":"8ajezcj820ayo7t","previousEventId":"k52eni6g93ej9lu","previousOperationId":"1ilw10t6sdhr7to"}
{"type":"log","timestamp":1705518645517,"level":"debug","message":"Base url not specified, skipping its injection.","meta":{"rootId":"zs3nigru2wh75jk","id":"zs3nigru2wh75jk"},"id":"35hle2o1cwm2gjg","previousOperationId":"a1ehey88p0zy1qi"}
{"type":"operationStart","subtype":"engine","name":"handlebars","timestamp":1705518645517,"id":"j5prbg2ds5yaxwf","previousEventId":"8ajezcj820ayo7t","operationId":"8wsoyirf3v0vynr","previousOperationId":"a1ehey88p0zy1qi"}
{"type":"log","timestamp":1705518645517,"level":"debug","message":"Rendering engine handlebars","meta":{"rootId":"zs3nigru2wh75jk","id":"zs3nigru2wh75jk"},"id":"6m7tnb2cnajdl5w","previousOperationId":"8wsoyirf3v0vynr"}
{"type":"operationEnd","operationId":"8wsoyirf3v0vynr","timestamp":1705518645541,"id":"mj2o4tu02r7ayh2","previousEventId":"j5prbg2ds5yaxwf","previousOperationId":"8wsoyirf3v0vynr"}
{"type":"operationStart","subtype":"recipe","name":"chrome-pdf","timestamp":1705518645541,"id":"ab4p743en4904p2","previousEventId":"mj2o4tu02r7ayh2","operationId":"9lbfk0bcm7ltde8","previousOperationId":"8wsoyirf3v0vynr"}
{"type":"log","timestamp":1705518645541,"level":"debug","message":"Executing recipe chrome-pdf","meta":{"rootId":"zs3nigru2wh75jk","id":"zs3nigru2wh75jk"},"id":"rb0yhcy8nfa8352","previousOperationId":"9lbfk0bcm7ltde8"}
{"type":"log","timestamp":1705518645546,"level":"debug","message":"Converting with chrome HeadlessChrome/117.0.5938.149 using chrome-pool strategy","meta":{"rootId":"zs3nigru2wh75jk","id":"zs3nigru2wh75jk"},"id":"5d3lheceupjr1of","previousOperationId":"9lbfk0bcm7ltde8"}
{"type":"log","timestamp":1705518645690,"level":"debug","message":"Page request: GET (document) file:///C:/Users/juank/AppData/Local/Temp/jsreport/autocleanup/d77a611c-0642-4f7e-a269-079240f3a1aa-chrome-pdf.html","meta":{"rootId":"zs3nigru2wh75jk","id":"zs3nigru2wh75jk"},"id":"vhhp8p6oewfdzci","previousOperationId":"9lbfk0bcm7ltde8"}
{"type":"log","timestamp":1705518645704,"level":"debug","message":"Page request: GET (stylesheet) https://cdnjs.cloudflare.com/ajax/libs/metro/4.1.5/css/metro.min.css","meta":{"rootId":"zs3nigru2wh75jk","id":"zs3nigru2wh75jk"},"id":"n4dv6qplahdmosr","previousOperationId":"9lbfk0bcm7ltde8"}
{"type":"log","timestamp":1705518645705,"level":"debug","message":"Page request: GET (script) https://cdnjs.cloudflare.com/ajax/libs/Chart.js/2.7.2/Chart.min.js","meta":{"rootId":"zs3nigru2wh75jk","id":"zs3nigru2wh75jk"},"id":"bn8o518on5bcra6","previousOperationId":"9lbfk0bcm7ltde8"}
{"type":"log","timestamp":1705518645706,"level":"debug","message":"Page request finished: GET (document) 200 file:///C:/Users/juank/AppData/Local/Temp/jsreport/autocleanup/d77a611c-0642-4f7e-a269-079240f3a1aa-chrome-pdf.html","meta":{"rootId":"zs3nigru2wh75jk","id":"zs3nigru2wh75jk"},"id":"koh1fm6idor40g7","previousOperationId":"9lbfk0bcm7ltde8"}
{"type":"log","timestamp":1705518645728,"level":"debug","message":"Page request finished: GET (stylesheet) 200 https://cdnjs.cloudflare.com/ajax/libs/metro/4.1.5/css/metro.min.css","meta":{"rootId":"zs3nigru2wh75jk","id":"zs3nigru2wh75jk"},"id":"kr0rjk1mas1zj56","previousOperationId":"9lbfk0bcm7ltde8"}
{"type":"log","timestamp":1705518645728,"level":"debug","message":"Page request finished: GET (script) 200 https://cdnjs.cloudflare.com/ajax/libs/Chart.js/2.7.2/Chart.min.js","meta":{"rootId":"zs3nigru2wh75jk","id":"zs3nigru2wh75jk"},"id":"ot0n25bupk89bkz","previousOperationId":"9lbfk0bcm7ltde8"}
{"type":"log","timestamp":1705518645743,"level":"debug","message":"Running chrome with params {\"printBackground\":true,\"timeout\":599926,\"margin\":{}}","meta":{"rootId":"zs3nigru2wh75jk","id":"zs3nigru2wh75jk"},"id":"hzaw27yx96fjdnb","previousOperationId":"9lbfk0bcm7ltde8"}
{"type":"operationEnd","operationId":"9lbfk0bcm7ltde8","timestamp":1705518645766,"id":"pab0qgnhhq6gvlv","previousEventId":"ab4p743en4904p2","previousOperationId":"9lbfk0bcm7ltde8"}
{"type":"log","timestamp":1705518645766,"level":"debug","message":"Skipping storing report.","meta":{"rootId":"zs3nigru2wh75jk","id":"zs3nigru2wh75jk"},"id":"5yfpzje06zmke20","previousOperationId":"9lbfk0bcm7ltde8"}
{"type":"log","timestamp":1705518645767,"level":"info","message":"Rendering request 14 finished in 297 ms","meta":{"rootId":"zs3nigru2wh75jk","id":"zs3nigru2wh75jk"},"id":"17t0awjm1nlnq68","previousOperationId":"9lbfk0bcm7ltde8"}
{"type":"operationEnd","subtype":"render","operationId":"1ilw10t6sdhr7to","timestamp":1705518645767,"id":"p1ax70jqsqmwvki","previousEventId":"pab0qgnhhq6gvlv","previousOperationId":"9lbfk0bcm7ltde8"}
{"type":"operationEnd","doDiffs":false,"previousEventId":"b2fgtfn0g1o1044","previousOperationId":"1xf7tghnp3eltr0","operationId":"1xf7tghnp3eltr0","timestamp":1705518645774,"id":"yh4541zgo153v5e"}
