{"type":"operationStart","subtype":"profile","data":{"_id":"JgVO8m8mFUXAu7Zd","timestamp":"2024-01-17T18:31:01.409Z","state":"queued","mode":"standard","creationDate":"2024-01-17T18:31:01.415Z","modificationDate":"2024-01-17T18:31:01.415Z","shortid":"qKXa8fC","$entitySet":"profiles"},"doDiffs":false,"timestamp":1705516261412,"id":"ds2fljmoxquk4pr","previousOperationId":null,"operationId":"1cyp5g2ka39tjw4"}
{"type":"log","level":"info","message":"Render request 2 queued for execution and waiting for available worker","previousOperationId":"1cyp5g2ka39tjw4","timestamp":1705516261412,"id":"zjkd3gmll1wmxwk"}
{"type":"operationStart","subtype":"render","name":"sales-main","previousOperationId":"1cyp5g2ka39tjw4","timestamp":1705516261444,"id":"on1pq07p235fb9v","previousEventId":"ds2fljmoxquk4pr","operationId":"pxc3ljjxz04ezx7"}
{"type":"log","timestamp":1705516261448,"level":"info","message":"Starting rendering request 2","meta":{"rootId":"mk60togzobzf1kf","id":"mk60togzobzf1kf"},"id":"puztzjukrofd5wl","previousOperationId":"pxc3ljjxz04ezx7"}
{"type":"log","timestamp":1705516261450,"level":"info","message":"Rendering template { name: sales-main, recipe: html-to-xlsx, engine: handlebars, preview: true }","meta":{"rootId":"mk60togzobzf1kf","id":"mk60togzobzf1kf"},"id":"3q23pgtzi77tdxw","previousOperationId":"pxc3ljjxz04ezx7"}
{"type":"log","timestamp":1705516261459,"level":"debug","message":"Adding sample data B1lSTrt6NB","meta":{"rootId":"mk60togzobzf1kf","id":"mk60togzobzf1kf"},"id":"db1z2tq3xafskjz","previousOperationId":"pxc3ljjxz04ezx7"}
{"type":"log","timestamp":1705516261466,"level":"debug","message":"Base url not specified, skipping its injection.","meta":{"rootId":"mk60togzobzf1kf","id":"mk60togzobzf1kf"},"id":"o2vhdbvigyhft9b","previousOperationId":"pxc3ljjxz04ezx7"}
{"type":"operationStart","subtype":"engine","name":"handlebars","timestamp":1705516261468,"id":"9mq77h2cftspe62","previousEventId":"on1pq07p235fb9v","operationId":"0e8tllugt61vqfa","previousOperationId":"pxc3ljjxz04ezx7"}
{"type":"log","timestamp":1705516261468,"level":"debug","message":"Rendering engine handlebars","meta":{"rootId":"mk60togzobzf1kf","id":"mk60togzobzf1kf"},"id":"hjuvikbtekkokrh","previousOperationId":"0e8tllugt61vqfa"}
{"type":"operationEnd","operationId":"0e8tllugt61vqfa","timestamp":1705516262545,"id":"905lcu5668fnpkp","previousEventId":"9mq77h2cftspe62","previousOperationId":"0e8tllugt61vqfa"}
{"type":"operationStart","subtype":"recipe","name":"html-to-xlsx","timestamp":1705516262546,"id":"txlmgtiom9baicb","previousEventId":"905lcu5668fnpkp","operationId":"7ihghpusglobijr","previousOperationId":"0e8tllugt61vqfa"}
{"type":"log","timestamp":1705516262546,"level":"debug","message":"Executing recipe html-to-xlsx","meta":{"rootId":"mk60togzobzf1kf","id":"mk60togzobzf1kf"},"id":"s10o783ywnpp5eh","previousOperationId":"7ihghpusglobijr"}
{"type":"log","timestamp":1705516265005,"level":"info","message":"html-to-xlsx generation is starting","meta":{"rootId":"mk60togzobzf1kf","id":"mk60togzobzf1kf"},"id":"humgv700kczm74n","previousOperationId":"7ihghpusglobijr"}
{"type":"log","timestamp":1705516265872,"level":"info","message":"html-to-xlsx generation was finished","meta":{"rootId":"mk60togzobzf1kf","id":"mk60togzobzf1kf"},"id":"x1ddi8v3t2eqnd1","previousOperationId":"7ihghpusglobijr"}
{"type":"log","timestamp":1705516265960,"level":"debug","message":"preparing office preview","meta":{"rootId":"mk60togzobzf1kf","id":"mk60togzobzf1kf"},"id":"ukwgca1ow1vgraq","previousOperationId":"7ihghpusglobijr"}
{"type":"operationEnd","operationId":"7ihghpusglobijr","timestamp":1705516266492,"id":"pzw67cpwmw252le","previousEventId":"txlmgtiom9baicb","previousOperationId":"7ihghpusglobijr"}
{"type":"log","timestamp":1705516266493,"level":"debug","message":"Skipping storing report.","meta":{"rootId":"mk60togzobzf1kf","id":"mk60togzobzf1kf"},"id":"8ebgz8cy067m0x6","previousOperationId":"7ihghpusglobijr"}
{"type":"log","timestamp":1705516266493,"level":"info","message":"Rendering request 2 finished in 5084 ms","meta":{"rootId":"mk60togzobzf1kf","id":"mk60togzobzf1kf"},"id":"p7vs3e6qf5kzhzo","previousOperationId":"7ihghpusglobijr"}
{"type":"operationEnd","subtype":"render","operationId":"pxc3ljjxz04ezx7","timestamp":1705516266494,"id":"yxtjkr6t78zwn68","previousEventId":"pzw67cpwmw252le","previousOperationId":"7ihghpusglobijr"}
{"type":"operationEnd","doDiffs":false,"previousEventId":"ds2fljmoxquk4pr","previousOperationId":"1cyp5g2ka39tjw4","operationId":"1cyp5g2ka39tjw4","timestamp":1705516266503,"id":"65wvhou5cdx8mv6"}
